#
# A fatal error has been detected by the Java Runtime Environment:
#
#  SIGSEGV (0xb) at pc=0x00007f331d116043, pid=23937, tid=0x00007f32e7b94700
#
# JRE version: OpenJDK Runtime Environment (8.0_121-b13) (build 1.8.0_121-b13)
# Java VM: OpenJDK 64-Bit Server VM (25.121-b13 mixed mode linux-amd64 compressed oops)
# Problematic frame:
# J 30 C1 java.lang.AbstractStringBuilder.append(Ljava/lang/String;)Ljava/lang/AbstractStringBuilder; (50 bytes) @ 0x00007f331d116043 [0x00007f331d115fa0+0xa3]
#
# Core dump written. Default location: /home/heshan/Projects/NetBeansProjects/EnterpriseServiceBus/ServiceBus/core or core.23937
#
# If you would like to submit a bug report, please visit:
#   http://bugreport.java.com/bugreport/crash.jsp
#

---------------  T H R E A D  ---------------

Current thread (0x00007f332c16e800):  JavaThread "Thread-0" [_thread_in_Java, id=23975, stack(0x00007f32e7a94000,0x00007f32e7b95000)]

siginfo: si_signo: 11 (SIGSEGV), si_code: 1 (SEGV_MAPERR), si_addr: 0x00006e6168736568

Registers:
RAX=0x0000000000000128, RBX=0x0000000000000108, RCX=0x00000000ebed6620, RDX=0x00006e6168736568
RSP=0x00007f32e7b93810, RBP=0x00007f32e7b939a0, RSI=0x00000000ebed6620, RDI=0x00007f3315be5fb8
R8 =0x0000000000000000, R9 =0x0000000000000008, R10=0x00007f3332308860, R11=0x00007f331d115be0
R12=0x0000000000000000, R13=0x00007f32e7b93948, R14=0x00007f32e7b93a30, R15=0x00007f332c16e800
RIP=0x00007f331d116043, EFLAGS=0x0000000000010202, CSGSFS=0x002b000000000033, ERR=0x0000000000000004
  TRAPNO=0x000000000000000e

Top of Stack: (sp=0x00007f32e7b93810)
0x00007f32e7b93810:   00000000ebed0498 0000000000000000
0x00007f32e7b93820:   00007f3315dc1028 00007f332c16e800
0x00007f32e7b93830:   00007f32e7b93880 00007f332c16e800
0x00007f32e7b93840:   00007f32e7b938d0 00007f332c16cb50
0x00007f32e7b93850:   00007f332c16e800 00007f32e7b938d0
0x00007f32e7b93860:   00007f32e7b93930 00007f3331a2fc9f
0x00007f32e7b93870:   0000000000000000 00000000ebed0498
0x00007f32e7b93880:   00000000ebed0460 00007f32e7b93888
0x00007f32e7b93890:   00000000000003d8 00007f32f0000e70
0x00007f32e7b938a0:   00007f332c16e800 0000000000000000
0x00007f32e7b938b0:   00007f3315dc2ec0 000000082c16e800
0x00007f32e7b938c0:   00007f3315dc2ec0 00000000ebed6620
0x00007f32e7b938d0:   00000000ebed6668 00007f33000000e6
0x00007f32e7b938e0:   00007f3315dc2ec0 00007f332c16e800
0x00007f32e7b938f0:   00007f32e7b939a0 00007f331d115c44
0x00007f32e7b93900:   00007f32e7b93958 00000000000000e6
0x00007f32e7b93910:   0000000000000000 00007f3315dc2a8f
0x00007f32e7b93920:   00000000ebed6620 00007f332c16e800
0x00007f32e7b93930:   00007f32e7b939a0 00007f331d007d80
0x00007f32e7b93940:   00007f331d007d80 00006e6168736568
0x00007f32e7b93950:   00000000ebed6620 00000000ebed0460
0x00007f32e7b93960:   00007f32e7b93960 00007f3315dc2a96
0x00007f32e7b93970:   00007f32e7b93a30 00007f3315dc3118
0x00007f32e7b93980:   0000000000000000 00007f3315dc2ec0
0x00007f32e7b93990:   00007f32e7b93948 00007f32e7b93a30
0x00007f32e7b939a0:   00007f32e7b93a78 00007f331d008042
0x00007f32e7b939b0:   00000000ebea3c30 00000000ebecb300
0x00007f32e7b939c0:   0000000000000001 00000000ebe9e9b8
0x00007f32e7b939d0:   00006e6168736568 00000000ebeccb00
0x00007f32e7b939e0:   00000000ebea3b90 00000000ebe9e9b8
0x00007f32e7b939f0:   0000000000000003 00000000ebea3ba8
0x00007f32e7b93a00:   000000000000001a 00000000ebecb608 

Instructions: (pc=0x00007f331d116043)
0x00007f331d116023:   0a 00 00 00 48 bb 18 01 00 00 00 00 00 00 48 8b
0x00007f331d116033:   04 1f 48 8d 40 01 48 89 04 1f 0f 84 b0 04 00 00
0x00007f331d116043:   48 3b 02 48 8b fa 48 bb b8 5f be 15 33 7f 00 00
0x00007f331d116053:   8b 7f 08 48 c1 e7 03 48 3b bb 40 01 00 00 75 0d 

Register to memory mapping:

RAX=0x0000000000000128 is an unknown value
RBX=0x0000000000000108 is an unknown value
RCX=0x00000000ebed6620 is an oop
java.lang.StringBuilder 
 - klass: 'java/lang/StringBuilder'
RDX=0x00006e6168736568 is an unknown value
RSP=0x00007f32e7b93810 is pointing into the stack for thread: 0x00007f332c16e800
RBP=0x00007f32e7b939a0 is pointing into the stack for thread: 0x00007f332c16e800
RSI=0x00000000ebed6620 is an oop
java.lang.StringBuilder 
 - klass: 'java/lang/StringBuilder'
RDI=0x00007f3315be5fb8 is pointing into metadata
R8 =0x0000000000000000 is an unknown value
R9 =0x0000000000000008 is an unknown value
R10=0x00007f3332308860: <offset 0xf0b860> in /usr/lib/jvm/java-8-openjdk/jre/lib/amd64/server/libjvm.so at 0x00007f33313fd000
R11=0x00007f331d115be0 is at entry_point+32 in (nmethod*)0x00007f331d115a50
R12=0x0000000000000000 is an unknown value
R13=0x00007f32e7b93948 is pointing into the stack for thread: 0x00007f332c16e800
R14=0x00007f32e7b93a30 is pointing into the stack for thread: 0x00007f332c16e800
R15=0x00007f332c16e800 is a thread


Stack: [0x00007f32e7a94000,0x00007f32e7b95000],  sp=0x00007f32e7b93810,  free space=1022k
Native frames: (J=compiled Java code, j=interpreted, Vv=VM code, C=native code)
J 30 C1 java.lang.AbstractStringBuilder.append(Ljava/lang/String;)Ljava/lang/AbstractStringBuilder; (50 bytes) @ 0x00007f331d116043 [0x00007f331d115fa0+0xa3]
J 31 C1 java.lang.StringBuilder.append(Ljava/lang/String;)Ljava/lang/StringBuilder; (8 bytes) @ 0x00007f331d115c44 [0x00007f331d115bc0+0x84]
j  servicebus.ServiceBus.run()V+454
j  java.lang.Thread.run()V+11
v  ~StubRoutines::call_stub
V  [libjvm.so+0x6453a3]
V  [libjvm.so+0x642af7]
V  [libjvm.so+0x6430c7]
V  [libjvm.so+0x67f4e5]
V  [libjvm.so+0x9d35ff]
V  [libjvm.so+0x9d39d5]
V  [libjvm.so+0x8838a2]
C  [libpthread.so.0+0x72e7]  start_thread+0xd7


---------------  P R O C E S S  ---------------

Java Threads: ( => current thread )
=>0x00007f332c16e800 JavaThread "Thread-0" [_thread_in_Java, id=23975, stack(0x00007f32e7a94000,0x00007f32e7b95000)]
  0x00007f332c0d9800 JavaThread "Service Thread" daemon [_thread_blocked, id=23954, stack(0x00007f3314111000,0x00007f3314212000)]
  0x00007f332c0bc000 JavaThread "C1 CompilerThread2" daemon [_thread_blocked, id=23953, stack(0x00007f3314212000,0x00007f3314313000)]
  0x00007f332c0ba800 JavaThread "C2 CompilerThread1" daemon [_thread_blocked, id=23952, stack(0x00007f3314313000,0x00007f3314414000)]
  0x00007f332c0b7800 JavaThread "C2 CompilerThread0" daemon [_thread_blocked, id=23951, stack(0x00007f3314414000,0x00007f3314515000)]
  0x00007f332c0b6000 JavaThread "Signal Dispatcher" daemon [_thread_blocked, id=23950, stack(0x00007f3314515000,0x00007f3314616000)]
  0x00007f332c083800 JavaThread "Finalizer" daemon [_thread_blocked, id=23949, stack(0x00007f33147ae000,0x00007f33148af000)]
  0x00007f332c07f000 JavaThread "Reference Handler" daemon [_thread_blocked, id=23948, stack(0x00007f33148af000,0x00007f33149b0000)]
  0x00007f332c00a000 JavaThread "main" [_thread_in_native, id=23940, stack(0x00007f3332feb000,0x00007f33330ec000)]

Other Threads:
  0x00007f332c077000 VMThread [stack: 0x00007f33149b0000,0x00007f3314ab1000] [id=23947]
  0x00007f332c0dc000 WatcherThread [stack: 0x00007f3314010000,0x00007f3314111000] [id=23955]

VM state:not at safepoint (normal execution)

VM Mutex/Monitor currently owned by a thread: None

Heap:
 PSYoungGen      total 18432K, used 1588K [0x00000000ebd80000, 0x00000000ed200000, 0x0000000100000000)
  eden space 15872K, 10% used [0x00000000ebd80000,0x00000000ebf0d040,0x00000000ecd00000)
  from space 2560K, 0% used [0x00000000ecf80000,0x00000000ecf80000,0x00000000ed200000)
  to   space 2560K, 0% used [0x00000000ecd00000,0x00000000ecd00000,0x00000000ecf80000)
 ParOldGen       total 42496K, used 0K [0x00000000c3800000, 0x00000000c6180000, 0x00000000ebd80000)
  object space 42496K, 0% used [0x00000000c3800000,0x00000000c3800000,0x00000000c6180000)
 Metaspace       used 4248K, capacity 4622K, committed 4864K, reserved 1056768K
  class space    used 450K, capacity 458K, committed 512K, reserved 1048576K

Card table byte_map: [0x00007f331ca5b000,0x00007f331cc40000] byte_map_base: 0x00007f331c43f000

Marking Bits: (ParMarkBitMap*) 0x00007f33322f7260
 Begin Bits: [0x00007f33161c0000, 0x00007f33170e0000)
 End Bits:   [0x00007f33170e0000, 0x00007f3318000000)

Polling page: 0x00007f333311e000

CodeCache: size=245760Kb used=1183Kb max_used=1183Kb free=244576Kb
 bounds [0x00007f331d000000, 0x00007f331d270000, 0x00007f332c000000]
 total_blobs=320 nmethods=61 adapters=174
 compilation: enabled

Compilation events (10 events):
Event: 0.140 Thread 0x00007f332c0bc000   57       1       com.sun.org.apache.xerces.internal.dom.TextImpl::getNodeType (2 bytes)
Event: 0.140 Thread 0x00007f332c0bc000 nmethod 57 0x00007f331d124dd0 code [0x00007f331d124f20, 0x00007f331d125030]
Event: 0.143 Thread 0x00007f332c0bc000   58       3       java.lang.StringBuilder::<init> (7 bytes)
Event: 0.143 Thread 0x00007f332c0bc000 nmethod 58 0x00007f331d125690 code [0x00007f331d125800, 0x00007f331d125ab0]
Event: 6.329 Thread 0x00007f332c0bc000   59  s    1       java.util.Vector::size (5 bytes)
Event: 6.329 Thread 0x00007f332c0bc000 nmethod 59 0x00007f331d126010 code [0x00007f331d126160, 0x00007f331d1263d0]
Event: 6.331 Thread 0x00007f332c0bc000   60       1       java.nio.Buffer::position (5 bytes)
Event: 6.331 Thread 0x00007f332c0bc000 nmethod 60 0x00007f331d126450 code [0x00007f331d1265a0, 0x00007f331d1266b0]
Event: 11.462 Thread 0x00007f332c0bc000   61       3       sun.nio.cs.UTF_8$Encoder::encode (359 bytes)
Event: 11.465 Thread 0x00007f332c0bc000 nmethod 61 0x00007f331d126d10 code [0x00007f331d126f00, 0x00007f331d127a18]

GC Heap History (0 events):
No events

Deoptimization events (0 events):
No events

Internal exceptions (8 events):
Event: 0.042 Thread 0x00007f332c00a000 Exception <a 'java/lang/NoSuchMethodError': Method sun.misc.Unsafe.defineClass(Ljava/lang/String;[BII)Ljava/lang/Class; name or signature does not match> (0x00000000ebd87ca8) thrown at [/build/java8-openjdk/src/jdk8u-jdk8u121-b13/hotspot/src/share/vm/prim
Event: 0.043 Thread 0x00007f332c00a000 Exception <a 'java/lang/NoSuchMethodError': Method sun.misc.Unsafe.prefetchRead(Ljava/lang/Object;J)V name or signature does not match> (0x00000000ebd87f90) thrown at [/build/java8-openjdk/src/jdk8u-jdk8u121-b13/hotspot/src/share/vm/prims/jni.cpp, line 40
Event: 0.103 Thread 0x00007f332c00a000 Exception <a 'java/security/PrivilegedActionException'> (0x00000000ebe0d690) thrown at [/build/java8-openjdk/src/jdk8u-jdk8u121-b13/hotspot/src/share/vm/prims/jvm.cpp, line 1390]
Event: 0.103 Thread 0x00007f332c00a000 Exception <a 'java/security/PrivilegedActionException'> (0x00000000ebe0d8a0) thrown at [/build/java8-openjdk/src/jdk8u-jdk8u121-b13/hotspot/src/share/vm/prims/jvm.cpp, line 1390]
Event: 0.103 Thread 0x00007f332c00a000 Exception <a 'java/security/PrivilegedActionException'> (0x00000000ebe0f740) thrown at [/build/java8-openjdk/src/jdk8u-jdk8u121-b13/hotspot/src/share/vm/prims/jvm.cpp, line 1390]
Event: 0.103 Thread 0x00007f332c00a000 Exception <a 'java/security/PrivilegedActionException'> (0x00000000ebe0f950) thrown at [/build/java8-openjdk/src/jdk8u-jdk8u121-b13/hotspot/src/share/vm/prims/jvm.cpp, line 1390]
Event: 0.103 Thread 0x00007f332c00a000 Exception <a 'java/security/PrivilegedActionException'> (0x00000000ebe103b0) thrown at [/build/java8-openjdk/src/jdk8u-jdk8u121-b13/hotspot/src/share/vm/prims/jvm.cpp, line 1390]
Event: 0.103 Thread 0x00007f332c00a000 Exception <a 'java/security/PrivilegedActionException'> (0x00000000ebe105c0) thrown at [/build/java8-openjdk/src/jdk8u-jdk8u121-b13/hotspot/src/share/vm/prims/jvm.cpp, line 1390]

Events (10 events):
Event: 6.329 loading class java/util/HashMap$KeyIterator
Event: 6.330 loading class java/util/HashMap$HashIterator
Event: 6.330 loading class java/util/HashMap$HashIterator done
Event: 6.330 loading class java/util/HashMap$KeyIterator done
Event: 6.330 loading class java/util/ArrayList$Itr
Event: 6.330 loading class java/util/ArrayList$Itr done
Event: 11.460 loading class java/util/Random
Event: 11.460 loading class java/util/Random done
Event: 11.461 loading class services/CppServiceDirectory
Event: 11.461 loading class services/CppServiceDirectory done


Dynamic libraries:
00400000-00401000 r-xp 00000000 08:0a 2240423                            /usr/lib/jvm/java-8-openjdk/jre/bin/java
00600000-00601000 r--p 00000000 08:0a 2240423                            /usr/lib/jvm/java-8-openjdk/jre/bin/java
00601000-00602000 rw-p 00001000 08:0a 2240423                            /usr/lib/jvm/java-8-openjdk/jre/bin/java
00973000-00994000 rw-p 00000000 00:00 0                                  [heap]
c3800000-c6180000 rw-p 00000000 00:00 0 
c6180000-ebd80000 ---p 00000000 00:00 0 
ebd80000-ed200000 rw-p 00000000 00:00 0 
ed200000-100000000 ---p 00000000 00:00 0 
100000000-100080000 rw-p 00000000 00:00 0 
100080000-140000000 ---p 00000000 00:00 0 
7f32dc000000-7f32dc02c000 rw-p 00000000 00:00 0 
7f32dc02c000-7f32e0000000 ---p 00000000 00:00 0 
7f32e0000000-7f32e0021000 rw-p 00000000 00:00 0 
7f32e0021000-7f32e4000000 ---p 00000000 00:00 0 
7f32e72c2000-7f32e72d8000 r-xp 00000000 08:0a 1587171                    /usr/lib/libgcc_s.so.1
7f32e72d8000-7f32e74d7000 ---p 00016000 08:0a 1587171                    /usr/lib/libgcc_s.so.1
7f32e74d7000-7f32e74d8000 r--p 00015000 08:0a 1587171                    /usr/lib/libgcc_s.so.1
7f32e74d8000-7f32e74d9000 rw-p 00016000 08:0a 1587171                    /usr/lib/libgcc_s.so.1
7f32e74d9000-7f32e7651000 r-xp 00000000 08:0a 1576452                    /usr/lib/libstdc++.so.6.0.22
7f32e7651000-7f32e7851000 ---p 00178000 08:0a 1576452                    /usr/lib/libstdc++.so.6.0.22
7f32e7851000-7f32e785b000 r--p 00178000 08:0a 1576452                    /usr/lib/libstdc++.so.6.0.22
7f32e785b000-7f32e785d000 rw-p 00182000 08:0a 1576452                    /usr/lib/libstdc++.so.6.0.22
7f32e785d000-7f32e7861000 rw-p 00000000 00:00 0 
7f32e7892000-7f32e7893000 r-xp 00000000 08:0a 3147099                    /home/heshan/Projects/NetBeansProjects/EnterpriseServiceBus/ServiceBus/src/services/CppServices/dist/libCppServices.so
7f32e7893000-7f32e7a92000 ---p 00001000 08:0a 3147099                    /home/heshan/Projects/NetBeansProjects/EnterpriseServiceBus/ServiceBus/src/services/CppServices/dist/libCppServices.so
7f32e7a92000-7f32e7a93000 r--p 00000000 08:0a 3147099                    /home/heshan/Projects/NetBeansProjects/EnterpriseServiceBus/ServiceBus/src/services/CppServices/dist/libCppServices.so
7f32e7a93000-7f32e7a94000 rw-p 00001000 08:0a 3147099                    /home/heshan/Projects/NetBeansProjects/EnterpriseServiceBus/ServiceBus/src/services/CppServices/dist/libCppServices.so
7f32e7a94000-7f32e7a97000 ---p 00000000 00:00 0 
7f32e7a97000-7f32e7b95000 rw-p 00000000 00:00 0 
7f32e7b95000-7f32e7bab000 r-xp 00000000 08:0a 2240770                    /usr/lib/jvm/java-8-openjdk/jre/lib/amd64/libnet.so
7f32e7bab000-7f32e7daa000 ---p 00016000 08:0a 2240770                    /usr/lib/jvm/java-8-openjdk/jre/lib/amd64/libnet.so
7f32e7daa000-7f32e7dab000 r--p 00015000 08:0a 2240770                    /usr/lib/jvm/java-8-openjdk/jre/lib/amd64/libnet.so
7f32e7dab000-7f32e7dac000 rw-p 00016000 08:0a 2240770                    /usr/lib/jvm/java-8-openjdk/jre/lib/amd64/libnet.so
7f32e7dac000-7f32e7f6a000 r--s 02191000 08:0a 3146888                    /home/heshan/Projects/NetBeansProjects/EnterpriseServiceBus/ServiceBus/libs/jython-standalone-2.7.0.jar
7f32e7f6a000-7f32e8000000 r--s 008d8000 08:0a 2240594                    /usr/lib/jvm/java-8-openjdk/jre/lib/ext/jfxrt.jar
7f32e8000000-7f32e8081000 rw-p 00000000 00:00 0 
7f32e8081000-7f32ec000000 ---p 00000000 00:00 0 
7f32ec000000-7f32ec021000 rw-p 00000000 00:00 0 
7f32ec021000-7f32f0000000 ---p 00000000 00:00 0 
7f32f0000000-7f32f0036000 rw-p 00000000 00:00 0 
7f32f0036000-7f32f4000000 ---p 00000000 00:00 0 
7f32f4000000-7f32f4055000 rw-p 00000000 00:00 0 
7f32f4055000-7f32f8000000 ---p 00000000 00:00 0 
7f32f8000000-7f32f8021000 rw-p 00000000 00:00 0 
7f32f8021000-7f32fc000000 ---p 00000000 00:00 0 
7f32fc000000-7f32fc021000 rw-p 00000000 00:00 0 
7f32fc021000-7f3300000000 ---p 00000000 00:00 0 
7f3300000000-7f3300021000 rw-p 00000000 00:00 0 
7f3300021000-7f3304000000 ---p 00000000 00:00 0 
7f3304000000-7f3304021000 rw-p 00000000 00:00 0 
7f3304021000-7f3308000000 ---p 00000000 00:00 0 
7f3308000000-7f3308021000 rw-p 00000000 00:00 0 
7f3308021000-7f330c000000 ---p 00000000 00:00 0 
7f330c000000-7f330c021000 rw-p 00000000 00:00 0 
7f330c021000-7f3310000000 ---p 00000000 00:00 0 
7f3310000000-7f3310021000 rw-p 00000000 00:00 0 
7f3310021000-7f3314000000 ---p 00000000 00:00 0 
7f3314010000-7f3314011000 ---p 00000000 00:00 0 
7f3314011000-7f3314111000 rw-p 00000000 00:00 0 
7f3314111000-7f3314114000 ---p 00000000 00:00 0 
7f3314114000-7f3314212000 rw-p 00000000 00:00 0 
7f3314212000-7f3314215000 ---p 00000000 00:00 0 
7f3314215000-7f3314313000 rw-p 00000000 00:00 0 
7f3314313000-7f3314316000 ---p 00000000 00:00 0 
7f3314316000-7f3314414000 rw-p 00000000 00:00 0 
7f3314414000-7f3314417000 ---p 00000000 00:00 0 
7f3314417000-7f3314515000 rw-p 00000000 00:00 0 
7f3314515000-7f3314518000 ---p 00000000 00:00 0 
7f3314518000-7f3314616000 rw-p 00000000 00:00 0 
7f3314616000-7f33147ae000 r--p 00000000 08:0a 1628100                    /usr/lib/locale/locale-archive
7f33147ae000-7f33147b1000 ---p 00000000 00:00 0 
7f33147b1000-7f33148af000 rw-p 00000000 00:00 0 
7f33148af000-7f33148b2000 ---p 00000000 00:00 0 
7f33148b2000-7f33149b0000 rw-p 00000000 00:00 0 
7f33149b0000-7f33149b1000 ---p 00000000 00:00 0 
7f33149b1000-7f3315e00000 rw-p 00000000 00:00 0 
7f3315e00000-7f33161c0000 ---p 00000000 00:00 0 
7f33161c0000-7f3318000000 rw-p 00000000 00:00 0 
7f3318000000-7f3318021000 rw-p 00000000 00:00 0 
7f3318021000-7f331c000000 ---p 00000000 00:00 0 
7f331c00d000-7f331c0eb000 rw-p 00000000 00:00 0 
7f331c0eb000-7f331c2ba000 r--s 03c05000 08:0a 2240463                    /usr/lib/jvm/java-8-openjdk/jre/lib/rt.jar
7f331c2ba000-7f331c514000 rw-p 00000000 00:00 0 
7f331c514000-7f331c515000 ---p 00000000 00:00 0 
7f331c515000-7f331c615000 rw-p 00000000 00:00 0 
7f331c615000-7f331c616000 ---p 00000000 00:00 0 
7f331c616000-7f331c716000 rw-p 00000000 00:00 0 
7f331c716000-7f331c717000 ---p 00000000 00:00 0 
7f331c717000-7f331c817000 rw-p 00000000 00:00 0 
7f331c817000-7f331c818000 ---p 00000000 00:00 0 
7f331c818000-7f331c92d000 rw-p 00000000 00:00 0 
7f331c92d000-7f331ca5b000 ---p 00000000 00:00 0 
7f331ca5b000-7f331ca70000 rw-p 00000000 00:00 0 
7f331ca70000-7f331cb9d000 ---p 00000000 00:00 0 
7f331cb9d000-7f331cba8000 rw-p 00000000 00:00 0 
7f331cba8000-7f331cc3f000 ---p 00000000 00:00 0 
7f331cc3f000-7f331cc4a000 rw-p 00000000 00:00 0 
7f331cc4a000-7f331d000000 ---p 00000000 00:00 0 
7f331d000000-7f331d270000 rwxp 00000000 00:00 0 
7f331d270000-7f332c000000 ---p 00000000 00:00 0 
7f332c000000-7f332c171000 rw-p 00000000 00:00 0 
7f332c171000-7f3330000000 ---p 00000000 00:00 0 
7f3330010000-7f333005d000 rw-p 00000000 00:00 0 
7f333005d000-7f3330065000 r-xp 00000000 08:0a 2240772                    /usr/lib/jvm/java-8-openjdk/jre/lib/amd64/libzip.so
7f3330065000-7f3330264000 ---p 00008000 08:0a 2240772                    /usr/lib/jvm/java-8-openjdk/jre/lib/amd64/libzip.so
7f3330264000-7f3330265000 r--p 00007000 08:0a 2240772                    /usr/lib/jvm/java-8-openjdk/jre/lib/amd64/libzip.so
7f3330265000-7f3330266000 rw-p 00008000 08:0a 2240772                    /usr/lib/jvm/java-8-openjdk/jre/lib/amd64/libzip.so
7f3330266000-7f3330271000 r-xp 00000000 08:0a 1574939                    /usr/lib/libnss_files-2.25.so
7f3330271000-7f3330470000 ---p 0000b000 08:0a 1574939                    /usr/lib/libnss_files-2.25.so
7f3330470000-7f3330471000 r--p 0000a000 08:0a 1574939                    /usr/lib/libnss_files-2.25.so
7f3330471000-7f3330472000 rw-p 0000b000 08:0a 1574939                    /usr/lib/libnss_files-2.25.so
7f3330472000-7f3330478000 rw-p 00000000 00:00 0 
7f3330478000-7f3330483000 r-xp 00000000 08:0a 1574937                    /usr/lib/libnss_nis-2.25.so
7f3330483000-7f3330682000 ---p 0000b000 08:0a 1574937                    /usr/lib/libnss_nis-2.25.so
7f3330682000-7f3330683000 r--p 0000a000 08:0a 1574937                    /usr/lib/libnss_nis-2.25.so
7f3330683000-7f3330684000 rw-p 0000b000 08:0a 1574937                    /usr/lib/libnss_nis-2.25.so
7f3330684000-7f3330699000 r-xp 00000000 08:0a 1574933                    /usr/lib/libnsl-2.25.so
7f3330699000-7f3330898000 ---p 00015000 08:0a 1574933                    /usr/lib/libnsl-2.25.so
7f3330898000-7f3330899000 r--p 00014000 08:0a 1574933                    /usr/lib/libnsl-2.25.so
7f3330899000-7f333089a000 rw-p 00015000 08:0a 1574933                    /usr/lib/libnsl-2.25.so
7f333089a000-7f333089c000 rw-p 00000000 00:00 0 
7f333089c000-7f33308a3000 r-xp 00000000 08:0a 1574980                    /usr/lib/libnss_compat-2.25.so
7f33308a3000-7f3330aa2000 ---p 00007000 08:0a 1574980                    /usr/lib/libnss_compat-2.25.so
7f3330aa2000-7f3330aa3000 r--p 00006000 08:0a 1574980                    /usr/lib/libnss_compat-2.25.so
7f3330aa3000-7f3330aa4000 rw-p 00007000 08:0a 1574980                    /usr/lib/libnss_compat-2.25.so
7f3330aa4000-7f3330ad1000 r-xp 00000000 08:0a 2240768                    /usr/lib/jvm/java-8-openjdk/jre/lib/amd64/libjava.so
7f3330ad1000-7f3330cd0000 ---p 0002d000 08:0a 2240768                    /usr/lib/jvm/java-8-openjdk/jre/lib/amd64/libjava.so
7f3330cd0000-7f3330cd1000 r--p 0002c000 08:0a 2240768                    /usr/lib/jvm/java-8-openjdk/jre/lib/amd64/libjava.so
7f3330cd1000-7f3330cd3000 rw-p 0002d000 08:0a 2240768                    /usr/lib/jvm/java-8-openjdk/jre/lib/amd64/libjava.so
7f3330cd3000-7f3330ce0000 r-xp 00000000 08:0a 2240510                    /usr/lib/jvm/java-8-openjdk/jre/lib/amd64/libverify.so
7f3330ce0000-7f3330edf000 ---p 0000d000 08:0a 2240510                    /usr/lib/jvm/java-8-openjdk/jre/lib/amd64/libverify.so
7f3330edf000-7f3330ee1000 r--p 0000c000 08:0a 2240510                    /usr/lib/jvm/java-8-openjdk/jre/lib/amd64/libverify.so
7f3330ee1000-7f3330ee2000 rw-p 0000e000 08:0a 2240510                    /usr/lib/jvm/java-8-openjdk/jre/lib/amd64/libverify.so
7f3330ee2000-7f3330ee9000 r-xp 00000000 08:0a 1574931                    /usr/lib/librt-2.25.so
7f3330ee9000-7f33310e8000 ---p 00007000 08:0a 1574931                    /usr/lib/librt-2.25.so
7f33310e8000-7f33310e9000 r--p 00006000 08:0a 1574931                    /usr/lib/librt-2.25.so
7f33310e9000-7f33310ea000 rw-p 00007000 08:0a 1574931                    /usr/lib/librt-2.25.so
7f33310ea000-7f33311fc000 r-xp 00000000 08:0a 1574934                    /usr/lib/libm-2.25.so
7f33311fc000-7f33313fb000 ---p 00112000 08:0a 1574934                    /usr/lib/libm-2.25.so
7f33313fb000-7f33313fc000 r--p 00111000 08:0a 1574934                    /usr/lib/libm-2.25.so
7f33313fc000-7f33313fd000 rw-p 00112000 08:0a 1574934                    /usr/lib/libm-2.25.so
7f33313fd000-7f3332028000 r-xp 00000000 08:0a 2240777                    /usr/lib/jvm/java-8-openjdk/jre/lib/amd64/server/libjvm.so
7f3332028000-7f3332227000 ---p 00c2b000 08:0a 2240777                    /usr/lib/jvm/java-8-openjdk/jre/lib/amd64/server/libjvm.so
7f3332227000-7f33322bb000 r--p 00c2a000 08:0a 2240777                    /usr/lib/jvm/java-8-openjdk/jre/lib/amd64/server/libjvm.so
7f33322bb000-7f33322e4000 rw-p 00cbe000 08:0a 2240777                    /usr/lib/jvm/java-8-openjdk/jre/lib/amd64/server/libjvm.so
7f33322e4000-7f3332314000 rw-p 00000000 00:00 0 
7f3332314000-7f33324af000 r-xp 00000000 08:0a 1575057                    /usr/lib/libc-2.25.so
7f33324af000-7f33326ae000 ---p 0019b000 08:0a 1575057                    /usr/lib/libc-2.25.so
7f33326ae000-7f33326b2000 r--p 0019a000 08:0a 1575057                    /usr/lib/libc-2.25.so
7f33326b2000-7f33326b4000 rw-p 0019e000 08:0a 1575057                    /usr/lib/libc-2.25.so
7f33326b4000-7f33326b8000 rw-p 00000000 00:00 0 
7f33326b8000-7f33326bb000 r-xp 00000000 08:0a 1574935                    /usr/lib/libdl-2.25.so
7f33326bb000-7f33328ba000 ---p 00003000 08:0a 1574935                    /usr/lib/libdl-2.25.so
7f33328ba000-7f33328bb000 r--p 00002000 08:0a 1574935                    /usr/lib/libdl-2.25.so
7f33328bb000-7f33328bc000 rw-p 00003000 08:0a 1574935                    /usr/lib/libdl-2.25.so
7f33328bc000-7f33328c9000 r-xp 00000000 08:0a 2240780                    /usr/lib/jvm/java-8-openjdk/jre/lib/amd64/jli/libjli.so
7f33328c9000-7f3332ac8000 ---p 0000d000 08:0a 2240780                    /usr/lib/jvm/java-8-openjdk/jre/lib/amd64/jli/libjli.so
7f3332ac8000-7f3332ac9000 r--p 0000c000 08:0a 2240780                    /usr/lib/jvm/java-8-openjdk/jre/lib/amd64/jli/libjli.so
7f3332ac9000-7f3332aca000 rw-p 0000d000 08:0a 2240780                    /usr/lib/jvm/java-8-openjdk/jre/lib/amd64/jli/libjli.so
7f3332aca000-7f3332ae0000 r-xp 00000000 08:0a 1583709                    /usr/lib/libz.so.1.2.11
7f3332ae0000-7f3332cdf000 ---p 00016000 08:0a 1583709                    /usr/lib/libz.so.1.2.11
7f3332cdf000-7f3332ce0000 r--p 00015000 08:0a 1583709                    /usr/lib/libz.so.1.2.11
7f3332ce0000-7f3332ce1000 rw-p 00016000 08:0a 1583709                    /usr/lib/libz.so.1.2.11
7f3332ce1000-7f3332cfa000 r-xp 00000000 08:0a 1575076                    /usr/lib/libpthread-2.25.so
7f3332cfa000-7f3332ef9000 ---p 00019000 08:0a 1575076                    /usr/lib/libpthread-2.25.so
7f3332ef9000-7f3332efa000 r--p 00018000 08:0a 1575076                    /usr/lib/libpthread-2.25.so
7f3332efa000-7f3332efb000 rw-p 00019000 08:0a 1575076                    /usr/lib/libpthread-2.25.so
7f3332efb000-7f3332eff000 rw-p 00000000 00:00 0 
7f3332eff000-7f3332f22000 r-xp 00000000 08:0a 1575058                    /usr/lib/ld-2.25.so
7f3332f26000-7f3332feb000 rw-p 00000000 00:00 0 
7f3332feb000-7f3332fee000 ---p 00000000 00:00 0 
7f3332fee000-7f33330ee000 rw-p 00000000 00:00 0 
7f3333102000-7f3333115000 rw-p 00000000 00:00 0 
7f3333115000-7f333311d000 rw-s 00000000 00:27 618810                     /tmp/hsperfdata_heshan/23937
7f333311d000-7f333311e000 rw-p 00000000 00:00 0 
7f333311e000-7f333311f000 r--p 00000000 00:00 0 
7f333311f000-7f3333121000 rw-p 00000000 00:00 0 
7f3333121000-7f3333122000 r--p 00022000 08:0a 1575058                    /usr/lib/ld-2.25.so
7f3333122000-7f3333123000 rw-p 00023000 08:0a 1575058                    /usr/lib/ld-2.25.so
7f3333123000-7f3333124000 rw-p 00000000 00:00 0 
7ffc98c19000-7ffc98c3a000 rw-p 00000000 00:00 0                          [stack]
7ffc98d53000-7ffc98d55000 r--p 00000000 00:00 0                          [vvar]
7ffc98d55000-7ffc98d57000 r-xp 00000000 00:00 0                          [vdso]
ffffffffff600000-ffffffffff601000 r-xp 00000000 00:00 0                  [vsyscall]

VM Arguments:
jvm_args: -Dfile.encoding=UTF-8 
java_command: servicebus.ServiceBus
java_class_path (initial): /home/heshan/Projects/NetBeansProjects/EnterpriseServiceBus/ServiceBus/libs/jython-standalone-2.7.0.jar:/home/heshan/Projects/NetBeansProjects/EnterpriseServiceBus/ServiceBus/build/classes
Launcher Type: SUN_STANDARD

Environment Variables:
PATH=/usr/local/sbin:/usr/local/bin:/usr/bin:/usr/lib/jvm/default/bin:/usr/bin/site_perl:/usr/bin/vendor_perl:/usr/bin/core_perl
USERNAME=heshan
LD_LIBRARY_PATH=/usr/lib/jvm/java-8-openjdk/jre/lib/amd64:/usr/lib/jvm/java-8-openjdk/jre/lib/i386:
SHELL=/bin/bash
DISPLAY=:0

Signal Handlers:
SIGSEGV: [libjvm.so+0xa2d880], sa_mask[0]=11111111011111111101111111111110, sa_flags=SA_RESTART|SA_SIGINFO
SIGBUS: [libjvm.so+0xa2d880], sa_mask[0]=11111111011111111101111111111110, sa_flags=SA_RESTART|SA_SIGINFO
SIGFPE: [libjvm.so+0x881d40], sa_mask[0]=11111111011111111101111111111110, sa_flags=SA_RESTART|SA_SIGINFO
SIGPIPE: [libjvm.so+0x881d40], sa_mask[0]=11111111011111111101111111111110, sa_flags=SA_RESTART|SA_SIGINFO
SIGXFSZ: [libjvm.so+0x881d40], sa_mask[0]=11111111011111111101111111111110, sa_flags=SA_RESTART|SA_SIGINFO
SIGILL: [libjvm.so+0x881d40], sa_mask[0]=11111111011111111101111111111110, sa_flags=SA_RESTART|SA_SIGINFO
SIGUSR1: SIG_DFL, sa_mask[0]=00000000000000000000000000000000, sa_flags=none
SIGUSR2: [libjvm.so+0x881c10], sa_mask[0]=00100000000000000000000000000000, sa_flags=SA_RESTART|SA_SIGINFO
SIGHUP: [libjvm.so+0x882080], sa_mask[0]=11111111011111111101111111111110, sa_flags=SA_RESTART|SA_SIGINFO
SIGINT: SIG_IGN, sa_mask[0]=00000000000000000000000000000000, sa_flags=none
SIGTERM: [libjvm.so+0x882080], sa_mask[0]=11111111011111111101111111111110, sa_flags=SA_RESTART|SA_SIGINFO
SIGQUIT: [libjvm.so+0x882080], sa_mask[0]=11111111011111111101111111111110, sa_flags=SA_RESTART|SA_SIGINFO


---------------  S Y S T E M  ---------------

OS:NAME="Arch Linux"
PRETTY_NAME="Arch Linux"
ID=arch
ID_LIKE=archlinux
ANSI_COLOR="0;36"
HOME_URL="https://www.archlinux.org/"
SUPPORT_URL="https://bbs.archlinux.org/"
BUG_REPORT_URL="https://bugs.archlinux.org/"


uname:Linux 4.10.13-1-ARCH #1 SMP PREEMPT Thu Apr 27 12:15:09 CEST 2017 x86_64
libc:glibc 2.25 NPTL 2.25 
rlimit: STACK 8192k, CORE infinity, NPROC 15437, NOFILE 4096, AS infinity
load average:1.04 1.13 1.13

/proc/meminfo:
MemTotal:        3961096 kB
MemFree:          198856 kB
MemAvailable:    1044324 kB
Buffers:          163380 kB
Cached:          1066260 kB
SwapCached:        11544 kB
Active:          2686024 kB
Inactive:         785444 kB
Active(anon):    2075408 kB
Inactive(anon):   399972 kB
Active(file):     610616 kB
Inactive(file):   385472 kB
Unevictable:           0 kB
Mlocked:               0 kB
SwapTotal:       8388604 kB
SwapFree:        8040528 kB
Dirty:               944 kB
Writeback:             0 kB
AnonPages:       2098000 kB
Mapped:           310380 kB
Shmem:            233552 kB
Slab:             147656 kB
SReclaimable:     104572 kB
SUnreclaim:        43084 kB
KernelStack:       11056 kB
PageTables:        51480 kB
NFS_Unstable:          0 kB
Bounce:                0 kB
WritebackTmp:          0 kB
CommitLimit:    10369152 kB
Committed_AS:    7656172 kB
VmallocTotal:   34359738367 kB
VmallocUsed:           0 kB
VmallocChunk:          0 kB
HardwareCorrupted:     0 kB
AnonHugePages:    712704 kB
ShmemHugePages:        0 kB
ShmemPmdMapped:        0 kB
HugePages_Total:       0
HugePages_Free:        0
HugePages_Rsvd:        0
HugePages_Surp:        0
Hugepagesize:       2048 kB
DirectMap4k:      231480 kB
DirectMap2M:     3872768 kB
DirectMap1G:           0 kB


CPU:total 4 (2 cores per cpu, 2 threads per core) family 6 model 61 stepping 4, cmov, cx8, fxsr, mmx, sse, sse2, sse3, ssse3, sse4.1, sse4.2, popcnt, avx, avx2, aes, clmul, erms, 3dnowpref, lzcnt, ht, tsc, tscinvbit, bmi1, bmi2, adx

/proc/cpuinfo:
processor	: 0
vendor_id	: GenuineIntel
cpu family	: 6
model		: 61
model name	: Intel(R) Core(TM) i3-5005U CPU @ 2.00GHz
stepping	: 4
microcode	: 0x18
cpu MHz		: 1420.776
cache size	: 3072 KB
physical id	: 0
siblings	: 4
core id		: 0
cpu cores	: 2
apicid		: 0
initial apicid	: 0
fpu		: yes
fpu_exception	: yes
cpuid level	: 20
wp		: yes
flags		: fpu vme de pse tsc msr pae mce cx8 apic sep mtrr pge mca cmov pat pse36 clflush dts acpi mmx fxsr sse sse2 ss ht tm pbe syscall nx pdpe1gb rdtscp lm constant_tsc arch_perfmon pebs bts rep_good nopl xtopology nonstop_tsc aperfmperf pni pclmulqdq dtes64 monitor ds_cpl vmx est tm2 ssse3 sdbg fma cx16 xtpr pdcm pcid sse4_1 sse4_2 x2apic movbe popcnt tsc_deadline_timer aes xsave avx f16c rdrand lahf_lm abm 3dnowprefetch epb intel_pt tpr_shadow vnmi flexpriority ept vpid fsgsbase tsc_adjust bmi1 avx2 smep bmi2 erms invpcid rdseed adx smap xsaveopt dtherm arat pln pts
bugs		:
bogomips	: 3992.96
clflush size	: 64
cache_alignment	: 64
address sizes	: 39 bits physical, 48 bits virtual
power management:

processor	: 1
vendor_id	: GenuineIntel
cpu family	: 6
model		: 61
model name	: Intel(R) Core(TM) i3-5005U CPU @ 2.00GHz
stepping	: 4
microcode	: 0x18
cpu MHz		: 958.984
cache size	: 3072 KB
physical id	: 0
siblings	: 4
core id		: 1
cpu cores	: 2
apicid		: 2
initial apicid	: 2
fpu		: yes
fpu_exception	: yes
cpuid level	: 20
wp		: yes
flags		: fpu vme de pse tsc msr pae mce cx8 apic sep mtrr pge mca cmov pat pse36 clflush dts acpi mmx fxsr sse sse2 ss ht tm pbe syscall nx pdpe1gb rdtscp lm constant_tsc arch_perfmon pebs bts rep_good nopl xtopology nonstop_tsc aperfmperf pni pclmulqdq dtes64 monitor ds_cpl vmx est tm2 ssse3 sdbg fma cx16 xtpr pdcm pcid sse4_1 sse4_2 x2apic movbe popcnt tsc_deadline_timer aes xsave avx f16c rdrand lahf_lm abm 3dnowprefetch epb intel_pt tpr_shadow vnmi flexpriority ept vpid fsgsbase tsc_adjust bmi1 avx2 smep bmi2 erms invpcid rdseed adx smap xsaveopt dtherm arat pln pts
bugs		:
bogomips	: 3993.22
clflush size	: 64
cache_alignment	: 64
address sizes	: 39 bits physical, 48 bits virtual
power management:

processor	: 2
vendor_id	: GenuineIntel
cpu family	: 6
model		: 61
model name	: Intel(R) Core(TM) i3-5005U CPU @ 2.00GHz
stepping	: 4
microcode	: 0x18
cpu MHz		: 1450.439
cache size	: 3072 KB
physical id	: 0
siblings	: 4
core id		: 0
cpu cores	: 2
apicid		: 1
initial apicid	: 1
fpu		: yes
fpu_exception	: yes
cpuid level	: 20
wp		: yes
flags		: fpu vme de pse tsc msr pae mce cx8 apic sep mtrr pge mca cmov pat pse36 clflush dts acpi mmx fxsr sse sse2 ss ht tm pbe syscall nx pdpe1gb rdtscp lm constant_tsc arch_perfmon pebs bts rep_good nopl xtopology nonstop_tsc aperfmperf pni pclmulqdq dtes64 monitor ds_cpl vmx est tm2 ssse3 sdbg fma cx16 xtpr pdcm pcid sse4_1 sse4_2 x2apic movbe popcnt tsc_deadline_timer aes xsave avx f16c rdrand lahf_lm abm 3dnowprefetch epb intel_pt tpr_shadow vnmi flexpriority ept vpid fsgsbase tsc_adjust bmi1 avx2 smep bmi2 erms invpcid rdseed adx smap xsaveopt dtherm arat pln pts
bugs		:
bogomips	: 3994.90
clflush size	: 64
cache_alignment	: 64
address sizes	: 39 bits physical, 48 bits virtual
power management:

processor	: 3
vendor_id	: GenuineIntel
cpu family	: 6
model		: 61
model name	: Intel(R) Core(TM) i3-5005U CPU @ 2.00GHz
stepping	: 4
microcode	: 0x18
cpu MHz		: 1330.078
cache size	: 3072 KB
physical id	: 0
siblings	: 4
core id		: 1
cpu cores	: 2
apicid		: 3
initial apicid	: 3
fpu		: yes
fpu_exception	: yes
cpuid level	: 20
wp		: yes
flags		: fpu vme de pse tsc msr pae mce cx8 apic sep mtrr pge mca cmov pat pse36 clflush dts acpi mmx fxsr sse sse2 ss ht tm pbe syscall nx pdpe1gb rdtscp lm constant_tsc arch_perfmon pebs bts rep_good nopl xtopology nonstop_tsc aperfmperf pni pclmulqdq dtes64 monitor ds_cpl vmx est tm2 ssse3 sdbg fma cx16 xtpr pdcm pcid sse4_1 sse4_2 x2apic movbe popcnt tsc_deadline_timer aes xsave avx f16c rdrand lahf_lm abm 3dnowprefetch epb intel_pt tpr_shadow vnmi flexpriority ept vpid fsgsbase tsc_adjust bmi1 avx2 smep bmi2 erms invpcid rdseed adx smap xsaveopt dtherm arat pln pts
bugs		:
bogomips	: 3993.25
clflush size	: 64
cache_alignment	: 64
address sizes	: 39 bits physical, 48 bits virtual
power management:



Memory: 4k page, physical 3961096k(198856k free), swap 8388604k(8040528k free)

vm_info: OpenJDK 64-Bit Server VM (25.121-b13) for linux-amd64 JRE (1.8.0_121-b13), built on Jan 22 2017 09:22:31 by "builduser" with gcc 6.3.1 20170109

time: Thu Jun  1 20:02:46 2017
elapsed time: 11 seconds (0d 0h 0m 11s)

