#
# A fatal error has been detected by the Java Runtime Environment:
#
#  SIGSEGV (0xb) at pc=0x00007efd49116743, pid=5341, tid=0x00007efd17fff700
#
# JRE version: OpenJDK Runtime Environment (8.0_121-b13) (build 1.8.0_121-b13)
# Java VM: OpenJDK 64-Bit Server VM (25.121-b13 mixed mode linux-amd64 compressed oops)
# Problematic frame:
# J 25 C1 java.lang.AbstractStringBuilder.append(Ljava/lang/String;)Ljava/lang/AbstractStringBuilder; (50 bytes) @ 0x00007efd49116743 [0x00007efd491166a0+0xa3]
#
# Core dump written. Default location: /home/heshan/Projects/NetBeansProjects/EnterpriseServiceBus/ServiceBus/core or core.5341
#
# If you would like to submit a bug report, please visit:
#   http://bugreport.java.com/bugreport/crash.jsp
#

---------------  T H R E A D  ---------------

Current thread (0x00007efd5816e800):  JavaThread "Thread-0" [_thread_in_Java, id=5379, stack(0x00007efd17eff000,0x00007efd18000000)]

siginfo: si_signo: 11 (SIGSEGV), si_code: 1 (SEGV_MAPERR), si_addr: 0x00006e6168736568

Registers:
RAX=0x000000000000011c, RBX=0x0000000000000108, RCX=0x00000000ebecfa40, RDX=0x00006e6168736568
RSP=0x00007efd17ffe810, RBP=0x00007efd17ffe9a0, RSI=0x00000000ebecfa40, RDI=0x00007efd46418fb8
R8 =0x0000000000000000, R9 =0x0000000000000008, R10=0x00007efd5e81f860, R11=0x00007efd491162e0
R12=0x0000000000000000, R13=0x00007efd17ffe948, R14=0x00007efd17ffea30, R15=0x00007efd5816e800
RIP=0x00007efd49116743, EFLAGS=0x0000000000010202, CSGSFS=0x002b000000000033, ERR=0x0000000000000004
  TRAPNO=0x000000000000000e

Top of Stack: (sp=0x00007efd17ffe810)
0x00007efd17ffe810:   00000000ebec9830 0000000000000000
0x00007efd17ffe820:   00007efd465f4028 00007efd5816e800
0x00007efd17ffe830:   00007efd17ffe880 00007efd5816e800
0x00007efd17ffe840:   00007efd17ffe8d0 00007efd5815f630
0x00007efd17ffe850:   00007efd5816e800 00007efd17ffe8d0
0x00007efd17ffe860:   00007efd17ffe930 00007efd5df46c9f
0x00007efd17ffe870:   0000000000000000 00000000ebec9830
0x00007efd17ffe880:   00000000ebec95c0 00007efd17ffe888
0x00007efd17ffe890:   00000000000003d8 00007efd24011680
0x00007efd17ffe8a0:   00007efd5816e800 0000000000000000
0x00007efd17ffe8b0:   00007efd465f5ec0 000000085816e800
0x00007efd17ffe8c0:   00007efd465f5ec0 00000000ebecfa40
0x00007efd17ffe8d0:   00000000ebecfa88 00007efd000000e6
0x00007efd17ffe8e0:   00007efd465f5ec0 00007efd5816e800
0x00007efd17ffe8f0:   00007efd17ffe9a0 00007efd49116344
0x00007efd17ffe900:   00007efd17ffe958 00000000000000e6
0x00007efd17ffe910:   0000000000000000 00007efd465f5a8f
0x00007efd17ffe920:   00000000ebecfa40 00007efd5816e800
0x00007efd17ffe930:   00007efd17ffe9a0 00007efd49007d80
0x00007efd17ffe940:   00007efd49007d80 00006e6168736568
0x00007efd17ffe950:   00000000ebecfa40 00000000ebec95c0
0x00007efd17ffe960:   00007efd17ffe960 00007efd465f5a96
0x00007efd17ffe970:   00007efd17ffea30 00007efd465f6118
0x00007efd17ffe980:   0000000000000000 00007efd465f5ec0
0x00007efd17ffe990:   00007efd17ffe948 00007efd17ffea30
0x00007efd17ffe9a0:   00007efd17ffea78 00007efd49008042
0x00007efd17ffe9b0:   0000000000000000 0000000000000000
0x00007efd17ffe9c0:   0000000000000001 00000000ebe9e9b8
0x00007efd17ffe9d0:   00006e6168736568 00000000ebec5830
0x00007efd17ffe9e0:   00000000ebea3b90 00000000ebe9e9b8
0x00007efd17ffe9f0:   0000000000000003 00000000ebea3ba8
0x00007efd17ffea00:   000000000000001e 00000000ebec4228 

Instructions: (pc=0x00007efd49116743)
0x00007efd49116723:   0a 00 00 00 48 bb 18 01 00 00 00 00 00 00 48 8b
0x00007efd49116733:   04 1f 48 8d 40 01 48 89 04 1f 0f 84 b0 04 00 00
0x00007efd49116743:   48 3b 02 48 8b fa 48 bb b8 8f 41 46 fd 7e 00 00
0x00007efd49116753:   8b 7f 08 48 c1 e7 03 48 3b bb 40 01 00 00 75 0d 

Register to memory mapping:

RAX=0x000000000000011c is an unknown value
RBX=0x0000000000000108 is an unknown value
RCX=0x00000000ebecfa40 is an oop
java.lang.StringBuilder 
 - klass: 'java/lang/StringBuilder'
RDX=0x00006e6168736568 is an unknown value
RSP=0x00007efd17ffe810 is pointing into the stack for thread: 0x00007efd5816e800
RBP=0x00007efd17ffe9a0 is pointing into the stack for thread: 0x00007efd5816e800
RSI=0x00000000ebecfa40 is an oop
java.lang.StringBuilder 
 - klass: 'java/lang/StringBuilder'
RDI=0x00007efd46418fb8 is pointing into metadata
R8 =0x0000000000000000 is an unknown value
R9 =0x0000000000000008 is an unknown value
R10=0x00007efd5e81f860: <offset 0xf0b860> in /usr/lib/jvm/java-8-openjdk/jre/lib/amd64/server/libjvm.so at 0x00007efd5d914000
R11=0x00007efd491162e0 is at entry_point+32 in (nmethod*)0x00007efd49116150
R12=0x0000000000000000 is an unknown value
R13=0x00007efd17ffe948 is pointing into the stack for thread: 0x00007efd5816e800
R14=0x00007efd17ffea30 is pointing into the stack for thread: 0x00007efd5816e800
R15=0x00007efd5816e800 is a thread


Stack: [0x00007efd17eff000,0x00007efd18000000],  sp=0x00007efd17ffe810,  free space=1022k
Native frames: (J=compiled Java code, j=interpreted, Vv=VM code, C=native code)
J 25 C1 java.lang.AbstractStringBuilder.append(Ljava/lang/String;)Ljava/lang/AbstractStringBuilder; (50 bytes) @ 0x00007efd49116743 [0x00007efd491166a0+0xa3]
J 26 C1 java.lang.StringBuilder.append(Ljava/lang/String;)Ljava/lang/StringBuilder; (8 bytes) @ 0x00007efd49116344 [0x00007efd491162c0+0x84]
j  servicebus.ServiceBus.run()V+454
j  java.lang.Thread.run()V+11
v  ~StubRoutines::call_stub
V  [libjvm.so+0x6453a3]
V  [libjvm.so+0x642af7]
V  [libjvm.so+0x6430c7]
V  [libjvm.so+0x67f4e5]
V  [libjvm.so+0x9d35ff]
V  [libjvm.so+0x9d39d5]
V  [libjvm.so+0x8838a2]
C  [libpthread.so.0+0x72e7]  start_thread+0xd7


---------------  P R O C E S S  ---------------

Java Threads: ( => current thread )
=>0x00007efd5816e800 JavaThread "Thread-0" [_thread_in_Java, id=5379, stack(0x00007efd17eff000,0x00007efd18000000)]
  0x00007efd580d9800 JavaThread "Service Thread" daemon [_thread_blocked, id=5358, stack(0x00007efd446bd000,0x00007efd447be000)]
  0x00007efd580bc000 JavaThread "C1 CompilerThread2" daemon [_thread_blocked, id=5357, stack(0x00007efd447be000,0x00007efd448bf000)]
  0x00007efd580ba800 JavaThread "C2 CompilerThread1" daemon [_thread_blocked, id=5356, stack(0x00007efd448bf000,0x00007efd449c0000)]
  0x00007efd580b7800 JavaThread "C2 CompilerThread0" daemon [_thread_blocked, id=5355, stack(0x00007efd449c0000,0x00007efd44ac1000)]
  0x00007efd580b6000 JavaThread "Signal Dispatcher" daemon [_thread_blocked, id=5354, stack(0x00007efd44ac1000,0x00007efd44bc2000)]
  0x00007efd58083800 JavaThread "Finalizer" daemon [_thread_blocked, id=5353, stack(0x00007efd44d5a000,0x00007efd44e5b000)]
  0x00007efd5807f000 JavaThread "Reference Handler" daemon [_thread_blocked, id=5352, stack(0x00007efd44e5b000,0x00007efd44f5c000)]
  0x00007efd5800a000 JavaThread "main" [_thread_in_native, id=5343, stack(0x00007efd5f502000,0x00007efd5f603000)]

Other Threads:
  0x00007efd58077000 VMThread [stack: 0x00007efd44f5c000,0x00007efd4505d000] [id=5351]
  0x00007efd580dc000 WatcherThread [stack: 0x00007efd445bc000,0x00007efd446bd000] [id=5359]

VM state:not at safepoint (normal execution)

VM Mutex/Monitor currently owned by a thread: None

Heap:
 PSYoungGen      total 18432K, used 1588K [0x00000000ebd80000, 0x00000000ed200000, 0x0000000100000000)
  eden space 15872K, 10% used [0x00000000ebd80000,0x00000000ebf0d040,0x00000000ecd00000)
  from space 2560K, 0% used [0x00000000ecf80000,0x00000000ecf80000,0x00000000ed200000)
  to   space 2560K, 0% used [0x00000000ecd00000,0x00000000ecd00000,0x00000000ecf80000)
 ParOldGen       total 42496K, used 0K [0x00000000c3800000, 0x00000000c6180000, 0x00000000ebd80000)
  object space 42496K, 0% used [0x00000000c3800000,0x00000000c3800000,0x00000000c6180000)
 Metaspace       used 4233K, capacity 4622K, committed 4864K, reserved 1056768K
  class space    used 447K, capacity 458K, committed 512K, reserved 1048576K

Card table byte_map: [0x00007efd48e1b000,0x00007efd49000000] byte_map_base: 0x00007efd487ff000

Marking Bits: (ParMarkBitMap*) 0x00007efd5e80e260
 Begin Bits: [0x00007efd46bd7000, 0x00007efd47af7000)
 End Bits:   [0x00007efd47af7000, 0x00007efd48a17000)

Polling page: 0x00007efd5f635000

CodeCache: size=245760Kb used=1174Kb max_used=1174Kb free=244585Kb
 bounds [0x00007efd49000000, 0x00007efd49270000, 0x00007efd58000000]
 total_blobs=315 nmethods=56 adapters=174
 compilation: enabled

Compilation events (10 events):
Event: 0.206 Thread 0x00007efd580bc000   52       3       java.lang.CharacterDataLatin1::toLowerCase (39 bytes)
Event: 0.207 Thread 0x00007efd580bc000 nmethod 52 0x00007efd491238d0 code [0x00007efd49123a40, 0x00007efd49123cd0]
Event: 0.207 Thread 0x00007efd580bc000   53       1       com.sun.org.apache.xerces.internal.dom.TextImpl::getNodeType (2 bytes)
Event: 0.207 Thread 0x00007efd580bc000 nmethod 53 0x00007efd49123e50 code [0x00007efd49123fa0, 0x00007efd491240b0]
Event: 0.211 Thread 0x00007efd580bc000   54       3       java.lang.StringBuilder::<init> (7 bytes)
Event: 0.212 Thread 0x00007efd580bc000 nmethod 54 0x00007efd49124710 code [0x00007efd49124880, 0x00007efd49124b30]
Event: 4.236 Thread 0x00007efd580bc000   55       1       java.nio.Buffer::position (5 bytes)
Event: 4.237 Thread 0x00007efd580bc000 nmethod 55 0x00007efd49125690 code [0x00007efd491257e0, 0x00007efd491258f0]
Event: 4.237 Thread 0x00007efd580bc000   56  s    1       java.util.Vector::size (5 bytes)
Event: 4.237 Thread 0x00007efd580bc000 nmethod 56 0x00007efd49125950 code [0x00007efd49125aa0, 0x00007efd49125d10]

GC Heap History (0 events):
No events

Deoptimization events (0 events):
No events

Internal exceptions (8 events):
Event: 0.056 Thread 0x00007efd5800a000 Exception <a 'java/lang/NoSuchMethodError': Method sun.misc.Unsafe.defineClass(Ljava/lang/String;[BII)Ljava/lang/Class; name or signature does not match> (0x00000000ebd87ca8) thrown at [/build/java8-openjdk/src/jdk8u-jdk8u121-b13/hotspot/src/share/vm/prim
Event: 0.056 Thread 0x00007efd5800a000 Exception <a 'java/lang/NoSuchMethodError': Method sun.misc.Unsafe.prefetchRead(Ljava/lang/Object;J)V name or signature does not match> (0x00000000ebd87f90) thrown at [/build/java8-openjdk/src/jdk8u-jdk8u121-b13/hotspot/src/share/vm/prims/jni.cpp, line 40
Event: 0.153 Thread 0x00007efd5800a000 Exception <a 'java/security/PrivilegedActionException'> (0x00000000ebe0d690) thrown at [/build/java8-openjdk/src/jdk8u-jdk8u121-b13/hotspot/src/share/vm/prims/jvm.cpp, line 1390]
Event: 0.153 Thread 0x00007efd5800a000 Exception <a 'java/security/PrivilegedActionException'> (0x00000000ebe0d8a0) thrown at [/build/java8-openjdk/src/jdk8u-jdk8u121-b13/hotspot/src/share/vm/prims/jvm.cpp, line 1390]
Event: 0.153 Thread 0x00007efd5800a000 Exception <a 'java/security/PrivilegedActionException'> (0x00000000ebe0f740) thrown at [/build/java8-openjdk/src/jdk8u-jdk8u121-b13/hotspot/src/share/vm/prims/jvm.cpp, line 1390]
Event: 0.153 Thread 0x00007efd5800a000 Exception <a 'java/security/PrivilegedActionException'> (0x00000000ebe0f950) thrown at [/build/java8-openjdk/src/jdk8u-jdk8u121-b13/hotspot/src/share/vm/prims/jvm.cpp, line 1390]
Event: 0.153 Thread 0x00007efd5800a000 Exception <a 'java/security/PrivilegedActionException'> (0x00000000ebe103b0) thrown at [/build/java8-openjdk/src/jdk8u-jdk8u121-b13/hotspot/src/share/vm/prims/jvm.cpp, line 1390]
Event: 0.153 Thread 0x00007efd5800a000 Exception <a 'java/security/PrivilegedActionException'> (0x00000000ebe105c0) thrown at [/build/java8-openjdk/src/jdk8u-jdk8u121-b13/hotspot/src/share/vm/prims/jvm.cpp, line 1390]

Events (10 events):
Event: 4.232 loading class java/util/Random
Event: 4.233 loading class java/util/Random done
Event: 4.234 loading class services/CppServiceDirectory
Event: 4.234 loading class services/CppServiceDirectory done
Event: 4.236 loading class java/io/PrintWriter
Event: 4.236 loading class java/io/PrintWriter done
Event: 4.236 loading class java/net/Socket$3
Event: 4.236 loading class java/net/Socket$3 done
Event: 4.238 loading class java/net/SocketOutputStream
Event: 4.238 loading class java/net/SocketOutputStream done


Dynamic libraries:
00400000-00401000 r-xp 00000000 08:0a 2240423                            /usr/lib/jvm/java-8-openjdk/jre/bin/java
00600000-00601000 r--p 00000000 08:0a 2240423                            /usr/lib/jvm/java-8-openjdk/jre/bin/java
00601000-00602000 rw-p 00001000 08:0a 2240423                            /usr/lib/jvm/java-8-openjdk/jre/bin/java
02242000-02263000 rw-p 00000000 00:00 0                                  [heap]
c3800000-c6180000 rw-p 00000000 00:00 0 
c6180000-ebd80000 ---p 00000000 00:00 0 
ebd80000-ed200000 rw-p 00000000 00:00 0 
ed200000-100000000 ---p 00000000 00:00 0 
100000000-100080000 rw-p 00000000 00:00 0 
100080000-140000000 ---p 00000000 00:00 0 
7efd08000000-7efd08021000 rw-p 00000000 00:00 0 
7efd08021000-7efd0c000000 ---p 00000000 00:00 0 
7efd0c000000-7efd0c02c000 rw-p 00000000 00:00 0 
7efd0c02c000-7efd10000000 ---p 00000000 00:00 0 
7efd10000000-7efd10021000 rw-p 00000000 00:00 0 
7efd10021000-7efd14000000 ---p 00000000 00:00 0 
7efd1775e000-7efd17774000 r-xp 00000000 08:0a 1587171                    /usr/lib/libgcc_s.so.1
7efd17774000-7efd17973000 ---p 00016000 08:0a 1587171                    /usr/lib/libgcc_s.so.1
7efd17973000-7efd17974000 r--p 00015000 08:0a 1587171                    /usr/lib/libgcc_s.so.1
7efd17974000-7efd17975000 rw-p 00016000 08:0a 1587171                    /usr/lib/libgcc_s.so.1
7efd17975000-7efd17aed000 r-xp 00000000 08:0a 1576452                    /usr/lib/libstdc++.so.6.0.22
7efd17aed000-7efd17ced000 ---p 00178000 08:0a 1576452                    /usr/lib/libstdc++.so.6.0.22
7efd17ced000-7efd17cf7000 r--p 00178000 08:0a 1576452                    /usr/lib/libstdc++.so.6.0.22
7efd17cf7000-7efd17cf9000 rw-p 00182000 08:0a 1576452                    /usr/lib/libstdc++.so.6.0.22
7efd17cf9000-7efd17cfd000 rw-p 00000000 00:00 0 
7efd17cfd000-7efd17cfe000 r-xp 00000000 08:0a 3147098                    /home/heshan/Projects/NetBeansProjects/EnterpriseServiceBus/ServiceBus/src/services/CppServices/dist/libCppServices.so
7efd17cfe000-7efd17efd000 ---p 00001000 08:0a 3147098                    /home/heshan/Projects/NetBeansProjects/EnterpriseServiceBus/ServiceBus/src/services/CppServices/dist/libCppServices.so
7efd17efd000-7efd17efe000 r--p 00000000 08:0a 3147098                    /home/heshan/Projects/NetBeansProjects/EnterpriseServiceBus/ServiceBus/src/services/CppServices/dist/libCppServices.so
7efd17efe000-7efd17eff000 rw-p 00001000 08:0a 3147098                    /home/heshan/Projects/NetBeansProjects/EnterpriseServiceBus/ServiceBus/src/services/CppServices/dist/libCppServices.so
7efd17eff000-7efd17f02000 ---p 00000000 00:00 0 
7efd17f02000-7efd18000000 rw-p 00000000 00:00 0 
7efd18000000-7efd18021000 rw-p 00000000 00:00 0 
7efd18021000-7efd1c000000 ---p 00000000 00:00 0 
7efd1c000000-7efd1c041000 rw-p 00000000 00:00 0 
7efd1c041000-7efd20000000 ---p 00000000 00:00 0 
7efd20000000-7efd20021000 rw-p 00000000 00:00 0 
7efd20021000-7efd24000000 ---p 00000000 00:00 0 
7efd24000000-7efd240a9000 rw-p 00000000 00:00 0 
7efd240a9000-7efd28000000 ---p 00000000 00:00 0 
7efd28000000-7efd28021000 rw-p 00000000 00:00 0 
7efd28021000-7efd2c000000 ---p 00000000 00:00 0 
7efd2c000000-7efd2c021000 rw-p 00000000 00:00 0 
7efd2c021000-7efd30000000 ---p 00000000 00:00 0 
7efd30000000-7efd30021000 rw-p 00000000 00:00 0 
7efd30021000-7efd34000000 ---p 00000000 00:00 0 
7efd34000000-7efd34021000 rw-p 00000000 00:00 0 
7efd34021000-7efd38000000 ---p 00000000 00:00 0 
7efd38000000-7efd38021000 rw-p 00000000 00:00 0 
7efd38021000-7efd3c000000 ---p 00000000 00:00 0 
7efd3c000000-7efd3c021000 rw-p 00000000 00:00 0 
7efd3c021000-7efd40000000 ---p 00000000 00:00 0 
7efd40000000-7efd40021000 rw-p 00000000 00:00 0 
7efd40021000-7efd44000000 ---p 00000000 00:00 0 
7efd440d6000-7efd44107000 rw-p 00000000 00:00 0 
7efd44107000-7efd4411d000 r-xp 00000000 08:0a 2240770                    /usr/lib/jvm/java-8-openjdk/jre/lib/amd64/libnet.so
7efd4411d000-7efd4431c000 ---p 00016000 08:0a 2240770                    /usr/lib/jvm/java-8-openjdk/jre/lib/amd64/libnet.so
7efd4431c000-7efd4431d000 r--p 00015000 08:0a 2240770                    /usr/lib/jvm/java-8-openjdk/jre/lib/amd64/libnet.so
7efd4431d000-7efd4431e000 rw-p 00016000 08:0a 2240770                    /usr/lib/jvm/java-8-openjdk/jre/lib/amd64/libnet.so
7efd4431e000-7efd44368000 rw-p 00000000 00:00 0 
7efd44368000-7efd44526000 r--s 02191000 08:0a 3146888                    /home/heshan/Projects/NetBeansProjects/EnterpriseServiceBus/ServiceBus/libs/jython-standalone-2.7.0.jar
7efd44526000-7efd445bc000 r--s 008d8000 08:0a 2240594                    /usr/lib/jvm/java-8-openjdk/jre/lib/ext/jfxrt.jar
7efd445bc000-7efd445bd000 ---p 00000000 00:00 0 
7efd445bd000-7efd446bd000 rw-p 00000000 00:00 0 
7efd446bd000-7efd446c0000 ---p 00000000 00:00 0 
7efd446c0000-7efd447be000 rw-p 00000000 00:00 0 
7efd447be000-7efd447c1000 ---p 00000000 00:00 0 
7efd447c1000-7efd448bf000 rw-p 00000000 00:00 0 
7efd448bf000-7efd448c2000 ---p 00000000 00:00 0 
7efd448c2000-7efd449c0000 rw-p 00000000 00:00 0 
7efd449c0000-7efd449c3000 ---p 00000000 00:00 0 
7efd449c3000-7efd44ac1000 rw-p 00000000 00:00 0 
7efd44ac1000-7efd44ac4000 ---p 00000000 00:00 0 
7efd44ac4000-7efd44bc2000 rw-p 00000000 00:00 0 
7efd44bc2000-7efd44d5a000 r--p 00000000 08:0a 1628100                    /usr/lib/locale/locale-archive
7efd44d5a000-7efd44d5d000 ---p 00000000 00:00 0 
7efd44d5d000-7efd44e5b000 rw-p 00000000 00:00 0 
7efd44e5b000-7efd44e5e000 ---p 00000000 00:00 0 
7efd44e5e000-7efd44f5c000 rw-p 00000000 00:00 0 
7efd44f5c000-7efd44f5d000 ---p 00000000 00:00 0 
7efd44f5d000-7efd45fae000 rw-p 00000000 00:00 0 
7efd45fae000-7efd4617d000 r--s 03c05000 08:0a 2240463                    /usr/lib/jvm/java-8-openjdk/jre/lib/rt.jar
7efd4617d000-7efd46633000 rw-p 00000000 00:00 0 
7efd46633000-7efd469f3000 ---p 00000000 00:00 0 
7efd469f3000-7efd48a17000 rw-p 00000000 00:00 0 
7efd48a17000-7efd48a18000 ---p 00000000 00:00 0 
7efd48a18000-7efd48b18000 rw-p 00000000 00:00 0 
7efd48b18000-7efd48b19000 ---p 00000000 00:00 0 
7efd48b19000-7efd48c19000 rw-p 00000000 00:00 0 
7efd48c19000-7efd48c1a000 ---p 00000000 00:00 0 
7efd48c1a000-7efd48d1a000 rw-p 00000000 00:00 0 
7efd48d1a000-7efd48d1b000 ---p 00000000 00:00 0 
7efd48d1b000-7efd48e30000 rw-p 00000000 00:00 0 
7efd48e30000-7efd48f5d000 ---p 00000000 00:00 0 
7efd48f5d000-7efd48f68000 rw-p 00000000 00:00 0 
7efd48f68000-7efd48fff000 ---p 00000000 00:00 0 
7efd48fff000-7efd49000000 rw-p 00000000 00:00 0 
7efd49000000-7efd49270000 rwxp 00000000 00:00 0 
7efd49270000-7efd58000000 ---p 00000000 00:00 0 
7efd58000000-7efd58170000 rw-p 00000000 00:00 0 
7efd58170000-7efd5c000000 ---p 00000000 00:00 0 
7efd5c003000-7efd5c086000 rw-p 00000000 00:00 0 
7efd5c086000-7efd5c1b4000 ---p 00000000 00:00 0 
7efd5c1b4000-7efd5c1be000 rw-p 00000000 00:00 0 
7efd5c1be000-7efd5c574000 ---p 00000000 00:00 0 
7efd5c574000-7efd5c57c000 r-xp 00000000 08:0a 2240772                    /usr/lib/jvm/java-8-openjdk/jre/lib/amd64/libzip.so
7efd5c57c000-7efd5c77b000 ---p 00008000 08:0a 2240772                    /usr/lib/jvm/java-8-openjdk/jre/lib/amd64/libzip.so
7efd5c77b000-7efd5c77c000 r--p 00007000 08:0a 2240772                    /usr/lib/jvm/java-8-openjdk/jre/lib/amd64/libzip.so
7efd5c77c000-7efd5c77d000 rw-p 00008000 08:0a 2240772                    /usr/lib/jvm/java-8-openjdk/jre/lib/amd64/libzip.so
7efd5c77d000-7efd5c788000 r-xp 00000000 08:0a 1574939                    /usr/lib/libnss_files-2.25.so
7efd5c788000-7efd5c987000 ---p 0000b000 08:0a 1574939                    /usr/lib/libnss_files-2.25.so
7efd5c987000-7efd5c988000 r--p 0000a000 08:0a 1574939                    /usr/lib/libnss_files-2.25.so
7efd5c988000-7efd5c989000 rw-p 0000b000 08:0a 1574939                    /usr/lib/libnss_files-2.25.so
7efd5c989000-7efd5c98f000 rw-p 00000000 00:00 0 
7efd5c98f000-7efd5c99a000 r-xp 00000000 08:0a 1574937                    /usr/lib/libnss_nis-2.25.so
7efd5c99a000-7efd5cb99000 ---p 0000b000 08:0a 1574937                    /usr/lib/libnss_nis-2.25.so
7efd5cb99000-7efd5cb9a000 r--p 0000a000 08:0a 1574937                    /usr/lib/libnss_nis-2.25.so
7efd5cb9a000-7efd5cb9b000 rw-p 0000b000 08:0a 1574937                    /usr/lib/libnss_nis-2.25.so
7efd5cb9b000-7efd5cbb0000 r-xp 00000000 08:0a 1574933                    /usr/lib/libnsl-2.25.so
7efd5cbb0000-7efd5cdaf000 ---p 00015000 08:0a 1574933                    /usr/lib/libnsl-2.25.so
7efd5cdaf000-7efd5cdb0000 r--p 00014000 08:0a 1574933                    /usr/lib/libnsl-2.25.so
7efd5cdb0000-7efd5cdb1000 rw-p 00015000 08:0a 1574933                    /usr/lib/libnsl-2.25.so
7efd5cdb1000-7efd5cdb3000 rw-p 00000000 00:00 0 
7efd5cdb3000-7efd5cdba000 r-xp 00000000 08:0a 1574980                    /usr/lib/libnss_compat-2.25.so
7efd5cdba000-7efd5cfb9000 ---p 00007000 08:0a 1574980                    /usr/lib/libnss_compat-2.25.so
7efd5cfb9000-7efd5cfba000 r--p 00006000 08:0a 1574980                    /usr/lib/libnss_compat-2.25.so
7efd5cfba000-7efd5cfbb000 rw-p 00007000 08:0a 1574980                    /usr/lib/libnss_compat-2.25.so
7efd5cfbb000-7efd5cfe8000 r-xp 00000000 08:0a 2240768                    /usr/lib/jvm/java-8-openjdk/jre/lib/amd64/libjava.so
7efd5cfe8000-7efd5d1e7000 ---p 0002d000 08:0a 2240768                    /usr/lib/jvm/java-8-openjdk/jre/lib/amd64/libjava.so
7efd5d1e7000-7efd5d1e8000 r--p 0002c000 08:0a 2240768                    /usr/lib/jvm/java-8-openjdk/jre/lib/amd64/libjava.so
7efd5d1e8000-7efd5d1ea000 rw-p 0002d000 08:0a 2240768                    /usr/lib/jvm/java-8-openjdk/jre/lib/amd64/libjava.so
7efd5d1ea000-7efd5d1f7000 r-xp 00000000 08:0a 2240510                    /usr/lib/jvm/java-8-openjdk/jre/lib/amd64/libverify.so
7efd5d1f7000-7efd5d3f6000 ---p 0000d000 08:0a 2240510                    /usr/lib/jvm/java-8-openjdk/jre/lib/amd64/libverify.so
7efd5d3f6000-7efd5d3f8000 r--p 0000c000 08:0a 2240510                    /usr/lib/jvm/java-8-openjdk/jre/lib/amd64/libverify.so
7efd5d3f8000-7efd5d3f9000 rw-p 0000e000 08:0a 2240510                    /usr/lib/jvm/java-8-openjdk/jre/lib/amd64/libverify.so
7efd5d3f9000-7efd5d400000 r-xp 00000000 08:0a 1574931                    /usr/lib/librt-2.25.so
7efd5d400000-7efd5d5ff000 ---p 00007000 08:0a 1574931                    /usr/lib/librt-2.25.so
7efd5d5ff000-7efd5d600000 r--p 00006000 08:0a 1574931                    /usr/lib/librt-2.25.so
7efd5d600000-7efd5d601000 rw-p 00007000 08:0a 1574931                    /usr/lib/librt-2.25.so
7efd5d601000-7efd5d713000 r-xp 00000000 08:0a 1574934                    /usr/lib/libm-2.25.so
7efd5d713000-7efd5d912000 ---p 00112000 08:0a 1574934                    /usr/lib/libm-2.25.so
7efd5d912000-7efd5d913000 r--p 00111000 08:0a 1574934                    /usr/lib/libm-2.25.so
7efd5d913000-7efd5d914000 rw-p 00112000 08:0a 1574934                    /usr/lib/libm-2.25.so
7efd5d914000-7efd5e53f000 r-xp 00000000 08:0a 2240777                    /usr/lib/jvm/java-8-openjdk/jre/lib/amd64/server/libjvm.so
7efd5e53f000-7efd5e73e000 ---p 00c2b000 08:0a 2240777                    /usr/lib/jvm/java-8-openjdk/jre/lib/amd64/server/libjvm.so
7efd5e73e000-7efd5e7d2000 r--p 00c2a000 08:0a 2240777                    /usr/lib/jvm/java-8-openjdk/jre/lib/amd64/server/libjvm.so
7efd5e7d2000-7efd5e7fb000 rw-p 00cbe000 08:0a 2240777                    /usr/lib/jvm/java-8-openjdk/jre/lib/amd64/server/libjvm.so
7efd5e7fb000-7efd5e82b000 rw-p 00000000 00:00 0 
7efd5e82b000-7efd5e9c6000 r-xp 00000000 08:0a 1575057                    /usr/lib/libc-2.25.so
7efd5e9c6000-7efd5ebc5000 ---p 0019b000 08:0a 1575057                    /usr/lib/libc-2.25.so
7efd5ebc5000-7efd5ebc9000 r--p 0019a000 08:0a 1575057                    /usr/lib/libc-2.25.so
7efd5ebc9000-7efd5ebcb000 rw-p 0019e000 08:0a 1575057                    /usr/lib/libc-2.25.so
7efd5ebcb000-7efd5ebcf000 rw-p 00000000 00:00 0 
7efd5ebcf000-7efd5ebd2000 r-xp 00000000 08:0a 1574935                    /usr/lib/libdl-2.25.so
7efd5ebd2000-7efd5edd1000 ---p 00003000 08:0a 1574935                    /usr/lib/libdl-2.25.so
7efd5edd1000-7efd5edd2000 r--p 00002000 08:0a 1574935                    /usr/lib/libdl-2.25.so
7efd5edd2000-7efd5edd3000 rw-p 00003000 08:0a 1574935                    /usr/lib/libdl-2.25.so
7efd5edd3000-7efd5ede0000 r-xp 00000000 08:0a 2240780                    /usr/lib/jvm/java-8-openjdk/jre/lib/amd64/jli/libjli.so
7efd5ede0000-7efd5efdf000 ---p 0000d000 08:0a 2240780                    /usr/lib/jvm/java-8-openjdk/jre/lib/amd64/jli/libjli.so
7efd5efdf000-7efd5efe0000 r--p 0000c000 08:0a 2240780                    /usr/lib/jvm/java-8-openjdk/jre/lib/amd64/jli/libjli.so
7efd5efe0000-7efd5efe1000 rw-p 0000d000 08:0a 2240780                    /usr/lib/jvm/java-8-openjdk/jre/lib/amd64/jli/libjli.so
7efd5efe1000-7efd5eff7000 r-xp 00000000 08:0a 1583709                    /usr/lib/libz.so.1.2.11
7efd5eff7000-7efd5f1f6000 ---p 00016000 08:0a 1583709                    /usr/lib/libz.so.1.2.11
7efd5f1f6000-7efd5f1f7000 r--p 00015000 08:0a 1583709                    /usr/lib/libz.so.1.2.11
7efd5f1f7000-7efd5f1f8000 rw-p 00016000 08:0a 1583709                    /usr/lib/libz.so.1.2.11
7efd5f1f8000-7efd5f211000 r-xp 00000000 08:0a 1575076                    /usr/lib/libpthread-2.25.so
7efd5f211000-7efd5f410000 ---p 00019000 08:0a 1575076                    /usr/lib/libpthread-2.25.so
7efd5f410000-7efd5f411000 r--p 00018000 08:0a 1575076                    /usr/lib/libpthread-2.25.so
7efd5f411000-7efd5f412000 rw-p 00019000 08:0a 1575076                    /usr/lib/libpthread-2.25.so
7efd5f412000-7efd5f416000 rw-p 00000000 00:00 0 
7efd5f416000-7efd5f439000 r-xp 00000000 08:0a 1575058                    /usr/lib/ld-2.25.so
7efd5f43d000-7efd5f502000 rw-p 00000000 00:00 0 
7efd5f502000-7efd5f505000 ---p 00000000 00:00 0 
7efd5f505000-7efd5f605000 rw-p 00000000 00:00 0 
7efd5f619000-7efd5f62c000 rw-p 00000000 00:00 0 
7efd5f62c000-7efd5f634000 rw-s 00000000 00:27 112821                     /tmp/hsperfdata_heshan/5341
7efd5f634000-7efd5f635000 rw-p 00000000 00:00 0 
7efd5f635000-7efd5f636000 r--p 00000000 00:00 0 
7efd5f636000-7efd5f638000 rw-p 00000000 00:00 0 
7efd5f638000-7efd5f639000 r--p 00022000 08:0a 1575058                    /usr/lib/ld-2.25.so
7efd5f639000-7efd5f63a000 rw-p 00023000 08:0a 1575058                    /usr/lib/ld-2.25.so
7efd5f63a000-7efd5f63b000 rw-p 00000000 00:00 0 
7ffc97251000-7ffc97272000 rw-p 00000000 00:00 0                          [stack]
7ffc97319000-7ffc9731b000 r--p 00000000 00:00 0                          [vvar]
7ffc9731b000-7ffc9731d000 r-xp 00000000 00:00 0                          [vdso]
ffffffffff600000-ffffffffff601000 r-xp 00000000 00:00 0                  [vsyscall]

VM Arguments:
jvm_args: -Dfile.encoding=UTF-8 
java_command: servicebus.ServiceBus
java_class_path (initial): /home/heshan/Projects/NetBeansProjects/EnterpriseServiceBus/ServiceBus/libs/jython-standalone-2.7.0.jar:/home/heshan/Projects/NetBeansProjects/EnterpriseServiceBus/ServiceBus/build/classes
Launcher Type: SUN_STANDARD

Environment Variables:
PATH=/usr/local/sbin:/usr/local/bin:/usr/bin:/usr/lib/jvm/default/bin:/usr/bin/site_perl:/usr/bin/vendor_perl:/usr/bin/core_perl
USERNAME=heshan
LD_LIBRARY_PATH=/usr/lib/jvm/java-8-openjdk/jre/lib/amd64:/usr/lib/jvm/java-8-openjdk/jre/lib/i386:
SHELL=/bin/bash
DISPLAY=:0

Signal Handlers:
SIGSEGV: [libjvm.so+0xa2d880], sa_mask[0]=11111111011111111101111111111110, sa_flags=SA_RESTART|SA_SIGINFO
SIGBUS: [libjvm.so+0xa2d880], sa_mask[0]=11111111011111111101111111111110, sa_flags=SA_RESTART|SA_SIGINFO
SIGFPE: [libjvm.so+0x881d40], sa_mask[0]=11111111011111111101111111111110, sa_flags=SA_RESTART|SA_SIGINFO
SIGPIPE: [libjvm.so+0x881d40], sa_mask[0]=11111111011111111101111111111110, sa_flags=SA_RESTART|SA_SIGINFO
SIGXFSZ: [libjvm.so+0x881d40], sa_mask[0]=11111111011111111101111111111110, sa_flags=SA_RESTART|SA_SIGINFO
SIGILL: [libjvm.so+0x881d40], sa_mask[0]=11111111011111111101111111111110, sa_flags=SA_RESTART|SA_SIGINFO
SIGUSR1: SIG_DFL, sa_mask[0]=00000000000000000000000000000000, sa_flags=none
SIGUSR2: [libjvm.so+0x881c10], sa_mask[0]=00100000000000000000000000000000, sa_flags=SA_RESTART|SA_SIGINFO
SIGHUP: [libjvm.so+0x882080], sa_mask[0]=11111111011111111101111111111110, sa_flags=SA_RESTART|SA_SIGINFO
SIGINT: SIG_IGN, sa_mask[0]=00000000000000000000000000000000, sa_flags=none
SIGTERM: [libjvm.so+0x882080], sa_mask[0]=11111111011111111101111111111110, sa_flags=SA_RESTART|SA_SIGINFO
SIGQUIT: [libjvm.so+0x882080], sa_mask[0]=11111111011111111101111111111110, sa_flags=SA_RESTART|SA_SIGINFO


---------------  S Y S T E M  ---------------

OS:NAME="Arch Linux"
PRETTY_NAME="Arch Linux"
ID=arch
ID_LIKE=archlinux
ANSI_COLOR="0;36"
HOME_URL="https://www.archlinux.org/"
SUPPORT_URL="https://bbs.archlinux.org/"
BUG_REPORT_URL="https://bugs.archlinux.org/"


uname:Linux 4.10.13-1-ARCH #1 SMP PREEMPT Thu Apr 27 12:15:09 CEST 2017 x86_64
libc:glibc 2.25 NPTL 2.25 
rlimit: STACK 8192k, CORE infinity, NPROC 15437, NOFILE 4096, AS infinity
load average:3.08 2.42 2.46

/proc/meminfo:
MemTotal:        3961096 kB
MemFree:          217004 kB
MemAvailable:     800188 kB
Buffers:           95896 kB
Cached:           904296 kB
SwapCached:            0 kB
Active:          2615168 kB
Inactive:         887656 kB
Active(anon):    2194212 kB
Inactive(anon):   550600 kB
Active(file):     420956 kB
Inactive(file):   337056 kB
Unevictable:           0 kB
Mlocked:               0 kB
SwapTotal:       8388604 kB
SwapFree:        8388200 kB
Dirty:               548 kB
Writeback:             0 kB
AnonPages:       2469868 kB
Mapped:           355780 kB
Shmem:            242180 kB
Slab:              95804 kB
SReclaimable:      56160 kB
SUnreclaim:        39644 kB
KernelStack:       11216 kB
PageTables:        49748 kB
NFS_Unstable:          0 kB
Bounce:                0 kB
WritebackTmp:          0 kB
CommitLimit:    10369152 kB
Committed_AS:    7286516 kB
VmallocTotal:   34359738367 kB
VmallocUsed:           0 kB
VmallocChunk:          0 kB
HardwareCorrupted:     0 kB
AnonHugePages:   1069056 kB
ShmemHugePages:        0 kB
ShmemPmdMapped:        0 kB
HugePages_Total:       0
HugePages_Free:        0
HugePages_Rsvd:        0
HugePages_Surp:        0
Hugepagesize:       2048 kB
DirectMap4k:      155704 kB
DirectMap2M:     3948544 kB
DirectMap1G:           0 kB


CPU:total 4 (2 cores per cpu, 2 threads per core) family 6 model 61 stepping 4, cmov, cx8, fxsr, mmx, sse, sse2, sse3, ssse3, sse4.1, sse4.2, popcnt, avx, avx2, aes, clmul, erms, 3dnowpref, lzcnt, ht, tsc, tscinvbit, bmi1, bmi2, adx

/proc/cpuinfo:
processor	: 0
vendor_id	: GenuineIntel
cpu family	: 6
model		: 61
model name	: Intel(R) Core(TM) i3-5005U CPU @ 2.00GHz
stepping	: 4
microcode	: 0x18
cpu MHz		: 1899.902
cache size	: 3072 KB
physical id	: 0
siblings	: 4
core id		: 0
cpu cores	: 2
apicid		: 0
initial apicid	: 0
fpu		: yes
fpu_exception	: yes
cpuid level	: 20
wp		: yes
flags		: fpu vme de pse tsc msr pae mce cx8 apic sep mtrr pge mca cmov pat pse36 clflush dts acpi mmx fxsr sse sse2 ss ht tm pbe syscall nx pdpe1gb rdtscp lm constant_tsc arch_perfmon pebs bts rep_good nopl xtopology nonstop_tsc aperfmperf pni pclmulqdq dtes64 monitor ds_cpl vmx est tm2 ssse3 sdbg fma cx16 xtpr pdcm pcid sse4_1 sse4_2 x2apic movbe popcnt tsc_deadline_timer aes xsave avx f16c rdrand lahf_lm abm 3dnowprefetch epb intel_pt tpr_shadow vnmi flexpriority ept vpid fsgsbase tsc_adjust bmi1 avx2 smep bmi2 erms invpcid rdseed adx smap xsaveopt dtherm arat pln pts
bugs		:
bogomips	: 3992.95
clflush size	: 64
cache_alignment	: 64
address sizes	: 39 bits physical, 48 bits virtual
power management:

processor	: 1
vendor_id	: GenuineIntel
cpu family	: 6
model		: 61
model name	: Intel(R) Core(TM) i3-5005U CPU @ 2.00GHz
stepping	: 4
microcode	: 0x18
cpu MHz		: 1899.902
cache size	: 3072 KB
physical id	: 0
siblings	: 4
core id		: 1
cpu cores	: 2
apicid		: 2
initial apicid	: 2
fpu		: yes
fpu_exception	: yes
cpuid level	: 20
wp		: yes
flags		: fpu vme de pse tsc msr pae mce cx8 apic sep mtrr pge mca cmov pat pse36 clflush dts acpi mmx fxsr sse sse2 ss ht tm pbe syscall nx pdpe1gb rdtscp lm constant_tsc arch_perfmon pebs bts rep_good nopl xtopology nonstop_tsc aperfmperf pni pclmulqdq dtes64 monitor ds_cpl vmx est tm2 ssse3 sdbg fma cx16 xtpr pdcm pcid sse4_1 sse4_2 x2apic movbe popcnt tsc_deadline_timer aes xsave avx f16c rdrand lahf_lm abm 3dnowprefetch epb intel_pt tpr_shadow vnmi flexpriority ept vpid fsgsbase tsc_adjust bmi1 avx2 smep bmi2 erms invpcid rdseed adx smap xsaveopt dtherm arat pln pts
bugs		:
bogomips	: 3993.24
clflush size	: 64
cache_alignment	: 64
address sizes	: 39 bits physical, 48 bits virtual
power management:

processor	: 2
vendor_id	: GenuineIntel
cpu family	: 6
model		: 61
model name	: Intel(R) Core(TM) i3-5005U CPU @ 2.00GHz
stepping	: 4
microcode	: 0x18
cpu MHz		: 1899.902
cache size	: 3072 KB
physical id	: 0
siblings	: 4
core id		: 0
cpu cores	: 2
apicid		: 1
initial apicid	: 1
fpu		: yes
fpu_exception	: yes
cpuid level	: 20
wp		: yes
flags		: fpu vme de pse tsc msr pae mce cx8 apic sep mtrr pge mca cmov pat pse36 clflush dts acpi mmx fxsr sse sse2 ss ht tm pbe syscall nx pdpe1gb rdtscp lm constant_tsc arch_perfmon pebs bts rep_good nopl xtopology nonstop_tsc aperfmperf pni pclmulqdq dtes64 monitor ds_cpl vmx est tm2 ssse3 sdbg fma cx16 xtpr pdcm pcid sse4_1 sse4_2 x2apic movbe popcnt tsc_deadline_timer aes xsave avx f16c rdrand lahf_lm abm 3dnowprefetch epb intel_pt tpr_shadow vnmi flexpriority ept vpid fsgsbase tsc_adjust bmi1 avx2 smep bmi2 erms invpcid rdseed adx smap xsaveopt dtherm arat pln pts
bugs		:
bogomips	: 3994.90
clflush size	: 64
cache_alignment	: 64
address sizes	: 39 bits physical, 48 bits virtual
power management:

processor	: 3
vendor_id	: GenuineIntel
cpu family	: 6
model		: 61
model name	: Intel(R) Core(TM) i3-5005U CPU @ 2.00GHz
stepping	: 4
microcode	: 0x18
cpu MHz		: 1899.902
cache size	: 3072 KB
physical id	: 0
siblings	: 4
core id		: 1
cpu cores	: 2
apicid		: 3
initial apicid	: 3
fpu		: yes
fpu_exception	: yes
cpuid level	: 20
wp		: yes
flags		: fpu vme de pse tsc msr pae mce cx8 apic sep mtrr pge mca cmov pat pse36 clflush dts acpi mmx fxsr sse sse2 ss ht tm pbe syscall nx pdpe1gb rdtscp lm constant_tsc arch_perfmon pebs bts rep_good nopl xtopology nonstop_tsc aperfmperf pni pclmulqdq dtes64 monitor ds_cpl vmx est tm2 ssse3 sdbg fma cx16 xtpr pdcm pcid sse4_1 sse4_2 x2apic movbe popcnt tsc_deadline_timer aes xsave avx f16c rdrand lahf_lm abm 3dnowprefetch epb intel_pt tpr_shadow vnmi flexpriority ept vpid fsgsbase tsc_adjust bmi1 avx2 smep bmi2 erms invpcid rdseed adx smap xsaveopt dtherm arat pln pts
bugs		:
bogomips	: 3993.27
clflush size	: 64
cache_alignment	: 64
address sizes	: 39 bits physical, 48 bits virtual
power management:



Memory: 4k page, physical 3961096k(217004k free), swap 8388604k(8388200k free)

vm_info: OpenJDK 64-Bit Server VM (25.121-b13) for linux-amd64 JRE (1.8.0_121-b13), built on Jan 22 2017 09:22:31 by "builduser" with gcc 6.3.1 20170109

time: Thu Jun  1 21:30:48 2017
elapsed time: 4 seconds (0d 0h 0m 4s)

