#
# A fatal error has been detected by the Java Runtime Environment:
#
#  SIGSEGV (0xb) at pc=0x00007f4ee5112603, pid=4784, tid=0x00007f4ee08aa700
#
# JRE version: OpenJDK Runtime Environment (8.0_121-b13) (build 1.8.0_121-b13)
# Java VM: OpenJDK 64-Bit Server VM (25.121-b13 mixed mode linux-amd64 compressed oops)
# Problematic frame:
# J 27 C1 java.lang.AbstractStringBuilder.append(Ljava/lang/String;)Ljava/lang/AbstractStringBuilder; (50 bytes) @ 0x00007f4ee5112603 [0x00007f4ee5112560+0xa3]
#
# Core dump written. Default location: /home/heshan/Projects/NetBeansProjects/EnterpriseServiceBus/ServiceBus/core or core.4784
#
# If you would like to submit a bug report, please visit:
#   http://bugreport.java.com/bugreport/crash.jsp
#

---------------  T H R E A D  ---------------

Current thread (0x00007f4ef414e800):  JavaThread "Thread-0" [_thread_in_Java, id=4823, stack(0x00007f4ee07aa000,0x00007f4ee08ab000)]

siginfo: si_signo: 11 (SIGSEGV), si_code: 1 (SEGV_MAPERR), si_addr: 0x00006e6168736568

Registers:
RAX=0x000000000000011c, RBX=0x0000000000000108, RCX=0x00000000ebecf968, RDX=0x00006e6168736568
RSP=0x00007f4ee08a9810, RBP=0x00007f4ee08a99a0, RSI=0x00000000ebecf968, RDI=0x00007f4ee2be5fb8
R8 =0x0000000000000000, R9 =0x0000000000000008, R10=0x00007f4efaff1860, R11=0x00007f4ee5117a20
R12=0x0000000000000000, R13=0x00007f4ee08a9948, R14=0x00007f4ee08a9a30, R15=0x00007f4ef414e800
RIP=0x00007f4ee5112603, EFLAGS=0x0000000000010202, CSGSFS=0x002b000000000033, ERR=0x0000000000000004
  TRAPNO=0x000000000000000e

Top of Stack: (sp=0x00007f4ee08a9810)
0x00007f4ee08a9810:   00000000ebec9758 0000000000000000
0x00007f4ee08a9820:   00007f4ee2dc1028 00007f4ef414e800
0x00007f4ee08a9830:   00007f4ee08a9880 00007f4ef414e800
0x00007f4ee08a9840:   00007f4ee08a98d0 00007f4ef4147670
0x00007f4ee08a9850:   00007f4ef414e800 00007f4ee08a98d0
0x00007f4ee08a9860:   00007f4ee08a9930 00007f4efa718c9f
0x00007f4ee08a9870:   0000000000000000 00000000ebec9758
0x00007f4ee08a9880:   00000000ebec94e8 00007f4ee08a9888
0x00007f4ee08a9890:   00000000000003d8 00007f4ec0011e60
0x00007f4ee08a98a0:   00007f4ef414e800 0000000000000000
0x00007f4ee08a98b0:   00007f4ee2dc2ec0 00000008f414e800
0x00007f4ee08a98c0:   00007f4ee2dc2ec0 00000000ebecf968
0x00007f4ee08a98d0:   00000000ebecf9b0 00007f4e000000e6
0x00007f4ee08a98e0:   00007f4ee2dc2ec0 00007f4ef414e800
0x00007f4ee08a98f0:   00007f4ee08a99a0 00007f4ee5117a84
0x00007f4ee08a9900:   00007f4ee08a9958 00000000000000e6
0x00007f4ee08a9910:   0000000000000000 00007f4ee2dc2a8f
0x00007f4ee08a9920:   00000000ebecf968 00007f4ef414e800
0x00007f4ee08a9930:   00007f4ee08a99a0 00007f4ee5007d80
0x00007f4ee08a9940:   00007f4ee5007d80 00006e6168736568
0x00007f4ee08a9950:   00000000ebecf968 00000000ebec94e8
0x00007f4ee08a9960:   00007f4ee08a9960 00007f4ee2dc2a96
0x00007f4ee08a9970:   00007f4ee08a9a30 00007f4ee2dc3118
0x00007f4ee08a9980:   0000000000000000 00007f4ee2dc2ec0
0x00007f4ee08a9990:   00007f4ee08a9948 00007f4ee08a9a30
0x00007f4ee08a99a0:   00007f4ee08a9a78 00007f4ee5008042
0x00007f4ee08a99b0:   0000000000000000 0000000000000000
0x00007f4ee08a99c0:   0000000000000001 00000000ebe9ea68
0x00007f4ee08a99d0:   00006e6168736568 00000000ebec5830
0x00007f4ee08a99e0:   00000000ebea3c40 00000000ebe9ea68
0x00007f4ee08a99f0:   0000000000000003 00000000ebea3c58
0x00007f4ee08a9a00:   0000000000000018 00000000ebec4228 

Instructions: (pc=0x00007f4ee5112603)
0x00007f4ee51125e3:   0a 00 00 00 48 bb 18 01 00 00 00 00 00 00 48 8b
0x00007f4ee51125f3:   04 1f 48 8d 40 01 48 89 04 1f 0f 84 b0 04 00 00
0x00007f4ee5112603:   48 3b 02 48 8b fa 48 bb b8 5f be e2 4e 7f 00 00
0x00007f4ee5112613:   8b 7f 08 48 c1 e7 03 48 3b bb 40 01 00 00 75 0d 

Register to memory mapping:

RAX=0x000000000000011c is an unknown value
RBX=0x0000000000000108 is an unknown value
RCX=0x00000000ebecf968 is an oop
java.lang.StringBuilder 
 - klass: 'java/lang/StringBuilder'
RDX=0x00006e6168736568 is an unknown value
RSP=0x00007f4ee08a9810 is pointing into the stack for thread: 0x00007f4ef414e800
RBP=0x00007f4ee08a99a0 is pointing into the stack for thread: 0x00007f4ef414e800
RSI=0x00000000ebecf968 is an oop
java.lang.StringBuilder 
 - klass: 'java/lang/StringBuilder'
RDI=0x00007f4ee2be5fb8 is pointing into metadata
R8 =0x0000000000000000 is an unknown value
R9 =0x0000000000000008 is an unknown value
R10=0x00007f4efaff1860: <offset 0xf0b860> in /usr/lib/jvm/java-8-openjdk/jre/lib/amd64/server/libjvm.so at 0x00007f4efa0e6000
R11=0x00007f4ee5117a20 is at entry_point+32 in (nmethod*)0x00007f4ee5117890
R12=0x0000000000000000 is an unknown value
R13=0x00007f4ee08a9948 is pointing into the stack for thread: 0x00007f4ef414e800
R14=0x00007f4ee08a9a30 is pointing into the stack for thread: 0x00007f4ef414e800
R15=0x00007f4ef414e800 is a thread


Stack: [0x00007f4ee07aa000,0x00007f4ee08ab000],  sp=0x00007f4ee08a9810,  free space=1022k
Native frames: (J=compiled Java code, j=interpreted, Vv=VM code, C=native code)
J 27 C1 java.lang.AbstractStringBuilder.append(Ljava/lang/String;)Ljava/lang/AbstractStringBuilder; (50 bytes) @ 0x00007f4ee5112603 [0x00007f4ee5112560+0xa3]
J 28 C1 java.lang.StringBuilder.append(Ljava/lang/String;)Ljava/lang/StringBuilder; (8 bytes) @ 0x00007f4ee5117a84 [0x00007f4ee5117a00+0x84]
j  servicebus.ServiceBus.run()V+454
j  java.lang.Thread.run()V+11
v  ~StubRoutines::call_stub
V  [libjvm.so+0x6453a3]
V  [libjvm.so+0x642af7]
V  [libjvm.so+0x6430c7]
V  [libjvm.so+0x67f4e5]
V  [libjvm.so+0x9d35ff]
V  [libjvm.so+0x9d39d5]
V  [libjvm.so+0x8838a2]
C  [libpthread.so.0+0x72e7]  start_thread+0xd7


---------------  P R O C E S S  ---------------

Java Threads: ( => current thread )
=>0x00007f4ef414e800 JavaThread "Thread-0" [_thread_in_Java, id=4823, stack(0x00007f4ee07aa000,0x00007f4ee08ab000)]
  0x00007f4ef40bf800 JavaThread "Service Thread" daemon [_thread_blocked, id=4801, stack(0x00007f4ee0e92000,0x00007f4ee0f93000)]
  0x00007f4ef40bc000 JavaThread "C1 CompilerThread2" daemon [_thread_blocked, id=4800, stack(0x00007f4ee0f93000,0x00007f4ee1094000)]
  0x00007f4ef40ba800 JavaThread "C2 CompilerThread1" daemon [_thread_blocked, id=4799, stack(0x00007f4ee1094000,0x00007f4ee1195000)]
  0x00007f4ef40b7800 JavaThread "C2 CompilerThread0" daemon [_thread_blocked, id=4798, stack(0x00007f4ee1195000,0x00007f4ee1296000)]
  0x00007f4ef40b6000 JavaThread "Signal Dispatcher" daemon [_thread_blocked, id=4797, stack(0x00007f4ee1296000,0x00007f4ee1397000)]
  0x00007f4ef4083800 JavaThread "Finalizer" daemon [_thread_blocked, id=4796, stack(0x00007f4ee152f000,0x00007f4ee1630000)]
  0x00007f4ef407f000 JavaThread "Reference Handler" daemon [_thread_blocked, id=4795, stack(0x00007f4ee1630000,0x00007f4ee1731000)]
  0x00007f4ef400a000 JavaThread "main" [_thread_in_native, id=4788, stack(0x00007f4efbcd4000,0x00007f4efbdd5000)]

Other Threads:
  0x00007f4ef4077000 VMThread [stack: 0x00007f4ee1731000,0x00007f4ee1832000] [id=4794]
  0x00007f4ef40c2000 WatcherThread [stack: 0x00007f4ee0d91000,0x00007f4ee0e92000] [id=4802]

VM state:not at safepoint (normal execution)

VM Mutex/Monitor currently owned by a thread: None

Heap:
 PSYoungGen      total 18432K, used 1588K [0x00000000ebd80000, 0x00000000ed200000, 0x0000000100000000)
  eden space 15872K, 10% used [0x00000000ebd80000,0x00000000ebf0d040,0x00000000ecd00000)
  from space 2560K, 0% used [0x00000000ecf80000,0x00000000ecf80000,0x00000000ed200000)
  to   space 2560K, 0% used [0x00000000ecd00000,0x00000000ecd00000,0x00000000ecf80000)
 ParOldGen       total 42496K, used 0K [0x00000000c3800000, 0x00000000c6180000, 0x00000000ebd80000)
  object space 42496K, 0% used [0x00000000c3800000,0x00000000c3800000,0x00000000c6180000)
 Metaspace       used 4231K, capacity 4622K, committed 4864K, reserved 1056768K
  class space    used 447K, capacity 458K, committed 512K, reserved 1048576K

Card table byte_map: [0x00007f4ef87a1000,0x00007f4ef8986000] byte_map_base: 0x00007f4ef8185000

Marking Bits: (ParMarkBitMap*) 0x00007f4efafe0260
 Begin Bits: [0x00007f4ee31c0000, 0x00007f4ee40e0000)
 End Bits:   [0x00007f4ee40e0000, 0x00007f4ee5000000)

Polling page: 0x00007f4efbe07000

CodeCache: size=245760Kb used=1173Kb max_used=1173Kb free=244586Kb
 bounds [0x00007f4ee5000000, 0x00007f4ee5270000, 0x00007f4ef4000000]
 total_blobs=318 nmethods=59 adapters=174
 compilation: enabled

Compilation events (10 events):
Event: 0.181 Thread 0x00007f4ef40bc000   55       1       com.sun.org.apache.xerces.internal.dom.TextImpl::getNodeType (2 bytes)
Event: 0.181 Thread 0x00007f4ef40bc000 nmethod 55 0x00007f4ee51233d0 code [0x00007f4ee5123520, 0x00007f4ee5123630]
Event: 0.184 Thread 0x00007f4ef40bc000   56       3       java.lang.StringBuilder::<init> (7 bytes)
Event: 0.184 Thread 0x00007f4ef40bc000 nmethod 56 0x00007f4ee5123c90 code [0x00007f4ee5123e00, 0x00007f4ee51240b0]
Event: 4.703 Thread 0x00007f4ef40bc000   57       1       java.nio.Buffer::position (5 bytes)
Event: 4.703 Thread 0x00007f4ef40bc000 nmethod 57 0x00007f4ee5124c10 code [0x00007f4ee5124d60, 0x00007f4ee5124e70]
Event: 4.704 Thread 0x00007f4ef40bc000   58       3       java.util.AbstractList::<init> (10 bytes)
Event: 4.704 Thread 0x00007f4ef40bc000 nmethod 58 0x00007f4ee5124ed0 code [0x00007f4ee5125040, 0x00007f4ee5125250]
Event: 4.704 Thread 0x00007f4ef40bc000   59  s    1       java.util.Vector::size (5 bytes)
Event: 4.704 Thread 0x00007f4ef40bc000 nmethod 59 0x00007f4ee5125350 code [0x00007f4ee51254a0, 0x00007f4ee5125710]

GC Heap History (0 events):
No events

Deoptimization events (0 events):
No events

Internal exceptions (8 events):
Event: 0.038 Thread 0x00007f4ef400a000 Exception <a 'java/lang/NoSuchMethodError': Method sun.misc.Unsafe.defineClass(Ljava/lang/String;[BII)Ljava/lang/Class; name or signature does not match> (0x00000000ebd87ca8) thrown at [/build/java8-openjdk/src/jdk8u-jdk8u121-b13/hotspot/src/share/vm/prim
Event: 0.038 Thread 0x00007f4ef400a000 Exception <a 'java/lang/NoSuchMethodError': Method sun.misc.Unsafe.prefetchRead(Ljava/lang/Object;J)V name or signature does not match> (0x00000000ebd87f90) thrown at [/build/java8-openjdk/src/jdk8u-jdk8u121-b13/hotspot/src/share/vm/prims/jni.cpp, line 40
Event: 0.130 Thread 0x00007f4ef400a000 Exception <a 'java/security/PrivilegedActionException'> (0x00000000ebe0d690) thrown at [/build/java8-openjdk/src/jdk8u-jdk8u121-b13/hotspot/src/share/vm/prims/jvm.cpp, line 1390]
Event: 0.130 Thread 0x00007f4ef400a000 Exception <a 'java/security/PrivilegedActionException'> (0x00000000ebe0d8a0) thrown at [/build/java8-openjdk/src/jdk8u-jdk8u121-b13/hotspot/src/share/vm/prims/jvm.cpp, line 1390]
Event: 0.132 Thread 0x00007f4ef400a000 Exception <a 'java/security/PrivilegedActionException'> (0x00000000ebe0f740) thrown at [/build/java8-openjdk/src/jdk8u-jdk8u121-b13/hotspot/src/share/vm/prims/jvm.cpp, line 1390]
Event: 0.132 Thread 0x00007f4ef400a000 Exception <a 'java/security/PrivilegedActionException'> (0x00000000ebe0f950) thrown at [/build/java8-openjdk/src/jdk8u-jdk8u121-b13/hotspot/src/share/vm/prims/jvm.cpp, line 1390]
Event: 0.132 Thread 0x00007f4ef400a000 Exception <a 'java/security/PrivilegedActionException'> (0x00000000ebe103b0) thrown at [/build/java8-openjdk/src/jdk8u-jdk8u121-b13/hotspot/src/share/vm/prims/jvm.cpp, line 1390]
Event: 0.132 Thread 0x00007f4ef400a000 Exception <a 'java/security/PrivilegedActionException'> (0x00000000ebe105c0) thrown at [/build/java8-openjdk/src/jdk8u-jdk8u121-b13/hotspot/src/share/vm/prims/jvm.cpp, line 1390]

Events (10 events):
Event: 4.698 loading class java/util/Random
Event: 4.698 loading class java/util/Random done
Event: 4.699 loading class services/CppServiceDirectory
Event: 4.699 loading class services/CppServiceDirectory done
Event: 4.707 loading class java/io/PrintWriter
Event: 4.707 loading class java/io/PrintWriter done
Event: 4.707 loading class java/net/Socket$3
Event: 4.707 loading class java/net/Socket$3 done
Event: 4.707 loading class java/net/SocketOutputStream
Event: 4.707 loading class java/net/SocketOutputStream done


Dynamic libraries:
00400000-00401000 r-xp 00000000 08:0a 2240423                            /usr/lib/jvm/java-8-openjdk/jre/bin/java
00600000-00601000 r--p 00000000 08:0a 2240423                            /usr/lib/jvm/java-8-openjdk/jre/bin/java
00601000-00602000 rw-p 00001000 08:0a 2240423                            /usr/lib/jvm/java-8-openjdk/jre/bin/java
00cc4000-00ce5000 rw-p 00000000 00:00 0                                  [heap]
c3800000-c6180000 rw-p 00000000 00:00 0 
c6180000-ebd80000 ---p 00000000 00:00 0 
ebd80000-ed200000 rw-p 00000000 00:00 0 
ed200000-100000000 ---p 00000000 00:00 0 
100000000-100080000 rw-p 00000000 00:00 0 
100080000-140000000 ---p 00000000 00:00 0 
7f4ea4000000-7f4ea402b000 rw-p 00000000 00:00 0 
7f4ea402b000-7f4ea8000000 ---p 00000000 00:00 0 
7f4eabde9000-7f4eabdff000 r-xp 00000000 08:0a 1587171                    /usr/lib/libgcc_s.so.1
7f4eabdff000-7f4eabffe000 ---p 00016000 08:0a 1587171                    /usr/lib/libgcc_s.so.1
7f4eabffe000-7f4eabfff000 r--p 00015000 08:0a 1587171                    /usr/lib/libgcc_s.so.1
7f4eabfff000-7f4eac000000 rw-p 00016000 08:0a 1587171                    /usr/lib/libgcc_s.so.1
7f4eac000000-7f4eac021000 rw-p 00000000 00:00 0 
7f4eac021000-7f4eb0000000 ---p 00000000 00:00 0 
7f4eb0000000-7f4eb0021000 rw-p 00000000 00:00 0 
7f4eb0021000-7f4eb4000000 ---p 00000000 00:00 0 
7f4eb4000000-7f4eb4088000 rw-p 00000000 00:00 0 
7f4eb4088000-7f4eb8000000 ---p 00000000 00:00 0 
7f4eb8000000-7f4eb8040000 rw-p 00000000 00:00 0 
7f4eb8040000-7f4ebc000000 ---p 00000000 00:00 0 
7f4ebc000000-7f4ebc021000 rw-p 00000000 00:00 0 
7f4ebc021000-7f4ec0000000 ---p 00000000 00:00 0 
7f4ec0000000-7f4ec005e000 rw-p 00000000 00:00 0 
7f4ec005e000-7f4ec4000000 ---p 00000000 00:00 0 
7f4ec4000000-7f4ec4021000 rw-p 00000000 00:00 0 
7f4ec4021000-7f4ec8000000 ---p 00000000 00:00 0 
7f4ec8000000-7f4ec8021000 rw-p 00000000 00:00 0 
7f4ec8021000-7f4ecc000000 ---p 00000000 00:00 0 
7f4ecc000000-7f4ecc021000 rw-p 00000000 00:00 0 
7f4ecc021000-7f4ed0000000 ---p 00000000 00:00 0 
7f4ed0000000-7f4ed0021000 rw-p 00000000 00:00 0 
7f4ed0021000-7f4ed4000000 ---p 00000000 00:00 0 
7f4ed4000000-7f4ed4021000 rw-p 00000000 00:00 0 
7f4ed4021000-7f4ed8000000 ---p 00000000 00:00 0 
7f4ed8000000-7f4ed8021000 rw-p 00000000 00:00 0 
7f4ed8021000-7f4edc000000 ---p 00000000 00:00 0 
7f4edc000000-7f4edc021000 rw-p 00000000 00:00 0 
7f4edc021000-7f4ee0000000 ---p 00000000 00:00 0 
7f4ee01ef000-7f4ee0367000 r-xp 00000000 08:0a 1576452                    /usr/lib/libstdc++.so.6.0.22
7f4ee0367000-7f4ee0567000 ---p 00178000 08:0a 1576452                    /usr/lib/libstdc++.so.6.0.22
7f4ee0567000-7f4ee0571000 r--p 00178000 08:0a 1576452                    /usr/lib/libstdc++.so.6.0.22
7f4ee0571000-7f4ee0573000 rw-p 00182000 08:0a 1576452                    /usr/lib/libstdc++.so.6.0.22
7f4ee0573000-7f4ee0577000 rw-p 00000000 00:00 0 
7f4ee05a8000-7f4ee05a9000 r-xp 00000000 08:0a 3147098                    /home/heshan/Projects/NetBeansProjects/EnterpriseServiceBus/ServiceBus/src/services/CppServices/dist/libCppServices.so
7f4ee05a9000-7f4ee07a8000 ---p 00001000 08:0a 3147098                    /home/heshan/Projects/NetBeansProjects/EnterpriseServiceBus/ServiceBus/src/services/CppServices/dist/libCppServices.so
7f4ee07a8000-7f4ee07a9000 r--p 00000000 08:0a 3147098                    /home/heshan/Projects/NetBeansProjects/EnterpriseServiceBus/ServiceBus/src/services/CppServices/dist/libCppServices.so
7f4ee07a9000-7f4ee07aa000 rw-p 00001000 08:0a 3147098                    /home/heshan/Projects/NetBeansProjects/EnterpriseServiceBus/ServiceBus/src/services/CppServices/dist/libCppServices.so
7f4ee07aa000-7f4ee07ad000 ---p 00000000 00:00 0 
7f4ee07ad000-7f4ee08dc000 rw-p 00000000 00:00 0 
7f4ee08dc000-7f4ee08f2000 r-xp 00000000 08:0a 2240770                    /usr/lib/jvm/java-8-openjdk/jre/lib/amd64/libnet.so
7f4ee08f2000-7f4ee0af1000 ---p 00016000 08:0a 2240770                    /usr/lib/jvm/java-8-openjdk/jre/lib/amd64/libnet.so
7f4ee0af1000-7f4ee0af2000 r--p 00015000 08:0a 2240770                    /usr/lib/jvm/java-8-openjdk/jre/lib/amd64/libnet.so
7f4ee0af2000-7f4ee0af3000 rw-p 00016000 08:0a 2240770                    /usr/lib/jvm/java-8-openjdk/jre/lib/amd64/libnet.so
7f4ee0af3000-7f4ee0b3d000 rw-p 00000000 00:00 0 
7f4ee0b3d000-7f4ee0cfb000 r--s 02191000 08:0a 3146888                    /home/heshan/Projects/NetBeansProjects/EnterpriseServiceBus/ServiceBus/libs/jython-standalone-2.7.0.jar
7f4ee0cfb000-7f4ee0d91000 r--s 008d8000 08:0a 2240594                    /usr/lib/jvm/java-8-openjdk/jre/lib/ext/jfxrt.jar
7f4ee0d91000-7f4ee0d92000 ---p 00000000 00:00 0 
7f4ee0d92000-7f4ee0e92000 rw-p 00000000 00:00 0 
7f4ee0e92000-7f4ee0e95000 ---p 00000000 00:00 0 
7f4ee0e95000-7f4ee0f93000 rw-p 00000000 00:00 0 
7f4ee0f93000-7f4ee0f96000 ---p 00000000 00:00 0 
7f4ee0f96000-7f4ee1094000 rw-p 00000000 00:00 0 
7f4ee1094000-7f4ee1097000 ---p 00000000 00:00 0 
7f4ee1097000-7f4ee1195000 rw-p 00000000 00:00 0 
7f4ee1195000-7f4ee1198000 ---p 00000000 00:00 0 
7f4ee1198000-7f4ee1296000 rw-p 00000000 00:00 0 
7f4ee1296000-7f4ee1299000 ---p 00000000 00:00 0 
7f4ee1299000-7f4ee1397000 rw-p 00000000 00:00 0 
7f4ee1397000-7f4ee152f000 r--p 00000000 08:0a 1628100                    /usr/lib/locale/locale-archive
7f4ee152f000-7f4ee1532000 ---p 00000000 00:00 0 
7f4ee1532000-7f4ee1630000 rw-p 00000000 00:00 0 
7f4ee1630000-7f4ee1633000 ---p 00000000 00:00 0 
7f4ee1633000-7f4ee1731000 rw-p 00000000 00:00 0 
7f4ee1731000-7f4ee1732000 ---p 00000000 00:00 0 
7f4ee1732000-7f4ee27f1000 rw-p 00000000 00:00 0 
7f4ee27f1000-7f4ee29c0000 r--s 03c05000 08:0a 2240463                    /usr/lib/jvm/java-8-openjdk/jre/lib/rt.jar
7f4ee29c0000-7f4ee2e00000 rw-p 00000000 00:00 0 
7f4ee2e00000-7f4ee31c0000 ---p 00000000 00:00 0 
7f4ee31c0000-7f4ee5000000 rw-p 00000000 00:00 0 
7f4ee5000000-7f4ee5270000 rwxp 00000000 00:00 0 
7f4ee5270000-7f4ef4000000 ---p 00000000 00:00 0 
7f4ef4000000-7f4ef4150000 rw-p 00000000 00:00 0 
7f4ef4150000-7f4ef8000000 ---p 00000000 00:00 0 
7f4ef8000000-7f4ef825a000 rw-p 00000000 00:00 0 
7f4ef825a000-7f4ef825b000 ---p 00000000 00:00 0 
7f4ef825b000-7f4ef835b000 rw-p 00000000 00:00 0 
7f4ef835b000-7f4ef835c000 ---p 00000000 00:00 0 
7f4ef835c000-7f4ef845c000 rw-p 00000000 00:00 0 
7f4ef845c000-7f4ef845d000 ---p 00000000 00:00 0 
7f4ef845d000-7f4ef855d000 rw-p 00000000 00:00 0 
7f4ef855d000-7f4ef855e000 ---p 00000000 00:00 0 
7f4ef855e000-7f4ef8673000 rw-p 00000000 00:00 0 
7f4ef8673000-7f4ef87a1000 ---p 00000000 00:00 0 
7f4ef87a1000-7f4ef87b6000 rw-p 00000000 00:00 0 
7f4ef87b6000-7f4ef88e3000 ---p 00000000 00:00 0 
7f4ef88e3000-7f4ef88ee000 rw-p 00000000 00:00 0 
7f4ef88ee000-7f4ef8985000 ---p 00000000 00:00 0 
7f4ef8985000-7f4ef8990000 rw-p 00000000 00:00 0 
7f4ef8990000-7f4ef8d46000 ---p 00000000 00:00 0 
7f4ef8d46000-7f4ef8d4e000 r-xp 00000000 08:0a 2240772                    /usr/lib/jvm/java-8-openjdk/jre/lib/amd64/libzip.so
7f4ef8d4e000-7f4ef8f4d000 ---p 00008000 08:0a 2240772                    /usr/lib/jvm/java-8-openjdk/jre/lib/amd64/libzip.so
7f4ef8f4d000-7f4ef8f4e000 r--p 00007000 08:0a 2240772                    /usr/lib/jvm/java-8-openjdk/jre/lib/amd64/libzip.so
7f4ef8f4e000-7f4ef8f4f000 rw-p 00008000 08:0a 2240772                    /usr/lib/jvm/java-8-openjdk/jre/lib/amd64/libzip.so
7f4ef8f4f000-7f4ef8f5a000 r-xp 00000000 08:0a 1574939                    /usr/lib/libnss_files-2.25.so
7f4ef8f5a000-7f4ef9159000 ---p 0000b000 08:0a 1574939                    /usr/lib/libnss_files-2.25.so
7f4ef9159000-7f4ef915a000 r--p 0000a000 08:0a 1574939                    /usr/lib/libnss_files-2.25.so
7f4ef915a000-7f4ef915b000 rw-p 0000b000 08:0a 1574939                    /usr/lib/libnss_files-2.25.so
7f4ef915b000-7f4ef9161000 rw-p 00000000 00:00 0 
7f4ef9161000-7f4ef916c000 r-xp 00000000 08:0a 1574937                    /usr/lib/libnss_nis-2.25.so
7f4ef916c000-7f4ef936b000 ---p 0000b000 08:0a 1574937                    /usr/lib/libnss_nis-2.25.so
7f4ef936b000-7f4ef936c000 r--p 0000a000 08:0a 1574937                    /usr/lib/libnss_nis-2.25.so
7f4ef936c000-7f4ef936d000 rw-p 0000b000 08:0a 1574937                    /usr/lib/libnss_nis-2.25.so
7f4ef936d000-7f4ef9382000 r-xp 00000000 08:0a 1574933                    /usr/lib/libnsl-2.25.so
7f4ef9382000-7f4ef9581000 ---p 00015000 08:0a 1574933                    /usr/lib/libnsl-2.25.so
7f4ef9581000-7f4ef9582000 r--p 00014000 08:0a 1574933                    /usr/lib/libnsl-2.25.so
7f4ef9582000-7f4ef9583000 rw-p 00015000 08:0a 1574933                    /usr/lib/libnsl-2.25.so
7f4ef9583000-7f4ef9585000 rw-p 00000000 00:00 0 
7f4ef9585000-7f4ef958c000 r-xp 00000000 08:0a 1574980                    /usr/lib/libnss_compat-2.25.so
7f4ef958c000-7f4ef978b000 ---p 00007000 08:0a 1574980                    /usr/lib/libnss_compat-2.25.so
7f4ef978b000-7f4ef978c000 r--p 00006000 08:0a 1574980                    /usr/lib/libnss_compat-2.25.so
7f4ef978c000-7f4ef978d000 rw-p 00007000 08:0a 1574980                    /usr/lib/libnss_compat-2.25.so
7f4ef978d000-7f4ef97ba000 r-xp 00000000 08:0a 2240768                    /usr/lib/jvm/java-8-openjdk/jre/lib/amd64/libjava.so
7f4ef97ba000-7f4ef99b9000 ---p 0002d000 08:0a 2240768                    /usr/lib/jvm/java-8-openjdk/jre/lib/amd64/libjava.so
7f4ef99b9000-7f4ef99ba000 r--p 0002c000 08:0a 2240768                    /usr/lib/jvm/java-8-openjdk/jre/lib/amd64/libjava.so
7f4ef99ba000-7f4ef99bc000 rw-p 0002d000 08:0a 2240768                    /usr/lib/jvm/java-8-openjdk/jre/lib/amd64/libjava.so
7f4ef99bc000-7f4ef99c9000 r-xp 00000000 08:0a 2240510                    /usr/lib/jvm/java-8-openjdk/jre/lib/amd64/libverify.so
7f4ef99c9000-7f4ef9bc8000 ---p 0000d000 08:0a 2240510                    /usr/lib/jvm/java-8-openjdk/jre/lib/amd64/libverify.so
7f4ef9bc8000-7f4ef9bca000 r--p 0000c000 08:0a 2240510                    /usr/lib/jvm/java-8-openjdk/jre/lib/amd64/libverify.so
7f4ef9bca000-7f4ef9bcb000 rw-p 0000e000 08:0a 2240510                    /usr/lib/jvm/java-8-openjdk/jre/lib/amd64/libverify.so
7f4ef9bcb000-7f4ef9bd2000 r-xp 00000000 08:0a 1574931                    /usr/lib/librt-2.25.so
7f4ef9bd2000-7f4ef9dd1000 ---p 00007000 08:0a 1574931                    /usr/lib/librt-2.25.so
7f4ef9dd1000-7f4ef9dd2000 r--p 00006000 08:0a 1574931                    /usr/lib/librt-2.25.so
7f4ef9dd2000-7f4ef9dd3000 rw-p 00007000 08:0a 1574931                    /usr/lib/librt-2.25.so
7f4ef9dd3000-7f4ef9ee5000 r-xp 00000000 08:0a 1574934                    /usr/lib/libm-2.25.so
7f4ef9ee5000-7f4efa0e4000 ---p 00112000 08:0a 1574934                    /usr/lib/libm-2.25.so
7f4efa0e4000-7f4efa0e5000 r--p 00111000 08:0a 1574934                    /usr/lib/libm-2.25.so
7f4efa0e5000-7f4efa0e6000 rw-p 00112000 08:0a 1574934                    /usr/lib/libm-2.25.so
7f4efa0e6000-7f4efad11000 r-xp 00000000 08:0a 2240777                    /usr/lib/jvm/java-8-openjdk/jre/lib/amd64/server/libjvm.so
7f4efad11000-7f4efaf10000 ---p 00c2b000 08:0a 2240777                    /usr/lib/jvm/java-8-openjdk/jre/lib/amd64/server/libjvm.so
7f4efaf10000-7f4efafa4000 r--p 00c2a000 08:0a 2240777                    /usr/lib/jvm/java-8-openjdk/jre/lib/amd64/server/libjvm.so
7f4efafa4000-7f4efafcd000 rw-p 00cbe000 08:0a 2240777                    /usr/lib/jvm/java-8-openjdk/jre/lib/amd64/server/libjvm.so
7f4efafcd000-7f4efaffd000 rw-p 00000000 00:00 0 
7f4efaffd000-7f4efb198000 r-xp 00000000 08:0a 1575057                    /usr/lib/libc-2.25.so
7f4efb198000-7f4efb397000 ---p 0019b000 08:0a 1575057                    /usr/lib/libc-2.25.so
7f4efb397000-7f4efb39b000 r--p 0019a000 08:0a 1575057                    /usr/lib/libc-2.25.so
7f4efb39b000-7f4efb39d000 rw-p 0019e000 08:0a 1575057                    /usr/lib/libc-2.25.so
7f4efb39d000-7f4efb3a1000 rw-p 00000000 00:00 0 
7f4efb3a1000-7f4efb3a4000 r-xp 00000000 08:0a 1574935                    /usr/lib/libdl-2.25.so
7f4efb3a4000-7f4efb5a3000 ---p 00003000 08:0a 1574935                    /usr/lib/libdl-2.25.so
7f4efb5a3000-7f4efb5a4000 r--p 00002000 08:0a 1574935                    /usr/lib/libdl-2.25.so
7f4efb5a4000-7f4efb5a5000 rw-p 00003000 08:0a 1574935                    /usr/lib/libdl-2.25.so
7f4efb5a5000-7f4efb5b2000 r-xp 00000000 08:0a 2240780                    /usr/lib/jvm/java-8-openjdk/jre/lib/amd64/jli/libjli.so
7f4efb5b2000-7f4efb7b1000 ---p 0000d000 08:0a 2240780                    /usr/lib/jvm/java-8-openjdk/jre/lib/amd64/jli/libjli.so
7f4efb7b1000-7f4efb7b2000 r--p 0000c000 08:0a 2240780                    /usr/lib/jvm/java-8-openjdk/jre/lib/amd64/jli/libjli.so
7f4efb7b2000-7f4efb7b3000 rw-p 0000d000 08:0a 2240780                    /usr/lib/jvm/java-8-openjdk/jre/lib/amd64/jli/libjli.so
7f4efb7b3000-7f4efb7c9000 r-xp 00000000 08:0a 1583709                    /usr/lib/libz.so.1.2.11
7f4efb7c9000-7f4efb9c8000 ---p 00016000 08:0a 1583709                    /usr/lib/libz.so.1.2.11
7f4efb9c8000-7f4efb9c9000 r--p 00015000 08:0a 1583709                    /usr/lib/libz.so.1.2.11
7f4efb9c9000-7f4efb9ca000 rw-p 00016000 08:0a 1583709                    /usr/lib/libz.so.1.2.11
7f4efb9ca000-7f4efb9e3000 r-xp 00000000 08:0a 1575076                    /usr/lib/libpthread-2.25.so
7f4efb9e3000-7f4efbbe2000 ---p 00019000 08:0a 1575076                    /usr/lib/libpthread-2.25.so
7f4efbbe2000-7f4efbbe3000 r--p 00018000 08:0a 1575076                    /usr/lib/libpthread-2.25.so
7f4efbbe3000-7f4efbbe4000 rw-p 00019000 08:0a 1575076                    /usr/lib/libpthread-2.25.so
7f4efbbe4000-7f4efbbe8000 rw-p 00000000 00:00 0 
7f4efbbe8000-7f4efbc0b000 r-xp 00000000 08:0a 1575058                    /usr/lib/ld-2.25.so
7f4efbc0f000-7f4efbcd4000 rw-p 00000000 00:00 0 
7f4efbcd4000-7f4efbcd7000 ---p 00000000 00:00 0 
7f4efbcd7000-7f4efbdd7000 rw-p 00000000 00:00 0 
7f4efbdeb000-7f4efbdfe000 rw-p 00000000 00:00 0 
7f4efbdfe000-7f4efbe06000 rw-s 00000000 00:27 104474                     /tmp/hsperfdata_heshan/4784
7f4efbe06000-7f4efbe07000 rw-p 00000000 00:00 0 
7f4efbe07000-7f4efbe08000 r--p 00000000 00:00 0 
7f4efbe08000-7f4efbe0a000 rw-p 00000000 00:00 0 
7f4efbe0a000-7f4efbe0b000 r--p 00022000 08:0a 1575058                    /usr/lib/ld-2.25.so
7f4efbe0b000-7f4efbe0c000 rw-p 00023000 08:0a 1575058                    /usr/lib/ld-2.25.so
7f4efbe0c000-7f4efbe0d000 rw-p 00000000 00:00 0 
7ffc135d3000-7ffc135f4000 rw-p 00000000 00:00 0                          [stack]
7ffc135f9000-7ffc135fb000 r--p 00000000 00:00 0                          [vvar]
7ffc135fb000-7ffc135fd000 r-xp 00000000 00:00 0                          [vdso]
ffffffffff600000-ffffffffff601000 r-xp 00000000 00:00 0                  [vsyscall]

VM Arguments:
jvm_args: -Dfile.encoding=UTF-8 
java_command: servicebus.ServiceBus
java_class_path (initial): /home/heshan/Projects/NetBeansProjects/EnterpriseServiceBus/ServiceBus/libs/jython-standalone-2.7.0.jar:/home/heshan/Projects/NetBeansProjects/EnterpriseServiceBus/ServiceBus/build/classes
Launcher Type: SUN_STANDARD

Environment Variables:
PATH=/usr/local/sbin:/usr/local/bin:/usr/bin:/usr/lib/jvm/default/bin:/usr/bin/site_perl:/usr/bin/vendor_perl:/usr/bin/core_perl
USERNAME=heshan
LD_LIBRARY_PATH=/usr/lib/jvm/java-8-openjdk/jre/lib/amd64:/usr/lib/jvm/java-8-openjdk/jre/lib/i386:
SHELL=/bin/bash
DISPLAY=:0

Signal Handlers:
SIGSEGV: [libjvm.so+0xa2d880], sa_mask[0]=11111111011111111101111111111110, sa_flags=SA_RESTART|SA_SIGINFO
SIGBUS: [libjvm.so+0xa2d880], sa_mask[0]=11111111011111111101111111111110, sa_flags=SA_RESTART|SA_SIGINFO
SIGFPE: [libjvm.so+0x881d40], sa_mask[0]=11111111011111111101111111111110, sa_flags=SA_RESTART|SA_SIGINFO
SIGPIPE: [libjvm.so+0x881d40], sa_mask[0]=11111111011111111101111111111110, sa_flags=SA_RESTART|SA_SIGINFO
SIGXFSZ: [libjvm.so+0x881d40], sa_mask[0]=11111111011111111101111111111110, sa_flags=SA_RESTART|SA_SIGINFO
SIGILL: [libjvm.so+0x881d40], sa_mask[0]=11111111011111111101111111111110, sa_flags=SA_RESTART|SA_SIGINFO
SIGUSR1: SIG_DFL, sa_mask[0]=00000000000000000000000000000000, sa_flags=none
SIGUSR2: [libjvm.so+0x881c10], sa_mask[0]=00100000000000000000000000000000, sa_flags=SA_RESTART|SA_SIGINFO
SIGHUP: [libjvm.so+0x882080], sa_mask[0]=11111111011111111101111111111110, sa_flags=SA_RESTART|SA_SIGINFO
SIGINT: SIG_IGN, sa_mask[0]=00000000000000000000000000000000, sa_flags=none
SIGTERM: [libjvm.so+0x882080], sa_mask[0]=11111111011111111101111111111110, sa_flags=SA_RESTART|SA_SIGINFO
SIGQUIT: [libjvm.so+0x882080], sa_mask[0]=11111111011111111101111111111110, sa_flags=SA_RESTART|SA_SIGINFO


---------------  S Y S T E M  ---------------

OS:NAME="Arch Linux"
PRETTY_NAME="Arch Linux"
ID=arch
ID_LIKE=archlinux
ANSI_COLOR="0;36"
HOME_URL="https://www.archlinux.org/"
SUPPORT_URL="https://bbs.archlinux.org/"
BUG_REPORT_URL="https://bugs.archlinux.org/"


uname:Linux 4.10.13-1-ARCH #1 SMP PREEMPT Thu Apr 27 12:15:09 CEST 2017 x86_64
libc:glibc 2.25 NPTL 2.25 
rlimit: STACK 8192k, CORE infinity, NPROC 15437, NOFILE 4096, AS infinity
load average:2.87 2.76 2.66

/proc/meminfo:
MemTotal:        3961096 kB
MemFree:          145808 kB
MemAvailable:     872888 kB
Buffers:           85132 kB
Cached:          1061264 kB
SwapCached:            0 kB
Active:          2604796 kB
Inactive:         969660 kB
Active(anon):    2144456 kB
Inactive(anon):   528212 kB
Active(file):     460340 kB
Inactive(file):   441448 kB
Unevictable:           0 kB
Mlocked:               0 kB
SwapTotal:       8388604 kB
SwapFree:        8388276 kB
Dirty:             36396 kB
Writeback:             0 kB
AnonPages:       2399136 kB
Mapped:           373128 kB
Shmem:            244604 kB
Slab:              96112 kB
SReclaimable:      56396 kB
SUnreclaim:        39716 kB
KernelStack:       11616 kB
PageTables:        49860 kB
NFS_Unstable:          0 kB
Bounce:                0 kB
WritebackTmp:          0 kB
CommitLimit:    10369152 kB
Committed_AS:    7427984 kB
VmallocTotal:   34359738367 kB
VmallocUsed:           0 kB
VmallocChunk:          0 kB
HardwareCorrupted:     0 kB
AnonHugePages:    858112 kB
ShmemHugePages:        0 kB
ShmemPmdMapped:        0 kB
HugePages_Total:       0
HugePages_Free:        0
HugePages_Rsvd:        0
HugePages_Surp:        0
Hugepagesize:       2048 kB
DirectMap4k:      151608 kB
DirectMap2M:     3952640 kB
DirectMap1G:           0 kB


CPU:total 4 (2 cores per cpu, 2 threads per core) family 6 model 61 stepping 4, cmov, cx8, fxsr, mmx, sse, sse2, sse3, ssse3, sse4.1, sse4.2, popcnt, avx, avx2, aes, clmul, erms, 3dnowpref, lzcnt, ht, tsc, tscinvbit, bmi1, bmi2, adx

/proc/cpuinfo:
processor	: 0
vendor_id	: GenuineIntel
cpu family	: 6
model		: 61
model name	: Intel(R) Core(TM) i3-5005U CPU @ 2.00GHz
stepping	: 4
microcode	: 0x18
cpu MHz		: 1899.902
cache size	: 3072 KB
physical id	: 0
siblings	: 4
core id		: 0
cpu cores	: 2
apicid		: 0
initial apicid	: 0
fpu		: yes
fpu_exception	: yes
cpuid level	: 20
wp		: yes
flags		: fpu vme de pse tsc msr pae mce cx8 apic sep mtrr pge mca cmov pat pse36 clflush dts acpi mmx fxsr sse sse2 ss ht tm pbe syscall nx pdpe1gb rdtscp lm constant_tsc arch_perfmon pebs bts rep_good nopl xtopology nonstop_tsc aperfmperf pni pclmulqdq dtes64 monitor ds_cpl vmx est tm2 ssse3 sdbg fma cx16 xtpr pdcm pcid sse4_1 sse4_2 x2apic movbe popcnt tsc_deadline_timer aes xsave avx f16c rdrand lahf_lm abm 3dnowprefetch epb intel_pt tpr_shadow vnmi flexpriority ept vpid fsgsbase tsc_adjust bmi1 avx2 smep bmi2 erms invpcid rdseed adx smap xsaveopt dtherm arat pln pts
bugs		:
bogomips	: 3992.95
clflush size	: 64
cache_alignment	: 64
address sizes	: 39 bits physical, 48 bits virtual
power management:

processor	: 1
vendor_id	: GenuineIntel
cpu family	: 6
model		: 61
model name	: Intel(R) Core(TM) i3-5005U CPU @ 2.00GHz
stepping	: 4
microcode	: 0x18
cpu MHz		: 1899.902
cache size	: 3072 KB
physical id	: 0
siblings	: 4
core id		: 1
cpu cores	: 2
apicid		: 2
initial apicid	: 2
fpu		: yes
fpu_exception	: yes
cpuid level	: 20
wp		: yes
flags		: fpu vme de pse tsc msr pae mce cx8 apic sep mtrr pge mca cmov pat pse36 clflush dts acpi mmx fxsr sse sse2 ss ht tm pbe syscall nx pdpe1gb rdtscp lm constant_tsc arch_perfmon pebs bts rep_good nopl xtopology nonstop_tsc aperfmperf pni pclmulqdq dtes64 monitor ds_cpl vmx est tm2 ssse3 sdbg fma cx16 xtpr pdcm pcid sse4_1 sse4_2 x2apic movbe popcnt tsc_deadline_timer aes xsave avx f16c rdrand lahf_lm abm 3dnowprefetch epb intel_pt tpr_shadow vnmi flexpriority ept vpid fsgsbase tsc_adjust bmi1 avx2 smep bmi2 erms invpcid rdseed adx smap xsaveopt dtherm arat pln pts
bugs		:
bogomips	: 3993.24
clflush size	: 64
cache_alignment	: 64
address sizes	: 39 bits physical, 48 bits virtual
power management:

processor	: 2
vendor_id	: GenuineIntel
cpu family	: 6
model		: 61
model name	: Intel(R) Core(TM) i3-5005U CPU @ 2.00GHz
stepping	: 4
microcode	: 0x18
cpu MHz		: 1899.902
cache size	: 3072 KB
physical id	: 0
siblings	: 4
core id		: 0
cpu cores	: 2
apicid		: 1
initial apicid	: 1
fpu		: yes
fpu_exception	: yes
cpuid level	: 20
wp		: yes
flags		: fpu vme de pse tsc msr pae mce cx8 apic sep mtrr pge mca cmov pat pse36 clflush dts acpi mmx fxsr sse sse2 ss ht tm pbe syscall nx pdpe1gb rdtscp lm constant_tsc arch_perfmon pebs bts rep_good nopl xtopology nonstop_tsc aperfmperf pni pclmulqdq dtes64 monitor ds_cpl vmx est tm2 ssse3 sdbg fma cx16 xtpr pdcm pcid sse4_1 sse4_2 x2apic movbe popcnt tsc_deadline_timer aes xsave avx f16c rdrand lahf_lm abm 3dnowprefetch epb intel_pt tpr_shadow vnmi flexpriority ept vpid fsgsbase tsc_adjust bmi1 avx2 smep bmi2 erms invpcid rdseed adx smap xsaveopt dtherm arat pln pts
bugs		:
bogomips	: 3994.90
clflush size	: 64
cache_alignment	: 64
address sizes	: 39 bits physical, 48 bits virtual
power management:

processor	: 3
vendor_id	: GenuineIntel
cpu family	: 6
model		: 61
model name	: Intel(R) Core(TM) i3-5005U CPU @ 2.00GHz
stepping	: 4
microcode	: 0x18
cpu MHz		: 1899.902
cache size	: 3072 KB
physical id	: 0
siblings	: 4
core id		: 1
cpu cores	: 2
apicid		: 3
initial apicid	: 3
fpu		: yes
fpu_exception	: yes
cpuid level	: 20
wp		: yes
flags		: fpu vme de pse tsc msr pae mce cx8 apic sep mtrr pge mca cmov pat pse36 clflush dts acpi mmx fxsr sse sse2 ss ht tm pbe syscall nx pdpe1gb rdtscp lm constant_tsc arch_perfmon pebs bts rep_good nopl xtopology nonstop_tsc aperfmperf pni pclmulqdq dtes64 monitor ds_cpl vmx est tm2 ssse3 sdbg fma cx16 xtpr pdcm pcid sse4_1 sse4_2 x2apic movbe popcnt tsc_deadline_timer aes xsave avx f16c rdrand lahf_lm abm 3dnowprefetch epb intel_pt tpr_shadow vnmi flexpriority ept vpid fsgsbase tsc_adjust bmi1 avx2 smep bmi2 erms invpcid rdseed adx smap xsaveopt dtherm arat pln pts
bugs		:
bogomips	: 3993.27
clflush size	: 64
cache_alignment	: 64
address sizes	: 39 bits physical, 48 bits virtual
power management:



Memory: 4k page, physical 3961096k(145808k free), swap 8388604k(8388276k free)

vm_info: OpenJDK 64-Bit Server VM (25.121-b13) for linux-amd64 JRE (1.8.0_121-b13), built on Jan 22 2017 09:22:31 by "builduser" with gcc 6.3.1 20170109

time: Thu Jun  1 21:17:21 2017
elapsed time: 4 seconds (0d 0h 0m 4s)

