#
# A fatal error has been detected by the Java Runtime Environment:
#
#  SIGSEGV (0xb) at pc=0x00007fb30911345c, pid=12419, tid=0x00007fb304a3a700
#
# JRE version: OpenJDK Runtime Environment (8.0_121-b13) (build 1.8.0_121-b13)
# Java VM: OpenJDK 64-Bit Server VM (25.121-b13 mixed mode linux-amd64 compressed oops)
# Problematic frame:
# J 14 C2 java.lang.String.equals(Ljava/lang/Object;)Z (81 bytes) @ 0x00007fb30911345c [0x00007fb309113420+0x3c]
#
# Core dump written. Default location: /home/heshan/Projects/NetBeansProjects/EnterpriseServiceBus/ServiceBus/core or core.12419
#
# If you would like to submit a bug report, please visit:
#   http://bugreport.java.com/bugreport/crash.jsp
#

---------------  T H R E A D  ---------------

Current thread (0x00007fb318147800):  JavaThread "Thread-0" [_thread_in_Java, id=12458, stack(0x00007fb30493a000,0x00007fb304a3b000)]

siginfo: si_signo: 11 (SIGSEGV), si_code: 128 (SI_KERNEL), si_addr: 0x0000000000000000

Registers:
RAX=0x0000000000000000, RBX=0x00007fb3069c4618, RCX=0x0000000000000002, RDX=0x0072656765746e69
RSP=0x00007fb304a390d0, RBP=0x00007fb304a39190, RSI=0x00000000ebea3c30, RDI=0x00007fb304a39230
R8 =0x00007fb309046960, R9 =0x00007fb304a39388, R10=0x0000000000000008, R11=0x00007fb309113440
R12=0x0000000000000000, R13=0x00007fb304a39120, R14=0x00007fb304a39380, R15=0x00007fb318147800
RIP=0x00007fb30911345c, EFLAGS=0x0000000000010206, CSGSFS=0x002b000000000033, ERR=0x0000000000000000
  TRAPNO=0x000000000000000d

Top of Stack: (sp=0x00007fb304a390d0)
0x00007fb304a390d0:   0000000000000000 0000000000000000
0x00007fb304a390e0:   0000000000000000 00007fb31f0c2e18
0x00007fb304a390f0:   0000000000000000 0000000000000008
0x00007fb304a39100:   00007fb304a39190 00007fb3090004e7
0x00007fb304a39110:   0000000000000000 00007fb3090004e7
0x00007fb304a39120:   0072656765746e69 00000000ebea3c30
0x00007fb304a39130:   00007fb300001fa0 00007fb318147800
0x00007fb304a39140:   00007fb304a39380 00007fb304a39230
0x00007fb304a39150:   00007fb318147800 00007fb3069c4618
0x00007fb304a39160:   00007fb304a39230 00007fb304a39458
0x00007fb304a39170:   00007fb30000000a 00007fb3069c4618
0x00007fb304a39180:   00007fb309046960 00007fb304a39388
0x00007fb304a39190:   00007fb304a392a0 00007fb31e8ce3a3
0x00007fb304a391a0:   0000000000000002 00007fb318147800
0x00007fb304a391b0:   00007fb304a391a0 00007fb3069d76a0
0x00007fb304a391c0:   00007fb304a391f0 00007fb30000000a
0x00007fb304a391d0:   fffffff000000004 00007fb309046960
0x00007fb304a391e0:   00007fb318147c18 00007fb304a39450
0x00007fb304a391f0:   00007fb318147800 00007fb318145640
0x00007fb304a39200:   00007fb318147c00 00007fb318147c20
0x00007fb304a39210:   00007fb318147ce8 00000000000000d8
0x00007fb304a39220:   00007fb304a39b50 00007fb318147800
0x00007fb304a39230:   00007fb318147800 00007fb2c8000a30
0x00007fb304a39240:   00007fb3069c4618 00000000ebea3c30
0x00007fb304a39250:   00007fb304a39830 00007fb309017748
0x00007fb304a39260:   00007fb304a39898 00007fb304a39450
0x00007fb304a39270:   00007fb304a39480 00007fb304a39340
0x00007fb304a39280:   00007fb304a39480 00007fb318147800
0x00007fb304a39290:   00007fb304a39380 00007fb304a39450
0x00007fb304a392a0:   00007fb304a39430 00007fb31e8e5575
0x00007fb304a392b0:   00007fb304a39334 00007fb31fd9414b
0x00007fb304a392c0:   00007fb30473239d 00007fb304a39300 

Instructions: (pc=0x00007fb30911345c)
0x00007fb30911343c:   66 66 66 90 89 84 24 00 c0 fe ff 55 48 83 ec 30
0x00007fb30911344c:   48 3b f2 0f 84 86 01 00 00 33 c0 48 85 d2 74 23
0x00007fb30911345c:   44 8b 5a 08 41 81 fb c2 02 00 20 0f 85 b8 01 00
0x00007fb30911346c:   00 8b 4e 0c 8b 79 0c 44 8b 4a 0c 41 8b 71 0c 3b 

Register to memory mapping:

RAX=0x0000000000000000 is an unknown value
RBX={method} {0x00007fb3069c4618} 'equals' '(Ljava/lang/Object;)Z' in 'java/lang/String'
RCX=0x0000000000000002 is an unknown value
RDX=0x0072656765746e69 is an unknown value
RSP=0x00007fb304a390d0 is pointing into the stack for thread: 0x00007fb318147800
RBP=0x00007fb304a39190 is pointing into the stack for thread: 0x00007fb318147800
RSI=0x00000000ebea3c30 is an oop
java.lang.String 
 - klass: 'java/lang/String'
RDI=0x00007fb304a39230 is pointing into the stack for thread: 0x00007fb318147800
R8 =0x00007fb309046960 is at code_begin+0 in an AdapterHandler
Adapter for signature: 0x00007fb309046960 is at code_begin+0 in 
[CodeBlob (0x00007fb309046910)]
Framesize: 0
BufferBlob (0x00007fb309046910) used for I2C/C2I adapters
R9 =0x00007fb304a39388 is pointing into the stack for thread: 0x00007fb318147800
R10=0x0000000000000008 is an unknown value
R11=0x00007fb309113440 is at entry_point+32 in (nmethod*)0x00007fb3091132d0
R12=0x0000000000000000 is an unknown value
R13=0x00007fb304a39120 is pointing into the stack for thread: 0x00007fb318147800
R14=0x00007fb304a39380 is pointing into the stack for thread: 0x00007fb318147800
R15=0x00007fb318147800 is a thread


Stack: [0x00007fb30493a000,0x00007fb304a3b000],  sp=0x00007fb304a390d0,  free space=1020k
Native frames: (J=compiled Java code, j=interpreted, Vv=VM code, C=native code)
J 14 C2 java.lang.String.equals(Ljava/lang/Object;)Z (81 bytes) @ 0x00007fb30911345c [0x00007fb309113420+0x3c]
v  ~StubRoutines::call_stub
V  [libjvm.so+0x6453a3]
V  [libjvm.so+0x65c575]
V  [libjvm.so+0x65cb59]
C  [libCppServices.so+0x7263]  JNIEnv_::CallBooleanMethod(_jobject*, _jmethodID*, ...)+0xb5
C  [libCppServices.so+0x6dac]  Java_services_CppServiceDirectory_callNativeMethod+0x187
j  services.CppServiceDirectory.callNativeMethod(I[Ljava/lang/String;[Ljava/lang/String;)Ljava/lang/String;+0
j  services.CppServiceDirectory.getService(ILjava/util/ArrayList;Ljava/util/ArrayList;)Ljava/lang/String;+58
j  servicebus.ServiceBus.run()V+400
j  java.lang.Thread.run()V+11
v  ~StubRoutines::call_stub
V  [libjvm.so+0x6453a3]
V  [libjvm.so+0x642af7]
V  [libjvm.so+0x6430c7]
V  [libjvm.so+0x67f4e5]
V  [libjvm.so+0x9d35ff]
V  [libjvm.so+0x9d39d5]
V  [libjvm.so+0x8838a2]
C  [libpthread.so.0+0x72e7]  start_thread+0xd7


---------------  P R O C E S S  ---------------

Java Threads: ( => current thread )
=>0x00007fb318147800 JavaThread "Thread-0" [_thread_in_Java, id=12458, stack(0x00007fb30493a000,0x00007fb304a3b000)]
  0x00007fb3180bf000 JavaThread "Service Thread" daemon [_thread_blocked, id=12436, stack(0x00007fb305022000,0x00007fb305123000)]
  0x00007fb3180bc000 JavaThread "C1 CompilerThread2" daemon [_thread_blocked, id=12435, stack(0x00007fb305123000,0x00007fb305224000)]
  0x00007fb3180ba800 JavaThread "C2 CompilerThread1" daemon [_thread_blocked, id=12434, stack(0x00007fb305224000,0x00007fb305325000)]
  0x00007fb3180b7800 JavaThread "C2 CompilerThread0" daemon [_thread_blocked, id=12433, stack(0x00007fb305325000,0x00007fb305426000)]
  0x00007fb3180b6000 JavaThread "Signal Dispatcher" daemon [_thread_blocked, id=12432, stack(0x00007fb305426000,0x00007fb305527000)]
  0x00007fb318083800 JavaThread "Finalizer" daemon [_thread_blocked, id=12431, stack(0x00007fb3056bf000,0x00007fb3057c0000)]
  0x00007fb31807f000 JavaThread "Reference Handler" daemon [_thread_blocked, id=12430, stack(0x00007fb3057c0000,0x00007fb3058c1000)]
  0x00007fb31800a000 JavaThread "main" [_thread_in_native, id=12421, stack(0x00007fb31fe77000,0x00007fb31ff78000)]

Other Threads:
  0x00007fb318077000 VMThread [stack: 0x00007fb3058c1000,0x00007fb3059c2000] [id=12429]
  0x00007fb3180c1800 WatcherThread [stack: 0x00007fb304f21000,0x00007fb305022000] [id=12437]

VM state:not at safepoint (normal execution)

VM Mutex/Monitor currently owned by a thread: None

Heap:
 PSYoungGen      total 18432K, used 1588K [0x00000000ebd80000, 0x00000000ed200000, 0x0000000100000000)
  eden space 15872K, 10% used [0x00000000ebd80000,0x00000000ebf0d040,0x00000000ecd00000)
  from space 2560K, 0% used [0x00000000ecf80000,0x00000000ecf80000,0x00000000ed200000)
  to   space 2560K, 0% used [0x00000000ecd00000,0x00000000ecd00000,0x00000000ecf80000)
 ParOldGen       total 42496K, used 0K [0x00000000c3800000, 0x00000000c6180000, 0x00000000ebd80000)
  object space 42496K, 0% used [0x00000000c3800000,0x00000000c3800000,0x00000000c6180000)
 Metaspace       used 4214K, capacity 4622K, committed 4864K, reserved 1056768K
  class space    used 445K, capacity 458K, committed 512K, reserved 1048576K

Card table byte_map: [0x00007fb31c944000,0x00007fb31cb29000] byte_map_base: 0x00007fb31c328000

Marking Bits: (ParMarkBitMap*) 0x00007fb31f183260
 Begin Bits: [0x00007fb3071c0000, 0x00007fb3080e0000)
 End Bits:   [0x00007fb3080e0000, 0x00007fb309000000)

Polling page: 0x00007fb31ffaa000

CodeCache: size=245760Kb used=1191Kb max_used=1191Kb free=244568Kb
 bounds [0x00007fb309000000, 0x00007fb309270000, 0x00007fb318000000]
 total_blobs=326 nmethods=67 adapters=174
 compilation: enabled

Compilation events (10 events):
Event: 0.262 Thread 0x00007fb3180bc000   63       3       java.lang.StringBuilder::<init> (7 bytes)
Event: 0.262 Thread 0x00007fb3180bc000 nmethod 63 0x00007fb3091271d0 code [0x00007fb309127340, 0x00007fb3091275f0]
Event: 0.262 Thread 0x00007fb3180bc000   64       3       java.lang.StringBuilder::toString (17 bytes)
Event: 0.262 Thread 0x00007fb3180bc000 nmethod 64 0x00007fb309127710 code [0x00007fb309127880, 0x00007fb309127a68]
Event: 5.581 Thread 0x00007fb3180bc000   65       1       java.nio.Buffer::position (5 bytes)
Event: 5.581 Thread 0x00007fb3180bc000 nmethod 65 0x00007fb309128550 code [0x00007fb3091286a0, 0x00007fb3091287b0]
Event: 5.582 Thread 0x00007fb3180bc000   66       3       sun.nio.cs.UTF_8$Encoder::encode (359 bytes)
Event: 5.584 Thread 0x00007fb3180bc000 nmethod 66 0x00007fb309128810 code [0x00007fb309128a00, 0x00007fb309129518]
Event: 5.584 Thread 0x00007fb3180bc000   67  s    1       java.util.Vector::size (5 bytes)
Event: 5.584 Thread 0x00007fb3180bc000 nmethod 67 0x00007fb309129b90 code [0x00007fb309129ce0, 0x00007fb309129f50]

GC Heap History (0 events):
No events

Deoptimization events (0 events):
No events

Internal exceptions (9 events):
Event: 0.043 Thread 0x00007fb31800a000 Exception <a 'java/lang/NoSuchMethodError': Method sun.misc.Unsafe.defineClass(Ljava/lang/String;[BII)Ljava/lang/Class; name or signature does not match> (0x00000000ebd87ca8) thrown at [/build/java8-openjdk/src/jdk8u-jdk8u121-b13/hotspot/src/share/vm/prim
Event: 0.043 Thread 0x00007fb31800a000 Exception <a 'java/lang/NoSuchMethodError': Method sun.misc.Unsafe.prefetchRead(Ljava/lang/Object;J)V name or signature does not match> (0x00000000ebd87f90) thrown at [/build/java8-openjdk/src/jdk8u-jdk8u121-b13/hotspot/src/share/vm/prims/jni.cpp, line 40
Event: 0.171 Thread 0x00007fb31800a000 Exception <a 'java/security/PrivilegedActionException'> (0x00000000ebe0d690) thrown at [/build/java8-openjdk/src/jdk8u-jdk8u121-b13/hotspot/src/share/vm/prims/jvm.cpp, line 1390]
Event: 0.171 Thread 0x00007fb31800a000 Exception <a 'java/security/PrivilegedActionException'> (0x00000000ebe0d8a0) thrown at [/build/java8-openjdk/src/jdk8u-jdk8u121-b13/hotspot/src/share/vm/prims/jvm.cpp, line 1390]
Event: 0.173 Thread 0x00007fb31800a000 Exception <a 'java/security/PrivilegedActionException'> (0x00000000ebe0f740) thrown at [/build/java8-openjdk/src/jdk8u-jdk8u121-b13/hotspot/src/share/vm/prims/jvm.cpp, line 1390]
Event: 0.173 Thread 0x00007fb31800a000 Exception <a 'java/security/PrivilegedActionException'> (0x00000000ebe0f950) thrown at [/build/java8-openjdk/src/jdk8u-jdk8u121-b13/hotspot/src/share/vm/prims/jvm.cpp, line 1390]
Event: 0.173 Thread 0x00007fb31800a000 Exception <a 'java/security/PrivilegedActionException'> (0x00000000ebe103b0) thrown at [/build/java8-openjdk/src/jdk8u-jdk8u121-b13/hotspot/src/share/vm/prims/jvm.cpp, line 1390]
Event: 0.173 Thread 0x00007fb31800a000 Exception <a 'java/security/PrivilegedActionException'> (0x00000000ebe105c0) thrown at [/build/java8-openjdk/src/jdk8u-jdk8u121-b13/hotspot/src/share/vm/prims/jvm.cpp, line 1390]
Event: 5.584 Thread 0x00007fb318147800 Implicit null exception at 0x00007fb30911345c to 0x0000000000000000

Events (10 events):
Event: 2.551 loading class java/net/Socket$2
Event: 2.551 loading class java/net/Socket$2 done
Event: 2.552 loading class java/net/SocketInputStream
Event: 2.552 loading class java/net/SocketInputStream done
Event: 4.133 Executing VM operation: EnableBiasedLocking
Event: 4.133 Executing VM operation: EnableBiasedLocking done
Event: 5.579 loading class java/util/Random
Event: 5.580 loading class java/util/Random done
Event: 5.581 loading class services/CppServiceDirectory
Event: 5.581 loading class services/CppServiceDirectory done


Dynamic libraries:
00400000-00401000 r-xp 00000000 08:0a 2240423                            /usr/lib/jvm/java-8-openjdk/jre/bin/java
00600000-00601000 r--p 00000000 08:0a 2240423                            /usr/lib/jvm/java-8-openjdk/jre/bin/java
00601000-00602000 rw-p 00001000 08:0a 2240423                            /usr/lib/jvm/java-8-openjdk/jre/bin/java
015ab000-015cc000 rw-p 00000000 00:00 0                                  [heap]
c3800000-c6180000 rw-p 00000000 00:00 0 
c6180000-ebd80000 ---p 00000000 00:00 0 
ebd80000-ed200000 rw-p 00000000 00:00 0 
ed200000-100000000 ---p 00000000 00:00 0 
100000000-100080000 rw-p 00000000 00:00 0 
100080000-140000000 ---p 00000000 00:00 0 
7fb2c8000000-7fb2c802b000 rw-p 00000000 00:00 0 
7fb2c802b000-7fb2cc000000 ---p 00000000 00:00 0 
7fb2d0000000-7fb2d0021000 rw-p 00000000 00:00 0 
7fb2d0021000-7fb2d4000000 ---p 00000000 00:00 0 
7fb2d4000000-7fb2d4021000 rw-p 00000000 00:00 0 
7fb2d4021000-7fb2d8000000 ---p 00000000 00:00 0 
7fb2d8000000-7fb2d8021000 rw-p 00000000 00:00 0 
7fb2d8021000-7fb2dc000000 ---p 00000000 00:00 0 
7fb2dc000000-7fb2dc081000 rw-p 00000000 00:00 0 
7fb2dc081000-7fb2e0000000 ---p 00000000 00:00 0 
7fb2e0000000-7fb2e0021000 rw-p 00000000 00:00 0 
7fb2e0021000-7fb2e4000000 ---p 00000000 00:00 0 
7fb2e4000000-7fb2e405d000 rw-p 00000000 00:00 0 
7fb2e405d000-7fb2e8000000 ---p 00000000 00:00 0 
7fb2e8000000-7fb2e8021000 rw-p 00000000 00:00 0 
7fb2e8021000-7fb2ec000000 ---p 00000000 00:00 0 
7fb2ec000000-7fb2ec021000 rw-p 00000000 00:00 0 
7fb2ec021000-7fb2f0000000 ---p 00000000 00:00 0 
7fb2f0000000-7fb2f0021000 rw-p 00000000 00:00 0 
7fb2f0021000-7fb2f4000000 ---p 00000000 00:00 0 
7fb2f4000000-7fb2f4021000 rw-p 00000000 00:00 0 
7fb2f4021000-7fb2f8000000 ---p 00000000 00:00 0 
7fb2f8000000-7fb2f8021000 rw-p 00000000 00:00 0 
7fb2f8021000-7fb2fc000000 ---p 00000000 00:00 0 
7fb2fc000000-7fb2fc021000 rw-p 00000000 00:00 0 
7fb2fc021000-7fb300000000 ---p 00000000 00:00 0 
7fb300000000-7fb300021000 rw-p 00000000 00:00 0 
7fb300021000-7fb304000000 ---p 00000000 00:00 0 
7fb30415f000-7fb304175000 r-xp 00000000 08:0a 1587171                    /usr/lib/libgcc_s.so.1
7fb304175000-7fb304374000 ---p 00016000 08:0a 1587171                    /usr/lib/libgcc_s.so.1
7fb304374000-7fb304375000 r--p 00015000 08:0a 1587171                    /usr/lib/libgcc_s.so.1
7fb304375000-7fb304376000 rw-p 00016000 08:0a 1587171                    /usr/lib/libgcc_s.so.1
7fb304376000-7fb3044ee000 r-xp 00000000 08:0a 1576452                    /usr/lib/libstdc++.so.6.0.22
7fb3044ee000-7fb3046ee000 ---p 00178000 08:0a 1576452                    /usr/lib/libstdc++.so.6.0.22
7fb3046ee000-7fb3046f8000 r--p 00178000 08:0a 1576452                    /usr/lib/libstdc++.so.6.0.22
7fb3046f8000-7fb3046fa000 rw-p 00182000 08:0a 1576452                    /usr/lib/libstdc++.so.6.0.22
7fb3046fa000-7fb3046fe000 rw-p 00000000 00:00 0 
7fb30472f000-7fb304738000 r-xp 00000000 08:0a 3147098                    /home/heshan/Projects/NetBeansProjects/EnterpriseServiceBus/ServiceBus/src/services/CppServices/dist/libCppServices.so
7fb304738000-7fb304938000 ---p 00009000 08:0a 3147098                    /home/heshan/Projects/NetBeansProjects/EnterpriseServiceBus/ServiceBus/src/services/CppServices/dist/libCppServices.so
7fb304938000-7fb304939000 r--p 00009000 08:0a 3147098                    /home/heshan/Projects/NetBeansProjects/EnterpriseServiceBus/ServiceBus/src/services/CppServices/dist/libCppServices.so
7fb304939000-7fb30493a000 rw-p 0000a000 08:0a 3147098                    /home/heshan/Projects/NetBeansProjects/EnterpriseServiceBus/ServiceBus/src/services/CppServices/dist/libCppServices.so
7fb30493a000-7fb30493d000 ---p 00000000 00:00 0 
7fb30493d000-7fb304a6c000 rw-p 00000000 00:00 0 
7fb304a6c000-7fb304a82000 r-xp 00000000 08:0a 2240770                    /usr/lib/jvm/java-8-openjdk/jre/lib/amd64/libnet.so
7fb304a82000-7fb304c81000 ---p 00016000 08:0a 2240770                    /usr/lib/jvm/java-8-openjdk/jre/lib/amd64/libnet.so
7fb304c81000-7fb304c82000 r--p 00015000 08:0a 2240770                    /usr/lib/jvm/java-8-openjdk/jre/lib/amd64/libnet.so
7fb304c82000-7fb304c83000 rw-p 00016000 08:0a 2240770                    /usr/lib/jvm/java-8-openjdk/jre/lib/amd64/libnet.so
7fb304c83000-7fb304ccd000 rw-p 00000000 00:00 0 
7fb304ccd000-7fb304e8b000 r--s 02191000 08:0a 3146888                    /home/heshan/Projects/NetBeansProjects/EnterpriseServiceBus/ServiceBus/libs/jython-standalone-2.7.0.jar
7fb304e8b000-7fb304f21000 r--s 008d8000 08:0a 2240594                    /usr/lib/jvm/java-8-openjdk/jre/lib/ext/jfxrt.jar
7fb304f21000-7fb304f22000 ---p 00000000 00:00 0 
7fb304f22000-7fb305022000 rw-p 00000000 00:00 0 
7fb305022000-7fb305025000 ---p 00000000 00:00 0 
7fb305025000-7fb305123000 rw-p 00000000 00:00 0 
7fb305123000-7fb305126000 ---p 00000000 00:00 0 
7fb305126000-7fb305224000 rw-p 00000000 00:00 0 
7fb305224000-7fb305227000 ---p 00000000 00:00 0 
7fb305227000-7fb305325000 rw-p 00000000 00:00 0 
7fb305325000-7fb305328000 ---p 00000000 00:00 0 
7fb305328000-7fb305426000 rw-p 00000000 00:00 0 
7fb305426000-7fb305429000 ---p 00000000 00:00 0 
7fb305429000-7fb305527000 rw-p 00000000 00:00 0 
7fb305527000-7fb3056bf000 r--p 00000000 08:0a 1628100                    /usr/lib/locale/locale-archive
7fb3056bf000-7fb3056c2000 ---p 00000000 00:00 0 
7fb3056c2000-7fb3057c0000 rw-p 00000000 00:00 0 
7fb3057c0000-7fb3057c3000 ---p 00000000 00:00 0 
7fb3057c3000-7fb3058c1000 rw-p 00000000 00:00 0 
7fb3058c1000-7fb3058c2000 ---p 00000000 00:00 0 
7fb3058c2000-7fb3067f1000 rw-p 00000000 00:00 0 
7fb3067f1000-7fb3069c0000 r--s 03c05000 08:0a 2240463                    /usr/lib/jvm/java-8-openjdk/jre/lib/rt.jar
7fb3069c0000-7fb306e00000 rw-p 00000000 00:00 0 
7fb306e00000-7fb3071c0000 ---p 00000000 00:00 0 
7fb3071c0000-7fb309000000 rw-p 00000000 00:00 0 
7fb309000000-7fb309270000 rwxp 00000000 00:00 0 
7fb309270000-7fb318000000 ---p 00000000 00:00 0 
7fb318000000-7fb318149000 rw-p 00000000 00:00 0 
7fb318149000-7fb31c000000 ---p 00000000 00:00 0 
7fb31c013000-7fb31c3fd000 rw-p 00000000 00:00 0 
7fb31c3fd000-7fb31c3fe000 ---p 00000000 00:00 0 
7fb31c3fe000-7fb31c4fe000 rw-p 00000000 00:00 0 
7fb31c4fe000-7fb31c4ff000 ---p 00000000 00:00 0 
7fb31c4ff000-7fb31c5ff000 rw-p 00000000 00:00 0 
7fb31c5ff000-7fb31c600000 ---p 00000000 00:00 0 
7fb31c600000-7fb31c700000 rw-p 00000000 00:00 0 
7fb31c700000-7fb31c701000 ---p 00000000 00:00 0 
7fb31c701000-7fb31c816000 rw-p 00000000 00:00 0 
7fb31c816000-7fb31c944000 ---p 00000000 00:00 0 
7fb31c944000-7fb31c959000 rw-p 00000000 00:00 0 
7fb31c959000-7fb31ca86000 ---p 00000000 00:00 0 
7fb31ca86000-7fb31ca91000 rw-p 00000000 00:00 0 
7fb31ca91000-7fb31cb28000 ---p 00000000 00:00 0 
7fb31cb28000-7fb31cb33000 rw-p 00000000 00:00 0 
7fb31cb33000-7fb31cee9000 ---p 00000000 00:00 0 
7fb31cee9000-7fb31cef1000 r-xp 00000000 08:0a 2240772                    /usr/lib/jvm/java-8-openjdk/jre/lib/amd64/libzip.so
7fb31cef1000-7fb31d0f0000 ---p 00008000 08:0a 2240772                    /usr/lib/jvm/java-8-openjdk/jre/lib/amd64/libzip.so
7fb31d0f0000-7fb31d0f1000 r--p 00007000 08:0a 2240772                    /usr/lib/jvm/java-8-openjdk/jre/lib/amd64/libzip.so
7fb31d0f1000-7fb31d0f2000 rw-p 00008000 08:0a 2240772                    /usr/lib/jvm/java-8-openjdk/jre/lib/amd64/libzip.so
7fb31d0f2000-7fb31d0fd000 r-xp 00000000 08:0a 1574939                    /usr/lib/libnss_files-2.25.so
7fb31d0fd000-7fb31d2fc000 ---p 0000b000 08:0a 1574939                    /usr/lib/libnss_files-2.25.so
7fb31d2fc000-7fb31d2fd000 r--p 0000a000 08:0a 1574939                    /usr/lib/libnss_files-2.25.so
7fb31d2fd000-7fb31d2fe000 rw-p 0000b000 08:0a 1574939                    /usr/lib/libnss_files-2.25.so
7fb31d2fe000-7fb31d304000 rw-p 00000000 00:00 0 
7fb31d304000-7fb31d30f000 r-xp 00000000 08:0a 1574937                    /usr/lib/libnss_nis-2.25.so
7fb31d30f000-7fb31d50e000 ---p 0000b000 08:0a 1574937                    /usr/lib/libnss_nis-2.25.so
7fb31d50e000-7fb31d50f000 r--p 0000a000 08:0a 1574937                    /usr/lib/libnss_nis-2.25.so
7fb31d50f000-7fb31d510000 rw-p 0000b000 08:0a 1574937                    /usr/lib/libnss_nis-2.25.so
7fb31d510000-7fb31d525000 r-xp 00000000 08:0a 1574933                    /usr/lib/libnsl-2.25.so
7fb31d525000-7fb31d724000 ---p 00015000 08:0a 1574933                    /usr/lib/libnsl-2.25.so
7fb31d724000-7fb31d725000 r--p 00014000 08:0a 1574933                    /usr/lib/libnsl-2.25.so
7fb31d725000-7fb31d726000 rw-p 00015000 08:0a 1574933                    /usr/lib/libnsl-2.25.so
7fb31d726000-7fb31d728000 rw-p 00000000 00:00 0 
7fb31d728000-7fb31d72f000 r-xp 00000000 08:0a 1574980                    /usr/lib/libnss_compat-2.25.so
7fb31d72f000-7fb31d92e000 ---p 00007000 08:0a 1574980                    /usr/lib/libnss_compat-2.25.so
7fb31d92e000-7fb31d92f000 r--p 00006000 08:0a 1574980                    /usr/lib/libnss_compat-2.25.so
7fb31d92f000-7fb31d930000 rw-p 00007000 08:0a 1574980                    /usr/lib/libnss_compat-2.25.so
7fb31d930000-7fb31d95d000 r-xp 00000000 08:0a 2240768                    /usr/lib/jvm/java-8-openjdk/jre/lib/amd64/libjava.so
7fb31d95d000-7fb31db5c000 ---p 0002d000 08:0a 2240768                    /usr/lib/jvm/java-8-openjdk/jre/lib/amd64/libjava.so
7fb31db5c000-7fb31db5d000 r--p 0002c000 08:0a 2240768                    /usr/lib/jvm/java-8-openjdk/jre/lib/amd64/libjava.so
7fb31db5d000-7fb31db5f000 rw-p 0002d000 08:0a 2240768                    /usr/lib/jvm/java-8-openjdk/jre/lib/amd64/libjava.so
7fb31db5f000-7fb31db6c000 r-xp 00000000 08:0a 2240510                    /usr/lib/jvm/java-8-openjdk/jre/lib/amd64/libverify.so
7fb31db6c000-7fb31dd6b000 ---p 0000d000 08:0a 2240510                    /usr/lib/jvm/java-8-openjdk/jre/lib/amd64/libverify.so
7fb31dd6b000-7fb31dd6d000 r--p 0000c000 08:0a 2240510                    /usr/lib/jvm/java-8-openjdk/jre/lib/amd64/libverify.so
7fb31dd6d000-7fb31dd6e000 rw-p 0000e000 08:0a 2240510                    /usr/lib/jvm/java-8-openjdk/jre/lib/amd64/libverify.so
7fb31dd6e000-7fb31dd75000 r-xp 00000000 08:0a 1574931                    /usr/lib/librt-2.25.so
7fb31dd75000-7fb31df74000 ---p 00007000 08:0a 1574931                    /usr/lib/librt-2.25.so
7fb31df74000-7fb31df75000 r--p 00006000 08:0a 1574931                    /usr/lib/librt-2.25.so
7fb31df75000-7fb31df76000 rw-p 00007000 08:0a 1574931                    /usr/lib/librt-2.25.so
7fb31df76000-7fb31e088000 r-xp 00000000 08:0a 1574934                    /usr/lib/libm-2.25.so
7fb31e088000-7fb31e287000 ---p 00112000 08:0a 1574934                    /usr/lib/libm-2.25.so
7fb31e287000-7fb31e288000 r--p 00111000 08:0a 1574934                    /usr/lib/libm-2.25.so
7fb31e288000-7fb31e289000 rw-p 00112000 08:0a 1574934                    /usr/lib/libm-2.25.so
7fb31e289000-7fb31eeb4000 r-xp 00000000 08:0a 2240777                    /usr/lib/jvm/java-8-openjdk/jre/lib/amd64/server/libjvm.so
7fb31eeb4000-7fb31f0b3000 ---p 00c2b000 08:0a 2240777                    /usr/lib/jvm/java-8-openjdk/jre/lib/amd64/server/libjvm.so
7fb31f0b3000-7fb31f147000 r--p 00c2a000 08:0a 2240777                    /usr/lib/jvm/java-8-openjdk/jre/lib/amd64/server/libjvm.so
7fb31f147000-7fb31f170000 rw-p 00cbe000 08:0a 2240777                    /usr/lib/jvm/java-8-openjdk/jre/lib/amd64/server/libjvm.so
7fb31f170000-7fb31f1a0000 rw-p 00000000 00:00 0 
7fb31f1a0000-7fb31f33b000 r-xp 00000000 08:0a 1575057                    /usr/lib/libc-2.25.so
7fb31f33b000-7fb31f53a000 ---p 0019b000 08:0a 1575057                    /usr/lib/libc-2.25.so
7fb31f53a000-7fb31f53e000 r--p 0019a000 08:0a 1575057                    /usr/lib/libc-2.25.so
7fb31f53e000-7fb31f540000 rw-p 0019e000 08:0a 1575057                    /usr/lib/libc-2.25.so
7fb31f540000-7fb31f544000 rw-p 00000000 00:00 0 
7fb31f544000-7fb31f547000 r-xp 00000000 08:0a 1574935                    /usr/lib/libdl-2.25.so
7fb31f547000-7fb31f746000 ---p 00003000 08:0a 1574935                    /usr/lib/libdl-2.25.so
7fb31f746000-7fb31f747000 r--p 00002000 08:0a 1574935                    /usr/lib/libdl-2.25.so
7fb31f747000-7fb31f748000 rw-p 00003000 08:0a 1574935                    /usr/lib/libdl-2.25.so
7fb31f748000-7fb31f755000 r-xp 00000000 08:0a 2240780                    /usr/lib/jvm/java-8-openjdk/jre/lib/amd64/jli/libjli.so
7fb31f755000-7fb31f954000 ---p 0000d000 08:0a 2240780                    /usr/lib/jvm/java-8-openjdk/jre/lib/amd64/jli/libjli.so
7fb31f954000-7fb31f955000 r--p 0000c000 08:0a 2240780                    /usr/lib/jvm/java-8-openjdk/jre/lib/amd64/jli/libjli.so
7fb31f955000-7fb31f956000 rw-p 0000d000 08:0a 2240780                    /usr/lib/jvm/java-8-openjdk/jre/lib/amd64/jli/libjli.so
7fb31f956000-7fb31f96c000 r-xp 00000000 08:0a 1583709                    /usr/lib/libz.so.1.2.11
7fb31f96c000-7fb31fb6b000 ---p 00016000 08:0a 1583709                    /usr/lib/libz.so.1.2.11
7fb31fb6b000-7fb31fb6c000 r--p 00015000 08:0a 1583709                    /usr/lib/libz.so.1.2.11
7fb31fb6c000-7fb31fb6d000 rw-p 00016000 08:0a 1583709                    /usr/lib/libz.so.1.2.11
7fb31fb6d000-7fb31fb86000 r-xp 00000000 08:0a 1575076                    /usr/lib/libpthread-2.25.so
7fb31fb86000-7fb31fd85000 ---p 00019000 08:0a 1575076                    /usr/lib/libpthread-2.25.so
7fb31fd85000-7fb31fd86000 r--p 00018000 08:0a 1575076                    /usr/lib/libpthread-2.25.so
7fb31fd86000-7fb31fd87000 rw-p 00019000 08:0a 1575076                    /usr/lib/libpthread-2.25.so
7fb31fd87000-7fb31fd8b000 rw-p 00000000 00:00 0 
7fb31fd8b000-7fb31fdae000 r-xp 00000000 08:0a 1575058                    /usr/lib/ld-2.25.so
7fb31fdb2000-7fb31fe77000 rw-p 00000000 00:00 0 
7fb31fe77000-7fb31fe7a000 ---p 00000000 00:00 0 
7fb31fe7a000-7fb31ff7a000 rw-p 00000000 00:00 0 
7fb31ff8e000-7fb31ffa1000 rw-p 00000000 00:00 0 
7fb31ffa1000-7fb31ffa9000 rw-s 00000000 00:27 286025                     /tmp/hsperfdata_heshan/12419
7fb31ffa9000-7fb31ffaa000 rw-p 00000000 00:00 0 
7fb31ffaa000-7fb31ffab000 r--p 00000000 00:00 0 
7fb31ffab000-7fb31ffad000 rw-p 00000000 00:00 0 
7fb31ffad000-7fb31ffae000 r--p 00022000 08:0a 1575058                    /usr/lib/ld-2.25.so
7fb31ffae000-7fb31ffaf000 rw-p 00023000 08:0a 1575058                    /usr/lib/ld-2.25.so
7fb31ffaf000-7fb31ffb0000 rw-p 00000000 00:00 0 
7ffc96a83000-7ffc96aa4000 rw-p 00000000 00:00 0                          [stack]
7ffc96b58000-7ffc96b5a000 r--p 00000000 00:00 0                          [vvar]
7ffc96b5a000-7ffc96b5c000 r-xp 00000000 00:00 0                          [vdso]
ffffffffff600000-ffffffffff601000 r-xp 00000000 00:00 0                  [vsyscall]

VM Arguments:
jvm_args: -Dfile.encoding=UTF-8 
java_command: servicebus.ServiceBus
java_class_path (initial): /home/heshan/Projects/NetBeansProjects/EnterpriseServiceBus/ServiceBus/libs/jython-standalone-2.7.0.jar:/home/heshan/Projects/NetBeansProjects/EnterpriseServiceBus/ServiceBus/build/classes
Launcher Type: SUN_STANDARD

Environment Variables:
PATH=/usr/local/sbin:/usr/local/bin:/usr/bin:/usr/lib/jvm/default/bin:/usr/bin/site_perl:/usr/bin/vendor_perl:/usr/bin/core_perl
USERNAME=heshan
LD_LIBRARY_PATH=/usr/lib/jvm/java-8-openjdk/jre/lib/amd64:/usr/lib/jvm/java-8-openjdk/jre/lib/i386:
SHELL=/bin/bash
DISPLAY=:0

Signal Handlers:
SIGSEGV: [libjvm.so+0xa2d880], sa_mask[0]=11111111011111111101111111111110, sa_flags=SA_RESTART|SA_SIGINFO
SIGBUS: [libjvm.so+0xa2d880], sa_mask[0]=11111111011111111101111111111110, sa_flags=SA_RESTART|SA_SIGINFO
SIGFPE: [libjvm.so+0x881d40], sa_mask[0]=11111111011111111101111111111110, sa_flags=SA_RESTART|SA_SIGINFO
SIGPIPE: [libjvm.so+0x881d40], sa_mask[0]=11111111011111111101111111111110, sa_flags=SA_RESTART|SA_SIGINFO
SIGXFSZ: [libjvm.so+0x881d40], sa_mask[0]=11111111011111111101111111111110, sa_flags=SA_RESTART|SA_SIGINFO
SIGILL: [libjvm.so+0x881d40], sa_mask[0]=11111111011111111101111111111110, sa_flags=SA_RESTART|SA_SIGINFO
SIGUSR1: SIG_DFL, sa_mask[0]=00000000000000000000000000000000, sa_flags=none
SIGUSR2: [libjvm.so+0x881c10], sa_mask[0]=00100000000000000000000000000000, sa_flags=SA_RESTART|SA_SIGINFO
SIGHUP: [libjvm.so+0x882080], sa_mask[0]=11111111011111111101111111111110, sa_flags=SA_RESTART|SA_SIGINFO
SIGINT: SIG_IGN, sa_mask[0]=00000000000000000000000000000000, sa_flags=none
SIGTERM: [libjvm.so+0x882080], sa_mask[0]=11111111011111111101111111111110, sa_flags=SA_RESTART|SA_SIGINFO
SIGQUIT: [libjvm.so+0x882080], sa_mask[0]=11111111011111111101111111111110, sa_flags=SA_RESTART|SA_SIGINFO


---------------  S Y S T E M  ---------------

OS:NAME="Arch Linux"
PRETTY_NAME="Arch Linux"
ID=arch
ID_LIKE=archlinux
ANSI_COLOR="0;36"
HOME_URL="https://www.archlinux.org/"
SUPPORT_URL="https://bbs.archlinux.org/"
BUG_REPORT_URL="https://bugs.archlinux.org/"


uname:Linux 4.10.13-1-ARCH #1 SMP PREEMPT Thu Apr 27 12:15:09 CEST 2017 x86_64
libc:glibc 2.25 NPTL 2.25 
rlimit: STACK 8192k, CORE infinity, NPROC 15437, NOFILE 4096, AS infinity
load average:1.84 1.83 1.85

/proc/meminfo:
MemTotal:        3961096 kB
MemFree:          226192 kB
MemAvailable:     530176 kB
Buffers:           54060 kB
Cached:           602880 kB
SwapCached:        19916 kB
Active:          2696504 kB
Inactive:         756664 kB
Active(anon):    2384996 kB
Inactive(anon):   603724 kB
Active(file):     311508 kB
Inactive(file):   152940 kB
Unevictable:           0 kB
Mlocked:               0 kB
SwapTotal:       8388604 kB
SwapFree:        8041324 kB
Dirty:               928 kB
Writeback:             0 kB
AnonPages:       2736416 kB
Mapped:           256316 kB
Shmem:            192492 kB
Slab:             127380 kB
SReclaimable:      84888 kB
SUnreclaim:        42492 kB
KernelStack:       12176 kB
PageTables:        55200 kB
NFS_Unstable:          0 kB
Bounce:                0 kB
WritebackTmp:          0 kB
CommitLimit:    10369152 kB
Committed_AS:    8532884 kB
VmallocTotal:   34359738367 kB
VmallocUsed:           0 kB
VmallocChunk:          0 kB
HardwareCorrupted:     0 kB
AnonHugePages:   1548288 kB
ShmemHugePages:        0 kB
ShmemPmdMapped:        0 kB
HugePages_Total:       0
HugePages_Free:        0
HugePages_Rsvd:        0
HugePages_Surp:        0
Hugepagesize:       2048 kB
DirectMap4k:      192568 kB
DirectMap2M:     3911680 kB
DirectMap1G:           0 kB


CPU:total 4 (2 cores per cpu, 2 threads per core) family 6 model 61 stepping 4, cmov, cx8, fxsr, mmx, sse, sse2, sse3, ssse3, sse4.1, sse4.2, popcnt, avx, avx2, aes, clmul, erms, 3dnowpref, lzcnt, ht, tsc, tscinvbit, bmi1, bmi2, adx

/proc/cpuinfo:
processor	: 0
vendor_id	: GenuineIntel
cpu family	: 6
model		: 61
model name	: Intel(R) Core(TM) i3-5005U CPU @ 2.00GHz
stepping	: 4
microcode	: 0x18
cpu MHz		: 1899.902
cache size	: 3072 KB
physical id	: 0
siblings	: 4
core id		: 0
cpu cores	: 2
apicid		: 0
initial apicid	: 0
fpu		: yes
fpu_exception	: yes
cpuid level	: 20
wp		: yes
flags		: fpu vme de pse tsc msr pae mce cx8 apic sep mtrr pge mca cmov pat pse36 clflush dts acpi mmx fxsr sse sse2 ss ht tm pbe syscall nx pdpe1gb rdtscp lm constant_tsc arch_perfmon pebs bts rep_good nopl xtopology nonstop_tsc aperfmperf pni pclmulqdq dtes64 monitor ds_cpl vmx est tm2 ssse3 sdbg fma cx16 xtpr pdcm pcid sse4_1 sse4_2 x2apic movbe popcnt tsc_deadline_timer aes xsave avx f16c rdrand lahf_lm abm 3dnowprefetch epb intel_pt tpr_shadow vnmi flexpriority ept vpid fsgsbase tsc_adjust bmi1 avx2 smep bmi2 erms invpcid rdseed adx smap xsaveopt dtherm arat pln pts
bugs		:
bogomips	: 3992.95
clflush size	: 64
cache_alignment	: 64
address sizes	: 39 bits physical, 48 bits virtual
power management:

processor	: 1
vendor_id	: GenuineIntel
cpu family	: 6
model		: 61
model name	: Intel(R) Core(TM) i3-5005U CPU @ 2.00GHz
stepping	: 4
microcode	: 0x18
cpu MHz		: 1899.902
cache size	: 3072 KB
physical id	: 0
siblings	: 4
core id		: 1
cpu cores	: 2
apicid		: 2
initial apicid	: 2
fpu		: yes
fpu_exception	: yes
cpuid level	: 20
wp		: yes
flags		: fpu vme de pse tsc msr pae mce cx8 apic sep mtrr pge mca cmov pat pse36 clflush dts acpi mmx fxsr sse sse2 ss ht tm pbe syscall nx pdpe1gb rdtscp lm constant_tsc arch_perfmon pebs bts rep_good nopl xtopology nonstop_tsc aperfmperf pni pclmulqdq dtes64 monitor ds_cpl vmx est tm2 ssse3 sdbg fma cx16 xtpr pdcm pcid sse4_1 sse4_2 x2apic movbe popcnt tsc_deadline_timer aes xsave avx f16c rdrand lahf_lm abm 3dnowprefetch epb intel_pt tpr_shadow vnmi flexpriority ept vpid fsgsbase tsc_adjust bmi1 avx2 smep bmi2 erms invpcid rdseed adx smap xsaveopt dtherm arat pln pts
bugs		:
bogomips	: 3993.24
clflush size	: 64
cache_alignment	: 64
address sizes	: 39 bits physical, 48 bits virtual
power management:

processor	: 2
vendor_id	: GenuineIntel
cpu family	: 6
model		: 61
model name	: Intel(R) Core(TM) i3-5005U CPU @ 2.00GHz
stepping	: 4
microcode	: 0x18
cpu MHz		: 1899.902
cache size	: 3072 KB
physical id	: 0
siblings	: 4
core id		: 0
cpu cores	: 2
apicid		: 1
initial apicid	: 1
fpu		: yes
fpu_exception	: yes
cpuid level	: 20
wp		: yes
flags		: fpu vme de pse tsc msr pae mce cx8 apic sep mtrr pge mca cmov pat pse36 clflush dts acpi mmx fxsr sse sse2 ss ht tm pbe syscall nx pdpe1gb rdtscp lm constant_tsc arch_perfmon pebs bts rep_good nopl xtopology nonstop_tsc aperfmperf pni pclmulqdq dtes64 monitor ds_cpl vmx est tm2 ssse3 sdbg fma cx16 xtpr pdcm pcid sse4_1 sse4_2 x2apic movbe popcnt tsc_deadline_timer aes xsave avx f16c rdrand lahf_lm abm 3dnowprefetch epb intel_pt tpr_shadow vnmi flexpriority ept vpid fsgsbase tsc_adjust bmi1 avx2 smep bmi2 erms invpcid rdseed adx smap xsaveopt dtherm arat pln pts
bugs		:
bogomips	: 3994.90
clflush size	: 64
cache_alignment	: 64
address sizes	: 39 bits physical, 48 bits virtual
power management:

processor	: 3
vendor_id	: GenuineIntel
cpu family	: 6
model		: 61
model name	: Intel(R) Core(TM) i3-5005U CPU @ 2.00GHz
stepping	: 4
microcode	: 0x18
cpu MHz		: 1899.902
cache size	: 3072 KB
physical id	: 0
siblings	: 4
core id		: 1
cpu cores	: 2
apicid		: 3
initial apicid	: 3
fpu		: yes
fpu_exception	: yes
cpuid level	: 20
wp		: yes
flags		: fpu vme de pse tsc msr pae mce cx8 apic sep mtrr pge mca cmov pat pse36 clflush dts acpi mmx fxsr sse sse2 ss ht tm pbe syscall nx pdpe1gb rdtscp lm constant_tsc arch_perfmon pebs bts rep_good nopl xtopology nonstop_tsc aperfmperf pni pclmulqdq dtes64 monitor ds_cpl vmx est tm2 ssse3 sdbg fma cx16 xtpr pdcm pcid sse4_1 sse4_2 x2apic movbe popcnt tsc_deadline_timer aes xsave avx f16c rdrand lahf_lm abm 3dnowprefetch epb intel_pt tpr_shadow vnmi flexpriority ept vpid fsgsbase tsc_adjust bmi1 avx2 smep bmi2 erms invpcid rdseed adx smap xsaveopt dtherm arat pln pts
bugs		:
bogomips	: 3993.27
clflush size	: 64
cache_alignment	: 64
address sizes	: 39 bits physical, 48 bits virtual
power management:



Memory: 4k page, physical 3961096k(226192k free), swap 8388604k(8041324k free)

vm_info: OpenJDK 64-Bit Server VM (25.121-b13) for linux-amd64 JRE (1.8.0_121-b13), built on Jan 22 2017 09:22:31 by "builduser" with gcc 6.3.1 20170109

time: Thu Jun  1 23:41:10 2017
elapsed time: 5 seconds (0d 0h 0m 5s)

