#
# A fatal error has been detected by the Java Runtime Environment:
#
#  SIGSEGV (0xb) at pc=0x00007f9e21116803, pid=5259, tid=0x00007f9e1d409700
#
# JRE version: OpenJDK Runtime Environment (8.0_121-b13) (build 1.8.0_121-b13)
# Java VM: OpenJDK 64-Bit Server VM (25.121-b13 mixed mode linux-amd64 compressed oops)
# Problematic frame:
# J 27 C1 java.lang.AbstractStringBuilder.append(Ljava/lang/String;)Ljava/lang/AbstractStringBuilder; (50 bytes) @ 0x00007f9e21116803 [0x00007f9e21116760+0xa3]
#
# Core dump written. Default location: /home/heshan/Projects/NetBeansProjects/EnterpriseServiceBus/ServiceBus/core or core.5259
#
# If you would like to submit a bug report, please visit:
#   http://bugreport.java.com/bugreport/crash.jsp
#

---------------  T H R E A D  ---------------

Current thread (0x00007f9e30146800):  JavaThread "Thread-0" [_thread_in_Java, id=5298, stack(0x00007f9e1d309000,0x00007f9e1d40a000)]

siginfo: si_signo: 11 (SIGSEGV), si_code: 1 (SEGV_MAPERR), si_addr: 0x00006e6168736568

Registers:
RAX=0x000000000000011c, RBX=0x0000000000000108, RCX=0x00000000ebecfa18, RDX=0x00006e6168736568
RSP=0x00007f9e1d408810, RBP=0x00007f9e1d4089a0, RSI=0x00000000ebecfa18, RDI=0x00007f9e34607fb8
R8 =0x0000000000000000, R9 =0x0000000000000008, R10=0x00007f9e37b5d860, R11=0x00007f9e21117f60
R12=0x0000000000000000, R13=0x00007f9e1d408948, R14=0x00007f9e1d408a30, R15=0x00007f9e30146800
RIP=0x00007f9e21116803, EFLAGS=0x0000000000010202, CSGSFS=0x002b000000000033, ERR=0x0000000000000004
  TRAPNO=0x000000000000000e

Top of Stack: (sp=0x00007f9e1d408810)
0x00007f9e1d408810:   00000000ebec9808 0000000000000000
0x00007f9e1d408820:   00007f9e347e3028 00007f9e30146800
0x00007f9e1d408830:   00007f9e1d408880 00007f9e30146800
0x00007f9e1d408840:   00007f9e1d4088d0 00007f9e3013f060
0x00007f9e1d408850:   00007f9e30146800 00007f9e1d4088d0
0x00007f9e1d408860:   00007f9e1d408930 00007f9e37284c9f
0x00007f9e1d408870:   0000000000000000 00000000ebec9808
0x00007f9e1d408880:   00000000ebec9598 00007f9e1d408888
0x00007f9e1d408890:   00000000000003d8 00007f9dfc011680
0x00007f9e1d4088a0:   00007f9e30146800 0000000000000000
0x00007f9e1d4088b0:   00007f9e347e4ec0 0000000830146800
0x00007f9e1d4088c0:   00007f9e347e4ec0 00000000ebecfa18
0x00007f9e1d4088d0:   00000000ebecfa60 00007f9e000000e6
0x00007f9e1d4088e0:   00007f9e347e4ec0 00007f9e30146800
0x00007f9e1d4088f0:   00007f9e1d4089a0 00007f9e21117fc4
0x00007f9e1d408900:   00007f9e1d408958 00000000000000e6
0x00007f9e1d408910:   0000000000000000 00007f9e347e4a8f
0x00007f9e1d408920:   00000000ebecfa18 00007f9e30146800
0x00007f9e1d408930:   00007f9e1d4089a0 00007f9e21007d80
0x00007f9e1d408940:   00007f9e21007d80 00006e6168736568
0x00007f9e1d408950:   00000000ebecfa18 00000000ebec9598
0x00007f9e1d408960:   00007f9e1d408960 00007f9e347e4a96
0x00007f9e1d408970:   00007f9e1d408a30 00007f9e347e5118
0x00007f9e1d408980:   0000000000000000 00007f9e347e4ec0
0x00007f9e1d408990:   00007f9e1d408948 00007f9e1d408a30
0x00007f9e1d4089a0:   00007f9e1d408a78 00007f9e21008042
0x00007f9e1d4089b0:   0000000000000000 0000000000000000
0x00007f9e1d4089c0:   0000000000000001 00000000ebe9e9b8
0x00007f9e1d4089d0:   00006e6168736568 00000000ebec5830
0x00007f9e1d4089e0:   00000000ebea3b90 00000000ebe9e9b8
0x00007f9e1d4089f0:   0000000000000003 00000000ebea3ba8
0x00007f9e1d408a00:   0000000000000022 00000000ebec4228 

Instructions: (pc=0x00007f9e21116803)
0x00007f9e211167e3:   0a 00 00 00 48 bb 18 01 00 00 00 00 00 00 48 8b
0x00007f9e211167f3:   04 1f 48 8d 40 01 48 89 04 1f 0f 84 b0 04 00 00
0x00007f9e21116803:   48 3b 02 48 8b fa 48 bb b8 7f 60 34 9e 7f 00 00
0x00007f9e21116813:   8b 7f 08 48 c1 e7 03 48 3b bb 40 01 00 00 75 0d 

Register to memory mapping:

RAX=0x000000000000011c is an unknown value
RBX=0x0000000000000108 is an unknown value
RCX=0x00000000ebecfa18 is an oop
java.lang.StringBuilder 
 - klass: 'java/lang/StringBuilder'
RDX=0x00006e6168736568 is an unknown value
RSP=0x00007f9e1d408810 is pointing into the stack for thread: 0x00007f9e30146800
RBP=0x00007f9e1d4089a0 is pointing into the stack for thread: 0x00007f9e30146800
RSI=0x00000000ebecfa18 is an oop
java.lang.StringBuilder 
 - klass: 'java/lang/StringBuilder'
RDI=0x00007f9e34607fb8 is pointing into metadata
R8 =0x0000000000000000 is an unknown value
R9 =0x0000000000000008 is an unknown value
R10=0x00007f9e37b5d860: <offset 0xf0b860> in /usr/lib/jvm/java-8-openjdk/jre/lib/amd64/server/libjvm.so at 0x00007f9e36c52000
R11=0x00007f9e21117f60 is at entry_point+32 in (nmethod*)0x00007f9e21117dd0
R12=0x0000000000000000 is an unknown value
R13=0x00007f9e1d408948 is pointing into the stack for thread: 0x00007f9e30146800
R14=0x00007f9e1d408a30 is pointing into the stack for thread: 0x00007f9e30146800
R15=0x00007f9e30146800 is a thread


Stack: [0x00007f9e1d309000,0x00007f9e1d40a000],  sp=0x00007f9e1d408810,  free space=1022k
Native frames: (J=compiled Java code, j=interpreted, Vv=VM code, C=native code)
J 27 C1 java.lang.AbstractStringBuilder.append(Ljava/lang/String;)Ljava/lang/AbstractStringBuilder; (50 bytes) @ 0x00007f9e21116803 [0x00007f9e21116760+0xa3]
J 28 C1 java.lang.StringBuilder.append(Ljava/lang/String;)Ljava/lang/StringBuilder; (8 bytes) @ 0x00007f9e21117fc4 [0x00007f9e21117f40+0x84]
j  servicebus.ServiceBus.run()V+454
j  java.lang.Thread.run()V+11
v  ~StubRoutines::call_stub
V  [libjvm.so+0x6453a3]
V  [libjvm.so+0x642af7]
V  [libjvm.so+0x6430c7]
V  [libjvm.so+0x67f4e5]
V  [libjvm.so+0x9d35ff]
V  [libjvm.so+0x9d39d5]
V  [libjvm.so+0x8838a2]
C  [libpthread.so.0+0x72e7]  start_thread+0xd7


---------------  P R O C E S S  ---------------

Java Threads: ( => current thread )
=>0x00007f9e30146800 JavaThread "Thread-0" [_thread_in_Java, id=5298, stack(0x00007f9e1d309000,0x00007f9e1d40a000)]
  0x00007f9e300bf000 JavaThread "Service Thread" daemon [_thread_blocked, id=5276, stack(0x00007f9e1d9f1000,0x00007f9e1daf2000)]
  0x00007f9e300bc000 JavaThread "C1 CompilerThread2" daemon [_thread_blocked, id=5275, stack(0x00007f9e1daf2000,0x00007f9e1dbf3000)]
  0x00007f9e300ba800 JavaThread "C2 CompilerThread1" daemon [_thread_blocked, id=5274, stack(0x00007f9e1dbf3000,0x00007f9e1dcf4000)]
  0x00007f9e300b7800 JavaThread "C2 CompilerThread0" daemon [_thread_blocked, id=5273, stack(0x00007f9e1dcf4000,0x00007f9e1ddf5000)]
  0x00007f9e300b6000 JavaThread "Signal Dispatcher" daemon [_thread_blocked, id=5272, stack(0x00007f9e1ddf5000,0x00007f9e1def6000)]
  0x00007f9e30083800 JavaThread "Finalizer" daemon [_thread_blocked, id=5271, stack(0x00007f9e1e08e000,0x00007f9e1e18f000)]
  0x00007f9e3007f000 JavaThread "Reference Handler" daemon [_thread_blocked, id=5270, stack(0x00007f9e1e18f000,0x00007f9e1e290000)]
  0x00007f9e3000a000 JavaThread "main" [_thread_in_native, id=5261, stack(0x00007f9e38840000,0x00007f9e38941000)]

Other Threads:
  0x00007f9e30077000 VMThread [stack: 0x00007f9e1e290000,0x00007f9e1e391000] [id=5269]
  0x00007f9e300c1800 WatcherThread [stack: 0x00007f9e1d8f0000,0x00007f9e1d9f1000] [id=5277]

VM state:not at safepoint (normal execution)

VM Mutex/Monitor currently owned by a thread: None

Heap:
 PSYoungGen      total 18432K, used 1588K [0x00000000ebd80000, 0x00000000ed200000, 0x0000000100000000)
  eden space 15872K, 10% used [0x00000000ebd80000,0x00000000ebf0d040,0x00000000ecd00000)
  from space 2560K, 0% used [0x00000000ecf80000,0x00000000ecf80000,0x00000000ed200000)
  to   space 2560K, 0% used [0x00000000ecd00000,0x00000000ecd00000,0x00000000ecf80000)
 ParOldGen       total 42496K, used 0K [0x00000000c3800000, 0x00000000c6180000, 0x00000000ebd80000)
  object space 42496K, 0% used [0x00000000c3800000,0x00000000c3800000,0x00000000c6180000)
 Metaspace       used 4236K, capacity 4622K, committed 4864K, reserved 1056768K
  class space    used 447K, capacity 458K, committed 512K, reserved 1048576K

Card table byte_map: [0x00007f9e3530d000,0x00007f9e354f2000] byte_map_base: 0x00007f9e34cf1000

Marking Bits: (ParMarkBitMap*) 0x00007f9e37b4c260
 Begin Bits: [0x00007f9e1f1c0000, 0x00007f9e200e0000)
 End Bits:   [0x00007f9e200e0000, 0x00007f9e21000000)

Polling page: 0x00007f9e38973000

CodeCache: size=245760Kb used=1182Kb max_used=1182Kb free=244577Kb
 bounds [0x00007f9e21000000, 0x00007f9e21270000, 0x00007f9e30000000]
 total_blobs=318 nmethods=59 adapters=174
 compilation: enabled

Compilation events (10 events):
Event: 0.311 Thread 0x00007f9e300bc000   55       1       com.sun.org.apache.xerces.internal.dom.TextImpl::getNodeType (2 bytes)
Event: 0.311 Thread 0x00007f9e300bc000 nmethod 55 0x00007f9e21124810 code [0x00007f9e21124960, 0x00007f9e21124a70]
Event: 0.313 Thread 0x00007f9e300bc000   56       3       java.lang.StringBuilder::<init> (7 bytes)
Event: 0.314 Thread 0x00007f9e300bc000 nmethod 56 0x00007f9e211250d0 code [0x00007f9e21125240, 0x00007f9e211254f0]
Event: 7.529 Thread 0x00007f9e300bc000   57       1       java.nio.Buffer::position (5 bytes)
Event: 7.529 Thread 0x00007f9e300bc000 nmethod 57 0x00007f9e21126050 code [0x00007f9e211261a0, 0x00007f9e211262b0]
Event: 7.531 Thread 0x00007f9e300bc000   58       3       sun.nio.cs.UTF_8$Encoder::encode (359 bytes)
Event: 7.533 Thread 0x00007f9e300bc000 nmethod 58 0x00007f9e21126310 code [0x00007f9e21126500, 0x00007f9e21127018]
Event: 7.533 Thread 0x00007f9e300bc000   59  s    1       java.util.Vector::size (5 bytes)
Event: 7.533 Thread 0x00007f9e300bc000 nmethod 59 0x00007f9e21127690 code [0x00007f9e211277e0, 0x00007f9e21127a50]

GC Heap History (0 events):
No events

Deoptimization events (0 events):
No events

Internal exceptions (8 events):
Event: 0.067 Thread 0x00007f9e3000a000 Exception <a 'java/lang/NoSuchMethodError': Method sun.misc.Unsafe.defineClass(Ljava/lang/String;[BII)Ljava/lang/Class; name or signature does not match> (0x00000000ebd87ca8) thrown at [/build/java8-openjdk/src/jdk8u-jdk8u121-b13/hotspot/src/share/vm/prim
Event: 0.067 Thread 0x00007f9e3000a000 Exception <a 'java/lang/NoSuchMethodError': Method sun.misc.Unsafe.prefetchRead(Ljava/lang/Object;J)V name or signature does not match> (0x00000000ebd87f90) thrown at [/build/java8-openjdk/src/jdk8u-jdk8u121-b13/hotspot/src/share/vm/prims/jni.cpp, line 40
Event: 0.209 Thread 0x00007f9e3000a000 Exception <a 'java/security/PrivilegedActionException'> (0x00000000ebe0d690) thrown at [/build/java8-openjdk/src/jdk8u-jdk8u121-b13/hotspot/src/share/vm/prims/jvm.cpp, line 1390]
Event: 0.209 Thread 0x00007f9e3000a000 Exception <a 'java/security/PrivilegedActionException'> (0x00000000ebe0d8a0) thrown at [/build/java8-openjdk/src/jdk8u-jdk8u121-b13/hotspot/src/share/vm/prims/jvm.cpp, line 1390]
Event: 0.209 Thread 0x00007f9e3000a000 Exception <a 'java/security/PrivilegedActionException'> (0x00000000ebe0f740) thrown at [/build/java8-openjdk/src/jdk8u-jdk8u121-b13/hotspot/src/share/vm/prims/jvm.cpp, line 1390]
Event: 0.209 Thread 0x00007f9e3000a000 Exception <a 'java/security/PrivilegedActionException'> (0x00000000ebe0f950) thrown at [/build/java8-openjdk/src/jdk8u-jdk8u121-b13/hotspot/src/share/vm/prims/jvm.cpp, line 1390]
Event: 0.209 Thread 0x00007f9e3000a000 Exception <a 'java/security/PrivilegedActionException'> (0x00000000ebe103b0) thrown at [/build/java8-openjdk/src/jdk8u-jdk8u121-b13/hotspot/src/share/vm/prims/jvm.cpp, line 1390]
Event: 0.209 Thread 0x00007f9e3000a000 Exception <a 'java/security/PrivilegedActionException'> (0x00000000ebe105c0) thrown at [/build/java8-openjdk/src/jdk8u-jdk8u121-b13/hotspot/src/share/vm/prims/jvm.cpp, line 1390]

Events (10 events):
Event: 7.528 loading class java/util/Random
Event: 7.528 loading class java/util/Random done
Event: 7.530 loading class services/CppServiceDirectory
Event: 7.530 loading class services/CppServiceDirectory done
Event: 7.533 loading class java/io/PrintWriter
Event: 7.533 loading class java/io/PrintWriter done
Event: 7.533 loading class java/net/Socket$3
Event: 7.533 loading class java/net/Socket$3 done
Event: 7.533 loading class java/net/SocketOutputStream
Event: 7.534 loading class java/net/SocketOutputStream done


Dynamic libraries:
00400000-00401000 r-xp 00000000 08:0a 2240423                            /usr/lib/jvm/java-8-openjdk/jre/bin/java
00600000-00601000 r--p 00000000 08:0a 2240423                            /usr/lib/jvm/java-8-openjdk/jre/bin/java
00601000-00602000 rw-p 00001000 08:0a 2240423                            /usr/lib/jvm/java-8-openjdk/jre/bin/java
0069f000-006c0000 rw-p 00000000 00:00 0                                  [heap]
c3800000-c6180000 rw-p 00000000 00:00 0 
c6180000-ebd80000 ---p 00000000 00:00 0 
ebd80000-ed200000 rw-p 00000000 00:00 0 
ed200000-100000000 ---p 00000000 00:00 0 
100000000-100080000 rw-p 00000000 00:00 0 
100080000-140000000 ---p 00000000 00:00 0 
7f9de0000000-7f9de002c000 rw-p 00000000 00:00 0 
7f9de002c000-7f9de4000000 ---p 00000000 00:00 0 
7f9de8000000-7f9de8021000 rw-p 00000000 00:00 0 
7f9de8021000-7f9dec000000 ---p 00000000 00:00 0 
7f9dec000000-7f9dec021000 rw-p 00000000 00:00 0 
7f9dec021000-7f9df0000000 ---p 00000000 00:00 0 
7f9df0000000-7f9df0068000 rw-p 00000000 00:00 0 
7f9df0068000-7f9df4000000 ---p 00000000 00:00 0 
7f9df4000000-7f9df4060000 rw-p 00000000 00:00 0 
7f9df4060000-7f9df8000000 ---p 00000000 00:00 0 
7f9df8000000-7f9df8021000 rw-p 00000000 00:00 0 
7f9df8021000-7f9dfc000000 ---p 00000000 00:00 0 
7f9dfc000000-7f9dfc059000 rw-p 00000000 00:00 0 
7f9dfc059000-7f9e00000000 ---p 00000000 00:00 0 
7f9e00000000-7f9e00021000 rw-p 00000000 00:00 0 
7f9e00021000-7f9e04000000 ---p 00000000 00:00 0 
7f9e04000000-7f9e04021000 rw-p 00000000 00:00 0 
7f9e04021000-7f9e08000000 ---p 00000000 00:00 0 
7f9e08000000-7f9e08021000 rw-p 00000000 00:00 0 
7f9e08021000-7f9e0c000000 ---p 00000000 00:00 0 
7f9e0c000000-7f9e0c021000 rw-p 00000000 00:00 0 
7f9e0c021000-7f9e10000000 ---p 00000000 00:00 0 
7f9e10000000-7f9e10021000 rw-p 00000000 00:00 0 
7f9e10021000-7f9e14000000 ---p 00000000 00:00 0 
7f9e14000000-7f9e14021000 rw-p 00000000 00:00 0 
7f9e14021000-7f9e18000000 ---p 00000000 00:00 0 
7f9e18000000-7f9e18021000 rw-p 00000000 00:00 0 
7f9e18021000-7f9e1c000000 ---p 00000000 00:00 0 
7f9e1cb37000-7f9e1cb4d000 r-xp 00000000 08:0a 1587171                    /usr/lib/libgcc_s.so.1
7f9e1cb4d000-7f9e1cd4c000 ---p 00016000 08:0a 1587171                    /usr/lib/libgcc_s.so.1
7f9e1cd4c000-7f9e1cd4d000 r--p 00015000 08:0a 1587171                    /usr/lib/libgcc_s.so.1
7f9e1cd4d000-7f9e1cd4e000 rw-p 00016000 08:0a 1587171                    /usr/lib/libgcc_s.so.1
7f9e1cd4e000-7f9e1cec6000 r-xp 00000000 08:0a 1576452                    /usr/lib/libstdc++.so.6.0.22
7f9e1cec6000-7f9e1d0c6000 ---p 00178000 08:0a 1576452                    /usr/lib/libstdc++.so.6.0.22
7f9e1d0c6000-7f9e1d0d0000 r--p 00178000 08:0a 1576452                    /usr/lib/libstdc++.so.6.0.22
7f9e1d0d0000-7f9e1d0d2000 rw-p 00182000 08:0a 1576452                    /usr/lib/libstdc++.so.6.0.22
7f9e1d0d2000-7f9e1d0d6000 rw-p 00000000 00:00 0 
7f9e1d107000-7f9e1d108000 r-xp 00000000 08:0a 3147098                    /home/heshan/Projects/NetBeansProjects/EnterpriseServiceBus/ServiceBus/src/services/CppServices/dist/libCppServices.so
7f9e1d108000-7f9e1d307000 ---p 00001000 08:0a 3147098                    /home/heshan/Projects/NetBeansProjects/EnterpriseServiceBus/ServiceBus/src/services/CppServices/dist/libCppServices.so
7f9e1d307000-7f9e1d308000 r--p 00000000 08:0a 3147098                    /home/heshan/Projects/NetBeansProjects/EnterpriseServiceBus/ServiceBus/src/services/CppServices/dist/libCppServices.so
7f9e1d308000-7f9e1d309000 rw-p 00001000 08:0a 3147098                    /home/heshan/Projects/NetBeansProjects/EnterpriseServiceBus/ServiceBus/src/services/CppServices/dist/libCppServices.so
7f9e1d309000-7f9e1d30c000 ---p 00000000 00:00 0 
7f9e1d30c000-7f9e1d43b000 rw-p 00000000 00:00 0 
7f9e1d43b000-7f9e1d451000 r-xp 00000000 08:0a 2240770                    /usr/lib/jvm/java-8-openjdk/jre/lib/amd64/libnet.so
7f9e1d451000-7f9e1d650000 ---p 00016000 08:0a 2240770                    /usr/lib/jvm/java-8-openjdk/jre/lib/amd64/libnet.so
7f9e1d650000-7f9e1d651000 r--p 00015000 08:0a 2240770                    /usr/lib/jvm/java-8-openjdk/jre/lib/amd64/libnet.so
7f9e1d651000-7f9e1d652000 rw-p 00016000 08:0a 2240770                    /usr/lib/jvm/java-8-openjdk/jre/lib/amd64/libnet.so
7f9e1d652000-7f9e1d69c000 rw-p 00000000 00:00 0 
7f9e1d69c000-7f9e1d85a000 r--s 02191000 08:0a 3146888                    /home/heshan/Projects/NetBeansProjects/EnterpriseServiceBus/ServiceBus/libs/jython-standalone-2.7.0.jar
7f9e1d85a000-7f9e1d8f0000 r--s 008d8000 08:0a 2240594                    /usr/lib/jvm/java-8-openjdk/jre/lib/ext/jfxrt.jar
7f9e1d8f0000-7f9e1d8f1000 ---p 00000000 00:00 0 
7f9e1d8f1000-7f9e1d9f1000 rw-p 00000000 00:00 0 
7f9e1d9f1000-7f9e1d9f4000 ---p 00000000 00:00 0 
7f9e1d9f4000-7f9e1daf2000 rw-p 00000000 00:00 0 
7f9e1daf2000-7f9e1daf5000 ---p 00000000 00:00 0 
7f9e1daf5000-7f9e1dbf3000 rw-p 00000000 00:00 0 
7f9e1dbf3000-7f9e1dbf6000 ---p 00000000 00:00 0 
7f9e1dbf6000-7f9e1dcf4000 rw-p 00000000 00:00 0 
7f9e1dcf4000-7f9e1dcf7000 ---p 00000000 00:00 0 
7f9e1dcf7000-7f9e1ddf5000 rw-p 00000000 00:00 0 
7f9e1ddf5000-7f9e1ddf8000 ---p 00000000 00:00 0 
7f9e1ddf8000-7f9e1def6000 rw-p 00000000 00:00 0 
7f9e1def6000-7f9e1e08e000 r--p 00000000 08:0a 1628100                    /usr/lib/locale/locale-archive
7f9e1e08e000-7f9e1e091000 ---p 00000000 00:00 0 
7f9e1e091000-7f9e1e18f000 rw-p 00000000 00:00 0 
7f9e1e18f000-7f9e1e192000 ---p 00000000 00:00 0 
7f9e1e192000-7f9e1e290000 rw-p 00000000 00:00 0 
7f9e1e290000-7f9e1e291000 ---p 00000000 00:00 0 
7f9e1e291000-7f9e21000000 rw-p 00000000 00:00 0 
7f9e21000000-7f9e21270000 rwxp 00000000 00:00 0 
7f9e21270000-7f9e30000000 ---p 00000000 00:00 0 
7f9e30000000-7f9e30148000 rw-p 00000000 00:00 0 
7f9e30148000-7f9e34000000 ---p 00000000 00:00 0 
7f9e3400d000-7f9e3419d000 rw-p 00000000 00:00 0 
7f9e3419d000-7f9e3436c000 r--s 03c05000 08:0a 2240463                    /usr/lib/jvm/java-8-openjdk/jre/lib/rt.jar
7f9e3436c000-7f9e34822000 rw-p 00000000 00:00 0 
7f9e34822000-7f9e34be2000 ---p 00000000 00:00 0 
7f9e34be2000-7f9e34dc6000 rw-p 00000000 00:00 0 
7f9e34dc6000-7f9e34dc7000 ---p 00000000 00:00 0 
7f9e34dc7000-7f9e34ec7000 rw-p 00000000 00:00 0 
7f9e34ec7000-7f9e34ec8000 ---p 00000000 00:00 0 
7f9e34ec8000-7f9e34fc8000 rw-p 00000000 00:00 0 
7f9e34fc8000-7f9e34fc9000 ---p 00000000 00:00 0 
7f9e34fc9000-7f9e350c9000 rw-p 00000000 00:00 0 
7f9e350c9000-7f9e350ca000 ---p 00000000 00:00 0 
7f9e350ca000-7f9e351df000 rw-p 00000000 00:00 0 
7f9e351df000-7f9e3530d000 ---p 00000000 00:00 0 
7f9e3530d000-7f9e35322000 rw-p 00000000 00:00 0 
7f9e35322000-7f9e3544f000 ---p 00000000 00:00 0 
7f9e3544f000-7f9e3545a000 rw-p 00000000 00:00 0 
7f9e3545a000-7f9e354f1000 ---p 00000000 00:00 0 
7f9e354f1000-7f9e354fc000 rw-p 00000000 00:00 0 
7f9e354fc000-7f9e358b2000 ---p 00000000 00:00 0 
7f9e358b2000-7f9e358ba000 r-xp 00000000 08:0a 2240772                    /usr/lib/jvm/java-8-openjdk/jre/lib/amd64/libzip.so
7f9e358ba000-7f9e35ab9000 ---p 00008000 08:0a 2240772                    /usr/lib/jvm/java-8-openjdk/jre/lib/amd64/libzip.so
7f9e35ab9000-7f9e35aba000 r--p 00007000 08:0a 2240772                    /usr/lib/jvm/java-8-openjdk/jre/lib/amd64/libzip.so
7f9e35aba000-7f9e35abb000 rw-p 00008000 08:0a 2240772                    /usr/lib/jvm/java-8-openjdk/jre/lib/amd64/libzip.so
7f9e35abb000-7f9e35ac6000 r-xp 00000000 08:0a 1574939                    /usr/lib/libnss_files-2.25.so
7f9e35ac6000-7f9e35cc5000 ---p 0000b000 08:0a 1574939                    /usr/lib/libnss_files-2.25.so
7f9e35cc5000-7f9e35cc6000 r--p 0000a000 08:0a 1574939                    /usr/lib/libnss_files-2.25.so
7f9e35cc6000-7f9e35cc7000 rw-p 0000b000 08:0a 1574939                    /usr/lib/libnss_files-2.25.so
7f9e35cc7000-7f9e35ccd000 rw-p 00000000 00:00 0 
7f9e35ccd000-7f9e35cd8000 r-xp 00000000 08:0a 1574937                    /usr/lib/libnss_nis-2.25.so
7f9e35cd8000-7f9e35ed7000 ---p 0000b000 08:0a 1574937                    /usr/lib/libnss_nis-2.25.so
7f9e35ed7000-7f9e35ed8000 r--p 0000a000 08:0a 1574937                    /usr/lib/libnss_nis-2.25.so
7f9e35ed8000-7f9e35ed9000 rw-p 0000b000 08:0a 1574937                    /usr/lib/libnss_nis-2.25.so
7f9e35ed9000-7f9e35eee000 r-xp 00000000 08:0a 1574933                    /usr/lib/libnsl-2.25.so
7f9e35eee000-7f9e360ed000 ---p 00015000 08:0a 1574933                    /usr/lib/libnsl-2.25.so
7f9e360ed000-7f9e360ee000 r--p 00014000 08:0a 1574933                    /usr/lib/libnsl-2.25.so
7f9e360ee000-7f9e360ef000 rw-p 00015000 08:0a 1574933                    /usr/lib/libnsl-2.25.so
7f9e360ef000-7f9e360f1000 rw-p 00000000 00:00 0 
7f9e360f1000-7f9e360f8000 r-xp 00000000 08:0a 1574980                    /usr/lib/libnss_compat-2.25.so
7f9e360f8000-7f9e362f7000 ---p 00007000 08:0a 1574980                    /usr/lib/libnss_compat-2.25.so
7f9e362f7000-7f9e362f8000 r--p 00006000 08:0a 1574980                    /usr/lib/libnss_compat-2.25.so
7f9e362f8000-7f9e362f9000 rw-p 00007000 08:0a 1574980                    /usr/lib/libnss_compat-2.25.so
7f9e362f9000-7f9e36326000 r-xp 00000000 08:0a 2240768                    /usr/lib/jvm/java-8-openjdk/jre/lib/amd64/libjava.so
7f9e36326000-7f9e36525000 ---p 0002d000 08:0a 2240768                    /usr/lib/jvm/java-8-openjdk/jre/lib/amd64/libjava.so
7f9e36525000-7f9e36526000 r--p 0002c000 08:0a 2240768                    /usr/lib/jvm/java-8-openjdk/jre/lib/amd64/libjava.so
7f9e36526000-7f9e36528000 rw-p 0002d000 08:0a 2240768                    /usr/lib/jvm/java-8-openjdk/jre/lib/amd64/libjava.so
7f9e36528000-7f9e36535000 r-xp 00000000 08:0a 2240510                    /usr/lib/jvm/java-8-openjdk/jre/lib/amd64/libverify.so
7f9e36535000-7f9e36734000 ---p 0000d000 08:0a 2240510                    /usr/lib/jvm/java-8-openjdk/jre/lib/amd64/libverify.so
7f9e36734000-7f9e36736000 r--p 0000c000 08:0a 2240510                    /usr/lib/jvm/java-8-openjdk/jre/lib/amd64/libverify.so
7f9e36736000-7f9e36737000 rw-p 0000e000 08:0a 2240510                    /usr/lib/jvm/java-8-openjdk/jre/lib/amd64/libverify.so
7f9e36737000-7f9e3673e000 r-xp 00000000 08:0a 1574931                    /usr/lib/librt-2.25.so
7f9e3673e000-7f9e3693d000 ---p 00007000 08:0a 1574931                    /usr/lib/librt-2.25.so
7f9e3693d000-7f9e3693e000 r--p 00006000 08:0a 1574931                    /usr/lib/librt-2.25.so
7f9e3693e000-7f9e3693f000 rw-p 00007000 08:0a 1574931                    /usr/lib/librt-2.25.so
7f9e3693f000-7f9e36a51000 r-xp 00000000 08:0a 1574934                    /usr/lib/libm-2.25.so
7f9e36a51000-7f9e36c50000 ---p 00112000 08:0a 1574934                    /usr/lib/libm-2.25.so
7f9e36c50000-7f9e36c51000 r--p 00111000 08:0a 1574934                    /usr/lib/libm-2.25.so
7f9e36c51000-7f9e36c52000 rw-p 00112000 08:0a 1574934                    /usr/lib/libm-2.25.so
7f9e36c52000-7f9e3787d000 r-xp 00000000 08:0a 2240777                    /usr/lib/jvm/java-8-openjdk/jre/lib/amd64/server/libjvm.so
7f9e3787d000-7f9e37a7c000 ---p 00c2b000 08:0a 2240777                    /usr/lib/jvm/java-8-openjdk/jre/lib/amd64/server/libjvm.so
7f9e37a7c000-7f9e37b10000 r--p 00c2a000 08:0a 2240777                    /usr/lib/jvm/java-8-openjdk/jre/lib/amd64/server/libjvm.so
7f9e37b10000-7f9e37b39000 rw-p 00cbe000 08:0a 2240777                    /usr/lib/jvm/java-8-openjdk/jre/lib/amd64/server/libjvm.so
7f9e37b39000-7f9e37b69000 rw-p 00000000 00:00 0 
7f9e37b69000-7f9e37d04000 r-xp 00000000 08:0a 1575057                    /usr/lib/libc-2.25.so
7f9e37d04000-7f9e37f03000 ---p 0019b000 08:0a 1575057                    /usr/lib/libc-2.25.so
7f9e37f03000-7f9e37f07000 r--p 0019a000 08:0a 1575057                    /usr/lib/libc-2.25.so
7f9e37f07000-7f9e37f09000 rw-p 0019e000 08:0a 1575057                    /usr/lib/libc-2.25.so
7f9e37f09000-7f9e37f0d000 rw-p 00000000 00:00 0 
7f9e37f0d000-7f9e37f10000 r-xp 00000000 08:0a 1574935                    /usr/lib/libdl-2.25.so
7f9e37f10000-7f9e3810f000 ---p 00003000 08:0a 1574935                    /usr/lib/libdl-2.25.so
7f9e3810f000-7f9e38110000 r--p 00002000 08:0a 1574935                    /usr/lib/libdl-2.25.so
7f9e38110000-7f9e38111000 rw-p 00003000 08:0a 1574935                    /usr/lib/libdl-2.25.so
7f9e38111000-7f9e3811e000 r-xp 00000000 08:0a 2240780                    /usr/lib/jvm/java-8-openjdk/jre/lib/amd64/jli/libjli.so
7f9e3811e000-7f9e3831d000 ---p 0000d000 08:0a 2240780                    /usr/lib/jvm/java-8-openjdk/jre/lib/amd64/jli/libjli.so
7f9e3831d000-7f9e3831e000 r--p 0000c000 08:0a 2240780                    /usr/lib/jvm/java-8-openjdk/jre/lib/amd64/jli/libjli.so
7f9e3831e000-7f9e3831f000 rw-p 0000d000 08:0a 2240780                    /usr/lib/jvm/java-8-openjdk/jre/lib/amd64/jli/libjli.so
7f9e3831f000-7f9e38335000 r-xp 00000000 08:0a 1583709                    /usr/lib/libz.so.1.2.11
7f9e38335000-7f9e38534000 ---p 00016000 08:0a 1583709                    /usr/lib/libz.so.1.2.11
7f9e38534000-7f9e38535000 r--p 00015000 08:0a 1583709                    /usr/lib/libz.so.1.2.11
7f9e38535000-7f9e38536000 rw-p 00016000 08:0a 1583709                    /usr/lib/libz.so.1.2.11
7f9e38536000-7f9e3854f000 r-xp 00000000 08:0a 1575076                    /usr/lib/libpthread-2.25.so
7f9e3854f000-7f9e3874e000 ---p 00019000 08:0a 1575076                    /usr/lib/libpthread-2.25.so
7f9e3874e000-7f9e3874f000 r--p 00018000 08:0a 1575076                    /usr/lib/libpthread-2.25.so
7f9e3874f000-7f9e38750000 rw-p 00019000 08:0a 1575076                    /usr/lib/libpthread-2.25.so
7f9e38750000-7f9e38754000 rw-p 00000000 00:00 0 
7f9e38754000-7f9e38777000 r-xp 00000000 08:0a 1575058                    /usr/lib/ld-2.25.so
7f9e3877b000-7f9e38840000 rw-p 00000000 00:00 0 
7f9e38840000-7f9e38843000 ---p 00000000 00:00 0 
7f9e38843000-7f9e38943000 rw-p 00000000 00:00 0 
7f9e38957000-7f9e3896a000 rw-p 00000000 00:00 0 
7f9e3896a000-7f9e38972000 rw-s 00000000 00:27 114057                     /tmp/hsperfdata_heshan/5259
7f9e38972000-7f9e38973000 rw-p 00000000 00:00 0 
7f9e38973000-7f9e38974000 r--p 00000000 00:00 0 
7f9e38974000-7f9e38976000 rw-p 00000000 00:00 0 
7f9e38976000-7f9e38977000 r--p 00022000 08:0a 1575058                    /usr/lib/ld-2.25.so
7f9e38977000-7f9e38978000 rw-p 00023000 08:0a 1575058                    /usr/lib/ld-2.25.so
7f9e38978000-7f9e38979000 rw-p 00000000 00:00 0 
7ffd9bc8f000-7ffd9bcb0000 rw-p 00000000 00:00 0                          [stack]
7ffd9bdb2000-7ffd9bdb4000 r--p 00000000 00:00 0                          [vvar]
7ffd9bdb4000-7ffd9bdb6000 r-xp 00000000 00:00 0                          [vdso]
ffffffffff600000-ffffffffff601000 r-xp 00000000 00:00 0                  [vsyscall]

VM Arguments:
jvm_args: -Dfile.encoding=UTF-8 
java_command: servicebus.ServiceBus
java_class_path (initial): /home/heshan/Projects/NetBeansProjects/EnterpriseServiceBus/ServiceBus/libs/jython-standalone-2.7.0.jar:/home/heshan/Projects/NetBeansProjects/EnterpriseServiceBus/ServiceBus/build/classes
Launcher Type: SUN_STANDARD

Environment Variables:
PATH=/usr/local/sbin:/usr/local/bin:/usr/bin:/usr/lib/jvm/default/bin:/usr/bin/site_perl:/usr/bin/vendor_perl:/usr/bin/core_perl
USERNAME=heshan
LD_LIBRARY_PATH=/usr/lib/jvm/java-8-openjdk/jre/lib/amd64:/usr/lib/jvm/java-8-openjdk/jre/lib/i386:
SHELL=/bin/bash
DISPLAY=:0

Signal Handlers:
SIGSEGV: [libjvm.so+0xa2d880], sa_mask[0]=11111111011111111101111111111110, sa_flags=SA_RESTART|SA_SIGINFO
SIGBUS: [libjvm.so+0xa2d880], sa_mask[0]=11111111011111111101111111111110, sa_flags=SA_RESTART|SA_SIGINFO
SIGFPE: [libjvm.so+0x881d40], sa_mask[0]=11111111011111111101111111111110, sa_flags=SA_RESTART|SA_SIGINFO
SIGPIPE: [libjvm.so+0x881d40], sa_mask[0]=11111111011111111101111111111110, sa_flags=SA_RESTART|SA_SIGINFO
SIGXFSZ: [libjvm.so+0x881d40], sa_mask[0]=11111111011111111101111111111110, sa_flags=SA_RESTART|SA_SIGINFO
SIGILL: [libjvm.so+0x881d40], sa_mask[0]=11111111011111111101111111111110, sa_flags=SA_RESTART|SA_SIGINFO
SIGUSR1: SIG_DFL, sa_mask[0]=00000000000000000000000000000000, sa_flags=none
SIGUSR2: [libjvm.so+0x881c10], sa_mask[0]=00100000000000000000000000000000, sa_flags=SA_RESTART|SA_SIGINFO
SIGHUP: [libjvm.so+0x882080], sa_mask[0]=11111111011111111101111111111110, sa_flags=SA_RESTART|SA_SIGINFO
SIGINT: SIG_IGN, sa_mask[0]=00000000000000000000000000000000, sa_flags=none
SIGTERM: [libjvm.so+0x882080], sa_mask[0]=11111111011111111101111111111110, sa_flags=SA_RESTART|SA_SIGINFO
SIGQUIT: [libjvm.so+0x882080], sa_mask[0]=11111111011111111101111111111110, sa_flags=SA_RESTART|SA_SIGINFO


---------------  S Y S T E M  ---------------

OS:NAME="Arch Linux"
PRETTY_NAME="Arch Linux"
ID=arch
ID_LIKE=archlinux
ANSI_COLOR="0;36"
HOME_URL="https://www.archlinux.org/"
SUPPORT_URL="https://bbs.archlinux.org/"
BUG_REPORT_URL="https://bugs.archlinux.org/"


uname:Linux 4.10.13-1-ARCH #1 SMP PREEMPT Thu Apr 27 12:15:09 CEST 2017 x86_64
libc:glibc 2.25 NPTL 2.25 
rlimit: STACK 8192k, CORE infinity, NPROC 15437, NOFILE 4096, AS infinity
load average:2.41 2.25 2.41

/proc/meminfo:
MemTotal:        3961096 kB
MemFree:          148808 kB
MemAvailable:     808100 kB
Buffers:           94452 kB
Cached:           984956 kB
SwapCached:            0 kB
Active:          2610640 kB
Inactive:         962044 kB
Active(anon):    2187492 kB
Inactive(anon):   550968 kB
Active(file):     423148 kB
Inactive(file):   411076 kB
Unevictable:           0 kB
Mlocked:               0 kB
SwapTotal:       8388604 kB
SwapFree:        8388200 kB
Dirty:             37152 kB
Writeback:             0 kB
AnonPages:       2460840 kB
Mapped:           355632 kB
Shmem:            245156 kB
Slab:              95592 kB
SReclaimable:      55948 kB
SUnreclaim:        39644 kB
KernelStack:       11200 kB
PageTables:        49732 kB
NFS_Unstable:          0 kB
Bounce:                0 kB
WritebackTmp:          0 kB
CommitLimit:    10369152 kB
Committed_AS:    7270592 kB
VmallocTotal:   34359738367 kB
VmallocUsed:           0 kB
VmallocChunk:          0 kB
HardwareCorrupted:     0 kB
AnonHugePages:   1069056 kB
ShmemHugePages:        0 kB
ShmemPmdMapped:        0 kB
HugePages_Total:       0
HugePages_Free:        0
HugePages_Rsvd:        0
HugePages_Surp:        0
Hugepagesize:       2048 kB
DirectMap4k:      155704 kB
DirectMap2M:     3948544 kB
DirectMap1G:           0 kB


CPU:total 4 (2 cores per cpu, 2 threads per core) family 6 model 61 stepping 4, cmov, cx8, fxsr, mmx, sse, sse2, sse3, ssse3, sse4.1, sse4.2, popcnt, avx, avx2, aes, clmul, erms, 3dnowpref, lzcnt, ht, tsc, tscinvbit, bmi1, bmi2, adx

/proc/cpuinfo:
processor	: 0
vendor_id	: GenuineIntel
cpu family	: 6
model		: 61
model name	: Intel(R) Core(TM) i3-5005U CPU @ 2.00GHz
stepping	: 4
microcode	: 0x18
cpu MHz		: 1899.902
cache size	: 3072 KB
physical id	: 0
siblings	: 4
core id		: 0
cpu cores	: 2
apicid		: 0
initial apicid	: 0
fpu		: yes
fpu_exception	: yes
cpuid level	: 20
wp		: yes
flags		: fpu vme de pse tsc msr pae mce cx8 apic sep mtrr pge mca cmov pat pse36 clflush dts acpi mmx fxsr sse sse2 ss ht tm pbe syscall nx pdpe1gb rdtscp lm constant_tsc arch_perfmon pebs bts rep_good nopl xtopology nonstop_tsc aperfmperf pni pclmulqdq dtes64 monitor ds_cpl vmx est tm2 ssse3 sdbg fma cx16 xtpr pdcm pcid sse4_1 sse4_2 x2apic movbe popcnt tsc_deadline_timer aes xsave avx f16c rdrand lahf_lm abm 3dnowprefetch epb intel_pt tpr_shadow vnmi flexpriority ept vpid fsgsbase tsc_adjust bmi1 avx2 smep bmi2 erms invpcid rdseed adx smap xsaveopt dtherm arat pln pts
bugs		:
bogomips	: 3992.95
clflush size	: 64
cache_alignment	: 64
address sizes	: 39 bits physical, 48 bits virtual
power management:

processor	: 1
vendor_id	: GenuineIntel
cpu family	: 6
model		: 61
model name	: Intel(R) Core(TM) i3-5005U CPU @ 2.00GHz
stepping	: 4
microcode	: 0x18
cpu MHz		: 1900.024
cache size	: 3072 KB
physical id	: 0
siblings	: 4
core id		: 1
cpu cores	: 2
apicid		: 2
initial apicid	: 2
fpu		: yes
fpu_exception	: yes
cpuid level	: 20
wp		: yes
flags		: fpu vme de pse tsc msr pae mce cx8 apic sep mtrr pge mca cmov pat pse36 clflush dts acpi mmx fxsr sse sse2 ss ht tm pbe syscall nx pdpe1gb rdtscp lm constant_tsc arch_perfmon pebs bts rep_good nopl xtopology nonstop_tsc aperfmperf pni pclmulqdq dtes64 monitor ds_cpl vmx est tm2 ssse3 sdbg fma cx16 xtpr pdcm pcid sse4_1 sse4_2 x2apic movbe popcnt tsc_deadline_timer aes xsave avx f16c rdrand lahf_lm abm 3dnowprefetch epb intel_pt tpr_shadow vnmi flexpriority ept vpid fsgsbase tsc_adjust bmi1 avx2 smep bmi2 erms invpcid rdseed adx smap xsaveopt dtherm arat pln pts
bugs		:
bogomips	: 3993.24
clflush size	: 64
cache_alignment	: 64
address sizes	: 39 bits physical, 48 bits virtual
power management:

processor	: 2
vendor_id	: GenuineIntel
cpu family	: 6
model		: 61
model name	: Intel(R) Core(TM) i3-5005U CPU @ 2.00GHz
stepping	: 4
microcode	: 0x18
cpu MHz		: 1899.902
cache size	: 3072 KB
physical id	: 0
siblings	: 4
core id		: 0
cpu cores	: 2
apicid		: 1
initial apicid	: 1
fpu		: yes
fpu_exception	: yes
cpuid level	: 20
wp		: yes
flags		: fpu vme de pse tsc msr pae mce cx8 apic sep mtrr pge mca cmov pat pse36 clflush dts acpi mmx fxsr sse sse2 ss ht tm pbe syscall nx pdpe1gb rdtscp lm constant_tsc arch_perfmon pebs bts rep_good nopl xtopology nonstop_tsc aperfmperf pni pclmulqdq dtes64 monitor ds_cpl vmx est tm2 ssse3 sdbg fma cx16 xtpr pdcm pcid sse4_1 sse4_2 x2apic movbe popcnt tsc_deadline_timer aes xsave avx f16c rdrand lahf_lm abm 3dnowprefetch epb intel_pt tpr_shadow vnmi flexpriority ept vpid fsgsbase tsc_adjust bmi1 avx2 smep bmi2 erms invpcid rdseed adx smap xsaveopt dtherm arat pln pts
bugs		:
bogomips	: 3994.90
clflush size	: 64
cache_alignment	: 64
address sizes	: 39 bits physical, 48 bits virtual
power management:

processor	: 3
vendor_id	: GenuineIntel
cpu family	: 6
model		: 61
model name	: Intel(R) Core(TM) i3-5005U CPU @ 2.00GHz
stepping	: 4
microcode	: 0x18
cpu MHz		: 1899.902
cache size	: 3072 KB
physical id	: 0
siblings	: 4
core id		: 1
cpu cores	: 2
apicid		: 3
initial apicid	: 3
fpu		: yes
fpu_exception	: yes
cpuid level	: 20
wp		: yes
flags		: fpu vme de pse tsc msr pae mce cx8 apic sep mtrr pge mca cmov pat pse36 clflush dts acpi mmx fxsr sse sse2 ss ht tm pbe syscall nx pdpe1gb rdtscp lm constant_tsc arch_perfmon pebs bts rep_good nopl xtopology nonstop_tsc aperfmperf pni pclmulqdq dtes64 monitor ds_cpl vmx est tm2 ssse3 sdbg fma cx16 xtpr pdcm pcid sse4_1 sse4_2 x2apic movbe popcnt tsc_deadline_timer aes xsave avx f16c rdrand lahf_lm abm 3dnowprefetch epb intel_pt tpr_shadow vnmi flexpriority ept vpid fsgsbase tsc_adjust bmi1 avx2 smep bmi2 erms invpcid rdseed adx smap xsaveopt dtherm arat pln pts
bugs		:
bogomips	: 3993.27
clflush size	: 64
cache_alignment	: 64
address sizes	: 39 bits physical, 48 bits virtual
power management:



Memory: 4k page, physical 3961096k(148808k free), swap 8388604k(8388200k free)

vm_info: OpenJDK 64-Bit Server VM (25.121-b13) for linux-amd64 JRE (1.8.0_121-b13), built on Jan 22 2017 09:22:31 by "builduser" with gcc 6.3.1 20170109

time: Thu Jun  1 21:29:57 2017
elapsed time: 7 seconds (0d 0h 0m 7s)

