#
# A fatal error has been detected by the Java Runtime Environment:
#
#  SIGSEGV (0xb) at pc=0x00007fb03d6074be, pid=24041, tid=0x00007fb039777700
#
# JRE version: OpenJDK Runtime Environment (8.0_121-b13) (build 1.8.0_121-b13)
# Java VM: OpenJDK 64-Bit Server VM (25.121-b13 mixed mode linux-amd64 compressed oops)
# Problematic frame:
# J 1587 C2 java.lang.StringBuilder.append(Ljava/lang/String;)Ljava/lang/StringBuilder; (8 bytes) @ 0x00007fb03d6074be [0x00007fb03d607480+0x3e]
#
# Core dump written. Default location: /home/heshan/Projects/NetBeansProjects/EnterpriseServiceBus/ServiceBus/core or core.24041
#
# If you would like to submit a bug report, please visit:
#   http://bugreport.java.com/bugreport/crash.jsp
#

---------------  T H R E A D  ---------------

Current thread (0x00007fb04c15e800):  JavaThread "Thread-0" [_thread_in_Java, id=24078, stack(0x00007fb039677000,0x00007fb039778000)]

siginfo: si_signo: 11 (SIGSEGV), si_code: 1 (SEGV_MAPERR), si_addr: 0x00006e6168736574

Registers:
RAX=0x00007fb0507d0400, RBX=0x00007fb0507d0400, RCX=0x00000000f0291808, RDX=0x00006e6168736568
RSP=0x00007fb0397768e0, RBP=0x00007fb0397769a0, RSI=0x00000000f0291808, RDI=0x00000000f026c768
R8 =0x0000000000000010, R9 =0x00000000f026c750, R10=0x00007fb053ed3860, R11=0x00007fb03d6074a0
R12=0x0000000000000000, R13=0x00007fb039776948, R14=0x00007fb039776a30, R15=0x00007fb04c15e800
RIP=0x00007fb03d6074be, EFLAGS=0x0000000000010202, CSGSFS=0x002b000000000033, ERR=0x0000000000000004
  TRAPNO=0x000000000000000e

Top of Stack: (sp=0x00007fb0397768e0)
0x00007fb0397768e0:   00000000f0291808 0000000000000000
0x00007fb0397768f0:   00000010397768e0 00007fb0394869f9
0x00007fb039776900:   00007fb039776958 00007fb038456578
0x00007fb039776910:   00006e6168736568 00007fb039486a20
0x00007fb039776920:   0000000000000000 00007fb039776950
0x00007fb039776930:   00007fb0397769a0 00007fb03d007d80
0x00007fb039776940:   00007fb03d007d80 00006e6168736568
0x00007fb039776950:   00000000f0291808 00000000f028b648
0x00007fb039776960:   00007fb039776960 00007fb050b5aa96
0x00007fb039776970:   00007fb039776a30 00007fb050b5b118
0x00007fb039776980:   0000000000000000 00007fb050b5aec0
0x00007fb039776990:   00007fb039776948 00007fb039776a30
0x00007fb0397769a0:   00007fb039776a78 00007fb03d008042
0x00007fb0397769b0:   00000000c5007650 00000000f0279478
0x00007fb0397769c0:   0000000000000001 00000000c5007510
0x00007fb0397769d0:   00006e6168736568 00000000f0288128
0x00007fb0397769e0:   00000000c5007600 00000000c5007510
0x00007fb0397769f0:   0000000000000003 00000000c50074e8
0x00007fb039776a00:   000000000000000c 00000000f0287ba8
0x00007fb039776a10:   00000000f0287c40 00000000f0287b78
0x00007fb039776a20:   00000000c41e6328 00000000f028b648
0x00007fb039776a30:   00000000c4fda468 00007fb039776a38
0x00007fb039776a40:   00007fb050785993 00007fb039776a88
0x00007fb039776a50:   00007fb05080d010 0000000000000000
0x00007fb039776a60:   00007fb0507859a0 00007fb039776a30
0x00007fb039776a70:   00007fb039776a88 00007fb039776af0
0x00007fb039776a80:   00007fb03d0004e7 00000000c4fda2b8
0x00007fb039776a90:   0000000000001fa0 00007fb04c15e800
0x00007fb039776aa0:   00007fb039776cd0 00007fb039776b90
0x00007fb039776ab0:   00007fb04c15e800 00007fb0507859a0
0x00007fb039776ac0:   00007fb039776b90 00007fb039776d68
0x00007fb039776ad0:   00007fb00000000a 00007fb0507859a0 

Instructions: (pc=0x00007fb03d6074be)
0x00007fb03d60749e:   66 90 89 84 24 00 c0 fe ff 55 48 83 ec 50 48 89
0x00007fb03d6074ae:   34 24 48 89 54 24 30 48 85 d2 0f 84 e2 01 00 00
0x00007fb03d6074be:   44 8b 5a 0c 41 8b 5b 0c 8b 7e 10 44 8b 57 0c 44
0x00007fb03d6074ce:   89 54 24 14 44 8b 56 0c 44 8b cb 45 03 ca 41 8b 

Register to memory mapping:

RAX={method} {0x00007fb0507d0400} 'append' '(Ljava/lang/String;)Ljava/lang/StringBuilder;' in 'java/lang/StringBuilder'
RBX={method} {0x00007fb0507d0400} 'append' '(Ljava/lang/String;)Ljava/lang/StringBuilder;' in 'java/lang/StringBuilder'
RCX=0x00000000f0291808 is an oop
java.lang.StringBuilder 
 - klass: 'java/lang/StringBuilder'
RDX=0x00006e6168736568 is an unknown value
RSP=0x00007fb0397768e0 is pointing into the stack for thread: 0x00007fb04c15e800
RBP=0x00007fb0397769a0 is pointing into the stack for thread: 0x00007fb04c15e800
RSI=0x00000000f0291808 is an oop
java.lang.StringBuilder 
 - klass: 'java/lang/StringBuilder'
RDI=0x00000000f026c768 is an oop

[error occurred during error reporting (printing register info), id 0xb]

Stack: [0x00007fb039677000,0x00007fb039778000],  sp=0x00007fb0397768e0,  free space=1022k
Native frames: (J=compiled Java code, j=interpreted, Vv=VM code, C=native code)
J 1587 C2 java.lang.StringBuilder.append(Ljava/lang/String;)Ljava/lang/StringBuilder; (8 bytes) @ 0x00007fb03d6074be [0x00007fb03d607480+0x3e]
j  servicebus.ServiceBus.run()V+454
j  java.lang.Thread.run()V+11
v  ~StubRoutines::call_stub
V  [libjvm.so+0x6453a3]
V  [libjvm.so+0x642af7]
V  [libjvm.so+0x6430c7]
V  [libjvm.so+0x67f4e5]
V  [libjvm.so+0x9d35ff]
V  [libjvm.so+0x9d39d5]
V  [libjvm.so+0x8838a2]
C  [libpthread.so.0+0x72e7]  start_thread+0xd7


---------------  P R O C E S S  ---------------

Java Threads: ( => current thread )
=>0x00007fb04c15e800 JavaThread "Thread-0" [_thread_in_Java, id=24078, stack(0x00007fb039677000,0x00007fb039778000)]
  0x00007fb04c0d1800 JavaThread "Service Thread" daemon [_thread_blocked, id=24057, stack(0x00007fb039d15000,0x00007fb039e16000)]
  0x00007fb04c0bc000 JavaThread "C1 CompilerThread2" daemon [_thread_blocked, id=24056, stack(0x00007fb039e16000,0x00007fb039f17000)]
  0x00007fb04c0ba800 JavaThread "C2 CompilerThread1" daemon [_thread_blocked, id=24055, stack(0x00007fb039f17000,0x00007fb03a018000)]
  0x00007fb04c0b7800 JavaThread "C2 CompilerThread0" daemon [_thread_blocked, id=24054, stack(0x00007fb03a018000,0x00007fb03a119000)]
  0x00007fb04c0b6000 JavaThread "Signal Dispatcher" daemon [_thread_blocked, id=24053, stack(0x00007fb03a119000,0x00007fb03a21a000)]
  0x00007fb04c083800 JavaThread "Finalizer" daemon [_thread_blocked, id=24052, stack(0x00007fb03a3b2000,0x00007fb03a4b3000)]
  0x00007fb04c07f000 JavaThread "Reference Handler" daemon [_thread_blocked, id=24051, stack(0x00007fb03a4b3000,0x00007fb03a5b4000)]
  0x00007fb04c00a000 JavaThread "main" [_thread_in_native, id=24045, stack(0x00007fb054bb6000,0x00007fb054cb7000)]

Other Threads:
  0x00007fb04c077000 VMThread [stack: 0x00007fb03a5b4000,0x00007fb03a6b5000] [id=24050]
  0x00007fb04c0d4000 WatcherThread [stack: 0x00007fb039c14000,0x00007fb039d15000] [id=24058]

VM state:not at safepoint (normal execution)

VM Mutex/Monitor currently owned by a thread: None

Heap:
 PSYoungGen      total 125952K, used 75557K [0x00000000ebd80000, 0x00000000f4800000, 0x0000000100000000)
  eden space 114176K, 63% used [0x00000000ebd80000,0x00000000f04928f8,0x00000000f2d00000)
  from space 11776K, 23% used [0x00000000f3c80000,0x00000000f3f36c28,0x00000000f4800000)
  to   space 13824K, 0% used [0x00000000f2d00000,0x00000000f2d00000,0x00000000f3a80000)
 ParOldGen       total 56832K, used 26826K [0x00000000c3800000, 0x00000000c6f80000, 0x00000000ebd80000)
  object space 56832K, 47% used [0x00000000c3800000,0x00000000c52328c0,0x00000000c6f80000)
 Metaspace       used 25990K, capacity 26884K, committed 27008K, reserved 1071104K
  class space    used 5569K, capacity 5683K, committed 5760K, reserved 1048576K

Card table byte_map: [0x00007fb051683000,0x00007fb051868000] byte_map_base: 0x00007fb051067000

Marking Bits: (ParMarkBitMap*) 0x00007fb053ec2260
 Begin Bits: [0x00007fb03b1c0000, 0x00007fb03c0e0000)
 End Bits:   [0x00007fb03c0e0000, 0x00007fb03d000000)

Polling page: 0x00007fb054ce9000

CodeCache: size=245760Kb used=9482Kb max_used=9515Kb free=236277Kb
 bounds [0x00007fb03d000000, 0x00007fb03d960000, 0x00007fb04c000000]
 total_blobs=2757 nmethods=2292 adapters=379
 compilation: enabled

Compilation events (10 events):
Event: 9.957 Thread 0x00007fb04c0b7800 nmethod 1696 0x00007fb03d929650 code [0x00007fb03d929880, 0x00007fb03d92b850]
Event: 10.143 Thread 0x00007fb04c0ba800 nmethod 2065 0x00007fb03d936f10 code [0x00007fb03d937c00, 0x00007fb03d940808]
Event: 11.388 Thread 0x00007fb04c0bc000 2321       3       java.nio.charset.CoderResult::isOverflow (14 bytes)
Event: 11.389 Thread 0x00007fb04c0bc000 nmethod 2321 0x00007fb03d901150 code [0x00007fb03d9012c0, 0x00007fb03d901470]
Event: 18.612 Thread 0x00007fb04c0bc000 2322       3       java.nio.CharBuffer::hasArray (20 bytes)
Event: 18.613 Thread 0x00007fb04c0bc000 nmethod 2322 0x00007fb03d900d90 code [0x00007fb03d900f00, 0x00007fb03d9010f0]
Event: 18.613 Thread 0x00007fb04c0bc000 2323       3       java.nio.ByteBuffer::hasArray (20 bytes)
Event: 18.613 Thread 0x00007fb04c0bc000 nmethod 2323 0x00007fb03d9009d0 code [0x00007fb03d900b40, 0x00007fb03d900d30]
Event: 18.614 Thread 0x00007fb04c0b7800 2324   !   4       sun.misc.URLClassPath$JarLoader::getResource (85 bytes)
Event: 18.653 Thread 0x00007fb04c0b7800 nmethod 2324 0x00007fb03d9268d0 code [0x00007fb03d926ba0, 0x00007fb03d928020]

GC Heap History (10 events):
Event: 7.295 GC heap before
{Heap before GC invocations=5 (full 0):
 PSYoungGen      total 34304K, used 34304K [0x00000000ebd80000, 0x00000000ee180000, 0x0000000100000000)
  eden space 31744K, 100% used [0x00000000ebd80000,0x00000000edc80000,0x00000000edc80000)
  from space 2560K, 100% used [0x00000000edf00000,0x00000000ee180000,0x00000000ee180000)
  to   space 2560K, 0% used [0x00000000edc80000,0x00000000edc80000,0x00000000edf00000)
 ParOldGen       total 42496K, used 18262K [0x00000000c3800000, 0x00000000c6180000, 0x00000000ebd80000)
  object space 42496K, 42% used [0x00000000c3800000,0x00000000c49d59a0,0x00000000c6180000)
 Metaspace       used 18714K, capacity 18888K, committed 18944K, reserved 1064960K
  class space    used 4276K, capacity 4344K, committed 4352K, reserved 1048576K
Event: 7.316 GC heap after
Heap after GC invocations=5 (full 0):
 PSYoungGen      total 34304K, used 2528K [0x00000000ebd80000, 0x00000000f1680000, 0x0000000100000000)
  eden space 31744K, 0% used [0x00000000ebd80000,0x00000000ebd80000,0x00000000edc80000)
  from space 2560K, 98% used [0x00000000edc80000,0x00000000edef8040,0x00000000edf00000)
  to   space 13824K, 0% used [0x00000000f0900000,0x00000000f0900000,0x00000000f1680000)
 ParOldGen       total 42496K, used 27518K [0x00000000c3800000, 0x00000000c6180000, 0x00000000ebd80000)
  object space 42496K, 64% used [0x00000000c3800000,0x00000000c52dfb30,0x00000000c6180000)
 Metaspace       used 18714K, capacity 18888K, committed 18944K, reserved 1064960K
  class space    used 4276K, capacity 4344K, committed 4352K, reserved 1048576K
}
Event: 7.733 GC heap before
{Heap before GC invocations=6 (full 0):
 PSYoungGen      total 34304K, used 31164K [0x00000000ebd80000, 0x00000000f1680000, 0x0000000100000000)
  eden space 31744K, 90% used [0x00000000ebd80000,0x00000000ed9772b8,0x00000000edc80000)
  from space 2560K, 98% used [0x00000000edc80000,0x00000000edef8040,0x00000000edf00000)
  to   space 13824K, 0% used [0x00000000f0900000,0x00000000f0900000,0x00000000f1680000)
 ParOldGen       total 42496K, used 27518K [0x00000000c3800000, 0x00000000c6180000, 0x00000000ebd80000)
  object space 42496K, 64% used [0x00000000c3800000,0x00000000c52dfb30,0x00000000c6180000)
 Metaspace       used 20893K, capacity 21108K, committed 21248K, reserved 1064960K
  class space    used 4688K, capacity 4764K, committed 4864K, reserved 1048576K
Event: 7.762 GC heap after
Heap after GC invocations=6 (full 0):
 PSYoungGen      total 77312K, used 4553K [0x00000000ebd80000, 0x00000000f1680000, 0x0000000100000000)
  eden space 63488K, 0% used [0x00000000ebd80000,0x00000000ebd80000,0x00000000efb80000)
  from space 13824K, 32% used [0x00000000f0900000,0x00000000f0d72790,0x00000000f1680000)
  to   space 13824K, 0% used [0x00000000efb80000,0x00000000efb80000,0x00000000f0900000)
 ParOldGen       total 42496K, used 27526K [0x00000000c3800000, 0x00000000c6180000, 0x00000000ebd80000)
  object space 42496K, 64% used [0x00000000c3800000,0x00000000c52e1b30,0x00000000c6180000)
 Metaspace       used 20893K, capacity 21108K, committed 21248K, reserved 1064960K
  class space    used 4688K, capacity 4764K, committed 4864K, reserved 1048576K
}
Event: 7.762 GC heap before
{Heap before GC invocations=7 (full 1):
 PSYoungGen      total 77312K, used 4553K [0x00000000ebd80000, 0x00000000f1680000, 0x0000000100000000)
  eden space 63488K, 0% used [0x00000000ebd80000,0x00000000ebd80000,0x00000000efb80000)
  from space 13824K, 32% used [0x00000000f0900000,0x00000000f0d72790,0x00000000f1680000)
  to   space 13824K, 0% used [0x00000000efb80000,0x00000000efb80000,0x00000000f0900000)
 ParOldGen       total 42496K, used 27526K [0x00000000c3800000, 0x00000000c6180000, 0x00000000ebd80000)
  object space 42496K, 64% used [0x00000000c3800000,0x00000000c52e1b30,0x00000000c6180000)
 Metaspace       used 20893K, capacity 21108K, committed 21248K, reserved 1064960K
  class space    used 4688K, capacity 4764K, committed 4864K, reserved 1048576K
Event: 7.878 GC heap after
Heap after GC invocations=7 (full 1):
 PSYoungGen      total 77312K, used 0K [0x00000000ebd80000, 0x00000000f1680000, 0x0000000100000000)
  eden space 63488K, 0% used [0x00000000ebd80000,0x00000000ebd80000,0x00000000efb80000)
  from space 13824K, 0% used [0x00000000f0900000,0x00000000f0900000,0x00000000f1680000)
  to   space 13824K, 0% used [0x00000000efb80000,0x00000000efb80000,0x00000000f0900000)
 ParOldGen       total 56832K, used 26810K [0x00000000c3800000, 0x00000000c6f80000, 0x00000000ebd80000)
  object space 56832K, 47% used [0x00000000c3800000,0x00000000c522e8c0,0x00000000c6f80000)
 Metaspace       used 20893K, capacity 21108K, committed 21248K, reserved 1064960K
  class space    used 4688K, capacity 4764K, committed 4864K, reserved 1048576K
}
Event: 8.823 GC heap before
{Heap before GC invocations=8 (full 1):
 PSYoungGen      total 77312K, used 63488K [0x00000000ebd80000, 0x00000000f1680000, 0x0000000100000000)
  eden space 63488K, 100% used [0x00000000ebd80000,0x00000000efb80000,0x00000000efb80000)
  from space 13824K, 0% used [0x00000000f0900000,0x00000000f0900000,0x00000000f1680000)
  to   space 13824K, 0% used [0x00000000efb80000,0x00000000efb80000,0x00000000f0900000)
 ParOldGen       total 56832K, used 26810K [0x00000000c3800000, 0x00000000c6f80000, 0x00000000ebd80000)
  object space 56832K, 47% used [0x00000000c3800000,0x00000000c522e8c0,0x00000000c6f80000)
 Metaspace       used 24584K, capacity 25028K, committed 25216K, reserved 1069056K
  class space    used 5366K, capacity 5460K, committed 5504K, reserved 1048576K
Event: 8.828 GC heap after
Heap after GC invocations=8 (full 1):
 PSYoungGen      total 77312K, used 2857K [0x00000000ebd80000, 0x00000000f4a00000, 0x0000000100000000)
  eden space 63488K, 0% used [0x00000000ebd80000,0x00000000ebd80000,0x00000000efb80000)
  from space 13824K, 20% used [0x00000000efb80000,0x00000000efe4a560,0x00000000f0900000)
  to   space 13824K, 0% used [0x00000000f3c80000,0x00000000f3c80000,0x00000000f4a00000)
 ParOldGen       total 56832K, used 26818K [0x00000000c3800000, 0x00000000c6f80000, 0x00000000ebd80000)
  object space 56832K, 47% used [0x00000000c3800000,0x00000000c52308c0,0x00000000c6f80000)
 Metaspace       used 24584K, capacity 25028K, committed 25216K, reserved 1069056K
  class space    used 5366K, capacity 5460K, committed 5504K, reserved 1048576K
}
Event: 9.253 GC heap before
{Heap before GC invocations=9 (full 1):
 PSYoungGen      total 77312K, used 66345K [0x00000000ebd80000, 0x00000000f4a00000, 0x0000000100000000)
  eden space 63488K, 100% used [0x00000000ebd80000,0x00000000efb80000,0x00000000efb80000)
  from space 13824K, 20% used [0x00000000efb80000,0x00000000efe4a560,0x00000000f0900000)
  to   space 13824K, 0% used [0x00000000f3c80000,0x00000000f3c80000,0x00000000f4a00000)
 ParOldGen       total 56832K, used 26818K [0x00000000c3800000, 0x00000000c6f80000, 0x00000000ebd80000)
  object space 56832K, 47% used [0x00000000c3800000,0x00000000c52308c0,0x00000000c6f80000)
 Metaspace       used 25107K, capacity 25744K, committed 25984K, reserved 1069056K
  class space    used 5396K, capacity 5503K, committed 5504K, reserved 1048576K
Event: 9.262 GC heap after
Heap after GC invocations=9 (full 1):
 PSYoungGen      total 125952K, used 2779K [0x00000000ebd80000, 0x00000000f4800000, 0x0000000100000000)
  eden space 114176K, 0% used [0x00000000ebd80000,0x00000000ebd80000,0x00000000f2d00000)
  from space 11776K, 23% used [0x00000000f3c80000,0x00000000f3f36c28,0x00000000f4800000)
  to   space 13824K, 0% used [0x00000000f2d00000,0x00000000f2d00000,0x00000000f3a80000)
 ParOldGen       total 56832K, used 26826K [0x00000000c3800000, 0x00000000c6f80000, 0x00000000ebd80000)
  object space 56832K, 47% used [0x00000000c3800000,0x00000000c52328c0,0x00000000c6f80000)
 Metaspace       used 25107K, capacity 25744K, committed 25984K, reserved 1069056K
  class space    used 5396K, capacity 5503K, committed 5504K, reserved 1048576K
}

Deoptimization events (10 events):
Event: 8.981 Thread 0x00007fb04c15e800 Uncommon trap: reason=unstable_if action=reinterpret pc=0x00007fb03d773514 method=org.python.antlr.PythonLexer$DFA46.specialStateTransition(ILorg/python/antlr/runtime/IntStream;)I @ 832
Event: 9.001 Thread 0x00007fb04c15e800 Uncommon trap: reason=unstable_if action=reinterpret pc=0x00007fb03d36b794 method=org.python.antlr.runtime.BaseRecognizer.pushFollow(Lorg/python/antlr/runtime/BitSet;)V @ 17
Event: 9.009 Thread 0x00007fb04c15e800 Uncommon trap: reason=unstable_if action=reinterpret pc=0x00007fb03d5ec444 method=org.python.objectweb.asm.ByteVector.putUTF8(Ljava/lang/String;)Lorg/python/objectweb/asm/ByteVector; @ 91
Event: 9.161 Thread 0x00007fb04c15e800 Uncommon trap: reason=unstable_if action=reinterpret pc=0x00007fb03d8470b0 method=org.python.antlr.PythonParser.xor_expr()Lorg/python/antlr/PythonParser$xor_expr_return; @ 278
Event: 9.337 Thread 0x00007fb04c15e800 Uncommon trap: reason=unloaded action=reinterpret pc=0x00007fb03d86ddc4 method=org.python.core.PyType.fromClass(Ljava/lang/Class;Z)Lorg/python/core/PyType; @ 164
Event: 9.343 Thread 0x00007fb04c15e800 Uncommon trap: reason=class_check action=maybe_recompile pc=0x00007fb03d28b774 method=java.util.concurrent.ConcurrentHashMap.putVal(Ljava/lang/Object;Ljava/lang/Object;Z)Ljava/lang/Object; @ 192
Event: 9.343 Thread 0x00007fb04c15e800 Uncommon trap: reason=class_check action=maybe_recompile pc=0x00007fb03d28b774 method=java.util.concurrent.ConcurrentHashMap.putVal(Ljava/lang/Object;Ljava/lang/Object;Z)Ljava/lang/Object; @ 192
Event: 9.343 Thread 0x00007fb04c15e800 Uncommon trap: reason=class_check action=maybe_recompile pc=0x00007fb03d28b774 method=java.util.concurrent.ConcurrentHashMap.putVal(Ljava/lang/Object;Ljava/lang/Object;Z)Ljava/lang/Object; @ 192
Event: 9.343 Thread 0x00007fb04c15e800 Uncommon trap: reason=class_check action=maybe_recompile pc=0x00007fb03d28b774 method=java.util.concurrent.ConcurrentHashMap.putVal(Ljava/lang/Object;Ljava/lang/Object;Z)Ljava/lang/Object; @ 192
Event: 9.481 Thread 0x00007fb04c15e800 Uncommon trap: reason=unstable_if action=reinterpret pc=0x00007fb03d27aa50 method=java.lang.Class$MethodArray.addIfNotPresent(Ljava/lang/reflect/Method;)V @ 19

Internal exceptions (10 events):
Event: 9.760 Thread 0x00007fb04c15e800 Exception <a 'java/io/FileNotFoundException'> (0x00000000f000fe38) thrown at [/build/java8-openjdk/src/jdk8u-jdk8u121-b13/hotspot/src/share/vm/prims/jni.cpp, line 709]
Event: 9.763 Thread 0x00007fb04c15e800 Exception <a 'java/io/FileNotFoundException'> (0x00000000f0042740) thrown at [/build/java8-openjdk/src/jdk8u-jdk8u121-b13/hotspot/src/share/vm/prims/jni.cpp, line 709]
Event: 9.763 Thread 0x00007fb04c15e800 Exception <a 'java/io/FileNotFoundException'> (0x00000000f0044e98) thrown at [/build/java8-openjdk/src/jdk8u-jdk8u121-b13/hotspot/src/share/vm/prims/jni.cpp, line 709]
Event: 9.763 Thread 0x00007fb04c15e800 Exception <a 'java/io/FileNotFoundException'> (0x00000000f0047408) thrown at [/build/java8-openjdk/src/jdk8u-jdk8u121-b13/hotspot/src/share/vm/prims/jni.cpp, line 709]
Event: 9.767 Thread 0x00007fb04c15e800 Exception <a 'java/io/FileNotFoundException'> (0x00000000f0092070) thrown at [/build/java8-openjdk/src/jdk8u-jdk8u121-b13/hotspot/src/share/vm/prims/jni.cpp, line 709]
Event: 9.767 Thread 0x00007fb04c15e800 Exception <a 'java/io/FileNotFoundException'> (0x00000000f00947c8) thrown at [/build/java8-openjdk/src/jdk8u-jdk8u121-b13/hotspot/src/share/vm/prims/jni.cpp, line 709]
Event: 9.768 Thread 0x00007fb04c15e800 Exception <a 'java/io/FileNotFoundException'> (0x00000000f0096d38) thrown at [/build/java8-openjdk/src/jdk8u-jdk8u121-b13/hotspot/src/share/vm/prims/jni.cpp, line 709]
Event: 9.770 Thread 0x00007fb04c15e800 Exception <a 'java/io/FileNotFoundException'> (0x00000000f00c9640) thrown at [/build/java8-openjdk/src/jdk8u-jdk8u121-b13/hotspot/src/share/vm/prims/jni.cpp, line 709]
Event: 9.771 Thread 0x00007fb04c15e800 Exception <a 'java/io/FileNotFoundException'> (0x00000000f00cbd98) thrown at [/build/java8-openjdk/src/jdk8u-jdk8u121-b13/hotspot/src/share/vm/prims/jni.cpp, line 709]
Event: 9.771 Thread 0x00007fb04c15e800 Exception <a 'java/io/FileNotFoundException'> (0x00000000f00ce308) thrown at [/build/java8-openjdk/src/jdk8u-jdk8u121-b13/hotspot/src/share/vm/prims/jni.cpp, line 709]

Events (10 events):
Event: 9.797 loading class java/net/Socket$3
Event: 9.797 loading class java/net/Socket$3 done
Event: 9.797 loading class java/net/SocketOutputStream
Event: 9.797 loading class java/net/SocketOutputStream done
Event: 18.613 loading class services/JavaServiceDirectory
Event: 18.613 loading class services/JavaServiceDirectory done
Event: 18.615 loading class services/javaServices/RabinKarp
Event: 18.615 loading class services/javaServices/RabinKarp done
Event: 23.882 loading class services/CppServiceDirectory
Event: 23.882 loading class services/CppServiceDirectory done


Dynamic libraries:
00400000-00401000 r-xp 00000000 08:0a 2240423                            /usr/lib/jvm/java-8-openjdk/jre/bin/java
00600000-00601000 r--p 00000000 08:0a 2240423                            /usr/lib/jvm/java-8-openjdk/jre/bin/java
00601000-00602000 rw-p 00001000 08:0a 2240423                            /usr/lib/jvm/java-8-openjdk/jre/bin/java
019c4000-019e5000 rw-p 00000000 00:00 0                                  [heap]
c3800000-c6f80000 rw-p 00000000 00:00 0 
c6f80000-ebd80000 ---p 00000000 00:00 0 
ebd80000-f4800000 rw-p 00000000 00:00 0 
f4800000-100000000 ---p 00000000 00:00 0 
100000000-1005a0000 rw-p 00000000 00:00 0 
1005a0000-140000000 ---p 00000000 00:00 0 
7faffc000000-7faffc784000 rw-p 00000000 00:00 0 
7faffc784000-7fb000000000 ---p 00000000 00:00 0 
7fb00385f000-7fb003875000 r-xp 00000000 08:0a 1587171                    /usr/lib/libgcc_s.so.1
7fb003875000-7fb003a74000 ---p 00016000 08:0a 1587171                    /usr/lib/libgcc_s.so.1
7fb003a74000-7fb003a75000 r--p 00015000 08:0a 1587171                    /usr/lib/libgcc_s.so.1
7fb003a75000-7fb003a76000 rw-p 00016000 08:0a 1587171                    /usr/lib/libgcc_s.so.1
7fb003a76000-7fb003bee000 r-xp 00000000 08:0a 1576452                    /usr/lib/libstdc++.so.6.0.22
7fb003bee000-7fb003dee000 ---p 00178000 08:0a 1576452                    /usr/lib/libstdc++.so.6.0.22
7fb003dee000-7fb003df8000 r--p 00178000 08:0a 1576452                    /usr/lib/libstdc++.so.6.0.22
7fb003df8000-7fb003dfa000 rw-p 00182000 08:0a 1576452                    /usr/lib/libstdc++.so.6.0.22
7fb003dfa000-7fb003dfe000 rw-p 00000000 00:00 0 
7fb003dfe000-7fb003dff000 r-xp 00000000 08:0a 3147099                    /home/heshan/Projects/NetBeansProjects/EnterpriseServiceBus/ServiceBus/src/services/CppServices/dist/libCppServices.so
7fb003dff000-7fb003ffe000 ---p 00001000 08:0a 3147099                    /home/heshan/Projects/NetBeansProjects/EnterpriseServiceBus/ServiceBus/src/services/CppServices/dist/libCppServices.so
7fb003ffe000-7fb003fff000 r--p 00000000 08:0a 3147099                    /home/heshan/Projects/NetBeansProjects/EnterpriseServiceBus/ServiceBus/src/services/CppServices/dist/libCppServices.so
7fb003fff000-7fb004000000 rw-p 00001000 08:0a 3147099                    /home/heshan/Projects/NetBeansProjects/EnterpriseServiceBus/ServiceBus/src/services/CppServices/dist/libCppServices.so
7fb004000000-7fb004021000 rw-p 00000000 00:00 0 
7fb004021000-7fb008000000 ---p 00000000 00:00 0 
7fb008000000-7fb008021000 rw-p 00000000 00:00 0 
7fb008021000-7fb00c000000 ---p 00000000 00:00 0 
7fb00c000000-7fb00d56c000 rw-p 00000000 00:00 0 
7fb00d56c000-7fb010000000 ---p 00000000 00:00 0 
7fb010000000-7fb010a35000 rw-p 00000000 00:00 0 
7fb010a35000-7fb014000000 ---p 00000000 00:00 0 
7fb014000000-7fb014021000 rw-p 00000000 00:00 0 
7fb014021000-7fb018000000 ---p 00000000 00:00 0 
7fb018000000-7fb019263000 rw-p 00000000 00:00 0 
7fb019263000-7fb01c000000 ---p 00000000 00:00 0 
7fb01c000000-7fb01c021000 rw-p 00000000 00:00 0 
7fb01c021000-7fb020000000 ---p 00000000 00:00 0 
7fb020000000-7fb020021000 rw-p 00000000 00:00 0 
7fb020021000-7fb024000000 ---p 00000000 00:00 0 
7fb024000000-7fb024021000 rw-p 00000000 00:00 0 
7fb024021000-7fb028000000 ---p 00000000 00:00 0 
7fb028000000-7fb0280ba000 rw-p 00000000 00:00 0 
7fb0280ba000-7fb02c000000 ---p 00000000 00:00 0 
7fb02c000000-7fb02c021000 rw-p 00000000 00:00 0 
7fb02c021000-7fb030000000 ---p 00000000 00:00 0 
7fb030000000-7fb030021000 rw-p 00000000 00:00 0 
7fb030021000-7fb034000000 ---p 00000000 00:00 0 
7fb034000000-7fb034021000 rw-p 00000000 00:00 0 
7fb034021000-7fb038000000 ---p 00000000 00:00 0 
7fb0380b8000-7fb038178000 rw-p 00000000 00:00 0 
7fb038178000-7fb0382b8000 ---p 00000000 00:00 0 
7fb0382b8000-7fb0384b8000 rw-p 00000000 00:00 0 
7fb0384b8000-7fb0384c0000 r-xp 00000000 08:0a 1574982                    /usr/lib/libcrypt-2.25.so
7fb0384c0000-7fb0386c0000 ---p 00008000 08:0a 1574982                    /usr/lib/libcrypt-2.25.so
7fb0386c0000-7fb0386c1000 r--p 00008000 08:0a 1574982                    /usr/lib/libcrypt-2.25.so
7fb0386c1000-7fb0386c2000 rw-p 00009000 08:0a 1574982                    /usr/lib/libcrypt-2.25.so
7fb0386c2000-7fb0386f0000 rw-p 00000000 00:00 0 
7fb038853000-7fb038865000 r-xp 00000000 00:27 618034                     /tmp/jffi7463746681339844462.tmp
7fb038865000-7fb038a64000 ---p 00012000 00:27 618034                     /tmp/jffi7463746681339844462.tmp
7fb038a64000-7fb038a65000 rw-p 00011000 00:27 618034                     /tmp/jffi7463746681339844462.tmp
7fb038a65000-7fb038c65000 rw-p 00000000 00:00 0 
7fb038c65000-7fb038e65000 rw-p 00000000 00:00 0 
7fb038e65000-7fb039065000 rw-p 00000000 00:00 0 
7fb039065000-7fb039076000 r-xp 00000000 08:0a 2240523                    /usr/lib/jvm/java-8-openjdk/jre/lib/amd64/libnio.so
7fb039076000-7fb039275000 ---p 00011000 08:0a 2240523                    /usr/lib/jvm/java-8-openjdk/jre/lib/amd64/libnio.so
7fb039275000-7fb039276000 r--p 00010000 08:0a 2240523                    /usr/lib/jvm/java-8-openjdk/jre/lib/amd64/libnio.so
7fb039276000-7fb039277000 rw-p 00011000 08:0a 2240523                    /usr/lib/jvm/java-8-openjdk/jre/lib/amd64/libnio.so
7fb039277000-7fb039477000 rw-p 00000000 00:00 0 
7fb039477000-7fb039677000 rw-p 00000000 00:00 0 
7fb039677000-7fb03967a000 ---p 00000000 00:00 0 
7fb03967a000-7fb0397a9000 rw-p 00000000 00:00 0 
7fb0397a9000-7fb0397bf000 r-xp 00000000 08:0a 2240770                    /usr/lib/jvm/java-8-openjdk/jre/lib/amd64/libnet.so
7fb0397bf000-7fb0399be000 ---p 00016000 08:0a 2240770                    /usr/lib/jvm/java-8-openjdk/jre/lib/amd64/libnet.so
7fb0399be000-7fb0399bf000 r--p 00015000 08:0a 2240770                    /usr/lib/jvm/java-8-openjdk/jre/lib/amd64/libnet.so
7fb0399bf000-7fb0399c0000 rw-p 00016000 08:0a 2240770                    /usr/lib/jvm/java-8-openjdk/jre/lib/amd64/libnet.so
7fb0399c0000-7fb039b7e000 r--s 02191000 08:0a 3146888                    /home/heshan/Projects/NetBeansProjects/EnterpriseServiceBus/ServiceBus/libs/jython-standalone-2.7.0.jar
7fb039b7e000-7fb039c14000 r--s 008d8000 08:0a 2240594                    /usr/lib/jvm/java-8-openjdk/jre/lib/ext/jfxrt.jar
7fb039c14000-7fb039c15000 ---p 00000000 00:00 0 
7fb039c15000-7fb039d15000 rw-p 00000000 00:00 0 
7fb039d15000-7fb039d18000 ---p 00000000 00:00 0 
7fb039d18000-7fb039e16000 rw-p 00000000 00:00 0 
7fb039e16000-7fb039e19000 ---p 00000000 00:00 0 
7fb039e19000-7fb039f17000 rw-p 00000000 00:00 0 
7fb039f17000-7fb039f1a000 ---p 00000000 00:00 0 
7fb039f1a000-7fb03a018000 rw-p 00000000 00:00 0 
7fb03a018000-7fb03a01b000 ---p 00000000 00:00 0 
7fb03a01b000-7fb03a119000 rw-p 00000000 00:00 0 
7fb03a119000-7fb03a11c000 ---p 00000000 00:00 0 
7fb03a11c000-7fb03a21a000 rw-p 00000000 00:00 0 
7fb03a21a000-7fb03a3b2000 r--p 00000000 08:0a 1628100                    /usr/lib/locale/locale-archive
7fb03a3b2000-7fb03a3b5000 ---p 00000000 00:00 0 
7fb03a3b5000-7fb03a4b3000 rw-p 00000000 00:00 0 
7fb03a4b3000-7fb03a4b6000 ---p 00000000 00:00 0 
7fb03a4b6000-7fb03a5b4000 rw-p 00000000 00:00 0 
7fb03a5b4000-7fb03a5b5000 ---p 00000000 00:00 0 
7fb03a5b5000-7fb03d000000 rw-p 00000000 00:00 0 
7fb03d000000-7fb03d960000 rwxp 00000000 00:00 0 
7fb03d960000-7fb04c000000 ---p 00000000 00:00 0 
7fb04c000000-7fb04c161000 rw-p 00000000 00:00 0 
7fb04c161000-7fb050000000 ---p 00000000 00:00 0 
7fb050015000-7fb050513000 rw-p 00000000 00:00 0 
7fb050513000-7fb0506e2000 r--s 03c05000 08:0a 2240463                    /usr/lib/jvm/java-8-openjdk/jre/lib/rt.jar
7fb0506e2000-7fb05113c000 rw-p 00000000 00:00 0 
7fb05113c000-7fb05113d000 ---p 00000000 00:00 0 
7fb05113d000-7fb05123d000 rw-p 00000000 00:00 0 
7fb05123d000-7fb05123e000 ---p 00000000 00:00 0 
7fb05123e000-7fb05133e000 rw-p 00000000 00:00 0 
7fb05133e000-7fb05133f000 ---p 00000000 00:00 0 
7fb05133f000-7fb05143f000 rw-p 00000000 00:00 0 
7fb05143f000-7fb051440000 ---p 00000000 00:00 0 
7fb051440000-7fb05155c000 rw-p 00000000 00:00 0 
7fb05155c000-7fb051683000 ---p 00000000 00:00 0 
7fb051683000-7fb05169f000 rw-p 00000000 00:00 0 
7fb05169f000-7fb0517c5000 ---p 00000000 00:00 0 
7fb0517c5000-7fb05180b000 rw-p 00000000 00:00 0 
7fb05180b000-7fb051867000 ---p 00000000 00:00 0 
7fb051867000-7fb05188e000 rw-p 00000000 00:00 0 
7fb05188e000-7fb051c28000 ---p 00000000 00:00 0 
7fb051c28000-7fb051c30000 r-xp 00000000 08:0a 2240772                    /usr/lib/jvm/java-8-openjdk/jre/lib/amd64/libzip.so
7fb051c30000-7fb051e2f000 ---p 00008000 08:0a 2240772                    /usr/lib/jvm/java-8-openjdk/jre/lib/amd64/libzip.so
7fb051e2f000-7fb051e30000 r--p 00007000 08:0a 2240772                    /usr/lib/jvm/java-8-openjdk/jre/lib/amd64/libzip.so
7fb051e30000-7fb051e31000 rw-p 00008000 08:0a 2240772                    /usr/lib/jvm/java-8-openjdk/jre/lib/amd64/libzip.so
7fb051e31000-7fb051e3c000 r-xp 00000000 08:0a 1574939                    /usr/lib/libnss_files-2.25.so
7fb051e3c000-7fb05203b000 ---p 0000b000 08:0a 1574939                    /usr/lib/libnss_files-2.25.so
7fb05203b000-7fb05203c000 r--p 0000a000 08:0a 1574939                    /usr/lib/libnss_files-2.25.so
7fb05203c000-7fb05203d000 rw-p 0000b000 08:0a 1574939                    /usr/lib/libnss_files-2.25.so
7fb05203d000-7fb052043000 rw-p 00000000 00:00 0 
7fb052043000-7fb05204e000 r-xp 00000000 08:0a 1574937                    /usr/lib/libnss_nis-2.25.so
7fb05204e000-7fb05224d000 ---p 0000b000 08:0a 1574937                    /usr/lib/libnss_nis-2.25.so
7fb05224d000-7fb05224e000 r--p 0000a000 08:0a 1574937                    /usr/lib/libnss_nis-2.25.so
7fb05224e000-7fb05224f000 rw-p 0000b000 08:0a 1574937                    /usr/lib/libnss_nis-2.25.so
7fb05224f000-7fb052264000 r-xp 00000000 08:0a 1574933                    /usr/lib/libnsl-2.25.so
7fb052264000-7fb052463000 ---p 00015000 08:0a 1574933                    /usr/lib/libnsl-2.25.so
7fb052463000-7fb052464000 r--p 00014000 08:0a 1574933                    /usr/lib/libnsl-2.25.so
7fb052464000-7fb052465000 rw-p 00015000 08:0a 1574933                    /usr/lib/libnsl-2.25.so
7fb052465000-7fb052467000 rw-p 00000000 00:00 0 
7fb052467000-7fb05246e000 r-xp 00000000 08:0a 1574980                    /usr/lib/libnss_compat-2.25.so
7fb05246e000-7fb05266d000 ---p 00007000 08:0a 1574980                    /usr/lib/libnss_compat-2.25.so
7fb05266d000-7fb05266e000 r--p 00006000 08:0a 1574980                    /usr/lib/libnss_compat-2.25.so
7fb05266e000-7fb05266f000 rw-p 00007000 08:0a 1574980                    /usr/lib/libnss_compat-2.25.so
7fb05266f000-7fb05269c000 r-xp 00000000 08:0a 2240768                    /usr/lib/jvm/java-8-openjdk/jre/lib/amd64/libjava.so
7fb05269c000-7fb05289b000 ---p 0002d000 08:0a 2240768                    /usr/lib/jvm/java-8-openjdk/jre/lib/amd64/libjava.so
7fb05289b000-7fb05289c000 r--p 0002c000 08:0a 2240768                    /usr/lib/jvm/java-8-openjdk/jre/lib/amd64/libjava.so
7fb05289c000-7fb05289e000 rw-p 0002d000 08:0a 2240768                    /usr/lib/jvm/java-8-openjdk/jre/lib/amd64/libjava.so
7fb05289e000-7fb0528ab000 r-xp 00000000 08:0a 2240510                    /usr/lib/jvm/java-8-openjdk/jre/lib/amd64/libverify.so
7fb0528ab000-7fb052aaa000 ---p 0000d000 08:0a 2240510                    /usr/lib/jvm/java-8-openjdk/jre/lib/amd64/libverify.so
7fb052aaa000-7fb052aac000 r--p 0000c000 08:0a 2240510                    /usr/lib/jvm/java-8-openjdk/jre/lib/amd64/libverify.so
7fb052aac000-7fb052aad000 rw-p 0000e000 08:0a 2240510                    /usr/lib/jvm/java-8-openjdk/jre/lib/amd64/libverify.so
7fb052aad000-7fb052ab4000 r-xp 00000000 08:0a 1574931                    /usr/lib/librt-2.25.so
7fb052ab4000-7fb052cb3000 ---p 00007000 08:0a 1574931                    /usr/lib/librt-2.25.so
7fb052cb3000-7fb052cb4000 r--p 00006000 08:0a 1574931                    /usr/lib/librt-2.25.so
7fb052cb4000-7fb052cb5000 rw-p 00007000 08:0a 1574931                    /usr/lib/librt-2.25.so
7fb052cb5000-7fb052dc7000 r-xp 00000000 08:0a 1574934                    /usr/lib/libm-2.25.so
7fb052dc7000-7fb052fc6000 ---p 00112000 08:0a 1574934                    /usr/lib/libm-2.25.so
7fb052fc6000-7fb052fc7000 r--p 00111000 08:0a 1574934                    /usr/lib/libm-2.25.so
7fb052fc7000-7fb052fc8000 rw-p 00112000 08:0a 1574934                    /usr/lib/libm-2.25.so
7fb052fc8000-7fb053bf3000 r-xp 00000000 08:0a 2240777                    /usr/lib/jvm/java-8-openjdk/jre/lib/amd64/server/libjvm.so
7fb053bf3000-7fb053df2000 ---p 00c2b000 08:0a 2240777                    /usr/lib/jvm/java-8-openjdk/jre/lib/amd64/server/libjvm.so
7fb053df2000-7fb053e86000 r--p 00c2a000 08:0a 2240777                    /usr/lib/jvm/java-8-openjdk/jre/lib/amd64/server/libjvm.so
7fb053e86000-7fb053eaf000 rw-p 00cbe000 08:0a 2240777                    /usr/lib/jvm/java-8-openjdk/jre/lib/amd64/server/libjvm.so
7fb053eaf000-7fb053edf000 rw-p 00000000 00:00 0 
7fb053edf000-7fb05407a000 r-xp 00000000 08:0a 1575057                    /usr/lib/libc-2.25.so
7fb05407a000-7fb054279000 ---p 0019b000 08:0a 1575057                    /usr/lib/libc-2.25.so
7fb054279000-7fb05427d000 r--p 0019a000 08:0a 1575057                    /usr/lib/libc-2.25.so
7fb05427d000-7fb05427f000 rw-p 0019e000 08:0a 1575057                    /usr/lib/libc-2.25.so
7fb05427f000-7fb054283000 rw-p 00000000 00:00 0 
7fb054283000-7fb054286000 r-xp 00000000 08:0a 1574935                    /usr/lib/libdl-2.25.so
7fb054286000-7fb054485000 ---p 00003000 08:0a 1574935                    /usr/lib/libdl-2.25.so
7fb054485000-7fb054486000 r--p 00002000 08:0a 1574935                    /usr/lib/libdl-2.25.so
7fb054486000-7fb054487000 rw-p 00003000 08:0a 1574935                    /usr/lib/libdl-2.25.so
7fb054487000-7fb054494000 r-xp 00000000 08:0a 2240780                    /usr/lib/jvm/java-8-openjdk/jre/lib/amd64/jli/libjli.so
7fb054494000-7fb054693000 ---p 0000d000 08:0a 2240780                    /usr/lib/jvm/java-8-openjdk/jre/lib/amd64/jli/libjli.so
7fb054693000-7fb054694000 r--p 0000c000 08:0a 2240780                    /usr/lib/jvm/java-8-openjdk/jre/lib/amd64/jli/libjli.so
7fb054694000-7fb054695000 rw-p 0000d000 08:0a 2240780                    /usr/lib/jvm/java-8-openjdk/jre/lib/amd64/jli/libjli.so
7fb054695000-7fb0546ab000 r-xp 00000000 08:0a 1583709                    /usr/lib/libz.so.1.2.11
7fb0546ab000-7fb0548aa000 ---p 00016000 08:0a 1583709                    /usr/lib/libz.so.1.2.11
7fb0548aa000-7fb0548ab000 r--p 00015000 08:0a 1583709                    /usr/lib/libz.so.1.2.11
7fb0548ab000-7fb0548ac000 rw-p 00016000 08:0a 1583709                    /usr/lib/libz.so.1.2.11
7fb0548ac000-7fb0548c5000 r-xp 00000000 08:0a 1575076                    /usr/lib/libpthread-2.25.so
7fb0548c5000-7fb054ac4000 ---p 00019000 08:0a 1575076                    /usr/lib/libpthread-2.25.so
7fb054ac4000-7fb054ac5000 r--p 00018000 08:0a 1575076                    /usr/lib/libpthread-2.25.so
7fb054ac5000-7fb054ac6000 rw-p 00019000 08:0a 1575076                    /usr/lib/libpthread-2.25.so
7fb054ac6000-7fb054aca000 rw-p 00000000 00:00 0 
7fb054aca000-7fb054aed000 r-xp 00000000 08:0a 1575058                    /usr/lib/ld-2.25.so
7fb054af1000-7fb054bb6000 rw-p 00000000 00:00 0 
7fb054bb6000-7fb054bb9000 ---p 00000000 00:00 0 
7fb054bb9000-7fb054cb9000 rw-p 00000000 00:00 0 
7fb054cc9000-7fb054ccd000 r--s 0009a000 08:0a 2240458                    /usr/lib/jvm/java-8-openjdk/jre/lib/jsse.jar
7fb054ccd000-7fb054ce0000 rw-p 00000000 00:00 0 
7fb054ce0000-7fb054ce8000 rw-s 00000000 00:27 620868                     /tmp/hsperfdata_heshan/24041
7fb054ce8000-7fb054ce9000 rw-p 00000000 00:00 0 
7fb054ce9000-7fb054cea000 r--p 00000000 00:00 0 
7fb054cea000-7fb054cec000 rw-p 00000000 00:00 0 
7fb054cec000-7fb054ced000 r--p 00022000 08:0a 1575058                    /usr/lib/ld-2.25.so
7fb054ced000-7fb054cee000 rw-p 00023000 08:0a 1575058                    /usr/lib/ld-2.25.so
7fb054cee000-7fb054cef000 rw-p 00000000 00:00 0 
7ffd36b6e000-7ffd36b8f000 rw-p 00000000 00:00 0                          [stack]
7ffd36bb0000-7ffd36bb2000 r--p 00000000 00:00 0                          [vvar]
7ffd36bb2000-7ffd36bb4000 r-xp 00000000 00:00 0                          [vdso]
ffffffffff600000-ffffffffff601000 r-xp 00000000 00:00 0                  [vsyscall]

VM Arguments:
jvm_args: -Dfile.encoding=UTF-8 
java_command: servicebus.ServiceBus
java_class_path (initial): /home/heshan/Projects/NetBeansProjects/EnterpriseServiceBus/ServiceBus/libs/jython-standalone-2.7.0.jar:/home/heshan/Projects/NetBeansProjects/EnterpriseServiceBus/ServiceBus/build/classes
Launcher Type: SUN_STANDARD

Environment Variables:
PATH=/usr/local/sbin:/usr/local/bin:/usr/bin:/usr/lib/jvm/default/bin:/usr/bin/site_perl:/usr/bin/vendor_perl:/usr/bin/core_perl
USERNAME=heshan
LD_LIBRARY_PATH=/usr/lib/jvm/java-8-openjdk/jre/lib/amd64:/usr/lib/jvm/java-8-openjdk/jre/lib/i386:
SHELL=/bin/bash
DISPLAY=:0

Signal Handlers:
SIGSEGV: [libjvm.so+0xa2d880], sa_mask[0]=11111111011111111101111111111110, sa_flags=SA_RESTART|SA_SIGINFO
SIGBUS: [libjvm.so+0xa2d880], sa_mask[0]=11111111011111111101111111111110, sa_flags=SA_RESTART|SA_SIGINFO
SIGFPE: [libjvm.so+0x881d40], sa_mask[0]=11111111011111111101111111111110, sa_flags=SA_RESTART|SA_SIGINFO
SIGPIPE: [libjvm.so+0x881d40], sa_mask[0]=11111111011111111101111111111110, sa_flags=SA_RESTART|SA_SIGINFO
SIGXFSZ: [libjvm.so+0x881d40], sa_mask[0]=11111111011111111101111111111110, sa_flags=SA_RESTART|SA_SIGINFO
SIGILL: [libjvm.so+0x881d40], sa_mask[0]=11111111011111111101111111111110, sa_flags=SA_RESTART|SA_SIGINFO
SIGUSR1: SIG_DFL, sa_mask[0]=00000000000000000000000000000000, sa_flags=none
SIGUSR2: [libjvm.so+0x881c10], sa_mask[0]=00100000000000000000000000000000, sa_flags=SA_RESTART|SA_SIGINFO
SIGHUP: [libjvm.so+0x882080], sa_mask[0]=11111111011111111101111111111110, sa_flags=SA_RESTART|SA_SIGINFO
SIGINT: SIG_IGN, sa_mask[0]=00000000000000000000000000000000, sa_flags=none
SIGTERM: [libjvm.so+0x882080], sa_mask[0]=11111111011111111101111111111110, sa_flags=SA_RESTART|SA_SIGINFO
SIGQUIT: [libjvm.so+0x882080], sa_mask[0]=11111111011111111101111111111110, sa_flags=SA_RESTART|SA_SIGINFO


---------------  S Y S T E M  ---------------

OS:NAME="Arch Linux"
PRETTY_NAME="Arch Linux"
ID=arch
ID_LIKE=archlinux
ANSI_COLOR="0;36"
HOME_URL="https://www.archlinux.org/"
SUPPORT_URL="https://bbs.archlinux.org/"
BUG_REPORT_URL="https://bugs.archlinux.org/"


uname:Linux 4.10.13-1-ARCH #1 SMP PREEMPT Thu Apr 27 12:15:09 CEST 2017 x86_64
libc:glibc 2.25 NPTL 2.25 
rlimit: STACK 8192k, CORE infinity, NPROC 15437, NOFILE 4096, AS infinity
load average:1.14 1.15 1.13

/proc/meminfo:
MemTotal:        3961096 kB
MemFree:          106288 kB
MemAvailable:     853832 kB
Buffers:          163708 kB
Cached:           962220 kB
SwapCached:        14636 kB
Active:          2725292 kB
Inactive:         840100 kB
Active(anon):    2210780 kB
Inactive(anon):   455532 kB
Active(file):     514512 kB
Inactive(file):   384568 kB
Unevictable:           0 kB
Mlocked:               0 kB
SwapTotal:       8388604 kB
SwapFree:        8033796 kB
Dirty:               568 kB
Writeback:             0 kB
AnonPages:       2296908 kB
Mapped:           304780 kB
Shmem:            226856 kB
Slab:             145788 kB
SReclaimable:     102744 kB
SUnreclaim:        43044 kB
KernelStack:       11040 kB
PageTables:        51908 kB
NFS_Unstable:          0 kB
Bounce:                0 kB
WritebackTmp:          0 kB
CommitLimit:    10369152 kB
Committed_AS:    7818884 kB
VmallocTotal:   34359738367 kB
VmallocUsed:           0 kB
VmallocChunk:          0 kB
HardwareCorrupted:     0 kB
AnonHugePages:    714752 kB
ShmemHugePages:        0 kB
ShmemPmdMapped:        0 kB
HugePages_Total:       0
HugePages_Free:        0
HugePages_Rsvd:        0
HugePages_Surp:        0
Hugepagesize:       2048 kB
DirectMap4k:      231480 kB
DirectMap2M:     3872768 kB
DirectMap1G:           0 kB


CPU:total 4 (2 cores per cpu, 2 threads per core) family 6 model 61 stepping 4, cmov, cx8, fxsr, mmx, sse, sse2, sse3, ssse3, sse4.1, sse4.2, popcnt, avx, avx2, aes, clmul, erms, 3dnowpref, lzcnt, ht, tsc, tscinvbit, bmi1, bmi2, adx

/proc/cpuinfo:
processor	: 0
vendor_id	: GenuineIntel
cpu family	: 6
model		: 61
model name	: Intel(R) Core(TM) i3-5005U CPU @ 2.00GHz
stepping	: 4
microcode	: 0x18
cpu MHz		: 804.931
cache size	: 3072 KB
physical id	: 0
siblings	: 4
core id		: 0
cpu cores	: 2
apicid		: 0
initial apicid	: 0
fpu		: yes
fpu_exception	: yes
cpuid level	: 20
wp		: yes
flags		: fpu vme de pse tsc msr pae mce cx8 apic sep mtrr pge mca cmov pat pse36 clflush dts acpi mmx fxsr sse sse2 ss ht tm pbe syscall nx pdpe1gb rdtscp lm constant_tsc arch_perfmon pebs bts rep_good nopl xtopology nonstop_tsc aperfmperf pni pclmulqdq dtes64 monitor ds_cpl vmx est tm2 ssse3 sdbg fma cx16 xtpr pdcm pcid sse4_1 sse4_2 x2apic movbe popcnt tsc_deadline_timer aes xsave avx f16c rdrand lahf_lm abm 3dnowprefetch epb intel_pt tpr_shadow vnmi flexpriority ept vpid fsgsbase tsc_adjust bmi1 avx2 smep bmi2 erms invpcid rdseed adx smap xsaveopt dtherm arat pln pts
bugs		:
bogomips	: 3992.96
clflush size	: 64
cache_alignment	: 64
address sizes	: 39 bits physical, 48 bits virtual
power management:

processor	: 1
vendor_id	: GenuineIntel
cpu family	: 6
model		: 61
model name	: Intel(R) Core(TM) i3-5005U CPU @ 2.00GHz
stepping	: 4
microcode	: 0x18
cpu MHz		: 799.926
cache size	: 3072 KB
physical id	: 0
siblings	: 4
core id		: 1
cpu cores	: 2
apicid		: 2
initial apicid	: 2
fpu		: yes
fpu_exception	: yes
cpuid level	: 20
wp		: yes
flags		: fpu vme de pse tsc msr pae mce cx8 apic sep mtrr pge mca cmov pat pse36 clflush dts acpi mmx fxsr sse sse2 ss ht tm pbe syscall nx pdpe1gb rdtscp lm constant_tsc arch_perfmon pebs bts rep_good nopl xtopology nonstop_tsc aperfmperf pni pclmulqdq dtes64 monitor ds_cpl vmx est tm2 ssse3 sdbg fma cx16 xtpr pdcm pcid sse4_1 sse4_2 x2apic movbe popcnt tsc_deadline_timer aes xsave avx f16c rdrand lahf_lm abm 3dnowprefetch epb intel_pt tpr_shadow vnmi flexpriority ept vpid fsgsbase tsc_adjust bmi1 avx2 smep bmi2 erms invpcid rdseed adx smap xsaveopt dtherm arat pln pts
bugs		:
bogomips	: 3993.22
clflush size	: 64
cache_alignment	: 64
address sizes	: 39 bits physical, 48 bits virtual
power management:

processor	: 2
vendor_id	: GenuineIntel
cpu family	: 6
model		: 61
model name	: Intel(R) Core(TM) i3-5005U CPU @ 2.00GHz
stepping	: 4
microcode	: 0x18
cpu MHz		: 799.926
cache size	: 3072 KB
physical id	: 0
siblings	: 4
core id		: 0
cpu cores	: 2
apicid		: 1
initial apicid	: 1
fpu		: yes
fpu_exception	: yes
cpuid level	: 20
wp		: yes
flags		: fpu vme de pse tsc msr pae mce cx8 apic sep mtrr pge mca cmov pat pse36 clflush dts acpi mmx fxsr sse sse2 ss ht tm pbe syscall nx pdpe1gb rdtscp lm constant_tsc arch_perfmon pebs bts rep_good nopl xtopology nonstop_tsc aperfmperf pni pclmulqdq dtes64 monitor ds_cpl vmx est tm2 ssse3 sdbg fma cx16 xtpr pdcm pcid sse4_1 sse4_2 x2apic movbe popcnt tsc_deadline_timer aes xsave avx f16c rdrand lahf_lm abm 3dnowprefetch epb intel_pt tpr_shadow vnmi flexpriority ept vpid fsgsbase tsc_adjust bmi1 avx2 smep bmi2 erms invpcid rdseed adx smap xsaveopt dtherm arat pln pts
bugs		:
bogomips	: 3994.90
clflush size	: 64
cache_alignment	: 64
address sizes	: 39 bits physical, 48 bits virtual
power management:

processor	: 3
vendor_id	: GenuineIntel
cpu family	: 6
model		: 61
model name	: Intel(R) Core(TM) i3-5005U CPU @ 2.00GHz
stepping	: 4
microcode	: 0x18
cpu MHz		: 799.926
cache size	: 3072 KB
physical id	: 0
siblings	: 4
core id		: 1
cpu cores	: 2
apicid		: 3
initial apicid	: 3
fpu		: yes
fpu_exception	: yes
cpuid level	: 20
wp		: yes
flags		: fpu vme de pse tsc msr pae mce cx8 apic sep mtrr pge mca cmov pat pse36 clflush dts acpi mmx fxsr sse sse2 ss ht tm pbe syscall nx pdpe1gb rdtscp lm constant_tsc arch_perfmon pebs bts rep_good nopl xtopology nonstop_tsc aperfmperf pni pclmulqdq dtes64 monitor ds_cpl vmx est tm2 ssse3 sdbg fma cx16 xtpr pdcm pcid sse4_1 sse4_2 x2apic movbe popcnt tsc_deadline_timer aes xsave avx f16c rdrand lahf_lm abm 3dnowprefetch epb intel_pt tpr_shadow vnmi flexpriority ept vpid fsgsbase tsc_adjust bmi1 avx2 smep bmi2 erms invpcid rdseed adx smap xsaveopt dtherm arat pln pts
bugs		:
bogomips	: 3993.25
clflush size	: 64
cache_alignment	: 64
address sizes	: 39 bits physical, 48 bits virtual
power management:



Memory: 4k page, physical 3961096k(106288k free), swap 8388604k(8033796k free)

vm_info: OpenJDK 64-Bit Server VM (25.121-b13) for linux-amd64 JRE (1.8.0_121-b13), built on Jan 22 2017 09:22:31 by "builduser" with gcc 6.3.1 20170109

time: Thu Jun  1 20:03:39 2017
elapsed time: 23 seconds (0d 0h 0m 23s)

