#
# A fatal error has been detected by the Java Runtime Environment:
#
#  SIGSEGV (0xb) at pc=0x00007f3051b705bf, pid=8965, tid=0x00007f3003c2a700
#
# JRE version: OpenJDK Runtime Environment (8.0_121-b13) (build 1.8.0_121-b13)
# Java VM: OpenJDK 64-Bit Server VM (25.121-b13 mixed mode linux-amd64 compressed oops)
# Problematic frame:
# V  [libjvm.so+0x65c5bf]
#
# Core dump written. Default location: /home/heshan/Projects/NetBeansProjects/EnterpriseServiceBus/ServiceBus/core or core.8965
#
# If you would like to submit a bug report, please visit:
#   http://bugreport.java.com/bugreport/crash.jsp
#

---------------  T H R E A D  ---------------

Current thread (0x00007f304c166800):  JavaThread "Thread-0" [_thread_in_vm, id=9005, stack(0x00007f3003b2a000,0x00007f3003c2b000)]

siginfo: si_signo: 11 (SIGSEGV), si_code: 1 (SEGV_MAPERR), si_addr: 0x00000000322e3039

Registers:
RAX=0x0000000000000009, RBX=0x00007f302da5d970, RCX=0x00007f304c0dd340, RDX=0x00007f3052404949
RSP=0x00007f3003c29350, RBP=0x00007f3003c294d0, RSI=0x00007f30523e6980, RDI=0x00007f304c164970
R8 =0x0000000000000001, R9 =0x00007f304c166800, R10=0x000000000000004a, R11=0x00007f3003926c4e
R12=0x00007f3003c29520, R13=0x00007f304c166800, R14=0x00000000322e3031, R15=0x00007f304c166f08
RIP=0x00007f3051b705bf, EFLAGS=0x0000000000010202, CSGSFS=0x002b000000000033, ERR=0x0000000000000004
  TRAPNO=0x000000000000000e

Top of Stack: (sp=0x00007f3003c29350)
0x00007f3003c29350:   00007f3003c293d4 00007f304c02db40
0x00007f3003c29360:   00007f3003924d28 00007f3003924aa8
0x00007f3003c29370:   00007f3003c293d8 00007f304c1669e0
0x00007f3003c29380:   0000000001b732a7 00007f3003c294f0
0x00007f3003c29390:   00007f3003c294b0 00007f30039243b8
0x00007f3003c293a0:   00007f3003c293d4 00007f3003c294a0
0x00007f3003c293b0:   00007f2ffc0018e8 0000000000000006
0x00007f3003c293c0:   0000000003c29420 00007f3051deab76
0x00007f3003c293d0:   0000000003c29420 0000000000000000
0x00007f3003c293e0:   00007f305307f280 00007f2ffc00a120
0x00007f3003c293f0:   00007f3003c29540 0000000000000000
0x00007f3003c29400:   0000000000000005 0000000000000000
0x00007f3003c29410:   00007f3003c29568 00007f305301fce1
0x00007f3003c29420:   0000000000000000 0000000000000000
0x00007f3003c29430:   0000000000000005 0000000000000000
0x00007f3003c29440:   0000000000000001 00007f2ffc009dc0
0x00007f3003c29450:   0000000000000110 0000000000000000
0x00007f3003c29460:   0000000000000000 00007f2ffc00a118
0x00007f3003c29470:   00007f3003c294b0 00000001524a7674
0x00007f3003c29480:   00007f2ffc009dc0 00007f3003c294a0
0x00007f3003c29490:   00007f3003924d28 000000006dcca9c7
0x00007f3003c294a0:   00000000ffffffff 00007f304c166800
0x00007f3003c294b0:   0000000000000000 00007f304c1669e0
0x00007f3003c294c0:   00007f304c0dd340 00007f3003c295c0
0x00007f3003c294d0:   00007f3003c29590 00007f3051b71eb9
0x00007f3003c294e0:   0000000000000014 00007f3003927a8f
0x00007f3003c294f0:   00007f2f0000000a 00007f304c005790
0x00007f3003c29500:   00007f304c166800 0000000000000000
0x00007f3003c29510:   0000000000000009 00007f3003b290a8
0x00007f3003c29520:   00007f305234a650 00007f3053083310
0x00007f3003c29530:   0000000003c298d0 00007f3000000063
0x00007f3003c29540:   0000000000000000 0000003000000018 

Instructions: (pc=0x00007f3051b705bf)
0x00007f3051b7059f:   ff e9 95 fd ff ff 0f 1f 00 49 8b 7e 08 e9 61 fd
0x00007f3051b705af:   ff ff 0f 1f 80 00 00 00 00 48 8d 35 c1 63 87 00
0x00007f3051b705bf:   41 8b 56 08 8b 4e 08 48 d3 e2 48 03 16 e9 98 fd
0x00007f3051b705cf:   ff ff 0f 1f 80 00 00 00 00 48 8d 05 21 64 8b 00 

Register to memory mapping:

RAX=0x0000000000000009 is an unknown value
RBX={method} {0x00007f302da5d970} 'floatValue' '()F' in 'java/lang/Float'
RCX=0x00007f304c0dd340 is an unknown value
RDX=0x00007f3052404949: <offset 0xef0949> in /usr/lib/jvm/java-8-openjdk/jre/lib/amd64/server/libjvm.so at 0x00007f3051514000
RSP=0x00007f3003c29350 is pointing into the stack for thread: 0x00007f304c166800
RBP=0x00007f3003c294d0 is pointing into the stack for thread: 0x00007f304c166800
RSI=0x00007f30523e6980: <offset 0xed2980> in /usr/lib/jvm/java-8-openjdk/jre/lib/amd64/server/libjvm.so at 0x00007f3051514000
RDI=0x00007f304c164970 is an unknown value
R8 =0x0000000000000001 is an unknown value
R9 =0x00007f304c166800 is a thread
R10=0x000000000000004a is an unknown value
R11=0x00007f3003926c4e: _ZN7JNIEnv_13CallIntMethodEP8_jobjectP10_jmethodIDz+0 in /home/heshan/Projects/NetBeansProjects/EnterpriseServiceBus/ServiceBus/src/services/CppServices/dist/libCppServices.so at 0x00007f3003924000
R12=0x00007f3003c29520 is pointing into the stack for thread: 0x00007f304c166800
R13=0x00007f304c166800 is a thread
R14=0x00000000322e3031 is an unknown value
R15=0x00007f304c166f08 is an unknown value


Stack: [0x00007f3003b2a000,0x00007f3003c2b000],  sp=0x00007f3003c29350,  free space=1020k
Native frames: (J=compiled Java code, j=interpreted, Vv=VM code, C=native code)
V  [libjvm.so+0x65c5bf]
V  [libjvm.so+0x65deb9]
C  [libCppServices.so+0x2d03]  JNIEnv_::CallIntMethod(_jobject*, _jmethodID*, ...)+0xb5
C  [libCppServices.so+0x2b09]  Converter::convertToFloat(_jstring*)+0x71
C  [libCppServices.so+0x313a]  Java_services_CppServiceDirectory_callNativeMethod+0x3f3
j  services.CppServiceDirectory.callNativeMethod(I[Ljava/lang/String;[Ljava/lang/String;)Ljava/lang/String;+0
j  services.CppServiceDirectory.getService(ILjava/util/ArrayList;Ljava/util/ArrayList;)Ljava/lang/String;+58
j  servicebus.ServiceBus.run()V+400
j  java.lang.Thread.run()V+11
v  ~StubRoutines::call_stub
V  [libjvm.so+0x6453a3]
V  [libjvm.so+0x642af7]
V  [libjvm.so+0x6430c7]
V  [libjvm.so+0x67f4e5]
V  [libjvm.so+0x9d35ff]
V  [libjvm.so+0x9d39d5]
V  [libjvm.so+0x8838a2]
C  [libpthread.so.0+0x72e7]  start_thread+0xd7

Java frames: (J=compiled Java code, j=interpreted, Vv=VM code)
j  services.CppServiceDirectory.callNativeMethod(I[Ljava/lang/String;[Ljava/lang/String;)Ljava/lang/String;+0
j  services.CppServiceDirectory.getService(ILjava/util/ArrayList;Ljava/util/ArrayList;)Ljava/lang/String;+58
j  servicebus.ServiceBus.run()V+400
j  java.lang.Thread.run()V+11
v  ~StubRoutines::call_stub

---------------  P R O C E S S  ---------------

Java Threads: ( => current thread )
=>0x00007f304c166800 JavaThread "Thread-0" [_thread_in_vm, id=9005, stack(0x00007f3003b2a000,0x00007f3003c2b000)]
  0x00007f304c0d9800 JavaThread "Service Thread" daemon [_thread_blocked, id=8983, stack(0x00007f302c212000,0x00007f302c313000)]
  0x00007f304c0bc000 JavaThread "C1 CompilerThread2" daemon [_thread_blocked, id=8982, stack(0x00007f302c313000,0x00007f302c414000)]
  0x00007f304c0ba800 JavaThread "C2 CompilerThread1" daemon [_thread_blocked, id=8981, stack(0x00007f302c414000,0x00007f302c515000)]
  0x00007f304c0b7800 JavaThread "C2 CompilerThread0" daemon [_thread_blocked, id=8980, stack(0x00007f302c515000,0x00007f302c616000)]
  0x00007f304c0b6000 JavaThread "Signal Dispatcher" daemon [_thread_blocked, id=8979, stack(0x00007f302c616000,0x00007f302c717000)]
  0x00007f304c083800 JavaThread "Finalizer" daemon [_thread_blocked, id=8978, stack(0x00007f302c8af000,0x00007f302c9b0000)]
  0x00007f304c07f000 JavaThread "Reference Handler" daemon [_thread_blocked, id=8977, stack(0x00007f302c9b0000,0x00007f302cab1000)]
  0x00007f304c00a000 JavaThread "main" [_thread_in_native, id=8967, stack(0x00007f3053102000,0x00007f3053203000)]

Other Threads:
  0x00007f304c077000 VMThread [stack: 0x00007f302cab1000,0x00007f302cbb2000] [id=8976]
  0x00007f304c0dc000 WatcherThread [stack: 0x00007f302c111000,0x00007f302c212000] [id=8984]

VM state:not at safepoint (normal execution)

VM Mutex/Monitor currently owned by a thread: None

Heap:
 PSYoungGen      total 18432K, used 1588K [0x00000000ebd80000, 0x00000000ed200000, 0x0000000100000000)
  eden space 15872K, 10% used [0x00000000ebd80000,0x00000000ebf0d040,0x00000000ecd00000)
  from space 2560K, 0% used [0x00000000ecf80000,0x00000000ecf80000,0x00000000ed200000)
  to   space 2560K, 0% used [0x00000000ecd00000,0x00000000ecd00000,0x00000000ecf80000)
 ParOldGen       total 42496K, used 0K [0x00000000c3800000, 0x00000000c6180000, 0x00000000ebd80000)
  object space 42496K, 0% used [0x00000000c3800000,0x00000000c3800000,0x00000000c6180000)
 Metaspace       used 4213K, capacity 4622K, committed 4864K, reserved 1056768K
  class space    used 445K, capacity 458K, committed 512K, reserved 1048576K

Card table byte_map: [0x00007f303ca5b000,0x00007f303cc40000] byte_map_base: 0x00007f303c43f000

Marking Bits: (ParMarkBitMap*) 0x00007f305240e260
 Begin Bits: [0x00007f302e1c0000, 0x00007f302f0e0000)
 End Bits:   [0x00007f302f0e0000, 0x00007f3030000000)

Polling page: 0x00007f3053235000

CodeCache: size=245760Kb used=1184Kb max_used=1184Kb free=244575Kb
 bounds [0x00007f303d000000, 0x00007f303d270000, 0x00007f304c000000]
 total_blobs=320 nmethods=61 adapters=174
 compilation: enabled

Compilation events (10 events):
Event: 0.160 Thread 0x00007f304c0bc000   57       1       com.sun.org.apache.xerces.internal.dom.TextImpl::getNodeType (2 bytes)
Event: 0.160 Thread 0x00007f304c0bc000 nmethod 57 0x00007f303d125190 code [0x00007f303d1252e0, 0x00007f303d1253f0]
Event: 0.163 Thread 0x00007f304c0bc000   58       3       java.lang.StringBuilder::<init> (7 bytes)
Event: 0.163 Thread 0x00007f304c0bc000 nmethod 58 0x00007f303d125a50 code [0x00007f303d125bc0, 0x00007f303d125e70]
Event: 5.540 Thread 0x00007f304c0bc000   59       1       java.nio.Buffer::position (5 bytes)
Event: 5.540 Thread 0x00007f304c0bc000 nmethod 59 0x00007f303d1269d0 code [0x00007f303d126b20, 0x00007f303d126c30]
Event: 5.540 Thread 0x00007f304c0bc000   60       3       sun.nio.cs.UTF_8$Encoder::encode (359 bytes)
Event: 5.542 Thread 0x00007f304c0bc000 nmethod 60 0x00007f303d126c90 code [0x00007f303d126e80, 0x00007f303d127998]
Event: 5.542 Thread 0x00007f304c0bc000   61  s    1       java.util.Vector::size (5 bytes)
Event: 5.542 Thread 0x00007f304c0bc000 nmethod 61 0x00007f303d128010 code [0x00007f303d128160, 0x00007f303d1283d0]

GC Heap History (0 events):
No events

Deoptimization events (0 events):
No events

Internal exceptions (8 events):
Event: 0.055 Thread 0x00007f304c00a000 Exception <a 'java/lang/NoSuchMethodError': Method sun.misc.Unsafe.defineClass(Ljava/lang/String;[BII)Ljava/lang/Class; name or signature does not match> (0x00000000ebd87ca8) thrown at [/build/java8-openjdk/src/jdk8u-jdk8u121-b13/hotspot/src/share/vm/prim
Event: 0.055 Thread 0x00007f304c00a000 Exception <a 'java/lang/NoSuchMethodError': Method sun.misc.Unsafe.prefetchRead(Ljava/lang/Object;J)V name or signature does not match> (0x00000000ebd87f90) thrown at [/build/java8-openjdk/src/jdk8u-jdk8u121-b13/hotspot/src/share/vm/prims/jni.cpp, line 40
Event: 0.124 Thread 0x00007f304c00a000 Exception <a 'java/security/PrivilegedActionException'> (0x00000000ebe0d690) thrown at [/build/java8-openjdk/src/jdk8u-jdk8u121-b13/hotspot/src/share/vm/prims/jvm.cpp, line 1390]
Event: 0.125 Thread 0x00007f304c00a000 Exception <a 'java/security/PrivilegedActionException'> (0x00000000ebe0d8a0) thrown at [/build/java8-openjdk/src/jdk8u-jdk8u121-b13/hotspot/src/share/vm/prims/jvm.cpp, line 1390]
Event: 0.125 Thread 0x00007f304c00a000 Exception <a 'java/security/PrivilegedActionException'> (0x00000000ebe0f740) thrown at [/build/java8-openjdk/src/jdk8u-jdk8u121-b13/hotspot/src/share/vm/prims/jvm.cpp, line 1390]
Event: 0.125 Thread 0x00007f304c00a000 Exception <a 'java/security/PrivilegedActionException'> (0x00000000ebe0f950) thrown at [/build/java8-openjdk/src/jdk8u-jdk8u121-b13/hotspot/src/share/vm/prims/jvm.cpp, line 1390]
Event: 0.125 Thread 0x00007f304c00a000 Exception <a 'java/security/PrivilegedActionException'> (0x00000000ebe103b0) thrown at [/build/java8-openjdk/src/jdk8u-jdk8u121-b13/hotspot/src/share/vm/prims/jvm.cpp, line 1390]
Event: 0.125 Thread 0x00007f304c00a000 Exception <a 'java/security/PrivilegedActionException'> (0x00000000ebe105c0) thrown at [/build/java8-openjdk/src/jdk8u-jdk8u121-b13/hotspot/src/share/vm/prims/jvm.cpp, line 1390]

Events (10 events):
Event: 2.648 loading class java/net/Socket$2
Event: 2.648 loading class java/net/Socket$2 done
Event: 2.649 loading class java/net/SocketInputStream
Event: 2.649 loading class java/net/SocketInputStream done
Event: 4.102 Executing VM operation: EnableBiasedLocking
Event: 4.102 Executing VM operation: EnableBiasedLocking done
Event: 5.539 loading class java/util/Random
Event: 5.539 loading class java/util/Random done
Event: 5.540 loading class services/CppServiceDirectory
Event: 5.540 loading class services/CppServiceDirectory done


Dynamic libraries:
00400000-00401000 r-xp 00000000 08:0a 2240423                            /usr/lib/jvm/java-8-openjdk/jre/bin/java
00600000-00601000 r--p 00000000 08:0a 2240423                            /usr/lib/jvm/java-8-openjdk/jre/bin/java
00601000-00602000 rw-p 00001000 08:0a 2240423                            /usr/lib/jvm/java-8-openjdk/jre/bin/java
006ec000-0070d000 rw-p 00000000 00:00 0                                  [heap]
c3800000-c6180000 rw-p 00000000 00:00 0 
c6180000-ebd80000 ---p 00000000 00:00 0 
ebd80000-ed200000 rw-p 00000000 00:00 0 
ed200000-100000000 ---p 00000000 00:00 0 
100000000-100080000 rw-p 00000000 00:00 0 
100080000-140000000 ---p 00000000 00:00 0 
7f2ffc000000-7f2ffc033000 rw-p 00000000 00:00 0 
7f2ffc033000-7f3000000000 ---p 00000000 00:00 0 
7f3003385000-7f300339b000 r-xp 00000000 08:0a 1587171                    /usr/lib/libgcc_s.so.1
7f300339b000-7f300359a000 ---p 00016000 08:0a 1587171                    /usr/lib/libgcc_s.so.1
7f300359a000-7f300359b000 r--p 00015000 08:0a 1587171                    /usr/lib/libgcc_s.so.1
7f300359b000-7f300359c000 rw-p 00016000 08:0a 1587171                    /usr/lib/libgcc_s.so.1
7f300359c000-7f3003714000 r-xp 00000000 08:0a 1576452                    /usr/lib/libstdc++.so.6.0.22
7f3003714000-7f3003914000 ---p 00178000 08:0a 1576452                    /usr/lib/libstdc++.so.6.0.22
7f3003914000-7f300391e000 r--p 00178000 08:0a 1576452                    /usr/lib/libstdc++.so.6.0.22
7f300391e000-7f3003920000 rw-p 00182000 08:0a 1576452                    /usr/lib/libstdc++.so.6.0.22
7f3003920000-7f3003924000 rw-p 00000000 00:00 0 
7f3003924000-7f3003929000 r-xp 00000000 08:0a 3147098                    /home/heshan/Projects/NetBeansProjects/EnterpriseServiceBus/ServiceBus/src/services/CppServices/dist/libCppServices.so
7f3003929000-7f3003b28000 ---p 00005000 08:0a 3147098                    /home/heshan/Projects/NetBeansProjects/EnterpriseServiceBus/ServiceBus/src/services/CppServices/dist/libCppServices.so
7f3003b28000-7f3003b29000 r--p 00004000 08:0a 3147098                    /home/heshan/Projects/NetBeansProjects/EnterpriseServiceBus/ServiceBus/src/services/CppServices/dist/libCppServices.so
7f3003b29000-7f3003b2a000 rw-p 00005000 08:0a 3147098                    /home/heshan/Projects/NetBeansProjects/EnterpriseServiceBus/ServiceBus/src/services/CppServices/dist/libCppServices.so
7f3003b2a000-7f3003b2d000 ---p 00000000 00:00 0 
7f3003b2d000-7f3003c2b000 rw-p 00000000 00:00 0 
7f3003c2b000-7f3003c41000 r-xp 00000000 08:0a 2240770                    /usr/lib/jvm/java-8-openjdk/jre/lib/amd64/libnet.so
7f3003c41000-7f3003e40000 ---p 00016000 08:0a 2240770                    /usr/lib/jvm/java-8-openjdk/jre/lib/amd64/libnet.so
7f3003e40000-7f3003e41000 r--p 00015000 08:0a 2240770                    /usr/lib/jvm/java-8-openjdk/jre/lib/amd64/libnet.so
7f3003e41000-7f3003e42000 rw-p 00016000 08:0a 2240770                    /usr/lib/jvm/java-8-openjdk/jre/lib/amd64/libnet.so
7f3003e42000-7f3004000000 r--s 02191000 08:0a 3146888                    /home/heshan/Projects/NetBeansProjects/EnterpriseServiceBus/ServiceBus/libs/jython-standalone-2.7.0.jar
7f3004000000-7f3004021000 rw-p 00000000 00:00 0 
7f3004021000-7f3008000000 ---p 00000000 00:00 0 
7f3008000000-7f3008021000 rw-p 00000000 00:00 0 
7f3008021000-7f300c000000 ---p 00000000 00:00 0 
7f300c000000-7f300c073000 rw-p 00000000 00:00 0 
7f300c073000-7f3010000000 ---p 00000000 00:00 0 
7f3010000000-7f3010051000 rw-p 00000000 00:00 0 
7f3010051000-7f3014000000 ---p 00000000 00:00 0 
7f3014000000-7f3014021000 rw-p 00000000 00:00 0 
7f3014021000-7f3018000000 ---p 00000000 00:00 0 
7f3018000000-7f301803e000 rw-p 00000000 00:00 0 
7f301803e000-7f301c000000 ---p 00000000 00:00 0 
7f301c000000-7f301c021000 rw-p 00000000 00:00 0 
7f301c021000-7f3020000000 ---p 00000000 00:00 0 
7f3020000000-7f3020021000 rw-p 00000000 00:00 0 
7f3020021000-7f3024000000 ---p 00000000 00:00 0 
7f3024000000-7f3024021000 rw-p 00000000 00:00 0 
7f3024021000-7f3028000000 ---p 00000000 00:00 0 
7f3028000000-7f3028021000 rw-p 00000000 00:00 0 
7f3028021000-7f302c000000 ---p 00000000 00:00 0 
7f302c096000-7f302c111000 rw-p 00000000 00:00 0 
7f302c111000-7f302c112000 ---p 00000000 00:00 0 
7f302c112000-7f302c212000 rw-p 00000000 00:00 0 
7f302c212000-7f302c215000 ---p 00000000 00:00 0 
7f302c215000-7f302c313000 rw-p 00000000 00:00 0 
7f302c313000-7f302c316000 ---p 00000000 00:00 0 
7f302c316000-7f302c414000 rw-p 00000000 00:00 0 
7f302c414000-7f302c417000 ---p 00000000 00:00 0 
7f302c417000-7f302c515000 rw-p 00000000 00:00 0 
7f302c515000-7f302c518000 ---p 00000000 00:00 0 
7f302c518000-7f302c616000 rw-p 00000000 00:00 0 
7f302c616000-7f302c619000 ---p 00000000 00:00 0 
7f302c619000-7f302c717000 rw-p 00000000 00:00 0 
7f302c717000-7f302c8af000 r--p 00000000 08:0a 1628100                    /usr/lib/locale/locale-archive
7f302c8af000-7f302c8b2000 ---p 00000000 00:00 0 
7f302c8b2000-7f302c9b0000 rw-p 00000000 00:00 0 
7f302c9b0000-7f302c9b3000 ---p 00000000 00:00 0 
7f302c9b3000-7f302cab1000 rw-p 00000000 00:00 0 
7f302cab1000-7f302cab2000 ---p 00000000 00:00 0 
7f302cab2000-7f302de00000 rw-p 00000000 00:00 0 
7f302de00000-7f302e1c0000 ---p 00000000 00:00 0 
7f302e1c0000-7f3030000000 rw-p 00000000 00:00 0 
7f3030000000-7f3030021000 rw-p 00000000 00:00 0 
7f3030021000-7f3034000000 ---p 00000000 00:00 0 
7f3034000000-7f3034021000 rw-p 00000000 00:00 0 
7f3034021000-7f3038000000 ---p 00000000 00:00 0 
7f3038000000-7f3038021000 rw-p 00000000 00:00 0 
7f3038021000-7f303c000000 ---p 00000000 00:00 0 
7f303c008000-7f303c09e000 r--s 008d8000 08:0a 2240594                    /usr/lib/jvm/java-8-openjdk/jre/lib/ext/jfxrt.jar
7f303c09e000-7f303c22e000 rw-p 00000000 00:00 0 
7f303c22e000-7f303c3fd000 r--s 03c05000 08:0a 2240463                    /usr/lib/jvm/java-8-openjdk/jre/lib/rt.jar
7f303c3fd000-7f303c657000 rw-p 00000000 00:00 0 
7f303c657000-7f303c658000 ---p 00000000 00:00 0 
7f303c658000-7f303c758000 rw-p 00000000 00:00 0 
7f303c758000-7f303c759000 ---p 00000000 00:00 0 
7f303c759000-7f303c859000 rw-p 00000000 00:00 0 
7f303c859000-7f303c85a000 ---p 00000000 00:00 0 
7f303c85a000-7f303c95a000 rw-p 00000000 00:00 0 
7f303c95a000-7f303c95b000 ---p 00000000 00:00 0 
7f303c95b000-7f303ca70000 rw-p 00000000 00:00 0 
7f303ca70000-7f303cb9d000 ---p 00000000 00:00 0 
7f303cb9d000-7f303cba8000 rw-p 00000000 00:00 0 
7f303cba8000-7f303cc3f000 ---p 00000000 00:00 0 
7f303cc3f000-7f303cc4a000 rw-p 00000000 00:00 0 
7f303cc4a000-7f303d000000 ---p 00000000 00:00 0 
7f303d000000-7f303d270000 rwxp 00000000 00:00 0 
7f303d270000-7f304c000000 ---p 00000000 00:00 0 
7f304c000000-7f304c168000 rw-p 00000000 00:00 0 
7f304c168000-7f3050000000 ---p 00000000 00:00 0 
7f3050010000-7f3050046000 rw-p 00000000 00:00 0 
7f3050046000-7f3050174000 ---p 00000000 00:00 0 
7f3050174000-7f305017c000 r-xp 00000000 08:0a 2240772                    /usr/lib/jvm/java-8-openjdk/jre/lib/amd64/libzip.so
7f305017c000-7f305037b000 ---p 00008000 08:0a 2240772                    /usr/lib/jvm/java-8-openjdk/jre/lib/amd64/libzip.so
7f305037b000-7f305037c000 r--p 00007000 08:0a 2240772                    /usr/lib/jvm/java-8-openjdk/jre/lib/amd64/libzip.so
7f305037c000-7f305037d000 rw-p 00008000 08:0a 2240772                    /usr/lib/jvm/java-8-openjdk/jre/lib/amd64/libzip.so
7f305037d000-7f3050388000 r-xp 00000000 08:0a 1574939                    /usr/lib/libnss_files-2.25.so
7f3050388000-7f3050587000 ---p 0000b000 08:0a 1574939                    /usr/lib/libnss_files-2.25.so
7f3050587000-7f3050588000 r--p 0000a000 08:0a 1574939                    /usr/lib/libnss_files-2.25.so
7f3050588000-7f3050589000 rw-p 0000b000 08:0a 1574939                    /usr/lib/libnss_files-2.25.so
7f3050589000-7f305058f000 rw-p 00000000 00:00 0 
7f305058f000-7f305059a000 r-xp 00000000 08:0a 1574937                    /usr/lib/libnss_nis-2.25.so
7f305059a000-7f3050799000 ---p 0000b000 08:0a 1574937                    /usr/lib/libnss_nis-2.25.so
7f3050799000-7f305079a000 r--p 0000a000 08:0a 1574937                    /usr/lib/libnss_nis-2.25.so
7f305079a000-7f305079b000 rw-p 0000b000 08:0a 1574937                    /usr/lib/libnss_nis-2.25.so
7f305079b000-7f30507b0000 r-xp 00000000 08:0a 1574933                    /usr/lib/libnsl-2.25.so
7f30507b0000-7f30509af000 ---p 00015000 08:0a 1574933                    /usr/lib/libnsl-2.25.so
7f30509af000-7f30509b0000 r--p 00014000 08:0a 1574933                    /usr/lib/libnsl-2.25.so
7f30509b0000-7f30509b1000 rw-p 00015000 08:0a 1574933                    /usr/lib/libnsl-2.25.so
7f30509b1000-7f30509b3000 rw-p 00000000 00:00 0 
7f30509b3000-7f30509ba000 r-xp 00000000 08:0a 1574980                    /usr/lib/libnss_compat-2.25.so
7f30509ba000-7f3050bb9000 ---p 00007000 08:0a 1574980                    /usr/lib/libnss_compat-2.25.so
7f3050bb9000-7f3050bba000 r--p 00006000 08:0a 1574980                    /usr/lib/libnss_compat-2.25.so
7f3050bba000-7f3050bbb000 rw-p 00007000 08:0a 1574980                    /usr/lib/libnss_compat-2.25.so
7f3050bbb000-7f3050be8000 r-xp 00000000 08:0a 2240768                    /usr/lib/jvm/java-8-openjdk/jre/lib/amd64/libjava.so
7f3050be8000-7f3050de7000 ---p 0002d000 08:0a 2240768                    /usr/lib/jvm/java-8-openjdk/jre/lib/amd64/libjava.so
7f3050de7000-7f3050de8000 r--p 0002c000 08:0a 2240768                    /usr/lib/jvm/java-8-openjdk/jre/lib/amd64/libjava.so
7f3050de8000-7f3050dea000 rw-p 0002d000 08:0a 2240768                    /usr/lib/jvm/java-8-openjdk/jre/lib/amd64/libjava.so
7f3050dea000-7f3050df7000 r-xp 00000000 08:0a 2240510                    /usr/lib/jvm/java-8-openjdk/jre/lib/amd64/libverify.so
7f3050df7000-7f3050ff6000 ---p 0000d000 08:0a 2240510                    /usr/lib/jvm/java-8-openjdk/jre/lib/amd64/libverify.so
7f3050ff6000-7f3050ff8000 r--p 0000c000 08:0a 2240510                    /usr/lib/jvm/java-8-openjdk/jre/lib/amd64/libverify.so
7f3050ff8000-7f3050ff9000 rw-p 0000e000 08:0a 2240510                    /usr/lib/jvm/java-8-openjdk/jre/lib/amd64/libverify.so
7f3050ff9000-7f3051000000 r-xp 00000000 08:0a 1574931                    /usr/lib/librt-2.25.so
7f3051000000-7f30511ff000 ---p 00007000 08:0a 1574931                    /usr/lib/librt-2.25.so
7f30511ff000-7f3051200000 r--p 00006000 08:0a 1574931                    /usr/lib/librt-2.25.so
7f3051200000-7f3051201000 rw-p 00007000 08:0a 1574931                    /usr/lib/librt-2.25.so
7f3051201000-7f3051313000 r-xp 00000000 08:0a 1574934                    /usr/lib/libm-2.25.so
7f3051313000-7f3051512000 ---p 00112000 08:0a 1574934                    /usr/lib/libm-2.25.so
7f3051512000-7f3051513000 r--p 00111000 08:0a 1574934                    /usr/lib/libm-2.25.so
7f3051513000-7f3051514000 rw-p 00112000 08:0a 1574934                    /usr/lib/libm-2.25.so
7f3051514000-7f305213f000 r-xp 00000000 08:0a 2240777                    /usr/lib/jvm/java-8-openjdk/jre/lib/amd64/server/libjvm.so
7f305213f000-7f305233e000 ---p 00c2b000 08:0a 2240777                    /usr/lib/jvm/java-8-openjdk/jre/lib/amd64/server/libjvm.so
7f305233e000-7f30523d2000 r--p 00c2a000 08:0a 2240777                    /usr/lib/jvm/java-8-openjdk/jre/lib/amd64/server/libjvm.so
7f30523d2000-7f30523fb000 rw-p 00cbe000 08:0a 2240777                    /usr/lib/jvm/java-8-openjdk/jre/lib/amd64/server/libjvm.so
7f30523fb000-7f305242b000 rw-p 00000000 00:00 0 
7f305242b000-7f30525c6000 r-xp 00000000 08:0a 1575057                    /usr/lib/libc-2.25.so
7f30525c6000-7f30527c5000 ---p 0019b000 08:0a 1575057                    /usr/lib/libc-2.25.so
7f30527c5000-7f30527c9000 r--p 0019a000 08:0a 1575057                    /usr/lib/libc-2.25.so
7f30527c9000-7f30527cb000 rw-p 0019e000 08:0a 1575057                    /usr/lib/libc-2.25.so
7f30527cb000-7f30527cf000 rw-p 00000000 00:00 0 
7f30527cf000-7f30527d2000 r-xp 00000000 08:0a 1574935                    /usr/lib/libdl-2.25.so
7f30527d2000-7f30529d1000 ---p 00003000 08:0a 1574935                    /usr/lib/libdl-2.25.so
7f30529d1000-7f30529d2000 r--p 00002000 08:0a 1574935                    /usr/lib/libdl-2.25.so
7f30529d2000-7f30529d3000 rw-p 00003000 08:0a 1574935                    /usr/lib/libdl-2.25.so
7f30529d3000-7f30529e0000 r-xp 00000000 08:0a 2240780                    /usr/lib/jvm/java-8-openjdk/jre/lib/amd64/jli/libjli.so
7f30529e0000-7f3052bdf000 ---p 0000d000 08:0a 2240780                    /usr/lib/jvm/java-8-openjdk/jre/lib/amd64/jli/libjli.so
7f3052bdf000-7f3052be0000 r--p 0000c000 08:0a 2240780                    /usr/lib/jvm/java-8-openjdk/jre/lib/amd64/jli/libjli.so
7f3052be0000-7f3052be1000 rw-p 0000d000 08:0a 2240780                    /usr/lib/jvm/java-8-openjdk/jre/lib/amd64/jli/libjli.so
7f3052be1000-7f3052bf7000 r-xp 00000000 08:0a 1583709                    /usr/lib/libz.so.1.2.11
7f3052bf7000-7f3052df6000 ---p 00016000 08:0a 1583709                    /usr/lib/libz.so.1.2.11
7f3052df6000-7f3052df7000 r--p 00015000 08:0a 1583709                    /usr/lib/libz.so.1.2.11
7f3052df7000-7f3052df8000 rw-p 00016000 08:0a 1583709                    /usr/lib/libz.so.1.2.11
7f3052df8000-7f3052e11000 r-xp 00000000 08:0a 1575076                    /usr/lib/libpthread-2.25.so
7f3052e11000-7f3053010000 ---p 00019000 08:0a 1575076                    /usr/lib/libpthread-2.25.so
7f3053010000-7f3053011000 r--p 00018000 08:0a 1575076                    /usr/lib/libpthread-2.25.so
7f3053011000-7f3053012000 rw-p 00019000 08:0a 1575076                    /usr/lib/libpthread-2.25.so
7f3053012000-7f3053016000 rw-p 00000000 00:00 0 
7f3053016000-7f3053039000 r-xp 00000000 08:0a 1575058                    /usr/lib/ld-2.25.so
7f305303d000-7f3053102000 rw-p 00000000 00:00 0 
7f3053102000-7f3053105000 ---p 00000000 00:00 0 
7f3053105000-7f3053205000 rw-p 00000000 00:00 0 
7f3053219000-7f305322c000 rw-p 00000000 00:00 0 
7f305322c000-7f3053234000 rw-s 00000000 00:27 207544                     /tmp/hsperfdata_heshan/8965
7f3053234000-7f3053235000 rw-p 00000000 00:00 0 
7f3053235000-7f3053236000 r--p 00000000 00:00 0 
7f3053236000-7f3053238000 rw-p 00000000 00:00 0 
7f3053238000-7f3053239000 r--p 00022000 08:0a 1575058                    /usr/lib/ld-2.25.so
7f3053239000-7f305323a000 rw-p 00023000 08:0a 1575058                    /usr/lib/ld-2.25.so
7f305323a000-7f305323b000 rw-p 00000000 00:00 0 
7fff2f7d4000-7fff2f7f5000 rw-p 00000000 00:00 0                          [stack]
7fff2f7f9000-7fff2f7fb000 r--p 00000000 00:00 0                          [vvar]
7fff2f7fb000-7fff2f7fd000 r-xp 00000000 00:00 0                          [vdso]
ffffffffff600000-ffffffffff601000 r-xp 00000000 00:00 0                  [vsyscall]

VM Arguments:
jvm_args: -Dfile.encoding=UTF-8 
java_command: servicebus.ServiceBus
java_class_path (initial): /home/heshan/Projects/NetBeansProjects/EnterpriseServiceBus/ServiceBus/libs/jython-standalone-2.7.0.jar:/home/heshan/Projects/NetBeansProjects/EnterpriseServiceBus/ServiceBus/build/classes
Launcher Type: SUN_STANDARD

Environment Variables:
PATH=/usr/local/sbin:/usr/local/bin:/usr/bin:/usr/lib/jvm/default/bin:/usr/bin/site_perl:/usr/bin/vendor_perl:/usr/bin/core_perl
USERNAME=heshan
LD_LIBRARY_PATH=/usr/lib/jvm/java-8-openjdk/jre/lib/amd64:/usr/lib/jvm/java-8-openjdk/jre/lib/i386:
SHELL=/bin/bash
DISPLAY=:0

Signal Handlers:
SIGSEGV: [libjvm.so+0xa2d880], sa_mask[0]=11111111011111111101111111111110, sa_flags=SA_RESTART|SA_SIGINFO
SIGBUS: [libjvm.so+0xa2d880], sa_mask[0]=11111111011111111101111111111110, sa_flags=SA_RESTART|SA_SIGINFO
SIGFPE: [libjvm.so+0x881d40], sa_mask[0]=11111111011111111101111111111110, sa_flags=SA_RESTART|SA_SIGINFO
SIGPIPE: [libjvm.so+0x881d40], sa_mask[0]=11111111011111111101111111111110, sa_flags=SA_RESTART|SA_SIGINFO
SIGXFSZ: [libjvm.so+0x881d40], sa_mask[0]=11111111011111111101111111111110, sa_flags=SA_RESTART|SA_SIGINFO
SIGILL: [libjvm.so+0x881d40], sa_mask[0]=11111111011111111101111111111110, sa_flags=SA_RESTART|SA_SIGINFO
SIGUSR1: SIG_DFL, sa_mask[0]=00000000000000000000000000000000, sa_flags=none
SIGUSR2: [libjvm.so+0x881c10], sa_mask[0]=00100000000000000000000000000000, sa_flags=SA_RESTART|SA_SIGINFO
SIGHUP: [libjvm.so+0x882080], sa_mask[0]=11111111011111111101111111111110, sa_flags=SA_RESTART|SA_SIGINFO
SIGINT: SIG_IGN, sa_mask[0]=00000000000000000000000000000000, sa_flags=none
SIGTERM: [libjvm.so+0x882080], sa_mask[0]=11111111011111111101111111111110, sa_flags=SA_RESTART|SA_SIGINFO
SIGQUIT: [libjvm.so+0x882080], sa_mask[0]=11111111011111111101111111111110, sa_flags=SA_RESTART|SA_SIGINFO


---------------  S Y S T E M  ---------------

OS:NAME="Arch Linux"
PRETTY_NAME="Arch Linux"
ID=arch
ID_LIKE=archlinux
ANSI_COLOR="0;36"
HOME_URL="https://www.archlinux.org/"
SUPPORT_URL="https://bbs.archlinux.org/"
BUG_REPORT_URL="https://bugs.archlinux.org/"


uname:Linux 4.10.13-1-ARCH #1 SMP PREEMPT Thu Apr 27 12:15:09 CEST 2017 x86_64
libc:glibc 2.25 NPTL 2.25 
rlimit: STACK 8192k, CORE infinity, NPROC 15437, NOFILE 4096, AS infinity
load average:2.53 2.45 2.37

/proc/meminfo:
MemTotal:        3961096 kB
MemFree:          134344 kB
MemAvailable:     323988 kB
Buffers:           17340 kB
Cached:           572764 kB
SwapCached:         6276 kB
Active:          2882468 kB
Inactive:         654952 kB
Active(anon):    2654640 kB
Inactive(anon):   532796 kB
Active(file):     227828 kB
Inactive(file):   122156 kB
Unevictable:           0 kB
Mlocked:               0 kB
SwapTotal:       8388604 kB
SwapFree:        8117760 kB
Dirty:              1388 kB
Writeback:             0 kB
AnonPages:       2904424 kB
Mapped:           259736 kB
Shmem:            240120 kB
Slab:             128548 kB
SReclaimable:      85132 kB
SUnreclaim:        43416 kB
KernelStack:       13104 kB
PageTables:        58916 kB
NFS_Unstable:          0 kB
Bounce:                0 kB
WritebackTmp:          0 kB
CommitLimit:    10369152 kB
Committed_AS:    9265108 kB
VmallocTotal:   34359738367 kB
VmallocUsed:           0 kB
VmallocChunk:          0 kB
HardwareCorrupted:     0 kB
AnonHugePages:   1495040 kB
ShmemHugePages:        0 kB
ShmemPmdMapped:        0 kB
HugePages_Total:       0
HugePages_Free:        0
HugePages_Rsvd:        0
HugePages_Surp:        0
Hugepagesize:       2048 kB
DirectMap4k:      176184 kB
DirectMap2M:     3928064 kB
DirectMap1G:           0 kB


CPU:total 4 (2 cores per cpu, 2 threads per core) family 6 model 61 stepping 4, cmov, cx8, fxsr, mmx, sse, sse2, sse3, ssse3, sse4.1, sse4.2, popcnt, avx, avx2, aes, clmul, erms, 3dnowpref, lzcnt, ht, tsc, tscinvbit, bmi1, bmi2, adx

/proc/cpuinfo:
processor	: 0
vendor_id	: GenuineIntel
cpu family	: 6
model		: 61
model name	: Intel(R) Core(TM) i3-5005U CPU @ 2.00GHz
stepping	: 4
microcode	: 0x18
cpu MHz		: 1899.902
cache size	: 3072 KB
physical id	: 0
siblings	: 4
core id		: 0
cpu cores	: 2
apicid		: 0
initial apicid	: 0
fpu		: yes
fpu_exception	: yes
cpuid level	: 20
wp		: yes
flags		: fpu vme de pse tsc msr pae mce cx8 apic sep mtrr pge mca cmov pat pse36 clflush dts acpi mmx fxsr sse sse2 ss ht tm pbe syscall nx pdpe1gb rdtscp lm constant_tsc arch_perfmon pebs bts rep_good nopl xtopology nonstop_tsc aperfmperf pni pclmulqdq dtes64 monitor ds_cpl vmx est tm2 ssse3 sdbg fma cx16 xtpr pdcm pcid sse4_1 sse4_2 x2apic movbe popcnt tsc_deadline_timer aes xsave avx f16c rdrand lahf_lm abm 3dnowprefetch epb intel_pt tpr_shadow vnmi flexpriority ept vpid fsgsbase tsc_adjust bmi1 avx2 smep bmi2 erms invpcid rdseed adx smap xsaveopt dtherm arat pln pts
bugs		:
bogomips	: 3992.95
clflush size	: 64
cache_alignment	: 64
address sizes	: 39 bits physical, 48 bits virtual
power management:

processor	: 1
vendor_id	: GenuineIntel
cpu family	: 6
model		: 61
model name	: Intel(R) Core(TM) i3-5005U CPU @ 2.00GHz
stepping	: 4
microcode	: 0x18
cpu MHz		: 1899.902
cache size	: 3072 KB
physical id	: 0
siblings	: 4
core id		: 1
cpu cores	: 2
apicid		: 2
initial apicid	: 2
fpu		: yes
fpu_exception	: yes
cpuid level	: 20
wp		: yes
flags		: fpu vme de pse tsc msr pae mce cx8 apic sep mtrr pge mca cmov pat pse36 clflush dts acpi mmx fxsr sse sse2 ss ht tm pbe syscall nx pdpe1gb rdtscp lm constant_tsc arch_perfmon pebs bts rep_good nopl xtopology nonstop_tsc aperfmperf pni pclmulqdq dtes64 monitor ds_cpl vmx est tm2 ssse3 sdbg fma cx16 xtpr pdcm pcid sse4_1 sse4_2 x2apic movbe popcnt tsc_deadline_timer aes xsave avx f16c rdrand lahf_lm abm 3dnowprefetch epb intel_pt tpr_shadow vnmi flexpriority ept vpid fsgsbase tsc_adjust bmi1 avx2 smep bmi2 erms invpcid rdseed adx smap xsaveopt dtherm arat pln pts
bugs		:
bogomips	: 3993.24
clflush size	: 64
cache_alignment	: 64
address sizes	: 39 bits physical, 48 bits virtual
power management:

processor	: 2
vendor_id	: GenuineIntel
cpu family	: 6
model		: 61
model name	: Intel(R) Core(TM) i3-5005U CPU @ 2.00GHz
stepping	: 4
microcode	: 0x18
cpu MHz		: 1899.902
cache size	: 3072 KB
physical id	: 0
siblings	: 4
core id		: 0
cpu cores	: 2
apicid		: 1
initial apicid	: 1
fpu		: yes
fpu_exception	: yes
cpuid level	: 20
wp		: yes
flags		: fpu vme de pse tsc msr pae mce cx8 apic sep mtrr pge mca cmov pat pse36 clflush dts acpi mmx fxsr sse sse2 ss ht tm pbe syscall nx pdpe1gb rdtscp lm constant_tsc arch_perfmon pebs bts rep_good nopl xtopology nonstop_tsc aperfmperf pni pclmulqdq dtes64 monitor ds_cpl vmx est tm2 ssse3 sdbg fma cx16 xtpr pdcm pcid sse4_1 sse4_2 x2apic movbe popcnt tsc_deadline_timer aes xsave avx f16c rdrand lahf_lm abm 3dnowprefetch epb intel_pt tpr_shadow vnmi flexpriority ept vpid fsgsbase tsc_adjust bmi1 avx2 smep bmi2 erms invpcid rdseed adx smap xsaveopt dtherm arat pln pts
bugs		:
bogomips	: 3994.90
clflush size	: 64
cache_alignment	: 64
address sizes	: 39 bits physical, 48 bits virtual
power management:

processor	: 3
vendor_id	: GenuineIntel
cpu family	: 6
model		: 61
model name	: Intel(R) Core(TM) i3-5005U CPU @ 2.00GHz
stepping	: 4
microcode	: 0x18
cpu MHz		: 1899.902
cache size	: 3072 KB
physical id	: 0
siblings	: 4
core id		: 1
cpu cores	: 2
apicid		: 3
initial apicid	: 3
fpu		: yes
fpu_exception	: yes
cpuid level	: 20
wp		: yes
flags		: fpu vme de pse tsc msr pae mce cx8 apic sep mtrr pge mca cmov pat pse36 clflush dts acpi mmx fxsr sse sse2 ss ht tm pbe syscall nx pdpe1gb rdtscp lm constant_tsc arch_perfmon pebs bts rep_good nopl xtopology nonstop_tsc aperfmperf pni pclmulqdq dtes64 monitor ds_cpl vmx est tm2 ssse3 sdbg fma cx16 xtpr pdcm pcid sse4_1 sse4_2 x2apic movbe popcnt tsc_deadline_timer aes xsave avx f16c rdrand lahf_lm abm 3dnowprefetch epb intel_pt tpr_shadow vnmi flexpriority ept vpid fsgsbase tsc_adjust bmi1 avx2 smep bmi2 erms invpcid rdseed adx smap xsaveopt dtherm arat pln pts
bugs		:
bogomips	: 3993.27
clflush size	: 64
cache_alignment	: 64
address sizes	: 39 bits physical, 48 bits virtual
power management:



Memory: 4k page, physical 3961096k(134344k free), swap 8388604k(8117760k free)

vm_info: OpenJDK 64-Bit Server VM (25.121-b13) for linux-amd64 JRE (1.8.0_121-b13), built on Jan 22 2017 09:22:31 by "builduser" with gcc 6.3.1 20170109

time: Thu Jun  1 22:55:59 2017
elapsed time: 5 seconds (0d 0h 0m 5s)

