#
# A fatal error has been detected by the Java Runtime Environment:
#
#  SIGSEGV (0xb) at pc=0x00007fb00fa205bf, pid=9838, tid=0x00007faff1b52700
#
# JRE version: OpenJDK Runtime Environment (8.0_121-b13) (build 1.8.0_121-b13)
# Java VM: OpenJDK 64-Bit Server VM (25.121-b13 mixed mode linux-amd64 compressed oops)
# Problematic frame:
# V  [libjvm.so+0x65c5bf]
#
# Core dump written. Default location: /home/heshan/Projects/NetBeansProjects/EnterpriseServiceBus/ServiceBus/core or core.9838
#
# If you would like to submit a bug report, please visit:
#   http://bugreport.java.com/bugreport/crash.jsp
#

---------------  T H R E A D  ---------------

Current thread (0x00007fb00815e800):  JavaThread "Thread-0" [_thread_in_vm, id=9876, stack(0x00007faff1a52000,0x00007faff1b53000)]

siginfo: si_signo: 11 (SIGSEGV), si_code: 1 (SEGV_MAPERR), si_addr: 0x0000000000003139

Registers:
RAX=0x0000000000000007, RBX=0x00007fb00cbf9498, RCX=0x00007fb0080dd340, RDX=0x00007fb0102b4949
RSP=0x00007faff1b51260, RBP=0x00007faff1b513e0, RSI=0x00007fb010296980, RDI=0x00007fb008157260
R8 =0x0000000000000001, R9 =0x00007fb00815e800, R10=0x000000000000004a, R11=0x00007faff184ec4e
R12=0x00007faff1b51430, R13=0x00007fb00815e800, R14=0x0000000000003131, R15=0x00007fb00815eeb8
RIP=0x00007fb00fa205bf, EFLAGS=0x0000000000010202, CSGSFS=0x002b000000000033, ERR=0x0000000000000004
  TRAPNO=0x000000000000000e

Top of Stack: (sp=0x00007faff1b51260)
0x00007faff1b51260:   00007faff1b512e4 00007faff184c3b8
0x00007faff1b51270:   00007faff184cd28 00007faff184caa8
0x00007faff1b51280:   00007faff1b512e8 00007fb00815e9e0
0x00007faff1b51290:   0000000001b732a7 00007faff1b51400
0x00007faff1b512a0:   00007faff1b513c0 00007faff184c3b8
0x00007faff1b512b0:   00007faff1b512e4 00007faff1b513b0
0x00007faff1b512c0:   00007fafb40018e8 0000000000000006
0x00007faff1b512d0:   00000000001f6087 0000000000000001
0x00007faff1b512e0:   000000000815eeb8 0000000000000000
0x00007faff1b512f0:   00007faff1b51320 00007fafb4002130
0x00007faff1b51300:   00007faff1b51450 0000000000000000
0x00007faff1b51310:   0000000000000005 0000000000000000
0x00007faff1b51320:   00007faff1b51478 00007fb010ecfce1
0x00007faff1b51330:   0000000000000000 0000000000000000
0x00007faff1b51340:   0000000000000005 0000000000000000
0x00007faff1b51350:   0000000000000001 00007fafb4001dd0
0x00007faff1b51360:   00000000000001c0 0000000000000000
0x00007faff1b51370:   0000000000000000 00007fafb4002128
0x00007faff1b51380:   00007faff1b513c0 0000000110357674
0x00007faff1b51390:   00007fafb4001dd0 00007faff1b513b0
0x00007faff1b513a0:   00007faff184cd28 000000006dcca9c7
0x00007faff1b513b0:   00000000ffffffff 00007fb00815e800
0x00007faff1b513c0:   0000000000000000 00007fb00815e9e0
0x00007faff1b513d0:   00007fb0080dd340 00007faff1b514d0
0x00007faff1b513e0:   00007faff1b514a0 00007fb00fa21eb9
0x00007faff1b513f0:   0000000000000013 00007faff184fa17
0x00007faff1b51400:   00007faf0000000a 00007fb008005790
0x00007faff1b51410:   00007fb00815e800 0000000000000000
0x00007faff1b51420:   00007fb0101fe038 00007faff1a510a8
0x00007faff1b51430:   00007fb0101fa650 00007fb010f332f0
0x00007faff1b51440:   00000000f1b518d0 00007fb000000063
0x00007faff1b51450:   0000000000000000 0000003000000018 

Instructions: (pc=0x00007fb00fa205bf)
0x00007fb00fa2059f:   ff e9 95 fd ff ff 0f 1f 00 49 8b 7e 08 e9 61 fd
0x00007fb00fa205af:   ff ff 0f 1f 80 00 00 00 00 48 8d 35 c1 63 87 00
0x00007fb00fa205bf:   41 8b 56 08 8b 4e 08 48 d3 e2 48 03 16 e9 98 fd
0x00007fb00fa205cf:   ff ff 0f 1f 80 00 00 00 00 48 8d 05 21 64 8b 00 

Register to memory mapping:

RAX=0x0000000000000007 is an unknown value
RBX={method} {0x00007fb00cbf9498} 'intValue' '()I' in 'java/lang/Integer'
RCX=0x00007fb0080dd340 is an unknown value
RDX=0x00007fb0102b4949: <offset 0xef0949> in /usr/lib/jvm/java-8-openjdk/jre/lib/amd64/server/libjvm.so at 0x00007fb00f3c4000
RSP=0x00007faff1b51260 is pointing into the stack for thread: 0x00007fb00815e800
RBP=0x00007faff1b513e0 is pointing into the stack for thread: 0x00007fb00815e800
RSI=0x00007fb010296980: <offset 0xed2980> in /usr/lib/jvm/java-8-openjdk/jre/lib/amd64/server/libjvm.so at 0x00007fb00f3c4000
RDI=0x00007fb008157260 is an unknown value
R8 =0x0000000000000001 is an unknown value
R9 =0x00007fb00815e800 is a thread
R10=0x000000000000004a is an unknown value
R11=0x00007faff184ec4e: _ZN7JNIEnv_13CallIntMethodEP8_jobjectP10_jmethodIDz+0 in /home/heshan/Projects/NetBeansProjects/EnterpriseServiceBus/ServiceBus/src/services/CppServices/dist/libCppServices.so at 0x00007faff184c000
R12=0x00007faff1b51430 is pointing into the stack for thread: 0x00007fb00815e800
R13=0x00007fb00815e800 is a thread
R14=0x0000000000003131 is an unknown value
R15=0x00007fb00815eeb8 is an unknown value


Stack: [0x00007faff1a52000,0x00007faff1b53000],  sp=0x00007faff1b51260,  free space=1020k
Native frames: (J=compiled Java code, j=interpreted, Vv=VM code, C=native code)
V  [libjvm.so+0x65c5bf]
V  [libjvm.so+0x65deb9]
C  [libCppServices.so+0x2d03]  JNIEnv_::CallIntMethod(_jobject*, _jmethodID*, ...)+0xb5
C  [libCppServices.so+0x2a89]  Converter::convertToInteger(_jstring*)+0x71
C  [libCppServices.so+0x3089]  Java_services_CppServiceDirectory_callNativeMethod+0x342
j  services.CppServiceDirectory.callNativeMethod(I[Ljava/lang/String;[Ljava/lang/String;)Ljava/lang/String;+0
j  services.CppServiceDirectory.getService(ILjava/util/ArrayList;Ljava/util/ArrayList;)Ljava/lang/String;+58
j  servicebus.ServiceBus.run()V+400
j  java.lang.Thread.run()V+11
v  ~StubRoutines::call_stub
V  [libjvm.so+0x6453a3]
V  [libjvm.so+0x642af7]
V  [libjvm.so+0x6430c7]
V  [libjvm.so+0x67f4e5]
V  [libjvm.so+0x9d35ff]
V  [libjvm.so+0x9d39d5]
V  [libjvm.so+0x8838a2]
C  [libpthread.so.0+0x72e7]  start_thread+0xd7

Java frames: (J=compiled Java code, j=interpreted, Vv=VM code)
j  services.CppServiceDirectory.callNativeMethod(I[Ljava/lang/String;[Ljava/lang/String;)Ljava/lang/String;+0
j  services.CppServiceDirectory.getService(ILjava/util/ArrayList;Ljava/util/ArrayList;)Ljava/lang/String;+58
j  servicebus.ServiceBus.run()V+400
j  java.lang.Thread.run()V+11
v  ~StubRoutines::call_stub

---------------  P R O C E S S  ---------------

Java Threads: ( => current thread )
=>0x00007fb00815e800 JavaThread "Thread-0" [_thread_in_vm, id=9876, stack(0x00007faff1a52000,0x00007faff1b53000)]
  0x00007fb0080d1800 JavaThread "Service Thread" daemon [_thread_blocked, id=9855, stack(0x00007faff20bf000,0x00007faff21c0000)]
  0x00007fb0080bc000 JavaThread "C1 CompilerThread2" daemon [_thread_blocked, id=9854, stack(0x00007faff805a000,0x00007faff815b000)]
  0x00007fb0080ba800 JavaThread "C2 CompilerThread1" daemon [_thread_blocked, id=9853, stack(0x00007faff815b000,0x00007faff825c000)]
  0x00007fb0080b7800 JavaThread "C2 CompilerThread0" daemon [_thread_blocked, id=9852, stack(0x00007faff825c000,0x00007faff835d000)]
  0x00007fb0080b6000 JavaThread "Signal Dispatcher" daemon [_thread_blocked, id=9851, stack(0x00007faff835d000,0x00007faff845e000)]
  0x00007fb008083800 JavaThread "Finalizer" daemon [_thread_blocked, id=9850, stack(0x00007faff85f6000,0x00007faff86f7000)]
  0x00007fb00807f000 JavaThread "Reference Handler" daemon [_thread_blocked, id=9849, stack(0x00007faff86f7000,0x00007faff87f8000)]
  0x00007fb00800a000 JavaThread "main" [_thread_in_native, id=9840, stack(0x00007fb010fb2000,0x00007fb0110b3000)]

Other Threads:
  0x00007fb008077000 VMThread [stack: 0x00007faff87f8000,0x00007faff88f9000] [id=9848]
  0x00007fb0080dc000 WatcherThread [stack: 0x00007faff1fbe000,0x00007faff20bf000] [id=9856]

VM state:not at safepoint (normal execution)

VM Mutex/Monitor currently owned by a thread: None

Heap:
 PSYoungGen      total 18432K, used 1588K [0x00000000ebd80000, 0x00000000ed200000, 0x0000000100000000)
  eden space 15872K, 10% used [0x00000000ebd80000,0x00000000ebf0d040,0x00000000ecd00000)
  from space 2560K, 0% used [0x00000000ecf80000,0x00000000ecf80000,0x00000000ed200000)
  to   space 2560K, 0% used [0x00000000ecd00000,0x00000000ecd00000,0x00000000ecf80000)
 ParOldGen       total 42496K, used 0K [0x00000000c3800000, 0x00000000c6180000, 0x00000000ebd80000)
  object space 42496K, 0% used [0x00000000c3800000,0x00000000c3800000,0x00000000c6180000)
 Metaspace       used 4209K, capacity 4622K, committed 4864K, reserved 1056768K
  class space    used 445K, capacity 458K, committed 512K, reserved 1048576K

Card table byte_map: [0x00007fb00da7f000,0x00007fb00dc64000] byte_map_base: 0x00007fb00d463000

Marking Bits: (ParMarkBitMap*) 0x00007fb0102be260
 Begin Bits: [0x00007faff21c0000, 0x00007faff30e0000)
 End Bits:   [0x00007faff30e0000, 0x00007faff4000000)

Polling page: 0x00007fb0110e5000

CodeCache: size=245760Kb used=1174Kb max_used=1174Kb free=244585Kb
 bounds [0x00007faff9000000, 0x00007faff9270000, 0x00007fb008000000]
 total_blobs=318 nmethods=59 adapters=174
 compilation: enabled

Compilation events (10 events):
Event: 0.150 Thread 0x00007fb0080bc000   55       1       com.sun.org.apache.xerces.internal.dom.TextImpl::getNodeType (2 bytes)
Event: 0.150 Thread 0x00007fb0080bc000 nmethod 55 0x00007faff9123ad0 code [0x00007faff9123c20, 0x00007faff9123d30]
Event: 0.155 Thread 0x00007fb0080bc000   56       3       java.lang.StringBuilder::<init> (7 bytes)
Event: 0.156 Thread 0x00007fb0080bc000 nmethod 56 0x00007faff9124190 code [0x00007faff9124300, 0x00007faff91245b0]
Event: 7.645 Thread 0x00007fb0080bc000   57       1       java.nio.Buffer::position (5 bytes)
Event: 7.645 Thread 0x00007fb0080bc000 nmethod 57 0x00007faff9125110 code [0x00007faff9125260, 0x00007faff9125370]
Event: 7.645 Thread 0x00007fb0080bc000   58       3       java.util.AbstractList::<init> (10 bytes)
Event: 7.646 Thread 0x00007fb0080bc000 nmethod 58 0x00007faff91253d0 code [0x00007faff9125540, 0x00007faff9125750]
Event: 7.646 Thread 0x00007fb0080bc000   59  s    1       java.util.Vector::size (5 bytes)
Event: 7.646 Thread 0x00007fb0080bc000 nmethod 59 0x00007faff9125850 code [0x00007faff91259a0, 0x00007faff9125c10]

GC Heap History (0 events):
No events

Deoptimization events (0 events):
No events

Internal exceptions (8 events):
Event: 0.045 Thread 0x00007fb00800a000 Exception <a 'java/lang/NoSuchMethodError': Method sun.misc.Unsafe.defineClass(Ljava/lang/String;[BII)Ljava/lang/Class; name or signature does not match> (0x00000000ebd87ca8) thrown at [/build/java8-openjdk/src/jdk8u-jdk8u121-b13/hotspot/src/share/vm/prim
Event: 0.045 Thread 0x00007fb00800a000 Exception <a 'java/lang/NoSuchMethodError': Method sun.misc.Unsafe.prefetchRead(Ljava/lang/Object;J)V name or signature does not match> (0x00000000ebd87f90) thrown at [/build/java8-openjdk/src/jdk8u-jdk8u121-b13/hotspot/src/share/vm/prims/jni.cpp, line 40
Event: 0.113 Thread 0x00007fb00800a000 Exception <a 'java/security/PrivilegedActionException'> (0x00000000ebe0d690) thrown at [/build/java8-openjdk/src/jdk8u-jdk8u121-b13/hotspot/src/share/vm/prims/jvm.cpp, line 1390]
Event: 0.114 Thread 0x00007fb00800a000 Exception <a 'java/security/PrivilegedActionException'> (0x00000000ebe0d8a0) thrown at [/build/java8-openjdk/src/jdk8u-jdk8u121-b13/hotspot/src/share/vm/prims/jvm.cpp, line 1390]
Event: 0.114 Thread 0x00007fb00800a000 Exception <a 'java/security/PrivilegedActionException'> (0x00000000ebe0f740) thrown at [/build/java8-openjdk/src/jdk8u-jdk8u121-b13/hotspot/src/share/vm/prims/jvm.cpp, line 1390]
Event: 0.114 Thread 0x00007fb00800a000 Exception <a 'java/security/PrivilegedActionException'> (0x00000000ebe0f950) thrown at [/build/java8-openjdk/src/jdk8u-jdk8u121-b13/hotspot/src/share/vm/prims/jvm.cpp, line 1390]
Event: 0.114 Thread 0x00007fb00800a000 Exception <a 'java/security/PrivilegedActionException'> (0x00000000ebe103b0) thrown at [/build/java8-openjdk/src/jdk8u-jdk8u121-b13/hotspot/src/share/vm/prims/jvm.cpp, line 1390]
Event: 0.114 Thread 0x00007fb00800a000 Exception <a 'java/security/PrivilegedActionException'> (0x00000000ebe105c0) thrown at [/build/java8-openjdk/src/jdk8u-jdk8u121-b13/hotspot/src/share/vm/prims/jvm.cpp, line 1390]

Events (10 events):
Event: 2.682 loading class java/net/Socket$2
Event: 2.683 loading class java/net/Socket$2 done
Event: 2.683 loading class java/net/SocketInputStream
Event: 2.683 loading class java/net/SocketInputStream done
Event: 4.090 Executing VM operation: EnableBiasedLocking
Event: 4.090 Executing VM operation: EnableBiasedLocking done
Event: 7.643 loading class java/util/Random
Event: 7.644 loading class java/util/Random done
Event: 7.645 loading class services/CppServiceDirectory
Event: 7.645 loading class services/CppServiceDirectory done


Dynamic libraries:
00400000-00401000 r-xp 00000000 08:0a 2240423                            /usr/lib/jvm/java-8-openjdk/jre/bin/java
00600000-00601000 r--p 00000000 08:0a 2240423                            /usr/lib/jvm/java-8-openjdk/jre/bin/java
00601000-00602000 rw-p 00001000 08:0a 2240423                            /usr/lib/jvm/java-8-openjdk/jre/bin/java
01296000-012b7000 rw-p 00000000 00:00 0                                  [heap]
c3800000-c6180000 rw-p 00000000 00:00 0 
c6180000-ebd80000 ---p 00000000 00:00 0 
ebd80000-ed200000 rw-p 00000000 00:00 0 
ed200000-100000000 ---p 00000000 00:00 0 
100000000-100080000 rw-p 00000000 00:00 0 
100080000-140000000 ---p 00000000 00:00 0 
7fafb4000000-7fafb402b000 rw-p 00000000 00:00 0 
7fafb402b000-7fafb8000000 ---p 00000000 00:00 0 
7fafbc000000-7fafbc021000 rw-p 00000000 00:00 0 
7fafbc021000-7fafc0000000 ---p 00000000 00:00 0 
7fafc0000000-7fafc0021000 rw-p 00000000 00:00 0 
7fafc0021000-7fafc4000000 ---p 00000000 00:00 0 
7fafc4000000-7fafc4021000 rw-p 00000000 00:00 0 
7fafc4021000-7fafc8000000 ---p 00000000 00:00 0 
7fafc8000000-7fafc8060000 rw-p 00000000 00:00 0 
7fafc8060000-7fafcc000000 ---p 00000000 00:00 0 
7fafcc000000-7fafcc021000 rw-p 00000000 00:00 0 
7fafcc021000-7fafd0000000 ---p 00000000 00:00 0 
7fafd0000000-7fafd009c000 rw-p 00000000 00:00 0 
7fafd009c000-7fafd4000000 ---p 00000000 00:00 0 
7fafd4000000-7fafd4021000 rw-p 00000000 00:00 0 
7fafd4021000-7fafd8000000 ---p 00000000 00:00 0 
7fafd8000000-7fafd8021000 rw-p 00000000 00:00 0 
7fafd8021000-7fafdc000000 ---p 00000000 00:00 0 
7fafdc000000-7fafdc021000 rw-p 00000000 00:00 0 
7fafdc021000-7fafe0000000 ---p 00000000 00:00 0 
7fafe0000000-7fafe0021000 rw-p 00000000 00:00 0 
7fafe0021000-7fafe4000000 ---p 00000000 00:00 0 
7fafe4000000-7fafe4021000 rw-p 00000000 00:00 0 
7fafe4021000-7fafe8000000 ---p 00000000 00:00 0 
7fafec000000-7fafec021000 rw-p 00000000 00:00 0 
7fafec021000-7faff0000000 ---p 00000000 00:00 0 
7faff127c000-7faff1292000 r-xp 00000000 08:0a 1587171                    /usr/lib/libgcc_s.so.1
7faff1292000-7faff1491000 ---p 00016000 08:0a 1587171                    /usr/lib/libgcc_s.so.1
7faff1491000-7faff1492000 r--p 00015000 08:0a 1587171                    /usr/lib/libgcc_s.so.1
7faff1492000-7faff1493000 rw-p 00016000 08:0a 1587171                    /usr/lib/libgcc_s.so.1
7faff1493000-7faff160b000 r-xp 00000000 08:0a 1576452                    /usr/lib/libstdc++.so.6.0.22
7faff160b000-7faff180b000 ---p 00178000 08:0a 1576452                    /usr/lib/libstdc++.so.6.0.22
7faff180b000-7faff1815000 r--p 00178000 08:0a 1576452                    /usr/lib/libstdc++.so.6.0.22
7faff1815000-7faff1817000 rw-p 00182000 08:0a 1576452                    /usr/lib/libstdc++.so.6.0.22
7faff1817000-7faff181b000 rw-p 00000000 00:00 0 
7faff184c000-7faff1851000 r-xp 00000000 08:0a 3147098                    /home/heshan/Projects/NetBeansProjects/EnterpriseServiceBus/ServiceBus/src/services/CppServices/dist/libCppServices.so
7faff1851000-7faff1a50000 ---p 00005000 08:0a 3147098                    /home/heshan/Projects/NetBeansProjects/EnterpriseServiceBus/ServiceBus/src/services/CppServices/dist/libCppServices.so
7faff1a50000-7faff1a51000 r--p 00004000 08:0a 3147098                    /home/heshan/Projects/NetBeansProjects/EnterpriseServiceBus/ServiceBus/src/services/CppServices/dist/libCppServices.so
7faff1a51000-7faff1a52000 rw-p 00005000 08:0a 3147098                    /home/heshan/Projects/NetBeansProjects/EnterpriseServiceBus/ServiceBus/src/services/CppServices/dist/libCppServices.so
7faff1a52000-7faff1a55000 ---p 00000000 00:00 0 
7faff1a55000-7faff1b53000 rw-p 00000000 00:00 0 
7faff1b53000-7faff1b69000 r-xp 00000000 08:0a 2240770                    /usr/lib/jvm/java-8-openjdk/jre/lib/amd64/libnet.so
7faff1b69000-7faff1d68000 ---p 00016000 08:0a 2240770                    /usr/lib/jvm/java-8-openjdk/jre/lib/amd64/libnet.so
7faff1d68000-7faff1d69000 r--p 00015000 08:0a 2240770                    /usr/lib/jvm/java-8-openjdk/jre/lib/amd64/libnet.so
7faff1d69000-7faff1d6a000 rw-p 00016000 08:0a 2240770                    /usr/lib/jvm/java-8-openjdk/jre/lib/amd64/libnet.so
7faff1d6a000-7faff1f28000 r--s 02191000 08:0a 3146888                    /home/heshan/Projects/NetBeansProjects/EnterpriseServiceBus/ServiceBus/libs/jython-standalone-2.7.0.jar
7faff1f28000-7faff1fbe000 r--s 008d8000 08:0a 2240594                    /usr/lib/jvm/java-8-openjdk/jre/lib/ext/jfxrt.jar
7faff1fbe000-7faff1fbf000 ---p 00000000 00:00 0 
7faff1fbf000-7faff20bf000 rw-p 00000000 00:00 0 
7faff20bf000-7faff20c2000 ---p 00000000 00:00 0 
7faff20c2000-7faff4000000 rw-p 00000000 00:00 0 
7faff4000000-7faff4021000 rw-p 00000000 00:00 0 
7faff4021000-7faff8000000 ---p 00000000 00:00 0 
7faff8029000-7faff805a000 rw-p 00000000 00:00 0 
7faff805a000-7faff805d000 ---p 00000000 00:00 0 
7faff805d000-7faff815b000 rw-p 00000000 00:00 0 
7faff815b000-7faff815e000 ---p 00000000 00:00 0 
7faff815e000-7faff825c000 rw-p 00000000 00:00 0 
7faff825c000-7faff825f000 ---p 00000000 00:00 0 
7faff825f000-7faff835d000 rw-p 00000000 00:00 0 
7faff835d000-7faff8360000 ---p 00000000 00:00 0 
7faff8360000-7faff845e000 rw-p 00000000 00:00 0 
7faff845e000-7faff85f6000 r--p 00000000 08:0a 1628100                    /usr/lib/locale/locale-archive
7faff85f6000-7faff85f9000 ---p 00000000 00:00 0 
7faff85f9000-7faff86f7000 rw-p 00000000 00:00 0 
7faff86f7000-7faff86fa000 ---p 00000000 00:00 0 
7faff86fa000-7faff87f8000 rw-p 00000000 00:00 0 
7faff87f8000-7faff87f9000 ---p 00000000 00:00 0 
7faff87f9000-7faff9000000 rw-p 00000000 00:00 0 
7faff9000000-7faff9270000 rwxp 00000000 00:00 0 
7faff9270000-7fb008000000 ---p 00000000 00:00 0 
7fb008000000-7fb008160000 rw-p 00000000 00:00 0 
7fb008160000-7fb00c000000 ---p 00000000 00:00 0 
7fb00c00d000-7fb00c90f000 rw-p 00000000 00:00 0 
7fb00c90f000-7fb00cade000 r--s 03c05000 08:0a 2240463                    /usr/lib/jvm/java-8-openjdk/jre/lib/rt.jar
7fb00cade000-7fb00cf94000 rw-p 00000000 00:00 0 
7fb00cf94000-7fb00d354000 ---p 00000000 00:00 0 
7fb00d354000-7fb00d538000 rw-p 00000000 00:00 0 
7fb00d538000-7fb00d539000 ---p 00000000 00:00 0 
7fb00d539000-7fb00d639000 rw-p 00000000 00:00 0 
7fb00d639000-7fb00d63a000 ---p 00000000 00:00 0 
7fb00d63a000-7fb00d73a000 rw-p 00000000 00:00 0 
7fb00d73a000-7fb00d73b000 ---p 00000000 00:00 0 
7fb00d73b000-7fb00d83b000 rw-p 00000000 00:00 0 
7fb00d83b000-7fb00d83c000 ---p 00000000 00:00 0 
7fb00d83c000-7fb00d951000 rw-p 00000000 00:00 0 
7fb00d951000-7fb00da7f000 ---p 00000000 00:00 0 
7fb00da7f000-7fb00da94000 rw-p 00000000 00:00 0 
7fb00da94000-7fb00dbc1000 ---p 00000000 00:00 0 
7fb00dbc1000-7fb00dbcc000 rw-p 00000000 00:00 0 
7fb00dbcc000-7fb00dc63000 ---p 00000000 00:00 0 
7fb00dc63000-7fb00dc6e000 rw-p 00000000 00:00 0 
7fb00dc6e000-7fb00e024000 ---p 00000000 00:00 0 
7fb00e024000-7fb00e02c000 r-xp 00000000 08:0a 2240772                    /usr/lib/jvm/java-8-openjdk/jre/lib/amd64/libzip.so
7fb00e02c000-7fb00e22b000 ---p 00008000 08:0a 2240772                    /usr/lib/jvm/java-8-openjdk/jre/lib/amd64/libzip.so
7fb00e22b000-7fb00e22c000 r--p 00007000 08:0a 2240772                    /usr/lib/jvm/java-8-openjdk/jre/lib/amd64/libzip.so
7fb00e22c000-7fb00e22d000 rw-p 00008000 08:0a 2240772                    /usr/lib/jvm/java-8-openjdk/jre/lib/amd64/libzip.so
7fb00e22d000-7fb00e238000 r-xp 00000000 08:0a 1574939                    /usr/lib/libnss_files-2.25.so
7fb00e238000-7fb00e437000 ---p 0000b000 08:0a 1574939                    /usr/lib/libnss_files-2.25.so
7fb00e437000-7fb00e438000 r--p 0000a000 08:0a 1574939                    /usr/lib/libnss_files-2.25.so
7fb00e438000-7fb00e439000 rw-p 0000b000 08:0a 1574939                    /usr/lib/libnss_files-2.25.so
7fb00e439000-7fb00e43f000 rw-p 00000000 00:00 0 
7fb00e43f000-7fb00e44a000 r-xp 00000000 08:0a 1574937                    /usr/lib/libnss_nis-2.25.so
7fb00e44a000-7fb00e649000 ---p 0000b000 08:0a 1574937                    /usr/lib/libnss_nis-2.25.so
7fb00e649000-7fb00e64a000 r--p 0000a000 08:0a 1574937                    /usr/lib/libnss_nis-2.25.so
7fb00e64a000-7fb00e64b000 rw-p 0000b000 08:0a 1574937                    /usr/lib/libnss_nis-2.25.so
7fb00e64b000-7fb00e660000 r-xp 00000000 08:0a 1574933                    /usr/lib/libnsl-2.25.so
7fb00e660000-7fb00e85f000 ---p 00015000 08:0a 1574933                    /usr/lib/libnsl-2.25.so
7fb00e85f000-7fb00e860000 r--p 00014000 08:0a 1574933                    /usr/lib/libnsl-2.25.so
7fb00e860000-7fb00e861000 rw-p 00015000 08:0a 1574933                    /usr/lib/libnsl-2.25.so
7fb00e861000-7fb00e863000 rw-p 00000000 00:00 0 
7fb00e863000-7fb00e86a000 r-xp 00000000 08:0a 1574980                    /usr/lib/libnss_compat-2.25.so
7fb00e86a000-7fb00ea69000 ---p 00007000 08:0a 1574980                    /usr/lib/libnss_compat-2.25.so
7fb00ea69000-7fb00ea6a000 r--p 00006000 08:0a 1574980                    /usr/lib/libnss_compat-2.25.so
7fb00ea6a000-7fb00ea6b000 rw-p 00007000 08:0a 1574980                    /usr/lib/libnss_compat-2.25.so
7fb00ea6b000-7fb00ea98000 r-xp 00000000 08:0a 2240768                    /usr/lib/jvm/java-8-openjdk/jre/lib/amd64/libjava.so
7fb00ea98000-7fb00ec97000 ---p 0002d000 08:0a 2240768                    /usr/lib/jvm/java-8-openjdk/jre/lib/amd64/libjava.so
7fb00ec97000-7fb00ec98000 r--p 0002c000 08:0a 2240768                    /usr/lib/jvm/java-8-openjdk/jre/lib/amd64/libjava.so
7fb00ec98000-7fb00ec9a000 rw-p 0002d000 08:0a 2240768                    /usr/lib/jvm/java-8-openjdk/jre/lib/amd64/libjava.so
7fb00ec9a000-7fb00eca7000 r-xp 00000000 08:0a 2240510                    /usr/lib/jvm/java-8-openjdk/jre/lib/amd64/libverify.so
7fb00eca7000-7fb00eea6000 ---p 0000d000 08:0a 2240510                    /usr/lib/jvm/java-8-openjdk/jre/lib/amd64/libverify.so
7fb00eea6000-7fb00eea8000 r--p 0000c000 08:0a 2240510                    /usr/lib/jvm/java-8-openjdk/jre/lib/amd64/libverify.so
7fb00eea8000-7fb00eea9000 rw-p 0000e000 08:0a 2240510                    /usr/lib/jvm/java-8-openjdk/jre/lib/amd64/libverify.so
7fb00eea9000-7fb00eeb0000 r-xp 00000000 08:0a 1574931                    /usr/lib/librt-2.25.so
7fb00eeb0000-7fb00f0af000 ---p 00007000 08:0a 1574931                    /usr/lib/librt-2.25.so
7fb00f0af000-7fb00f0b0000 r--p 00006000 08:0a 1574931                    /usr/lib/librt-2.25.so
7fb00f0b0000-7fb00f0b1000 rw-p 00007000 08:0a 1574931                    /usr/lib/librt-2.25.so
7fb00f0b1000-7fb00f1c3000 r-xp 00000000 08:0a 1574934                    /usr/lib/libm-2.25.so
7fb00f1c3000-7fb00f3c2000 ---p 00112000 08:0a 1574934                    /usr/lib/libm-2.25.so
7fb00f3c2000-7fb00f3c3000 r--p 00111000 08:0a 1574934                    /usr/lib/libm-2.25.so
7fb00f3c3000-7fb00f3c4000 rw-p 00112000 08:0a 1574934                    /usr/lib/libm-2.25.so
7fb00f3c4000-7fb00ffef000 r-xp 00000000 08:0a 2240777                    /usr/lib/jvm/java-8-openjdk/jre/lib/amd64/server/libjvm.so
7fb00ffef000-7fb0101ee000 ---p 00c2b000 08:0a 2240777                    /usr/lib/jvm/java-8-openjdk/jre/lib/amd64/server/libjvm.so
7fb0101ee000-7fb010282000 r--p 00c2a000 08:0a 2240777                    /usr/lib/jvm/java-8-openjdk/jre/lib/amd64/server/libjvm.so
7fb010282000-7fb0102ab000 rw-p 00cbe000 08:0a 2240777                    /usr/lib/jvm/java-8-openjdk/jre/lib/amd64/server/libjvm.so
7fb0102ab000-7fb0102db000 rw-p 00000000 00:00 0 
7fb0102db000-7fb010476000 r-xp 00000000 08:0a 1575057                    /usr/lib/libc-2.25.so
7fb010476000-7fb010675000 ---p 0019b000 08:0a 1575057                    /usr/lib/libc-2.25.so
7fb010675000-7fb010679000 r--p 0019a000 08:0a 1575057                    /usr/lib/libc-2.25.so
7fb010679000-7fb01067b000 rw-p 0019e000 08:0a 1575057                    /usr/lib/libc-2.25.so
7fb01067b000-7fb01067f000 rw-p 00000000 00:00 0 
7fb01067f000-7fb010682000 r-xp 00000000 08:0a 1574935                    /usr/lib/libdl-2.25.so
7fb010682000-7fb010881000 ---p 00003000 08:0a 1574935                    /usr/lib/libdl-2.25.so
7fb010881000-7fb010882000 r--p 00002000 08:0a 1574935                    /usr/lib/libdl-2.25.so
7fb010882000-7fb010883000 rw-p 00003000 08:0a 1574935                    /usr/lib/libdl-2.25.so
7fb010883000-7fb010890000 r-xp 00000000 08:0a 2240780                    /usr/lib/jvm/java-8-openjdk/jre/lib/amd64/jli/libjli.so
7fb010890000-7fb010a8f000 ---p 0000d000 08:0a 2240780                    /usr/lib/jvm/java-8-openjdk/jre/lib/amd64/jli/libjli.so
7fb010a8f000-7fb010a90000 r--p 0000c000 08:0a 2240780                    /usr/lib/jvm/java-8-openjdk/jre/lib/amd64/jli/libjli.so
7fb010a90000-7fb010a91000 rw-p 0000d000 08:0a 2240780                    /usr/lib/jvm/java-8-openjdk/jre/lib/amd64/jli/libjli.so
7fb010a91000-7fb010aa7000 r-xp 00000000 08:0a 1583709                    /usr/lib/libz.so.1.2.11
7fb010aa7000-7fb010ca6000 ---p 00016000 08:0a 1583709                    /usr/lib/libz.so.1.2.11
7fb010ca6000-7fb010ca7000 r--p 00015000 08:0a 1583709                    /usr/lib/libz.so.1.2.11
7fb010ca7000-7fb010ca8000 rw-p 00016000 08:0a 1583709                    /usr/lib/libz.so.1.2.11
7fb010ca8000-7fb010cc1000 r-xp 00000000 08:0a 1575076                    /usr/lib/libpthread-2.25.so
7fb010cc1000-7fb010ec0000 ---p 00019000 08:0a 1575076                    /usr/lib/libpthread-2.25.so
7fb010ec0000-7fb010ec1000 r--p 00018000 08:0a 1575076                    /usr/lib/libpthread-2.25.so
7fb010ec1000-7fb010ec2000 rw-p 00019000 08:0a 1575076                    /usr/lib/libpthread-2.25.so
7fb010ec2000-7fb010ec6000 rw-p 00000000 00:00 0 
7fb010ec6000-7fb010ee9000 r-xp 00000000 08:0a 1575058                    /usr/lib/ld-2.25.so
7fb010eed000-7fb010fb2000 rw-p 00000000 00:00 0 
7fb010fb2000-7fb010fb5000 ---p 00000000 00:00 0 
7fb010fb5000-7fb0110b5000 rw-p 00000000 00:00 0 
7fb0110c9000-7fb0110dc000 rw-p 00000000 00:00 0 
7fb0110dc000-7fb0110e4000 rw-s 00000000 00:27 225863                     /tmp/hsperfdata_heshan/9838
7fb0110e4000-7fb0110e5000 rw-p 00000000 00:00 0 
7fb0110e5000-7fb0110e6000 r--p 00000000 00:00 0 
7fb0110e6000-7fb0110e8000 rw-p 00000000 00:00 0 
7fb0110e8000-7fb0110e9000 r--p 00022000 08:0a 1575058                    /usr/lib/ld-2.25.so
7fb0110e9000-7fb0110ea000 rw-p 00023000 08:0a 1575058                    /usr/lib/ld-2.25.so
7fb0110ea000-7fb0110eb000 rw-p 00000000 00:00 0 
7ffcc6c16000-7ffcc6c37000 rw-p 00000000 00:00 0                          [stack]
7ffcc6d13000-7ffcc6d15000 r--p 00000000 00:00 0                          [vvar]
7ffcc6d15000-7ffcc6d17000 r-xp 00000000 00:00 0                          [vdso]
ffffffffff600000-ffffffffff601000 r-xp 00000000 00:00 0                  [vsyscall]

VM Arguments:
jvm_args: -Dfile.encoding=UTF-8 
java_command: servicebus.ServiceBus
java_class_path (initial): /home/heshan/Projects/NetBeansProjects/EnterpriseServiceBus/ServiceBus/libs/jython-standalone-2.7.0.jar:/home/heshan/Projects/NetBeansProjects/EnterpriseServiceBus/ServiceBus/build/classes
Launcher Type: SUN_STANDARD

Environment Variables:
PATH=/usr/local/sbin:/usr/local/bin:/usr/bin:/usr/lib/jvm/default/bin:/usr/bin/site_perl:/usr/bin/vendor_perl:/usr/bin/core_perl
USERNAME=heshan
LD_LIBRARY_PATH=/usr/lib/jvm/java-8-openjdk/jre/lib/amd64:/usr/lib/jvm/java-8-openjdk/jre/lib/i386:
SHELL=/bin/bash
DISPLAY=:0

Signal Handlers:
SIGSEGV: [libjvm.so+0xa2d880], sa_mask[0]=11111111011111111101111111111110, sa_flags=SA_RESTART|SA_SIGINFO
SIGBUS: [libjvm.so+0xa2d880], sa_mask[0]=11111111011111111101111111111110, sa_flags=SA_RESTART|SA_SIGINFO
SIGFPE: [libjvm.so+0x881d40], sa_mask[0]=11111111011111111101111111111110, sa_flags=SA_RESTART|SA_SIGINFO
SIGPIPE: [libjvm.so+0x881d40], sa_mask[0]=11111111011111111101111111111110, sa_flags=SA_RESTART|SA_SIGINFO
SIGXFSZ: [libjvm.so+0x881d40], sa_mask[0]=11111111011111111101111111111110, sa_flags=SA_RESTART|SA_SIGINFO
SIGILL: [libjvm.so+0x881d40], sa_mask[0]=11111111011111111101111111111110, sa_flags=SA_RESTART|SA_SIGINFO
SIGUSR1: SIG_DFL, sa_mask[0]=00000000000000000000000000000000, sa_flags=none
SIGUSR2: [libjvm.so+0x881c10], sa_mask[0]=00100000000000000000000000000000, sa_flags=SA_RESTART|SA_SIGINFO
SIGHUP: [libjvm.so+0x882080], sa_mask[0]=11111111011111111101111111111110, sa_flags=SA_RESTART|SA_SIGINFO
SIGINT: SIG_IGN, sa_mask[0]=00000000000000000000000000000000, sa_flags=none
SIGTERM: [libjvm.so+0x882080], sa_mask[0]=11111111011111111101111111111110, sa_flags=SA_RESTART|SA_SIGINFO
SIGQUIT: [libjvm.so+0x882080], sa_mask[0]=11111111011111111101111111111110, sa_flags=SA_RESTART|SA_SIGINFO


---------------  S Y S T E M  ---------------

OS:NAME="Arch Linux"
PRETTY_NAME="Arch Linux"
ID=arch
ID_LIKE=archlinux
ANSI_COLOR="0;36"
HOME_URL="https://www.archlinux.org/"
SUPPORT_URL="https://bbs.archlinux.org/"
BUG_REPORT_URL="https://bugs.archlinux.org/"


uname:Linux 4.10.13-1-ARCH #1 SMP PREEMPT Thu Apr 27 12:15:09 CEST 2017 x86_64
libc:glibc 2.25 NPTL 2.25 
rlimit: STACK 8192k, CORE infinity, NPROC 15437, NOFILE 4096, AS infinity
load average:2.40 2.30 2.32

/proc/meminfo:
MemTotal:        3961096 kB
MemFree:          155912 kB
MemAvailable:     304120 kB
Buffers:           19328 kB
Cached:           524932 kB
SwapCached:         2136 kB
Active:          2869952 kB
Inactive:         647692 kB
Active(anon):    2673416 kB
Inactive(anon):   535384 kB
Active(file):     196536 kB
Inactive(file):   112308 kB
Unevictable:           0 kB
Mlocked:               0 kB
SwapTotal:       8388604 kB
SwapFree:        8096032 kB
Dirty:              1180 kB
Writeback:             0 kB
AnonPages:       2934444 kB
Mapped:           266572 kB
Shmem:            235416 kB
Slab:             127948 kB
SReclaimable:      84544 kB
SUnreclaim:        43404 kB
KernelStack:       12736 kB
PageTables:        59020 kB
NFS_Unstable:          0 kB
Bounce:                0 kB
WritebackTmp:          0 kB
CommitLimit:    10369152 kB
Committed_AS:    9232868 kB
VmallocTotal:   34359738367 kB
VmallocUsed:           0 kB
VmallocChunk:          0 kB
HardwareCorrupted:     0 kB
AnonHugePages:   1540096 kB
ShmemHugePages:        0 kB
ShmemPmdMapped:        0 kB
HugePages_Total:       0
HugePages_Free:        0
HugePages_Rsvd:        0
HugePages_Surp:        0
Hugepagesize:       2048 kB
DirectMap4k:      180280 kB
DirectMap2M:     3923968 kB
DirectMap1G:           0 kB


CPU:total 4 (2 cores per cpu, 2 threads per core) family 6 model 61 stepping 4, cmov, cx8, fxsr, mmx, sse, sse2, sse3, ssse3, sse4.1, sse4.2, popcnt, avx, avx2, aes, clmul, erms, 3dnowpref, lzcnt, ht, tsc, tscinvbit, bmi1, bmi2, adx

/proc/cpuinfo:
processor	: 0
vendor_id	: GenuineIntel
cpu family	: 6
model		: 61
model name	: Intel(R) Core(TM) i3-5005U CPU @ 2.00GHz
stepping	: 4
microcode	: 0x18
cpu MHz		: 1899.902
cache size	: 3072 KB
physical id	: 0
siblings	: 4
core id		: 0
cpu cores	: 2
apicid		: 0
initial apicid	: 0
fpu		: yes
fpu_exception	: yes
cpuid level	: 20
wp		: yes
flags		: fpu vme de pse tsc msr pae mce cx8 apic sep mtrr pge mca cmov pat pse36 clflush dts acpi mmx fxsr sse sse2 ss ht tm pbe syscall nx pdpe1gb rdtscp lm constant_tsc arch_perfmon pebs bts rep_good nopl xtopology nonstop_tsc aperfmperf pni pclmulqdq dtes64 monitor ds_cpl vmx est tm2 ssse3 sdbg fma cx16 xtpr pdcm pcid sse4_1 sse4_2 x2apic movbe popcnt tsc_deadline_timer aes xsave avx f16c rdrand lahf_lm abm 3dnowprefetch epb intel_pt tpr_shadow vnmi flexpriority ept vpid fsgsbase tsc_adjust bmi1 avx2 smep bmi2 erms invpcid rdseed adx smap xsaveopt dtherm arat pln pts
bugs		:
bogomips	: 3992.95
clflush size	: 64
cache_alignment	: 64
address sizes	: 39 bits physical, 48 bits virtual
power management:

processor	: 1
vendor_id	: GenuineIntel
cpu family	: 6
model		: 61
model name	: Intel(R) Core(TM) i3-5005U CPU @ 2.00GHz
stepping	: 4
microcode	: 0x18
cpu MHz		: 1899.902
cache size	: 3072 KB
physical id	: 0
siblings	: 4
core id		: 1
cpu cores	: 2
apicid		: 2
initial apicid	: 2
fpu		: yes
fpu_exception	: yes
cpuid level	: 20
wp		: yes
flags		: fpu vme de pse tsc msr pae mce cx8 apic sep mtrr pge mca cmov pat pse36 clflush dts acpi mmx fxsr sse sse2 ss ht tm pbe syscall nx pdpe1gb rdtscp lm constant_tsc arch_perfmon pebs bts rep_good nopl xtopology nonstop_tsc aperfmperf pni pclmulqdq dtes64 monitor ds_cpl vmx est tm2 ssse3 sdbg fma cx16 xtpr pdcm pcid sse4_1 sse4_2 x2apic movbe popcnt tsc_deadline_timer aes xsave avx f16c rdrand lahf_lm abm 3dnowprefetch epb intel_pt tpr_shadow vnmi flexpriority ept vpid fsgsbase tsc_adjust bmi1 avx2 smep bmi2 erms invpcid rdseed adx smap xsaveopt dtherm arat pln pts
bugs		:
bogomips	: 3993.24
clflush size	: 64
cache_alignment	: 64
address sizes	: 39 bits physical, 48 bits virtual
power management:

processor	: 2
vendor_id	: GenuineIntel
cpu family	: 6
model		: 61
model name	: Intel(R) Core(TM) i3-5005U CPU @ 2.00GHz
stepping	: 4
microcode	: 0x18
cpu MHz		: 1899.902
cache size	: 3072 KB
physical id	: 0
siblings	: 4
core id		: 0
cpu cores	: 2
apicid		: 1
initial apicid	: 1
fpu		: yes
fpu_exception	: yes
cpuid level	: 20
wp		: yes
flags		: fpu vme de pse tsc msr pae mce cx8 apic sep mtrr pge mca cmov pat pse36 clflush dts acpi mmx fxsr sse sse2 ss ht tm pbe syscall nx pdpe1gb rdtscp lm constant_tsc arch_perfmon pebs bts rep_good nopl xtopology nonstop_tsc aperfmperf pni pclmulqdq dtes64 monitor ds_cpl vmx est tm2 ssse3 sdbg fma cx16 xtpr pdcm pcid sse4_1 sse4_2 x2apic movbe popcnt tsc_deadline_timer aes xsave avx f16c rdrand lahf_lm abm 3dnowprefetch epb intel_pt tpr_shadow vnmi flexpriority ept vpid fsgsbase tsc_adjust bmi1 avx2 smep bmi2 erms invpcid rdseed adx smap xsaveopt dtherm arat pln pts
bugs		:
bogomips	: 3994.90
clflush size	: 64
cache_alignment	: 64
address sizes	: 39 bits physical, 48 bits virtual
power management:

processor	: 3
vendor_id	: GenuineIntel
cpu family	: 6
model		: 61
model name	: Intel(R) Core(TM) i3-5005U CPU @ 2.00GHz
stepping	: 4
microcode	: 0x18
cpu MHz		: 1899.902
cache size	: 3072 KB
physical id	: 0
siblings	: 4
core id		: 1
cpu cores	: 2
apicid		: 3
initial apicid	: 3
fpu		: yes
fpu_exception	: yes
cpuid level	: 20
wp		: yes
flags		: fpu vme de pse tsc msr pae mce cx8 apic sep mtrr pge mca cmov pat pse36 clflush dts acpi mmx fxsr sse sse2 ss ht tm pbe syscall nx pdpe1gb rdtscp lm constant_tsc arch_perfmon pebs bts rep_good nopl xtopology nonstop_tsc aperfmperf pni pclmulqdq dtes64 monitor ds_cpl vmx est tm2 ssse3 sdbg fma cx16 xtpr pdcm pcid sse4_1 sse4_2 x2apic movbe popcnt tsc_deadline_timer aes xsave avx f16c rdrand lahf_lm abm 3dnowprefetch epb intel_pt tpr_shadow vnmi flexpriority ept vpid fsgsbase tsc_adjust bmi1 avx2 smep bmi2 erms invpcid rdseed adx smap xsaveopt dtherm arat pln pts
bugs		:
bogomips	: 3993.27
clflush size	: 64
cache_alignment	: 64
address sizes	: 39 bits physical, 48 bits virtual
power management:



Memory: 4k page, physical 3961096k(155912k free), swap 8388604k(8096032k free)

vm_info: OpenJDK 64-Bit Server VM (25.121-b13) for linux-amd64 JRE (1.8.0_121-b13), built on Jan 22 2017 09:22:31 by "builduser" with gcc 6.3.1 20170109

time: Thu Jun  1 23:03:03 2017
elapsed time: 7 seconds (0d 0h 0m 7s)

