#
# A fatal error has been detected by the Java Runtime Environment:
#
#  SIGSEGV (0xb) at pc=0x00007f179049fec3, pid=23641, tid=0x00007f1786fc1700
#
# JRE version: OpenJDK Runtime Environment (8.0_121-b13) (build 1.8.0_121-b13)
# Java VM: OpenJDK 64-Bit Server VM (25.121-b13 mixed mode linux-amd64 compressed oops)
# Problematic frame:
# J 27 C1 java.lang.AbstractStringBuilder.append(Ljava/lang/String;)Ljava/lang/AbstractStringBuilder; (50 bytes) @ 0x00007f179049fec3 [0x00007f179049fe20+0xa3]
#
# Core dump written. Default location: /home/heshan/Projects/NetBeansProjects/EnterpriseServiceBus/ServiceBus/core or core.23641
#
# If you would like to submit a bug report, please visit:
#   http://bugreport.java.com/bugreport/crash.jsp
#

---------------  T H R E A D  ---------------

Current thread (0x00007f17a015e800):  JavaThread "Thread-0" [_thread_in_Java, id=23681, stack(0x00007f1786ec1000,0x00007f1786fc2000)]

siginfo: si_signo: 11 (SIGSEGV), si_code: 1 (SEGV_MAPERR), si_addr: 0x00006e6168736568

Registers:
RAX=0x0000000000000128, RBX=0x0000000000000108, RCX=0x00000000ebed6790, RDX=0x00006e6168736568
RSP=0x00007f1786fc0810, RBP=0x00007f1786fc09a0, RSI=0x00000000ebed6790, RDI=0x00007f178d29f6d8
R8 =0x0000000000000000, R9 =0x0000000000000008, R10=0x00007f17a5724860, R11=0x00007f179049fa60
R12=0x0000000000000000, R13=0x00007f1786fc0948, R14=0x00007f1786fc0a30, R15=0x00007f17a015e800
RIP=0x00007f179049fec3, EFLAGS=0x0000000000010202, CSGSFS=0x002b000000000033, ERR=0x0000000000000004
  TRAPNO=0x000000000000000e

Top of Stack: (sp=0x00007f1786fc0810)
0x00007f1786fc0810:   00000000ebed0608 0000000000000000
0x00007f1786fc0820:   00007f178d47b028 00007f17a015e800
0x00007f1786fc0830:   00007f1786fc0880 00007f17a015e800
0x00007f1786fc0840:   00007f1786fc08d0 00007f17a0157550
0x00007f1786fc0850:   00007f17a015e800 00007f1786fc08d0
0x00007f1786fc0860:   00007f1786fc0930 00007f17a4e4bc9f
0x00007f1786fc0870:   0000000000000000 00000000ebed0608
0x00007f1786fc0880:   00000000ebed05d0 00007f1786fc0888
0x00007f1786fc0890:   00000000000003d8 00007f1764011290
0x00007f1786fc08a0:   00007f17a015e800 0000000000000000
0x00007f1786fc08b0:   00007f178d47cec0 00000008a015e800
0x00007f1786fc08c0:   00007f178d47cec0 00000000ebed6790
0x00007f1786fc08d0:   00000000ebed67d8 00007f17000000e6
0x00007f1786fc08e0:   00007f178d47cec0 00007f17a015e800
0x00007f1786fc08f0:   00007f1786fc09a0 00007f179049fac4
0x00007f1786fc0900:   00007f1786fc0958 00000000000000e6
0x00007f1786fc0910:   0000000000000000 00007f178d47ca8f
0x00007f1786fc0920:   00000000ebed6790 00007f17a015e800
0x00007f1786fc0930:   00007f1786fc09a0 00007f1790391d80
0x00007f1786fc0940:   00007f1790391d80 00006e6168736568
0x00007f1786fc0950:   00000000ebed6790 00000000ebed05d0
0x00007f1786fc0960:   00007f1786fc0960 00007f178d47ca96
0x00007f1786fc0970:   00007f1786fc0a30 00007f178d47d118
0x00007f1786fc0980:   0000000000000000 00007f178d47cec0
0x00007f1786fc0990:   00007f1786fc0948 00007f1786fc0a30
0x00007f1786fc09a0:   00007f1786fc0a78 00007f1790392042
0x00007f1786fc09b0:   00000000ebea3c30 00000000ebecb300
0x00007f1786fc09c0:   0000000000000001 00000000ebe9e9b8
0x00007f1786fc09d0:   00006e6168736568 00000000ebeccb00
0x00007f1786fc09e0:   00000000ebea3b90 00000000ebe9e9b8
0x00007f1786fc09f0:   0000000000000003 00000000ebea3ba8
0x00007f1786fc0a00:   0000000000000029 00000000ebecb608 

Instructions: (pc=0x00007f179049fec3)
0x00007f179049fea3:   0a 00 00 00 48 bb 18 01 00 00 00 00 00 00 48 8b
0x00007f179049feb3:   04 1f 48 8d 40 01 48 89 04 1f 0f 84 b0 04 00 00
0x00007f179049fec3:   48 3b 02 48 8b fa 48 bb d8 f6 29 8d 17 7f 00 00
0x00007f179049fed3:   8b 7f 08 48 c1 e7 03 48 3b bb 40 01 00 00 75 0d 

Register to memory mapping:

RAX=0x0000000000000128 is an unknown value
RBX=0x0000000000000108 is an unknown value
RCX=0x00000000ebed6790 is an oop
java.lang.StringBuilder 
 - klass: 'java/lang/StringBuilder'
RDX=0x00006e6168736568 is an unknown value
RSP=0x00007f1786fc0810 is pointing into the stack for thread: 0x00007f17a015e800
RBP=0x00007f1786fc09a0 is pointing into the stack for thread: 0x00007f17a015e800
RSI=0x00000000ebed6790 is an oop
java.lang.StringBuilder 
 - klass: 'java/lang/StringBuilder'
RDI=0x00007f178d29f6d8 is pointing into metadata
R8 =0x0000000000000000 is an unknown value
R9 =0x0000000000000008 is an unknown value
R10=0x00007f17a5724860: <offset 0xf0b860> in /usr/lib/jvm/java-8-openjdk/jre/lib/amd64/server/libjvm.so at 0x00007f17a4819000
R11=0x00007f179049fa60 is at entry_point+32 in (nmethod*)0x00007f179049f8d0
R12=0x0000000000000000 is an unknown value
R13=0x00007f1786fc0948 is pointing into the stack for thread: 0x00007f17a015e800
R14=0x00007f1786fc0a30 is pointing into the stack for thread: 0x00007f17a015e800
R15=0x00007f17a015e800 is a thread


Stack: [0x00007f1786ec1000,0x00007f1786fc2000],  sp=0x00007f1786fc0810,  free space=1022k
Native frames: (J=compiled Java code, j=interpreted, Vv=VM code, C=native code)
J 27 C1 java.lang.AbstractStringBuilder.append(Ljava/lang/String;)Ljava/lang/AbstractStringBuilder; (50 bytes) @ 0x00007f179049fec3 [0x00007f179049fe20+0xa3]
J 28 C1 java.lang.StringBuilder.append(Ljava/lang/String;)Ljava/lang/StringBuilder; (8 bytes) @ 0x00007f179049fac4 [0x00007f179049fa40+0x84]
j  servicebus.ServiceBus.run()V+454
j  java.lang.Thread.run()V+11
v  ~StubRoutines::call_stub
V  [libjvm.so+0x6453a3]
V  [libjvm.so+0x642af7]
V  [libjvm.so+0x6430c7]
V  [libjvm.so+0x67f4e5]
V  [libjvm.so+0x9d35ff]
V  [libjvm.so+0x9d39d5]
V  [libjvm.so+0x8838a2]
C  [libpthread.so.0+0x72e7]  start_thread+0xd7


---------------  P R O C E S S  ---------------

Java Threads: ( => current thread )
=>0x00007f17a015e800 JavaThread "Thread-0" [_thread_in_Java, id=23681, stack(0x00007f1786ec1000,0x00007f1786fc2000)]
  0x00007f17a00d1800 JavaThread "Service Thread" daemon [_thread_blocked, id=23659, stack(0x00007f178755f000,0x00007f1787660000)]
  0x00007f17a00bc000 JavaThread "C1 CompilerThread2" daemon [_thread_blocked, id=23658, stack(0x00007f1787660000,0x00007f1787761000)]
  0x00007f17a00ba800 JavaThread "C2 CompilerThread1" daemon [_thread_blocked, id=23657, stack(0x00007f1787761000,0x00007f1787862000)]
  0x00007f17a00b7800 JavaThread "C2 CompilerThread0" daemon [_thread_blocked, id=23656, stack(0x00007f1787862000,0x00007f1787963000)]
  0x00007f17a00b6000 JavaThread "Signal Dispatcher" daemon [_thread_blocked, id=23655, stack(0x00007f1787963000,0x00007f1787a64000)]
  0x00007f17a0083800 JavaThread "Finalizer" daemon [_thread_blocked, id=23654, stack(0x00007f1787bfc000,0x00007f1787cfd000)]
  0x00007f17a007f000 JavaThread "Reference Handler" daemon [_thread_blocked, id=23653, stack(0x00007f1787cfd000,0x00007f1787dfe000)]
  0x00007f17a000a000 JavaThread "main" [_thread_in_native, id=23643, stack(0x00007f17a6407000,0x00007f17a6508000)]

Other Threads:
  0x00007f17a0077000 VMThread [stack: 0x00007f1787dfe000,0x00007f1787eff000] [id=23652]
  0x00007f17a00d4000 WatcherThread [stack: 0x00007f178745e000,0x00007f178755f000] [id=23660]

VM state:not at safepoint (normal execution)

VM Mutex/Monitor currently owned by a thread: None

Heap:
 PSYoungGen      total 18432K, used 1588K [0x00000000ebd80000, 0x00000000ed200000, 0x0000000100000000)
  eden space 15872K, 10% used [0x00000000ebd80000,0x00000000ebf0d040,0x00000000ecd00000)
  from space 2560K, 0% used [0x00000000ecf80000,0x00000000ecf80000,0x00000000ed200000)
  to   space 2560K, 0% used [0x00000000ecd00000,0x00000000ecd00000,0x00000000ecf80000)
 ParOldGen       total 42496K, used 0K [0x00000000c3800000, 0x00000000c6180000, 0x00000000ebd80000)
  object space 42496K, 0% used [0x00000000c3800000,0x00000000c3800000,0x00000000c6180000)
 Metaspace       used 4245K, capacity 4622K, committed 4864K, reserved 1056768K
  class space    used 450K, capacity 458K, committed 512K, reserved 1048576K

Card table byte_map: [0x00007f178fde5000,0x00007f178ffca000] byte_map_base: 0x00007f178f7c9000

Marking Bits: (ParMarkBitMap*) 0x00007f17a5713260
 Begin Bits: [0x00007f178da5e000, 0x00007f178e97e000)
 End Bits:   [0x00007f178e97e000, 0x00007f178f89e000)

Polling page: 0x00007f17a653a000

CodeCache: size=245760Kb used=1178Kb max_used=1178Kb free=244581Kb
 bounds [0x00007f179038a000, 0x00007f17905fa000, 0x00007f179f38a000]
 total_blobs=319 nmethods=60 adapters=174
 compilation: enabled

Compilation events (10 events):
Event: 0.199 Thread 0x00007f17a00bc000   55       3       java.lang.StringBuilder::<init> (7 bytes)
Event: 0.199 Thread 0x00007f17a00bc000 nmethod 55 0x00007f17904ae510 code [0x00007f17904ae680, 0x00007f17904ae930]
Event: 4.074 Thread 0x00007f17a00bc000   57  s    1       java.util.Vector::size (5 bytes)
Event: 4.075 Thread 0x00007f17a00bc000 nmethod 57 0x00007f17904aea50 code [0x00007f17904aeba0, 0x00007f17904aee10]
Event: 4.078 Thread 0x00007f17a00bc000   58       1       java.nio.Buffer::position (5 bytes)
Event: 4.078 Thread 0x00007f17a00bc000 nmethod 58 0x00007f17904aee90 code [0x00007f17904aefe0, 0x00007f17904af0f0]
Event: 6.934 Thread 0x00007f17a00bc000   59       3       java.util.AbstractList::<init> (10 bytes)
Event: 6.935 Thread 0x00007f17a00bc000 nmethod 59 0x00007f17904af150 code [0x00007f17904af2c0, 0x00007f17904af4d0]
Event: 6.936 Thread 0x00007f17a00bc000   60       3       sun.nio.cs.UTF_8$Encoder::encode (359 bytes)
Event: 6.941 Thread 0x00007f17a00bc000 nmethod 60 0x00007f17904afbd0 code [0x00007f17904afdc0, 0x00007f17904b08d8]

GC Heap History (0 events):
No events

Deoptimization events (0 events):
No events

Internal exceptions (8 events):
Event: 0.063 Thread 0x00007f17a000a000 Exception <a 'java/lang/NoSuchMethodError': Method sun.misc.Unsafe.defineClass(Ljava/lang/String;[BII)Ljava/lang/Class; name or signature does not match> (0x00000000ebd87ca8) thrown at [/build/java8-openjdk/src/jdk8u-jdk8u121-b13/hotspot/src/share/vm/prim
Event: 0.063 Thread 0x00007f17a000a000 Exception <a 'java/lang/NoSuchMethodError': Method sun.misc.Unsafe.prefetchRead(Ljava/lang/Object;J)V name or signature does not match> (0x00000000ebd87f90) thrown at [/build/java8-openjdk/src/jdk8u-jdk8u121-b13/hotspot/src/share/vm/prims/jni.cpp, line 40
Event: 0.150 Thread 0x00007f17a000a000 Exception <a 'java/security/PrivilegedActionException'> (0x00000000ebe0d690) thrown at [/build/java8-openjdk/src/jdk8u-jdk8u121-b13/hotspot/src/share/vm/prims/jvm.cpp, line 1390]
Event: 0.150 Thread 0x00007f17a000a000 Exception <a 'java/security/PrivilegedActionException'> (0x00000000ebe0d8a0) thrown at [/build/java8-openjdk/src/jdk8u-jdk8u121-b13/hotspot/src/share/vm/prims/jvm.cpp, line 1390]
Event: 0.151 Thread 0x00007f17a000a000 Exception <a 'java/security/PrivilegedActionException'> (0x00000000ebe0f740) thrown at [/build/java8-openjdk/src/jdk8u-jdk8u121-b13/hotspot/src/share/vm/prims/jvm.cpp, line 1390]
Event: 0.151 Thread 0x00007f17a000a000 Exception <a 'java/security/PrivilegedActionException'> (0x00000000ebe0f950) thrown at [/build/java8-openjdk/src/jdk8u-jdk8u121-b13/hotspot/src/share/vm/prims/jvm.cpp, line 1390]
Event: 0.151 Thread 0x00007f17a000a000 Exception <a 'java/security/PrivilegedActionException'> (0x00000000ebe103b0) thrown at [/build/java8-openjdk/src/jdk8u-jdk8u121-b13/hotspot/src/share/vm/prims/jvm.cpp, line 1390]
Event: 0.151 Thread 0x00007f17a000a000 Exception <a 'java/security/PrivilegedActionException'> (0x00000000ebe105c0) thrown at [/build/java8-openjdk/src/jdk8u-jdk8u121-b13/hotspot/src/share/vm/prims/jvm.cpp, line 1390]

Events (10 events):
Event: 4.074 loading class java/util/HashMap$HashIterator done
Event: 4.074 loading class java/util/HashMap$KeyIterator done
Event: 4.074 loading class java/util/ArrayList$Itr
Event: 4.074 loading class java/util/ArrayList$Itr done
Event: 4.131 Executing VM operation: EnableBiasedLocking
Event: 4.131 Executing VM operation: EnableBiasedLocking done
Event: 6.934 loading class java/util/Random
Event: 6.935 loading class java/util/Random done
Event: 6.935 loading class services/CppServiceDirectory
Event: 6.935 loading class services/CppServiceDirectory done


Dynamic libraries:
00400000-00401000 r-xp 00000000 08:0a 2240423                            /usr/lib/jvm/java-8-openjdk/jre/bin/java
00600000-00601000 r--p 00000000 08:0a 2240423                            /usr/lib/jvm/java-8-openjdk/jre/bin/java
00601000-00602000 rw-p 00001000 08:0a 2240423                            /usr/lib/jvm/java-8-openjdk/jre/bin/java
01118000-01139000 rw-p 00000000 00:00 0                                  [heap]
c3800000-c6180000 rw-p 00000000 00:00 0 
c6180000-ebd80000 ---p 00000000 00:00 0 
ebd80000-ed200000 rw-p 00000000 00:00 0 
ed200000-100000000 ---p 00000000 00:00 0 
100000000-100080000 rw-p 00000000 00:00 0 
100080000-140000000 ---p 00000000 00:00 0 
7f1748000000-7f174802c000 rw-p 00000000 00:00 0 
7f174802c000-7f174c000000 ---p 00000000 00:00 0 
7f1750000000-7f1750021000 rw-p 00000000 00:00 0 
7f1750021000-7f1754000000 ---p 00000000 00:00 0 
7f1754000000-7f1754021000 rw-p 00000000 00:00 0 
7f1754021000-7f1758000000 ---p 00000000 00:00 0 
7f1758000000-7f1758021000 rw-p 00000000 00:00 0 
7f1758021000-7f175c000000 ---p 00000000 00:00 0 
7f175c000000-7f175c058000 rw-p 00000000 00:00 0 
7f175c058000-7f1760000000 ---p 00000000 00:00 0 
7f1760000000-7f1760021000 rw-p 00000000 00:00 0 
7f1760021000-7f1764000000 ---p 00000000 00:00 0 
7f1764000000-7f17640ac000 rw-p 00000000 00:00 0 
7f17640ac000-7f1768000000 ---p 00000000 00:00 0 
7f1768000000-7f1768021000 rw-p 00000000 00:00 0 
7f1768021000-7f176c000000 ---p 00000000 00:00 0 
7f176c000000-7f176c021000 rw-p 00000000 00:00 0 
7f176c021000-7f1770000000 ---p 00000000 00:00 0 
7f1770000000-7f1770021000 rw-p 00000000 00:00 0 
7f1770021000-7f1774000000 ---p 00000000 00:00 0 
7f1774000000-7f1774021000 rw-p 00000000 00:00 0 
7f1774021000-7f1778000000 ---p 00000000 00:00 0 
7f1778000000-7f1778021000 rw-p 00000000 00:00 0 
7f1778021000-7f177c000000 ---p 00000000 00:00 0 
7f1780000000-7f1780021000 rw-p 00000000 00:00 0 
7f1780021000-7f1784000000 ---p 00000000 00:00 0 
7f17866ef000-7f1786705000 r-xp 00000000 08:0a 1587171                    /usr/lib/libgcc_s.so.1
7f1786705000-7f1786904000 ---p 00016000 08:0a 1587171                    /usr/lib/libgcc_s.so.1
7f1786904000-7f1786905000 r--p 00015000 08:0a 1587171                    /usr/lib/libgcc_s.so.1
7f1786905000-7f1786906000 rw-p 00016000 08:0a 1587171                    /usr/lib/libgcc_s.so.1
7f1786906000-7f1786a7e000 r-xp 00000000 08:0a 1576452                    /usr/lib/libstdc++.so.6.0.22
7f1786a7e000-7f1786c7e000 ---p 00178000 08:0a 1576452                    /usr/lib/libstdc++.so.6.0.22
7f1786c7e000-7f1786c88000 r--p 00178000 08:0a 1576452                    /usr/lib/libstdc++.so.6.0.22
7f1786c88000-7f1786c8a000 rw-p 00182000 08:0a 1576452                    /usr/lib/libstdc++.so.6.0.22
7f1786c8a000-7f1786c8e000 rw-p 00000000 00:00 0 
7f1786cbf000-7f1786cc0000 r-xp 00000000 08:0a 3147099                    /home/heshan/Projects/NetBeansProjects/EnterpriseServiceBus/ServiceBus/src/services/CppServices/dist/libCppServices.so
7f1786cc0000-7f1786ebf000 ---p 00001000 08:0a 3147099                    /home/heshan/Projects/NetBeansProjects/EnterpriseServiceBus/ServiceBus/src/services/CppServices/dist/libCppServices.so
7f1786ebf000-7f1786ec0000 r--p 00000000 08:0a 3147099                    /home/heshan/Projects/NetBeansProjects/EnterpriseServiceBus/ServiceBus/src/services/CppServices/dist/libCppServices.so
7f1786ec0000-7f1786ec1000 rw-p 00001000 08:0a 3147099                    /home/heshan/Projects/NetBeansProjects/EnterpriseServiceBus/ServiceBus/src/services/CppServices/dist/libCppServices.so
7f1786ec1000-7f1786ec4000 ---p 00000000 00:00 0 
7f1786ec4000-7f1786ff3000 rw-p 00000000 00:00 0 
7f1786ff3000-7f1787009000 r-xp 00000000 08:0a 2240770                    /usr/lib/jvm/java-8-openjdk/jre/lib/amd64/libnet.so
7f1787009000-7f1787208000 ---p 00016000 08:0a 2240770                    /usr/lib/jvm/java-8-openjdk/jre/lib/amd64/libnet.so
7f1787208000-7f1787209000 r--p 00015000 08:0a 2240770                    /usr/lib/jvm/java-8-openjdk/jre/lib/amd64/libnet.so
7f1787209000-7f178720a000 rw-p 00016000 08:0a 2240770                    /usr/lib/jvm/java-8-openjdk/jre/lib/amd64/libnet.so
7f178720a000-7f17873c8000 r--s 02191000 08:0a 3146888                    /home/heshan/Projects/NetBeansProjects/EnterpriseServiceBus/ServiceBus/libs/jython-standalone-2.7.0.jar
7f17873c8000-7f178745e000 r--s 008d8000 08:0a 2240594                    /usr/lib/jvm/java-8-openjdk/jre/lib/ext/jfxrt.jar
7f178745e000-7f178745f000 ---p 00000000 00:00 0 
7f178745f000-7f178755f000 rw-p 00000000 00:00 0 
7f178755f000-7f1787562000 ---p 00000000 00:00 0 
7f1787562000-7f1787660000 rw-p 00000000 00:00 0 
7f1787660000-7f1787663000 ---p 00000000 00:00 0 
7f1787663000-7f1787761000 rw-p 00000000 00:00 0 
7f1787761000-7f1787764000 ---p 00000000 00:00 0 
7f1787764000-7f1787862000 rw-p 00000000 00:00 0 
7f1787862000-7f1787865000 ---p 00000000 00:00 0 
7f1787865000-7f1787963000 rw-p 00000000 00:00 0 
7f1787963000-7f1787966000 ---p 00000000 00:00 0 
7f1787966000-7f1787a64000 rw-p 00000000 00:00 0 
7f1787a64000-7f1787bfc000 r--p 00000000 08:0a 1628100                    /usr/lib/locale/locale-archive
7f1787bfc000-7f1787bff000 ---p 00000000 00:00 0 
7f1787bff000-7f1787cfd000 rw-p 00000000 00:00 0 
7f1787cfd000-7f1787d00000 ---p 00000000 00:00 0 
7f1787d00000-7f1787dfe000 rw-p 00000000 00:00 0 
7f1787dfe000-7f1787dff000 ---p 00000000 00:00 0 
7f1787dff000-7f1788000000 rw-p 00000000 00:00 0 
7f1788000000-7f1788021000 rw-p 00000000 00:00 0 
7f1788021000-7f178c000000 ---p 00000000 00:00 0 
7f178c011000-7f178ceab000 rw-p 00000000 00:00 0 
7f178ceab000-7f178d07a000 r--s 03c05000 08:0a 2240463                    /usr/lib/jvm/java-8-openjdk/jre/lib/rt.jar
7f178d07a000-7f178d4ba000 rw-p 00000000 00:00 0 
7f178d4ba000-7f178d87a000 ---p 00000000 00:00 0 
7f178d87a000-7f178f89e000 rw-p 00000000 00:00 0 
7f178f89e000-7f178f89f000 ---p 00000000 00:00 0 
7f178f89f000-7f178f99f000 rw-p 00000000 00:00 0 
7f178f99f000-7f178f9a0000 ---p 00000000 00:00 0 
7f178f9a0000-7f178faa0000 rw-p 00000000 00:00 0 
7f178faa0000-7f178faa1000 ---p 00000000 00:00 0 
7f178faa1000-7f178fba1000 rw-p 00000000 00:00 0 
7f178fba1000-7f178fba2000 ---p 00000000 00:00 0 
7f178fba2000-7f178fcb7000 rw-p 00000000 00:00 0 
7f178fcb7000-7f178fde5000 ---p 00000000 00:00 0 
7f178fde5000-7f178fdfa000 rw-p 00000000 00:00 0 
7f178fdfa000-7f178ff27000 ---p 00000000 00:00 0 
7f178ff27000-7f178ff32000 rw-p 00000000 00:00 0 
7f178ff32000-7f178ffc9000 ---p 00000000 00:00 0 
7f178ffc9000-7f178ffd4000 rw-p 00000000 00:00 0 
7f178ffd4000-7f179038a000 ---p 00000000 00:00 0 
7f179038a000-7f17905fa000 rwxp 00000000 00:00 0 
7f17905fa000-7f179f38a000 ---p 00000000 00:00 0 
7f179f38a000-7f179f392000 r-xp 00000000 08:0a 2240772                    /usr/lib/jvm/java-8-openjdk/jre/lib/amd64/libzip.so
7f179f392000-7f179f591000 ---p 00008000 08:0a 2240772                    /usr/lib/jvm/java-8-openjdk/jre/lib/amd64/libzip.so
7f179f591000-7f179f592000 r--p 00007000 08:0a 2240772                    /usr/lib/jvm/java-8-openjdk/jre/lib/amd64/libzip.so
7f179f592000-7f179f593000 rw-p 00008000 08:0a 2240772                    /usr/lib/jvm/java-8-openjdk/jre/lib/amd64/libzip.so
7f179f593000-7f179f59e000 r-xp 00000000 08:0a 1574939                    /usr/lib/libnss_files-2.25.so
7f179f59e000-7f179f79d000 ---p 0000b000 08:0a 1574939                    /usr/lib/libnss_files-2.25.so
7f179f79d000-7f179f79e000 r--p 0000a000 08:0a 1574939                    /usr/lib/libnss_files-2.25.so
7f179f79e000-7f179f79f000 rw-p 0000b000 08:0a 1574939                    /usr/lib/libnss_files-2.25.so
7f179f79f000-7f179f7a5000 rw-p 00000000 00:00 0 
7f179f7a5000-7f179f7b0000 r-xp 00000000 08:0a 1574937                    /usr/lib/libnss_nis-2.25.so
7f179f7b0000-7f179f9af000 ---p 0000b000 08:0a 1574937                    /usr/lib/libnss_nis-2.25.so
7f179f9af000-7f179f9b0000 r--p 0000a000 08:0a 1574937                    /usr/lib/libnss_nis-2.25.so
7f179f9b0000-7f179f9b1000 rw-p 0000b000 08:0a 1574937                    /usr/lib/libnss_nis-2.25.so
7f179f9b1000-7f179f9c6000 r-xp 00000000 08:0a 1574933                    /usr/lib/libnsl-2.25.so
7f179f9c6000-7f179fbc5000 ---p 00015000 08:0a 1574933                    /usr/lib/libnsl-2.25.so
7f179fbc5000-7f179fbc6000 r--p 00014000 08:0a 1574933                    /usr/lib/libnsl-2.25.so
7f179fbc6000-7f179fbc7000 rw-p 00015000 08:0a 1574933                    /usr/lib/libnsl-2.25.so
7f179fbc7000-7f179fbc9000 rw-p 00000000 00:00 0 
7f179fbc9000-7f179fbd0000 r-xp 00000000 08:0a 1574980                    /usr/lib/libnss_compat-2.25.so
7f179fbd0000-7f179fdcf000 ---p 00007000 08:0a 1574980                    /usr/lib/libnss_compat-2.25.so
7f179fdcf000-7f179fdd0000 r--p 00006000 08:0a 1574980                    /usr/lib/libnss_compat-2.25.so
7f179fdd0000-7f179fdd1000 rw-p 00007000 08:0a 1574980                    /usr/lib/libnss_compat-2.25.so
7f179fdd1000-7f179fdfe000 r-xp 00000000 08:0a 2240768                    /usr/lib/jvm/java-8-openjdk/jre/lib/amd64/libjava.so
7f179fdfe000-7f179fffd000 ---p 0002d000 08:0a 2240768                    /usr/lib/jvm/java-8-openjdk/jre/lib/amd64/libjava.so
7f179fffd000-7f179fffe000 r--p 0002c000 08:0a 2240768                    /usr/lib/jvm/java-8-openjdk/jre/lib/amd64/libjava.so
7f179fffe000-7f17a0000000 rw-p 0002d000 08:0a 2240768                    /usr/lib/jvm/java-8-openjdk/jre/lib/amd64/libjava.so
7f17a0000000-7f17a0160000 rw-p 00000000 00:00 0 
7f17a0160000-7f17a4000000 ---p 00000000 00:00 0 
7f17a400b000-7f17a40ef000 rw-p 00000000 00:00 0 
7f17a40ef000-7f17a40fc000 r-xp 00000000 08:0a 2240510                    /usr/lib/jvm/java-8-openjdk/jre/lib/amd64/libverify.so
7f17a40fc000-7f17a42fb000 ---p 0000d000 08:0a 2240510                    /usr/lib/jvm/java-8-openjdk/jre/lib/amd64/libverify.so
7f17a42fb000-7f17a42fd000 r--p 0000c000 08:0a 2240510                    /usr/lib/jvm/java-8-openjdk/jre/lib/amd64/libverify.so
7f17a42fd000-7f17a42fe000 rw-p 0000e000 08:0a 2240510                    /usr/lib/jvm/java-8-openjdk/jre/lib/amd64/libverify.so
7f17a42fe000-7f17a4305000 r-xp 00000000 08:0a 1574931                    /usr/lib/librt-2.25.so
7f17a4305000-7f17a4504000 ---p 00007000 08:0a 1574931                    /usr/lib/librt-2.25.so
7f17a4504000-7f17a4505000 r--p 00006000 08:0a 1574931                    /usr/lib/librt-2.25.so
7f17a4505000-7f17a4506000 rw-p 00007000 08:0a 1574931                    /usr/lib/librt-2.25.so
7f17a4506000-7f17a4618000 r-xp 00000000 08:0a 1574934                    /usr/lib/libm-2.25.so
7f17a4618000-7f17a4817000 ---p 00112000 08:0a 1574934                    /usr/lib/libm-2.25.so
7f17a4817000-7f17a4818000 r--p 00111000 08:0a 1574934                    /usr/lib/libm-2.25.so
7f17a4818000-7f17a4819000 rw-p 00112000 08:0a 1574934                    /usr/lib/libm-2.25.so
7f17a4819000-7f17a5444000 r-xp 00000000 08:0a 2240777                    /usr/lib/jvm/java-8-openjdk/jre/lib/amd64/server/libjvm.so
7f17a5444000-7f17a5643000 ---p 00c2b000 08:0a 2240777                    /usr/lib/jvm/java-8-openjdk/jre/lib/amd64/server/libjvm.so
7f17a5643000-7f17a56d7000 r--p 00c2a000 08:0a 2240777                    /usr/lib/jvm/java-8-openjdk/jre/lib/amd64/server/libjvm.so
7f17a56d7000-7f17a5700000 rw-p 00cbe000 08:0a 2240777                    /usr/lib/jvm/java-8-openjdk/jre/lib/amd64/server/libjvm.so
7f17a5700000-7f17a5730000 rw-p 00000000 00:00 0 
7f17a5730000-7f17a58cb000 r-xp 00000000 08:0a 1575057                    /usr/lib/libc-2.25.so
7f17a58cb000-7f17a5aca000 ---p 0019b000 08:0a 1575057                    /usr/lib/libc-2.25.so
7f17a5aca000-7f17a5ace000 r--p 0019a000 08:0a 1575057                    /usr/lib/libc-2.25.so
7f17a5ace000-7f17a5ad0000 rw-p 0019e000 08:0a 1575057                    /usr/lib/libc-2.25.so
7f17a5ad0000-7f17a5ad4000 rw-p 00000000 00:00 0 
7f17a5ad4000-7f17a5ad7000 r-xp 00000000 08:0a 1574935                    /usr/lib/libdl-2.25.so
7f17a5ad7000-7f17a5cd6000 ---p 00003000 08:0a 1574935                    /usr/lib/libdl-2.25.so
7f17a5cd6000-7f17a5cd7000 r--p 00002000 08:0a 1574935                    /usr/lib/libdl-2.25.so
7f17a5cd7000-7f17a5cd8000 rw-p 00003000 08:0a 1574935                    /usr/lib/libdl-2.25.so
7f17a5cd8000-7f17a5ce5000 r-xp 00000000 08:0a 2240780                    /usr/lib/jvm/java-8-openjdk/jre/lib/amd64/jli/libjli.so
7f17a5ce5000-7f17a5ee4000 ---p 0000d000 08:0a 2240780                    /usr/lib/jvm/java-8-openjdk/jre/lib/amd64/jli/libjli.so
7f17a5ee4000-7f17a5ee5000 r--p 0000c000 08:0a 2240780                    /usr/lib/jvm/java-8-openjdk/jre/lib/amd64/jli/libjli.so
7f17a5ee5000-7f17a5ee6000 rw-p 0000d000 08:0a 2240780                    /usr/lib/jvm/java-8-openjdk/jre/lib/amd64/jli/libjli.so
7f17a5ee6000-7f17a5efc000 r-xp 00000000 08:0a 1583709                    /usr/lib/libz.so.1.2.11
7f17a5efc000-7f17a60fb000 ---p 00016000 08:0a 1583709                    /usr/lib/libz.so.1.2.11
7f17a60fb000-7f17a60fc000 r--p 00015000 08:0a 1583709                    /usr/lib/libz.so.1.2.11
7f17a60fc000-7f17a60fd000 rw-p 00016000 08:0a 1583709                    /usr/lib/libz.so.1.2.11
7f17a60fd000-7f17a6116000 r-xp 00000000 08:0a 1575076                    /usr/lib/libpthread-2.25.so
7f17a6116000-7f17a6315000 ---p 00019000 08:0a 1575076                    /usr/lib/libpthread-2.25.so
7f17a6315000-7f17a6316000 r--p 00018000 08:0a 1575076                    /usr/lib/libpthread-2.25.so
7f17a6316000-7f17a6317000 rw-p 00019000 08:0a 1575076                    /usr/lib/libpthread-2.25.so
7f17a6317000-7f17a631b000 rw-p 00000000 00:00 0 
7f17a631b000-7f17a633e000 r-xp 00000000 08:0a 1575058                    /usr/lib/ld-2.25.so
7f17a6342000-7f17a6407000 rw-p 00000000 00:00 0 
7f17a6407000-7f17a640a000 ---p 00000000 00:00 0 
7f17a640a000-7f17a650a000 rw-p 00000000 00:00 0 
7f17a651e000-7f17a6531000 rw-p 00000000 00:00 0 
7f17a6531000-7f17a6539000 rw-s 00000000 00:27 610886                     /tmp/hsperfdata_heshan/23641
7f17a6539000-7f17a653a000 rw-p 00000000 00:00 0 
7f17a653a000-7f17a653b000 r--p 00000000 00:00 0 
7f17a653b000-7f17a653d000 rw-p 00000000 00:00 0 
7f17a653d000-7f17a653e000 r--p 00022000 08:0a 1575058                    /usr/lib/ld-2.25.so
7f17a653e000-7f17a653f000 rw-p 00023000 08:0a 1575058                    /usr/lib/ld-2.25.so
7f17a653f000-7f17a6540000 rw-p 00000000 00:00 0 
7ffc66cb1000-7ffc66cd2000 rw-p 00000000 00:00 0                          [stack]
7ffc66cea000-7ffc66cec000 r--p 00000000 00:00 0                          [vvar]
7ffc66cec000-7ffc66cee000 r-xp 00000000 00:00 0                          [vdso]
ffffffffff600000-ffffffffff601000 r-xp 00000000 00:00 0                  [vsyscall]

VM Arguments:
jvm_args: -Dfile.encoding=UTF-8 
java_command: servicebus.ServiceBus
java_class_path (initial): /home/heshan/Projects/NetBeansProjects/EnterpriseServiceBus/ServiceBus/libs/jython-standalone-2.7.0.jar:/home/heshan/Projects/NetBeansProjects/EnterpriseServiceBus/ServiceBus/build/classes
Launcher Type: SUN_STANDARD

Environment Variables:
PATH=/usr/local/sbin:/usr/local/bin:/usr/bin:/usr/lib/jvm/default/bin:/usr/bin/site_perl:/usr/bin/vendor_perl:/usr/bin/core_perl
USERNAME=heshan
LD_LIBRARY_PATH=/usr/lib/jvm/java-8-openjdk/jre/lib/amd64:/usr/lib/jvm/java-8-openjdk/jre/lib/i386:
SHELL=/bin/bash
DISPLAY=:0

Signal Handlers:
SIGSEGV: [libjvm.so+0xa2d880], sa_mask[0]=11111111011111111101111111111110, sa_flags=SA_RESTART|SA_SIGINFO
SIGBUS: [libjvm.so+0xa2d880], sa_mask[0]=11111111011111111101111111111110, sa_flags=SA_RESTART|SA_SIGINFO
SIGFPE: [libjvm.so+0x881d40], sa_mask[0]=11111111011111111101111111111110, sa_flags=SA_RESTART|SA_SIGINFO
SIGPIPE: [libjvm.so+0x881d40], sa_mask[0]=11111111011111111101111111111110, sa_flags=SA_RESTART|SA_SIGINFO
SIGXFSZ: [libjvm.so+0x881d40], sa_mask[0]=11111111011111111101111111111110, sa_flags=SA_RESTART|SA_SIGINFO
SIGILL: [libjvm.so+0x881d40], sa_mask[0]=11111111011111111101111111111110, sa_flags=SA_RESTART|SA_SIGINFO
SIGUSR1: SIG_DFL, sa_mask[0]=00000000000000000000000000000000, sa_flags=none
SIGUSR2: [libjvm.so+0x881c10], sa_mask[0]=00100000000000000000000000000000, sa_flags=SA_RESTART|SA_SIGINFO
SIGHUP: [libjvm.so+0x882080], sa_mask[0]=11111111011111111101111111111110, sa_flags=SA_RESTART|SA_SIGINFO
SIGINT: SIG_IGN, sa_mask[0]=00000000000000000000000000000000, sa_flags=none
SIGTERM: [libjvm.so+0x882080], sa_mask[0]=11111111011111111101111111111110, sa_flags=SA_RESTART|SA_SIGINFO
SIGQUIT: [libjvm.so+0x882080], sa_mask[0]=11111111011111111101111111111110, sa_flags=SA_RESTART|SA_SIGINFO


---------------  S Y S T E M  ---------------

OS:NAME="Arch Linux"
PRETTY_NAME="Arch Linux"
ID=arch
ID_LIKE=archlinux
ANSI_COLOR="0;36"
HOME_URL="https://www.archlinux.org/"
SUPPORT_URL="https://bbs.archlinux.org/"
BUG_REPORT_URL="https://bugs.archlinux.org/"


uname:Linux 4.10.13-1-ARCH #1 SMP PREEMPT Thu Apr 27 12:15:09 CEST 2017 x86_64
libc:glibc 2.25 NPTL 2.25 
rlimit: STACK 8192k, CORE infinity, NPROC 15437, NOFILE 4096, AS infinity
load average:0.90 1.09 1.12

/proc/meminfo:
MemTotal:        3961096 kB
MemFree:          138704 kB
MemAvailable:    1068152 kB
Buffers:          176588 kB
Cached:          1138268 kB
SwapCached:        11548 kB
Active:          2671612 kB
Inactive:         857736 kB
Active(anon):    2080796 kB
Inactive(anon):   369076 kB
Active(file):     590816 kB
Inactive(file):   488660 kB
Unevictable:           0 kB
Mlocked:               0 kB
SwapTotal:       8388604 kB
SwapFree:        8040512 kB
Dirty:               408 kB
Writeback:             0 kB
AnonPages:       2070756 kB
Mapped:           313808 kB
Shmem:            235380 kB
Slab:             148904 kB
SReclaimable:     105756 kB
SUnreclaim:        43148 kB
KernelStack:       11152 kB
PageTables:        51408 kB
NFS_Unstable:          0 kB
Bounce:                0 kB
WritebackTmp:          0 kB
CommitLimit:    10369152 kB
Committed_AS:    7639544 kB
VmallocTotal:   34359738367 kB
VmallocUsed:           0 kB
VmallocChunk:          0 kB
HardwareCorrupted:     0 kB
AnonHugePages:    702464 kB
ShmemHugePages:        0 kB
ShmemPmdMapped:        0 kB
HugePages_Total:       0
HugePages_Free:        0
HugePages_Rsvd:        0
HugePages_Surp:        0
Hugepagesize:       2048 kB
DirectMap4k:      231480 kB
DirectMap2M:     3872768 kB
DirectMap1G:           0 kB


CPU:total 4 (2 cores per cpu, 2 threads per core) family 6 model 61 stepping 4, cmov, cx8, fxsr, mmx, sse, sse2, sse3, ssse3, sse4.1, sse4.2, popcnt, avx, avx2, aes, clmul, erms, 3dnowpref, lzcnt, ht, tsc, tscinvbit, bmi1, bmi2, adx

/proc/cpuinfo:
processor	: 0
vendor_id	: GenuineIntel
cpu family	: 6
model		: 61
model name	: Intel(R) Core(TM) i3-5005U CPU @ 2.00GHz
stepping	: 4
microcode	: 0x18
cpu MHz		: 1335.205
cache size	: 3072 KB
physical id	: 0
siblings	: 4
core id		: 0
cpu cores	: 2
apicid		: 0
initial apicid	: 0
fpu		: yes
fpu_exception	: yes
cpuid level	: 20
wp		: yes
flags		: fpu vme de pse tsc msr pae mce cx8 apic sep mtrr pge mca cmov pat pse36 clflush dts acpi mmx fxsr sse sse2 ss ht tm pbe syscall nx pdpe1gb rdtscp lm constant_tsc arch_perfmon pebs bts rep_good nopl xtopology nonstop_tsc aperfmperf pni pclmulqdq dtes64 monitor ds_cpl vmx est tm2 ssse3 sdbg fma cx16 xtpr pdcm pcid sse4_1 sse4_2 x2apic movbe popcnt tsc_deadline_timer aes xsave avx f16c rdrand lahf_lm abm 3dnowprefetch epb intel_pt tpr_shadow vnmi flexpriority ept vpid fsgsbase tsc_adjust bmi1 avx2 smep bmi2 erms invpcid rdseed adx smap xsaveopt dtherm arat pln pts
bugs		:
bogomips	: 3992.96
clflush size	: 64
cache_alignment	: 64
address sizes	: 39 bits physical, 48 bits virtual
power management:

processor	: 1
vendor_id	: GenuineIntel
cpu family	: 6
model		: 61
model name	: Intel(R) Core(TM) i3-5005U CPU @ 2.00GHz
stepping	: 4
microcode	: 0x18
cpu MHz		: 1305.786
cache size	: 3072 KB
physical id	: 0
siblings	: 4
core id		: 1
cpu cores	: 2
apicid		: 2
initial apicid	: 2
fpu		: yes
fpu_exception	: yes
cpuid level	: 20
wp		: yes
flags		: fpu vme de pse tsc msr pae mce cx8 apic sep mtrr pge mca cmov pat pse36 clflush dts acpi mmx fxsr sse sse2 ss ht tm pbe syscall nx pdpe1gb rdtscp lm constant_tsc arch_perfmon pebs bts rep_good nopl xtopology nonstop_tsc aperfmperf pni pclmulqdq dtes64 monitor ds_cpl vmx est tm2 ssse3 sdbg fma cx16 xtpr pdcm pcid sse4_1 sse4_2 x2apic movbe popcnt tsc_deadline_timer aes xsave avx f16c rdrand lahf_lm abm 3dnowprefetch epb intel_pt tpr_shadow vnmi flexpriority ept vpid fsgsbase tsc_adjust bmi1 avx2 smep bmi2 erms invpcid rdseed adx smap xsaveopt dtherm arat pln pts
bugs		:
bogomips	: 3993.22
clflush size	: 64
cache_alignment	: 64
address sizes	: 39 bits physical, 48 bits virtual
power management:

processor	: 2
vendor_id	: GenuineIntel
cpu family	: 6
model		: 61
model name	: Intel(R) Core(TM) i3-5005U CPU @ 2.00GHz
stepping	: 4
microcode	: 0x18
cpu MHz		: 1304.687
cache size	: 3072 KB
physical id	: 0
siblings	: 4
core id		: 0
cpu cores	: 2
apicid		: 1
initial apicid	: 1
fpu		: yes
fpu_exception	: yes
cpuid level	: 20
wp		: yes
flags		: fpu vme de pse tsc msr pae mce cx8 apic sep mtrr pge mca cmov pat pse36 clflush dts acpi mmx fxsr sse sse2 ss ht tm pbe syscall nx pdpe1gb rdtscp lm constant_tsc arch_perfmon pebs bts rep_good nopl xtopology nonstop_tsc aperfmperf pni pclmulqdq dtes64 monitor ds_cpl vmx est tm2 ssse3 sdbg fma cx16 xtpr pdcm pcid sse4_1 sse4_2 x2apic movbe popcnt tsc_deadline_timer aes xsave avx f16c rdrand lahf_lm abm 3dnowprefetch epb intel_pt tpr_shadow vnmi flexpriority ept vpid fsgsbase tsc_adjust bmi1 avx2 smep bmi2 erms invpcid rdseed adx smap xsaveopt dtherm arat pln pts
bugs		:
bogomips	: 3994.90
clflush size	: 64
cache_alignment	: 64
address sizes	: 39 bits physical, 48 bits virtual
power management:

processor	: 3
vendor_id	: GenuineIntel
cpu family	: 6
model		: 61
model name	: Intel(R) Core(TM) i3-5005U CPU @ 2.00GHz
stepping	: 4
microcode	: 0x18
cpu MHz		: 1300.537
cache size	: 3072 KB
physical id	: 0
siblings	: 4
core id		: 1
cpu cores	: 2
apicid		: 3
initial apicid	: 3
fpu		: yes
fpu_exception	: yes
cpuid level	: 20
wp		: yes
flags		: fpu vme de pse tsc msr pae mce cx8 apic sep mtrr pge mca cmov pat pse36 clflush dts acpi mmx fxsr sse sse2 ss ht tm pbe syscall nx pdpe1gb rdtscp lm constant_tsc arch_perfmon pebs bts rep_good nopl xtopology nonstop_tsc aperfmperf pni pclmulqdq dtes64 monitor ds_cpl vmx est tm2 ssse3 sdbg fma cx16 xtpr pdcm pcid sse4_1 sse4_2 x2apic movbe popcnt tsc_deadline_timer aes xsave avx f16c rdrand lahf_lm abm 3dnowprefetch epb intel_pt tpr_shadow vnmi flexpriority ept vpid fsgsbase tsc_adjust bmi1 avx2 smep bmi2 erms invpcid rdseed adx smap xsaveopt dtherm arat pln pts
bugs		:
bogomips	: 3993.25
clflush size	: 64
cache_alignment	: 64
address sizes	: 39 bits physical, 48 bits virtual
power management:



Memory: 4k page, physical 3961096k(138704k free), swap 8388604k(8040512k free)

vm_info: OpenJDK 64-Bit Server VM (25.121-b13) for linux-amd64 JRE (1.8.0_121-b13), built on Jan 22 2017 09:22:31 by "builduser" with gcc 6.3.1 20170109

time: Thu Jun  1 19:59:57 2017
elapsed time: 6 seconds (0d 0h 0m 6s)

