#
# A fatal error has been detected by the Java Runtime Environment:
#
#  SIGSEGV (0xb) at pc=0x00007f9285117383, pid=23987, tid=0x00007f927ca61700
#
# JRE version: OpenJDK Runtime Environment (8.0_121-b13) (build 1.8.0_121-b13)
# Java VM: OpenJDK 64-Bit Server VM (25.121-b13 mixed mode linux-amd64 compressed oops)
# Problematic frame:
# J 29 C1 java.lang.AbstractStringBuilder.append(Ljava/lang/String;)Ljava/lang/AbstractStringBuilder; (50 bytes) @ 0x00007f9285117383 [0x00007f92851172e0+0xa3]
#
# Core dump written. Default location: /home/heshan/Projects/NetBeansProjects/EnterpriseServiceBus/ServiceBus/core or core.23987
#
# If you would like to submit a bug report, please visit:
#   http://bugreport.java.com/bugreport/crash.jsp
#

---------------  T H R E A D  ---------------

Current thread (0x00007f92940cf000):  JavaThread "Thread-0" [_thread_in_Java, id=24026, stack(0x00007f927c961000,0x00007f927ca62000)]

siginfo: si_signo: 11 (SIGSEGV), si_code: 1 (SEGV_MAPERR), si_addr: 0x00006e6168736568

Registers:
RAX=0x000000000000011c, RBX=0x0000000000000108, RCX=0x00000000ebecf850, RDX=0x00006e6168736568
RSP=0x00007f927ca60810, RBP=0x00007f927ca609a0, RSI=0x00000000ebecf850, RDI=0x00007f9284a25fb8
R8 =0x0000000000000000, R9 =0x0000000000000008, R10=0x00007f929b1d0860, R11=0x00007f9285117ea0
R12=0x0000000000000000, R13=0x00007f927ca60948, R14=0x00007f927ca60a30, R15=0x00007f92940cf000
RIP=0x00007f9285117383, EFLAGS=0x0000000000010202, CSGSFS=0x002b000000000033, ERR=0x0000000000000004
  TRAPNO=0x000000000000000e

Top of Stack: (sp=0x00007f927ca60810)
0x00007f927ca60810:   00000000ebec9640 0000000000000000
0x00007f927ca60820:   00007f9284c01028 00007f92940cf000
0x00007f927ca60830:   00007f927ca60880 00007f92940cf000
0x00007f927ca60840:   00007f927ca608d0 00007f929415c6f0
0x00007f927ca60850:   00007f92940cf000 00007f927ca608d0
0x00007f927ca60860:   00007f927ca60930 00007f929a8f7c9f
0x00007f927ca60870:   0000000000000000 00000000ebec9640
0x00007f927ca60880:   00000000ebec93d0 00007f927ca60888
0x00007f927ca60890:   00000000000003d8 00007f925c000a40
0x00007f927ca608a0:   00007f92940cf000 0000000000000000
0x00007f927ca608b0:   00007f9284c02ec0 00000008940cf000
0x00007f927ca608c0:   00007f9284c02ec0 00000000ebecf850
0x00007f927ca608d0:   00000000ebecf898 00007f92000000e6
0x00007f927ca608e0:   00007f9284c02ec0 00007f92940cf000
0x00007f927ca608f0:   00007f927ca609a0 00007f9285117f04
0x00007f927ca60900:   00007f927ca60958 00000000000000e6
0x00007f927ca60910:   0000000000000000 00007f9284c02a8f
0x00007f927ca60920:   00000000ebecf850 00007f92940cf000
0x00007f927ca60930:   00007f927ca609a0 00007f9285007d80
0x00007f927ca60940:   00007f9285007d80 00006e6168736568
0x00007f927ca60950:   00000000ebecf850 00000000ebec93d0
0x00007f927ca60960:   00007f927ca60960 00007f9284c02a96
0x00007f927ca60970:   00007f927ca60a30 00007f9284c03118
0x00007f927ca60980:   0000000000000000 00007f9284c02ec0
0x00007f927ca60990:   00007f927ca60948 00007f927ca60a30
0x00007f927ca609a0:   00007f927ca60a78 00007f9285008042
0x00007f927ca609b0:   0000000000000000 0000000000000000
0x00007f927ca609c0:   0000000000000001 00000000ebe9e9b8
0x00007f927ca609d0:   00006e6168736568 00000000ebec5830
0x00007f927ca609e0:   00000000ebea3b90 00000000ebe9e9b8
0x00007f927ca609f0:   0000000000000003 00000000ebea3ba8
0x00007f927ca60a00:   0000000000000013 00000000ebec4228 

Instructions: (pc=0x00007f9285117383)
0x00007f9285117363:   0a 00 00 00 48 bb 18 01 00 00 00 00 00 00 48 8b
0x00007f9285117373:   04 1f 48 8d 40 01 48 89 04 1f 0f 84 b0 04 00 00
0x00007f9285117383:   48 3b 02 48 8b fa 48 bb b8 5f a2 84 92 7f 00 00
0x00007f9285117393:   8b 7f 08 48 c1 e7 03 48 3b bb 40 01 00 00 75 0d 

Register to memory mapping:

RAX=0x000000000000011c is an unknown value
RBX=0x0000000000000108 is an unknown value
RCX=0x00000000ebecf850 is an oop
java.lang.StringBuilder 
 - klass: 'java/lang/StringBuilder'
RDX=0x00006e6168736568 is an unknown value
RSP=0x00007f927ca60810 is pointing into the stack for thread: 0x00007f92940cf000
RBP=0x00007f927ca609a0 is pointing into the stack for thread: 0x00007f92940cf000
RSI=0x00000000ebecf850 is an oop
java.lang.StringBuilder 
 - klass: 'java/lang/StringBuilder'
RDI=0x00007f9284a25fb8 is pointing into metadata
R8 =0x0000000000000000 is an unknown value
R9 =0x0000000000000008 is an unknown value
R10=0x00007f929b1d0860: <offset 0xf0b860> in /usr/lib/jvm/java-8-openjdk/jre/lib/amd64/server/libjvm.so at 0x00007f929a2c5000
R11=0x00007f9285117ea0 is at entry_point+32 in (nmethod*)0x00007f9285117d10
R12=0x0000000000000000 is an unknown value
R13=0x00007f927ca60948 is pointing into the stack for thread: 0x00007f92940cf000
R14=0x00007f927ca60a30 is pointing into the stack for thread: 0x00007f92940cf000
R15=0x00007f92940cf000 is a thread


Stack: [0x00007f927c961000,0x00007f927ca62000],  sp=0x00007f927ca60810,  free space=1022k
Native frames: (J=compiled Java code, j=interpreted, Vv=VM code, C=native code)
J 29 C1 java.lang.AbstractStringBuilder.append(Ljava/lang/String;)Ljava/lang/AbstractStringBuilder; (50 bytes) @ 0x00007f9285117383 [0x00007f92851172e0+0xa3]
J 30 C1 java.lang.StringBuilder.append(Ljava/lang/String;)Ljava/lang/StringBuilder; (8 bytes) @ 0x00007f9285117f04 [0x00007f9285117e80+0x84]
j  servicebus.ServiceBus.run()V+454
j  java.lang.Thread.run()V+11
v  ~StubRoutines::call_stub
V  [libjvm.so+0x6453a3]
V  [libjvm.so+0x642af7]
V  [libjvm.so+0x6430c7]
V  [libjvm.so+0x67f4e5]
V  [libjvm.so+0x9d35ff]
V  [libjvm.so+0x9d39d5]
V  [libjvm.so+0x8838a2]
C  [libpthread.so.0+0x72e7]  start_thread+0xd7


---------------  P R O C E S S  ---------------

Java Threads: ( => current thread )
=>0x00007f92940cf000 JavaThread "Thread-0" [_thread_in_Java, id=24026, stack(0x00007f927c961000,0x00007f927ca62000)]
  0x00007f92940c7800 JavaThread "Service Thread" daemon [_thread_blocked, id=24003, stack(0x00007f927d018000,0x00007f927d119000)]
  0x00007f92940bc000 JavaThread "C1 CompilerThread2" daemon [_thread_blocked, id=24002, stack(0x00007f927d119000,0x00007f927d21a000)]
  0x00007f92940ba800 JavaThread "C2 CompilerThread1" daemon [_thread_blocked, id=24001, stack(0x00007f927d21a000,0x00007f927d31b000)]
  0x00007f92940b7800 JavaThread "C2 CompilerThread0" daemon [_thread_blocked, id=24000, stack(0x00007f927d31b000,0x00007f927d41c000)]
  0x00007f92940b6000 JavaThread "Signal Dispatcher" daemon [_thread_blocked, id=23999, stack(0x00007f927d41c000,0x00007f927d51d000)]
  0x00007f9294083800 JavaThread "Finalizer" daemon [_thread_blocked, id=23998, stack(0x00007f927d6b5000,0x00007f927d7b6000)]
  0x00007f929407f000 JavaThread "Reference Handler" daemon [_thread_blocked, id=23997, stack(0x00007f927d7b6000,0x00007f927d8b7000)]
  0x00007f929400a000 JavaThread "main" [_thread_in_native, id=23990, stack(0x00007f929beb3000,0x00007f929bfb4000)]

Other Threads:
  0x00007f9294077000 VMThread [stack: 0x00007f927d8b7000,0x00007f927d9b8000] [id=23996]
  0x00007f92940ca000 WatcherThread [stack: 0x00007f927cf17000,0x00007f927d018000] [id=24004]

VM state:not at safepoint (normal execution)

VM Mutex/Monitor currently owned by a thread: None

Heap:
 PSYoungGen      total 18432K, used 1588K [0x00000000ebd80000, 0x00000000ed200000, 0x0000000100000000)
  eden space 15872K, 10% used [0x00000000ebd80000,0x00000000ebf0d040,0x00000000ecd00000)
  from space 2560K, 0% used [0x00000000ecf80000,0x00000000ecf80000,0x00000000ed200000)
  to   space 2560K, 0% used [0x00000000ecd00000,0x00000000ecd00000,0x00000000ecf80000)
 ParOldGen       total 42496K, used 0K [0x00000000c3800000, 0x00000000c6180000, 0x00000000ebd80000)
  object space 42496K, 0% used [0x00000000c3800000,0x00000000c3800000,0x00000000c6180000)
 Metaspace       used 4235K, capacity 4622K, committed 4864K, reserved 1056768K
  class space    used 447K, capacity 458K, committed 512K, reserved 1048576K

Card table byte_map: [0x00007f9298980000,0x00007f9298b65000] byte_map_base: 0x00007f9298364000

Marking Bits: (ParMarkBitMap*) 0x00007f929b1bf260
 Begin Bits: [0x00007f927e1c0000, 0x00007f927f0e0000)
 End Bits:   [0x00007f927f0e0000, 0x00007f9280000000)

Polling page: 0x00007f929bfe6000

CodeCache: size=245760Kb used=1179Kb max_used=1179Kb free=244580Kb
 bounds [0x00007f9285000000, 0x00007f9285270000, 0x00007f9294000000]
 total_blobs=319 nmethods=60 adapters=174
 compilation: enabled

Compilation events (10 events):
Event: 0.142 Thread 0x00007f92940bc000   56       3       java.lang.CharacterDataLatin1::toLowerCase (39 bytes)
Event: 0.142 Thread 0x00007f92940bc000 nmethod 56 0x00007f9285124cd0 code [0x00007f9285124e40, 0x00007f92851250d0]
Event: 0.142 Thread 0x00007f92940bc000   57       1       com.sun.org.apache.xerces.internal.dom.TextImpl::getNodeType (2 bytes)
Event: 0.142 Thread 0x00007f92940bc000 nmethod 57 0x00007f9285125250 code [0x00007f92851253a0, 0x00007f92851254b0]
Event: 0.145 Thread 0x00007f92940bc000   58       3       java.lang.StringBuilder::<init> (7 bytes)
Event: 0.145 Thread 0x00007f92940bc000 nmethod 58 0x00007f9285125b10 code [0x00007f9285125c80, 0x00007f9285125f30]
Event: 14.992 Thread 0x00007f92940bc000   59       1       java.nio.Buffer::position (5 bytes)
Event: 14.992 Thread 0x00007f92940bc000 nmethod 59 0x00007f9285126a90 code [0x00007f9285126be0, 0x00007f9285126cf0]
Event: 14.992 Thread 0x00007f92940bc000   60  s    1       java.util.Vector::size (5 bytes)
Event: 14.992 Thread 0x00007f92940bc000 nmethod 60 0x00007f9285126d50 code [0x00007f9285126ea0, 0x00007f9285127110]

GC Heap History (0 events):
No events

Deoptimization events (0 events):
No events

Internal exceptions (8 events):
Event: 0.040 Thread 0x00007f929400a000 Exception <a 'java/lang/NoSuchMethodError': Method sun.misc.Unsafe.defineClass(Ljava/lang/String;[BII)Ljava/lang/Class; name or signature does not match> (0x00000000ebd87ca8) thrown at [/build/java8-openjdk/src/jdk8u-jdk8u121-b13/hotspot/src/share/vm/prim
Event: 0.040 Thread 0x00007f929400a000 Exception <a 'java/lang/NoSuchMethodError': Method sun.misc.Unsafe.prefetchRead(Ljava/lang/Object;J)V name or signature does not match> (0x00000000ebd87f90) thrown at [/build/java8-openjdk/src/jdk8u-jdk8u121-b13/hotspot/src/share/vm/prims/jni.cpp, line 40
Event: 0.104 Thread 0x00007f929400a000 Exception <a 'java/security/PrivilegedActionException'> (0x00000000ebe0d690) thrown at [/build/java8-openjdk/src/jdk8u-jdk8u121-b13/hotspot/src/share/vm/prims/jvm.cpp, line 1390]
Event: 0.104 Thread 0x00007f929400a000 Exception <a 'java/security/PrivilegedActionException'> (0x00000000ebe0d8a0) thrown at [/build/java8-openjdk/src/jdk8u-jdk8u121-b13/hotspot/src/share/vm/prims/jvm.cpp, line 1390]
Event: 0.105 Thread 0x00007f929400a000 Exception <a 'java/security/PrivilegedActionException'> (0x00000000ebe0f740) thrown at [/build/java8-openjdk/src/jdk8u-jdk8u121-b13/hotspot/src/share/vm/prims/jvm.cpp, line 1390]
Event: 0.105 Thread 0x00007f929400a000 Exception <a 'java/security/PrivilegedActionException'> (0x00000000ebe0f950) thrown at [/build/java8-openjdk/src/jdk8u-jdk8u121-b13/hotspot/src/share/vm/prims/jvm.cpp, line 1390]
Event: 0.105 Thread 0x00007f929400a000 Exception <a 'java/security/PrivilegedActionException'> (0x00000000ebe103b0) thrown at [/build/java8-openjdk/src/jdk8u-jdk8u121-b13/hotspot/src/share/vm/prims/jvm.cpp, line 1390]
Event: 0.105 Thread 0x00007f929400a000 Exception <a 'java/security/PrivilegedActionException'> (0x00000000ebe105c0) thrown at [/build/java8-openjdk/src/jdk8u-jdk8u121-b13/hotspot/src/share/vm/prims/jvm.cpp, line 1390]

Events (10 events):
Event: 14.987 loading class java/util/Random
Event: 14.988 loading class java/util/Random done
Event: 14.990 loading class services/CppServiceDirectory
Event: 14.990 loading class services/CppServiceDirectory done
Event: 14.996 loading class java/io/PrintWriter
Event: 14.996 loading class java/io/PrintWriter done
Event: 14.996 loading class java/net/Socket$3
Event: 14.996 loading class java/net/Socket$3 done
Event: 14.996 loading class java/net/SocketOutputStream
Event: 14.996 loading class java/net/SocketOutputStream done


Dynamic libraries:
00400000-00401000 r-xp 00000000 08:0a 2240423                            /usr/lib/jvm/java-8-openjdk/jre/bin/java
00600000-00601000 r--p 00000000 08:0a 2240423                            /usr/lib/jvm/java-8-openjdk/jre/bin/java
00601000-00602000 rw-p 00001000 08:0a 2240423                            /usr/lib/jvm/java-8-openjdk/jre/bin/java
00912000-00933000 rw-p 00000000 00:00 0                                  [heap]
c3800000-c6180000 rw-p 00000000 00:00 0 
c6180000-ebd80000 ---p 00000000 00:00 0 
ebd80000-ed200000 rw-p 00000000 00:00 0 
ed200000-100000000 ---p 00000000 00:00 0 
100000000-100080000 rw-p 00000000 00:00 0 
100080000-140000000 ---p 00000000 00:00 0 
7f9248000000-7f9248021000 rw-p 00000000 00:00 0 
7f9248021000-7f924c000000 ---p 00000000 00:00 0 
7f924c000000-7f924c02c000 rw-p 00000000 00:00 0 
7f924c02c000-7f9250000000 ---p 00000000 00:00 0 
7f9250000000-7f9250049000 rw-p 00000000 00:00 0 
7f9250049000-7f9254000000 ---p 00000000 00:00 0 
7f9254000000-7f9254021000 rw-p 00000000 00:00 0 
7f9254021000-7f9258000000 ---p 00000000 00:00 0 
7f9258000000-7f9258056000 rw-p 00000000 00:00 0 
7f9258056000-7f925c000000 ---p 00000000 00:00 0 
7f925c000000-7f925c06b000 rw-p 00000000 00:00 0 
7f925c06b000-7f9260000000 ---p 00000000 00:00 0 
7f9260000000-7f9260021000 rw-p 00000000 00:00 0 
7f9260021000-7f9264000000 ---p 00000000 00:00 0 
7f9264000000-7f9264021000 rw-p 00000000 00:00 0 
7f9264021000-7f9268000000 ---p 00000000 00:00 0 
7f9268000000-7f9268021000 rw-p 00000000 00:00 0 
7f9268021000-7f926c000000 ---p 00000000 00:00 0 
7f926c000000-7f926c021000 rw-p 00000000 00:00 0 
7f926c021000-7f9270000000 ---p 00000000 00:00 0 
7f9270000000-7f9270021000 rw-p 00000000 00:00 0 
7f9270021000-7f9274000000 ---p 00000000 00:00 0 
7f9274000000-7f9274021000 rw-p 00000000 00:00 0 
7f9274021000-7f9278000000 ---p 00000000 00:00 0 
7f9278000000-7f9278021000 rw-p 00000000 00:00 0 
7f9278021000-7f927c000000 ---p 00000000 00:00 0 
7f927c18f000-7f927c1a5000 r-xp 00000000 08:0a 1587171                    /usr/lib/libgcc_s.so.1
7f927c1a5000-7f927c3a4000 ---p 00016000 08:0a 1587171                    /usr/lib/libgcc_s.so.1
7f927c3a4000-7f927c3a5000 r--p 00015000 08:0a 1587171                    /usr/lib/libgcc_s.so.1
7f927c3a5000-7f927c3a6000 rw-p 00016000 08:0a 1587171                    /usr/lib/libgcc_s.so.1
7f927c3a6000-7f927c51e000 r-xp 00000000 08:0a 1576452                    /usr/lib/libstdc++.so.6.0.22
7f927c51e000-7f927c71e000 ---p 00178000 08:0a 1576452                    /usr/lib/libstdc++.so.6.0.22
7f927c71e000-7f927c728000 r--p 00178000 08:0a 1576452                    /usr/lib/libstdc++.so.6.0.22
7f927c728000-7f927c72a000 rw-p 00182000 08:0a 1576452                    /usr/lib/libstdc++.so.6.0.22
7f927c72a000-7f927c72e000 rw-p 00000000 00:00 0 
7f927c75f000-7f927c760000 r-xp 00000000 08:0a 3147099                    /home/heshan/Projects/NetBeansProjects/EnterpriseServiceBus/ServiceBus/src/services/CppServices/dist/libCppServices.so
7f927c760000-7f927c95f000 ---p 00001000 08:0a 3147099                    /home/heshan/Projects/NetBeansProjects/EnterpriseServiceBus/ServiceBus/src/services/CppServices/dist/libCppServices.so
7f927c95f000-7f927c960000 r--p 00000000 08:0a 3147099                    /home/heshan/Projects/NetBeansProjects/EnterpriseServiceBus/ServiceBus/src/services/CppServices/dist/libCppServices.so
7f927c960000-7f927c961000 rw-p 00001000 08:0a 3147099                    /home/heshan/Projects/NetBeansProjects/EnterpriseServiceBus/ServiceBus/src/services/CppServices/dist/libCppServices.so
7f927c961000-7f927c964000 ---p 00000000 00:00 0 
7f927c964000-7f927ca62000 rw-p 00000000 00:00 0 
7f927ca62000-7f927ca78000 r-xp 00000000 08:0a 2240770                    /usr/lib/jvm/java-8-openjdk/jre/lib/amd64/libnet.so
7f927ca78000-7f927cc77000 ---p 00016000 08:0a 2240770                    /usr/lib/jvm/java-8-openjdk/jre/lib/amd64/libnet.so
7f927cc77000-7f927cc78000 r--p 00015000 08:0a 2240770                    /usr/lib/jvm/java-8-openjdk/jre/lib/amd64/libnet.so
7f927cc78000-7f927cc79000 rw-p 00016000 08:0a 2240770                    /usr/lib/jvm/java-8-openjdk/jre/lib/amd64/libnet.so
7f927cc79000-7f927ccc3000 rw-p 00000000 00:00 0 
7f927ccc3000-7f927ce81000 r--s 02191000 08:0a 3146888                    /home/heshan/Projects/NetBeansProjects/EnterpriseServiceBus/ServiceBus/libs/jython-standalone-2.7.0.jar
7f927ce81000-7f927cf17000 r--s 008d8000 08:0a 2240594                    /usr/lib/jvm/java-8-openjdk/jre/lib/ext/jfxrt.jar
7f927cf17000-7f927cf18000 ---p 00000000 00:00 0 
7f927cf18000-7f927d018000 rw-p 00000000 00:00 0 
7f927d018000-7f927d01b000 ---p 00000000 00:00 0 
7f927d01b000-7f927d119000 rw-p 00000000 00:00 0 
7f927d119000-7f927d11c000 ---p 00000000 00:00 0 
7f927d11c000-7f927d21a000 rw-p 00000000 00:00 0 
7f927d21a000-7f927d21d000 ---p 00000000 00:00 0 
7f927d21d000-7f927d31b000 rw-p 00000000 00:00 0 
7f927d31b000-7f927d31e000 ---p 00000000 00:00 0 
7f927d31e000-7f927d41c000 rw-p 00000000 00:00 0 
7f927d41c000-7f927d41f000 ---p 00000000 00:00 0 
7f927d41f000-7f927d51d000 rw-p 00000000 00:00 0 
7f927d51d000-7f927d6b5000 r--p 00000000 08:0a 1628100                    /usr/lib/locale/locale-archive
7f927d6b5000-7f927d6b8000 ---p 00000000 00:00 0 
7f927d6b8000-7f927d7b6000 rw-p 00000000 00:00 0 
7f927d7b6000-7f927d7b9000 ---p 00000000 00:00 0 
7f927d7b9000-7f927d8b7000 rw-p 00000000 00:00 0 
7f927d8b7000-7f927d8b8000 ---p 00000000 00:00 0 
7f927d8b8000-7f9280000000 rw-p 00000000 00:00 0 
7f9280000000-7f9280021000 rw-p 00000000 00:00 0 
7f9280021000-7f9284000000 ---p 00000000 00:00 0 
7f9284018000-7f9284c40000 rw-p 00000000 00:00 0 
7f9284c40000-7f9285000000 ---p 00000000 00:00 0 
7f9285000000-7f9285270000 rwxp 00000000 00:00 0 
7f9285270000-7f9294000000 ---p 00000000 00:00 0 
7f9294000000-7f9294167000 rw-p 00000000 00:00 0 
7f9294167000-7f9298000000 ---p 00000000 00:00 0 
7f9298010000-7f92981df000 r--s 03c05000 08:0a 2240463                    /usr/lib/jvm/java-8-openjdk/jre/lib/rt.jar
7f92981df000-7f9298439000 rw-p 00000000 00:00 0 
7f9298439000-7f929843a000 ---p 00000000 00:00 0 
7f929843a000-7f929853a000 rw-p 00000000 00:00 0 
7f929853a000-7f929853b000 ---p 00000000 00:00 0 
7f929853b000-7f929863b000 rw-p 00000000 00:00 0 
7f929863b000-7f929863c000 ---p 00000000 00:00 0 
7f929863c000-7f929873c000 rw-p 00000000 00:00 0 
7f929873c000-7f929873d000 ---p 00000000 00:00 0 
7f929873d000-7f9298852000 rw-p 00000000 00:00 0 
7f9298852000-7f9298980000 ---p 00000000 00:00 0 
7f9298980000-7f9298995000 rw-p 00000000 00:00 0 
7f9298995000-7f9298ac2000 ---p 00000000 00:00 0 
7f9298ac2000-7f9298acd000 rw-p 00000000 00:00 0 
7f9298acd000-7f9298b64000 ---p 00000000 00:00 0 
7f9298b64000-7f9298b6f000 rw-p 00000000 00:00 0 
7f9298b6f000-7f9298f25000 ---p 00000000 00:00 0 
7f9298f25000-7f9298f2d000 r-xp 00000000 08:0a 2240772                    /usr/lib/jvm/java-8-openjdk/jre/lib/amd64/libzip.so
7f9298f2d000-7f929912c000 ---p 00008000 08:0a 2240772                    /usr/lib/jvm/java-8-openjdk/jre/lib/amd64/libzip.so
7f929912c000-7f929912d000 r--p 00007000 08:0a 2240772                    /usr/lib/jvm/java-8-openjdk/jre/lib/amd64/libzip.so
7f929912d000-7f929912e000 rw-p 00008000 08:0a 2240772                    /usr/lib/jvm/java-8-openjdk/jre/lib/amd64/libzip.so
7f929912e000-7f9299139000 r-xp 00000000 08:0a 1574939                    /usr/lib/libnss_files-2.25.so
7f9299139000-7f9299338000 ---p 0000b000 08:0a 1574939                    /usr/lib/libnss_files-2.25.so
7f9299338000-7f9299339000 r--p 0000a000 08:0a 1574939                    /usr/lib/libnss_files-2.25.so
7f9299339000-7f929933a000 rw-p 0000b000 08:0a 1574939                    /usr/lib/libnss_files-2.25.so
7f929933a000-7f9299340000 rw-p 00000000 00:00 0 
7f9299340000-7f929934b000 r-xp 00000000 08:0a 1574937                    /usr/lib/libnss_nis-2.25.so
7f929934b000-7f929954a000 ---p 0000b000 08:0a 1574937                    /usr/lib/libnss_nis-2.25.so
7f929954a000-7f929954b000 r--p 0000a000 08:0a 1574937                    /usr/lib/libnss_nis-2.25.so
7f929954b000-7f929954c000 rw-p 0000b000 08:0a 1574937                    /usr/lib/libnss_nis-2.25.so
7f929954c000-7f9299561000 r-xp 00000000 08:0a 1574933                    /usr/lib/libnsl-2.25.so
7f9299561000-7f9299760000 ---p 00015000 08:0a 1574933                    /usr/lib/libnsl-2.25.so
7f9299760000-7f9299761000 r--p 00014000 08:0a 1574933                    /usr/lib/libnsl-2.25.so
7f9299761000-7f9299762000 rw-p 00015000 08:0a 1574933                    /usr/lib/libnsl-2.25.so
7f9299762000-7f9299764000 rw-p 00000000 00:00 0 
7f9299764000-7f929976b000 r-xp 00000000 08:0a 1574980                    /usr/lib/libnss_compat-2.25.so
7f929976b000-7f929996a000 ---p 00007000 08:0a 1574980                    /usr/lib/libnss_compat-2.25.so
7f929996a000-7f929996b000 r--p 00006000 08:0a 1574980                    /usr/lib/libnss_compat-2.25.so
7f929996b000-7f929996c000 rw-p 00007000 08:0a 1574980                    /usr/lib/libnss_compat-2.25.so
7f929996c000-7f9299999000 r-xp 00000000 08:0a 2240768                    /usr/lib/jvm/java-8-openjdk/jre/lib/amd64/libjava.so
7f9299999000-7f9299b98000 ---p 0002d000 08:0a 2240768                    /usr/lib/jvm/java-8-openjdk/jre/lib/amd64/libjava.so
7f9299b98000-7f9299b99000 r--p 0002c000 08:0a 2240768                    /usr/lib/jvm/java-8-openjdk/jre/lib/amd64/libjava.so
7f9299b99000-7f9299b9b000 rw-p 0002d000 08:0a 2240768                    /usr/lib/jvm/java-8-openjdk/jre/lib/amd64/libjava.so
7f9299b9b000-7f9299ba8000 r-xp 00000000 08:0a 2240510                    /usr/lib/jvm/java-8-openjdk/jre/lib/amd64/libverify.so
7f9299ba8000-7f9299da7000 ---p 0000d000 08:0a 2240510                    /usr/lib/jvm/java-8-openjdk/jre/lib/amd64/libverify.so
7f9299da7000-7f9299da9000 r--p 0000c000 08:0a 2240510                    /usr/lib/jvm/java-8-openjdk/jre/lib/amd64/libverify.so
7f9299da9000-7f9299daa000 rw-p 0000e000 08:0a 2240510                    /usr/lib/jvm/java-8-openjdk/jre/lib/amd64/libverify.so
7f9299daa000-7f9299db1000 r-xp 00000000 08:0a 1574931                    /usr/lib/librt-2.25.so
7f9299db1000-7f9299fb0000 ---p 00007000 08:0a 1574931                    /usr/lib/librt-2.25.so
7f9299fb0000-7f9299fb1000 r--p 00006000 08:0a 1574931                    /usr/lib/librt-2.25.so
7f9299fb1000-7f9299fb2000 rw-p 00007000 08:0a 1574931                    /usr/lib/librt-2.25.so
7f9299fb2000-7f929a0c4000 r-xp 00000000 08:0a 1574934                    /usr/lib/libm-2.25.so
7f929a0c4000-7f929a2c3000 ---p 00112000 08:0a 1574934                    /usr/lib/libm-2.25.so
7f929a2c3000-7f929a2c4000 r--p 00111000 08:0a 1574934                    /usr/lib/libm-2.25.so
7f929a2c4000-7f929a2c5000 rw-p 00112000 08:0a 1574934                    /usr/lib/libm-2.25.so
7f929a2c5000-7f929aef0000 r-xp 00000000 08:0a 2240777                    /usr/lib/jvm/java-8-openjdk/jre/lib/amd64/server/libjvm.so
7f929aef0000-7f929b0ef000 ---p 00c2b000 08:0a 2240777                    /usr/lib/jvm/java-8-openjdk/jre/lib/amd64/server/libjvm.so
7f929b0ef000-7f929b183000 r--p 00c2a000 08:0a 2240777                    /usr/lib/jvm/java-8-openjdk/jre/lib/amd64/server/libjvm.so
7f929b183000-7f929b1ac000 rw-p 00cbe000 08:0a 2240777                    /usr/lib/jvm/java-8-openjdk/jre/lib/amd64/server/libjvm.so
7f929b1ac000-7f929b1dc000 rw-p 00000000 00:00 0 
7f929b1dc000-7f929b377000 r-xp 00000000 08:0a 1575057                    /usr/lib/libc-2.25.so
7f929b377000-7f929b576000 ---p 0019b000 08:0a 1575057                    /usr/lib/libc-2.25.so
7f929b576000-7f929b57a000 r--p 0019a000 08:0a 1575057                    /usr/lib/libc-2.25.so
7f929b57a000-7f929b57c000 rw-p 0019e000 08:0a 1575057                    /usr/lib/libc-2.25.so
7f929b57c000-7f929b580000 rw-p 00000000 00:00 0 
7f929b580000-7f929b583000 r-xp 00000000 08:0a 1574935                    /usr/lib/libdl-2.25.so
7f929b583000-7f929b782000 ---p 00003000 08:0a 1574935                    /usr/lib/libdl-2.25.so
7f929b782000-7f929b783000 r--p 00002000 08:0a 1574935                    /usr/lib/libdl-2.25.so
7f929b783000-7f929b784000 rw-p 00003000 08:0a 1574935                    /usr/lib/libdl-2.25.so
7f929b784000-7f929b791000 r-xp 00000000 08:0a 2240780                    /usr/lib/jvm/java-8-openjdk/jre/lib/amd64/jli/libjli.so
7f929b791000-7f929b990000 ---p 0000d000 08:0a 2240780                    /usr/lib/jvm/java-8-openjdk/jre/lib/amd64/jli/libjli.so
7f929b990000-7f929b991000 r--p 0000c000 08:0a 2240780                    /usr/lib/jvm/java-8-openjdk/jre/lib/amd64/jli/libjli.so
7f929b991000-7f929b992000 rw-p 0000d000 08:0a 2240780                    /usr/lib/jvm/java-8-openjdk/jre/lib/amd64/jli/libjli.so
7f929b992000-7f929b9a8000 r-xp 00000000 08:0a 1583709                    /usr/lib/libz.so.1.2.11
7f929b9a8000-7f929bba7000 ---p 00016000 08:0a 1583709                    /usr/lib/libz.so.1.2.11
7f929bba7000-7f929bba8000 r--p 00015000 08:0a 1583709                    /usr/lib/libz.so.1.2.11
7f929bba8000-7f929bba9000 rw-p 00016000 08:0a 1583709                    /usr/lib/libz.so.1.2.11
7f929bba9000-7f929bbc2000 r-xp 00000000 08:0a 1575076                    /usr/lib/libpthread-2.25.so
7f929bbc2000-7f929bdc1000 ---p 00019000 08:0a 1575076                    /usr/lib/libpthread-2.25.so
7f929bdc1000-7f929bdc2000 r--p 00018000 08:0a 1575076                    /usr/lib/libpthread-2.25.so
7f929bdc2000-7f929bdc3000 rw-p 00019000 08:0a 1575076                    /usr/lib/libpthread-2.25.so
7f929bdc3000-7f929bdc7000 rw-p 00000000 00:00 0 
7f929bdc7000-7f929bdea000 r-xp 00000000 08:0a 1575058                    /usr/lib/ld-2.25.so
7f929bdee000-7f929beb3000 rw-p 00000000 00:00 0 
7f929beb3000-7f929beb6000 ---p 00000000 00:00 0 
7f929beb6000-7f929bfb6000 rw-p 00000000 00:00 0 
7f929bfca000-7f929bfdd000 rw-p 00000000 00:00 0 
7f929bfdd000-7f929bfe5000 rw-s 00000000 00:27 617788                     /tmp/hsperfdata_heshan/23987
7f929bfe5000-7f929bfe6000 rw-p 00000000 00:00 0 
7f929bfe6000-7f929bfe7000 r--p 00000000 00:00 0 
7f929bfe7000-7f929bfe9000 rw-p 00000000 00:00 0 
7f929bfe9000-7f929bfea000 r--p 00022000 08:0a 1575058                    /usr/lib/ld-2.25.so
7f929bfea000-7f929bfeb000 rw-p 00023000 08:0a 1575058                    /usr/lib/ld-2.25.so
7f929bfeb000-7f929bfec000 rw-p 00000000 00:00 0 
7ffc6ce32000-7ffc6ce53000 rw-p 00000000 00:00 0                          [stack]
7ffc6cfac000-7ffc6cfae000 r--p 00000000 00:00 0                          [vvar]
7ffc6cfae000-7ffc6cfb0000 r-xp 00000000 00:00 0                          [vdso]
ffffffffff600000-ffffffffff601000 r-xp 00000000 00:00 0                  [vsyscall]

VM Arguments:
jvm_args: -Dfile.encoding=UTF-8 
java_command: servicebus.ServiceBus
java_class_path (initial): /home/heshan/Projects/NetBeansProjects/EnterpriseServiceBus/ServiceBus/libs/jython-standalone-2.7.0.jar:/home/heshan/Projects/NetBeansProjects/EnterpriseServiceBus/ServiceBus/build/classes
Launcher Type: SUN_STANDARD

Environment Variables:
PATH=/usr/local/sbin:/usr/local/bin:/usr/bin:/usr/lib/jvm/default/bin:/usr/bin/site_perl:/usr/bin/vendor_perl:/usr/bin/core_perl
USERNAME=heshan
LD_LIBRARY_PATH=/usr/lib/jvm/java-8-openjdk/jre/lib/amd64:/usr/lib/jvm/java-8-openjdk/jre/lib/i386:
SHELL=/bin/bash
DISPLAY=:0

Signal Handlers:
SIGSEGV: [libjvm.so+0xa2d880], sa_mask[0]=11111111011111111101111111111110, sa_flags=SA_RESTART|SA_SIGINFO
SIGBUS: [libjvm.so+0xa2d880], sa_mask[0]=11111111011111111101111111111110, sa_flags=SA_RESTART|SA_SIGINFO
SIGFPE: [libjvm.so+0x881d40], sa_mask[0]=11111111011111111101111111111110, sa_flags=SA_RESTART|SA_SIGINFO
SIGPIPE: [libjvm.so+0x881d40], sa_mask[0]=11111111011111111101111111111110, sa_flags=SA_RESTART|SA_SIGINFO
SIGXFSZ: [libjvm.so+0x881d40], sa_mask[0]=11111111011111111101111111111110, sa_flags=SA_RESTART|SA_SIGINFO
SIGILL: [libjvm.so+0x881d40], sa_mask[0]=11111111011111111101111111111110, sa_flags=SA_RESTART|SA_SIGINFO
SIGUSR1: SIG_DFL, sa_mask[0]=00000000000000000000000000000000, sa_flags=none
SIGUSR2: [libjvm.so+0x881c10], sa_mask[0]=00100000000000000000000000000000, sa_flags=SA_RESTART|SA_SIGINFO
SIGHUP: [libjvm.so+0x882080], sa_mask[0]=11111111011111111101111111111110, sa_flags=SA_RESTART|SA_SIGINFO
SIGINT: SIG_IGN, sa_mask[0]=00000000000000000000000000000000, sa_flags=none
SIGTERM: [libjvm.so+0x882080], sa_mask[0]=11111111011111111101111111111110, sa_flags=SA_RESTART|SA_SIGINFO
SIGQUIT: [libjvm.so+0x882080], sa_mask[0]=11111111011111111101111111111110, sa_flags=SA_RESTART|SA_SIGINFO


---------------  S Y S T E M  ---------------

OS:NAME="Arch Linux"
PRETTY_NAME="Arch Linux"
ID=arch
ID_LIKE=archlinux
ANSI_COLOR="0;36"
HOME_URL="https://www.archlinux.org/"
SUPPORT_URL="https://bbs.archlinux.org/"
BUG_REPORT_URL="https://bugs.archlinux.org/"


uname:Linux 4.10.13-1-ARCH #1 SMP PREEMPT Thu Apr 27 12:15:09 CEST 2017 x86_64
libc:glibc 2.25 NPTL 2.25 
rlimit: STACK 8192k, CORE infinity, NPROC 15437, NOFILE 4096, AS infinity
load average:1.08 1.14 1.13

/proc/meminfo:
MemTotal:        3961096 kB
MemFree:          190808 kB
MemAvailable:    1041636 kB
Buffers:          163532 kB
Cached:          1071732 kB
SwapCached:        11556 kB
Active:          2688868 kB
Inactive:         790892 kB
Active(anon):    2078068 kB
Inactive(anon):   400292 kB
Active(file):     610800 kB
Inactive(file):   390600 kB
Unevictable:           0 kB
Mlocked:               0 kB
SwapTotal:       8388604 kB
SwapFree:        8040532 kB
Dirty:               568 kB
Writeback:             0 kB
AnonPages:       2100680 kB
Mapped:           311284 kB
Shmem:            233864 kB
Slab:             147764 kB
SReclaimable:     104672 kB
SUnreclaim:        43092 kB
KernelStack:       11072 kB
PageTables:        51484 kB
NFS_Unstable:          0 kB
Bounce:                0 kB
WritebackTmp:          0 kB
CommitLimit:    10369152 kB
Committed_AS:    7656224 kB
VmallocTotal:   34359738367 kB
VmallocUsed:           0 kB
VmallocChunk:          0 kB
HardwareCorrupted:     0 kB
AnonHugePages:    716800 kB
ShmemHugePages:        0 kB
ShmemPmdMapped:        0 kB
HugePages_Total:       0
HugePages_Free:        0
HugePages_Rsvd:        0
HugePages_Surp:        0
Hugepagesize:       2048 kB
DirectMap4k:      231480 kB
DirectMap2M:     3872768 kB
DirectMap1G:           0 kB


CPU:total 4 (2 cores per cpu, 2 threads per core) family 6 model 61 stepping 4, cmov, cx8, fxsr, mmx, sse, sse2, sse3, ssse3, sse4.1, sse4.2, popcnt, avx, avx2, aes, clmul, erms, 3dnowpref, lzcnt, ht, tsc, tscinvbit, bmi1, bmi2, adx

/proc/cpuinfo:
processor	: 0
vendor_id	: GenuineIntel
cpu family	: 6
model		: 61
model name	: Intel(R) Core(TM) i3-5005U CPU @ 2.00GHz
stepping	: 4
microcode	: 0x18
cpu MHz		: 1673.583
cache size	: 3072 KB
physical id	: 0
siblings	: 4
core id		: 0
cpu cores	: 2
apicid		: 0
initial apicid	: 0
fpu		: yes
fpu_exception	: yes
cpuid level	: 20
wp		: yes
flags		: fpu vme de pse tsc msr pae mce cx8 apic sep mtrr pge mca cmov pat pse36 clflush dts acpi mmx fxsr sse sse2 ss ht tm pbe syscall nx pdpe1gb rdtscp lm constant_tsc arch_perfmon pebs bts rep_good nopl xtopology nonstop_tsc aperfmperf pni pclmulqdq dtes64 monitor ds_cpl vmx est tm2 ssse3 sdbg fma cx16 xtpr pdcm pcid sse4_1 sse4_2 x2apic movbe popcnt tsc_deadline_timer aes xsave avx f16c rdrand lahf_lm abm 3dnowprefetch epb intel_pt tpr_shadow vnmi flexpriority ept vpid fsgsbase tsc_adjust bmi1 avx2 smep bmi2 erms invpcid rdseed adx smap xsaveopt dtherm arat pln pts
bugs		:
bogomips	: 3992.96
clflush size	: 64
cache_alignment	: 64
address sizes	: 39 bits physical, 48 bits virtual
power management:

processor	: 1
vendor_id	: GenuineIntel
cpu family	: 6
model		: 61
model name	: Intel(R) Core(TM) i3-5005U CPU @ 2.00GHz
stepping	: 4
microcode	: 0x18
cpu MHz		: 1066.650
cache size	: 3072 KB
physical id	: 0
siblings	: 4
core id		: 1
cpu cores	: 2
apicid		: 2
initial apicid	: 2
fpu		: yes
fpu_exception	: yes
cpuid level	: 20
wp		: yes
flags		: fpu vme de pse tsc msr pae mce cx8 apic sep mtrr pge mca cmov pat pse36 clflush dts acpi mmx fxsr sse sse2 ss ht tm pbe syscall nx pdpe1gb rdtscp lm constant_tsc arch_perfmon pebs bts rep_good nopl xtopology nonstop_tsc aperfmperf pni pclmulqdq dtes64 monitor ds_cpl vmx est tm2 ssse3 sdbg fma cx16 xtpr pdcm pcid sse4_1 sse4_2 x2apic movbe popcnt tsc_deadline_timer aes xsave avx f16c rdrand lahf_lm abm 3dnowprefetch epb intel_pt tpr_shadow vnmi flexpriority ept vpid fsgsbase tsc_adjust bmi1 avx2 smep bmi2 erms invpcid rdseed adx smap xsaveopt dtherm arat pln pts
bugs		:
bogomips	: 3993.22
clflush size	: 64
cache_alignment	: 64
address sizes	: 39 bits physical, 48 bits virtual
power management:

processor	: 2
vendor_id	: GenuineIntel
cpu family	: 6
model		: 61
model name	: Intel(R) Core(TM) i3-5005U CPU @ 2.00GHz
stepping	: 4
microcode	: 0x18
cpu MHz		: 1224.243
cache size	: 3072 KB
physical id	: 0
siblings	: 4
core id		: 0
cpu cores	: 2
apicid		: 1
initial apicid	: 1
fpu		: yes
fpu_exception	: yes
cpuid level	: 20
wp		: yes
flags		: fpu vme de pse tsc msr pae mce cx8 apic sep mtrr pge mca cmov pat pse36 clflush dts acpi mmx fxsr sse sse2 ss ht tm pbe syscall nx pdpe1gb rdtscp lm constant_tsc arch_perfmon pebs bts rep_good nopl xtopology nonstop_tsc aperfmperf pni pclmulqdq dtes64 monitor ds_cpl vmx est tm2 ssse3 sdbg fma cx16 xtpr pdcm pcid sse4_1 sse4_2 x2apic movbe popcnt tsc_deadline_timer aes xsave avx f16c rdrand lahf_lm abm 3dnowprefetch epb intel_pt tpr_shadow vnmi flexpriority ept vpid fsgsbase tsc_adjust bmi1 avx2 smep bmi2 erms invpcid rdseed adx smap xsaveopt dtherm arat pln pts
bugs		:
bogomips	: 3994.90
clflush size	: 64
cache_alignment	: 64
address sizes	: 39 bits physical, 48 bits virtual
power management:

processor	: 3
vendor_id	: GenuineIntel
cpu family	: 6
model		: 61
model name	: Intel(R) Core(TM) i3-5005U CPU @ 2.00GHz
stepping	: 4
microcode	: 0x18
cpu MHz		: 1582.519
cache size	: 3072 KB
physical id	: 0
siblings	: 4
core id		: 1
cpu cores	: 2
apicid		: 3
initial apicid	: 3
fpu		: yes
fpu_exception	: yes
cpuid level	: 20
wp		: yes
flags		: fpu vme de pse tsc msr pae mce cx8 apic sep mtrr pge mca cmov pat pse36 clflush dts acpi mmx fxsr sse sse2 ss ht tm pbe syscall nx pdpe1gb rdtscp lm constant_tsc arch_perfmon pebs bts rep_good nopl xtopology nonstop_tsc aperfmperf pni pclmulqdq dtes64 monitor ds_cpl vmx est tm2 ssse3 sdbg fma cx16 xtpr pdcm pcid sse4_1 sse4_2 x2apic movbe popcnt tsc_deadline_timer aes xsave avx f16c rdrand lahf_lm abm 3dnowprefetch epb intel_pt tpr_shadow vnmi flexpriority ept vpid fsgsbase tsc_adjust bmi1 avx2 smep bmi2 erms invpcid rdseed adx smap xsaveopt dtherm arat pln pts
bugs		:
bogomips	: 3993.25
clflush size	: 64
cache_alignment	: 64
address sizes	: 39 bits physical, 48 bits virtual
power management:



Memory: 4k page, physical 3961096k(190808k free), swap 8388604k(8040532k free)

vm_info: OpenJDK 64-Bit Server VM (25.121-b13) for linux-amd64 JRE (1.8.0_121-b13), built on Jan 22 2017 09:22:31 by "builduser" with gcc 6.3.1 20170109

time: Thu Jun  1 20:03:08 2017
elapsed time: 15 seconds (0d 0h 0m 15s)

