#
# A fatal error has been detected by the Java Runtime Environment:
#
#  SIGSEGV (0xb) at pc=0x00007fe8608d8343, pid=24747, tid=0x00007fe84335a700
#
# JRE version: OpenJDK Runtime Environment (8.0_121-b13) (build 1.8.0_121-b13)
# Java VM: OpenJDK 64-Bit Server VM (25.121-b13 mixed mode linux-amd64 compressed oops)
# Problematic frame:
# J 27 C1 java.lang.AbstractStringBuilder.append(Ljava/lang/String;)Ljava/lang/AbstractStringBuilder; (50 bytes) @ 0x00007fe8608d8343 [0x00007fe8608d82a0+0xa3]
#
# Core dump written. Default location: /home/heshan/Projects/NetBeansProjects/EnterpriseServiceBus/ServiceBus/core or core.24747
#
# If you would like to submit a bug report, please visit:
#   http://bugreport.java.com/bugreport/crash.jsp
#

---------------  T H R E A D  ---------------

Current thread (0x00007fe87015e800):  JavaThread "Thread-0" [_thread_in_Java, id=24784, stack(0x00007fe84325a000,0x00007fe84335b000)]

siginfo: si_signo: 11 (SIGSEGV), si_code: 1 (SEGV_MAPERR), si_addr: 0x00006e6168736568

Registers:
RAX=0x000000000000011c, RBX=0x0000000000000108, RCX=0x00000000ebecf9c0, RDX=0x00006e6168736568
RSP=0x00007fe843359810, RBP=0x00007fe8433599a0, RSI=0x00000000ebecf9c0, RDI=0x00007fe85d6d6fb8
R8 =0x0000000000000000, R9 =0x0000000000000008, R10=0x00007fe875ab9860, R11=0x00007fe8608d8e60
R12=0x0000000000000000, R13=0x00007fe843359948, R14=0x00007fe843359a30, R15=0x00007fe87015e800
RIP=0x00007fe8608d8343, EFLAGS=0x0000000000010202, CSGSFS=0x002b000000000033, ERR=0x0000000000000004
  TRAPNO=0x000000000000000e

Top of Stack: (sp=0x00007fe843359810)
0x00007fe843359810:   00000000ebec97b0 0000000000000000
0x00007fe843359820:   00007fe85d8b2028 00007fe87015e800
0x00007fe843359830:   00007fe843359880 00007fe87015e800
0x00007fe843359840:   00007fe8433598d0 00007fe870157940
0x00007fe843359850:   00007fe87015e800 00007fe8433598d0
0x00007fe843359860:   00007fe843359930 00007fe8751e0c9f
0x00007fe843359870:   0000000000000000 00000000ebec97b0
0x00007fe843359880:   00000000ebec9540 00007fe843359888
0x00007fe843359890:   00000000000003d8 00007fe82c000a40
0x00007fe8433598a0:   00007fe87015e800 0000000000000000
0x00007fe8433598b0:   00007fe85d8b3ec0 000000087015e800
0x00007fe8433598c0:   00007fe85d8b3ec0 00000000ebecf9c0
0x00007fe8433598d0:   00000000ebecfa08 00007fe8000000e6
0x00007fe8433598e0:   00007fe85d8b3ec0 00007fe87015e800
0x00007fe8433598f0:   00007fe8433599a0 00007fe8608d8ec4
0x00007fe843359900:   00007fe843359958 00000000000000e6
0x00007fe843359910:   0000000000000000 00007fe85d8b3a8f
0x00007fe843359920:   00000000ebecf9c0 00007fe87015e800
0x00007fe843359930:   00007fe8433599a0 00007fe8607c8d80
0x00007fe843359940:   00007fe8607c8d80 00006e6168736568
0x00007fe843359950:   00000000ebecf9c0 00000000ebec9540
0x00007fe843359960:   00007fe843359960 00007fe85d8b3a96
0x00007fe843359970:   00007fe843359a30 00007fe85d8b4118
0x00007fe843359980:   0000000000000000 00007fe85d8b3ec0
0x00007fe843359990:   00007fe843359948 00007fe843359a30
0x00007fe8433599a0:   00007fe843359a78 00007fe8607c9042
0x00007fe8433599b0:   0000000000000000 0000000000000000
0x00007fe8433599c0:   0000000000000001 00000000ebe9e9b8
0x00007fe8433599d0:   00006e6168736568 00000000ebec5830
0x00007fe8433599e0:   00000000ebea3b90 00000000ebe9e9b8
0x00007fe8433599f0:   0000000000000003 00000000ebea3ba8
0x00007fe843359a00:   0000000000000008 00000000ebec4228 

Instructions: (pc=0x00007fe8608d8343)
0x00007fe8608d8323:   0a 00 00 00 48 bb 18 01 00 00 00 00 00 00 48 8b
0x00007fe8608d8333:   04 1f 48 8d 40 01 48 89 04 1f 0f 84 b0 04 00 00
0x00007fe8608d8343:   48 3b 02 48 8b fa 48 bb b8 6f 6d 5d e8 7f 00 00
0x00007fe8608d8353:   8b 7f 08 48 c1 e7 03 48 3b bb 40 01 00 00 75 0d 

Register to memory mapping:

RAX=0x000000000000011c is an unknown value
RBX=0x0000000000000108 is an unknown value
RCX=0x00000000ebecf9c0 is an oop
java.lang.StringBuilder 
 - klass: 'java/lang/StringBuilder'
RDX=0x00006e6168736568 is an unknown value
RSP=0x00007fe843359810 is pointing into the stack for thread: 0x00007fe87015e800
RBP=0x00007fe8433599a0 is pointing into the stack for thread: 0x00007fe87015e800
RSI=0x00000000ebecf9c0 is an oop
java.lang.StringBuilder 
 - klass: 'java/lang/StringBuilder'
RDI=0x00007fe85d6d6fb8 is pointing into metadata
R8 =0x0000000000000000 is an unknown value
R9 =0x0000000000000008 is an unknown value
R10=0x00007fe875ab9860: <offset 0xf0b860> in /usr/lib/jvm/java-8-openjdk/jre/lib/amd64/server/libjvm.so at 0x00007fe874bae000
R11=0x00007fe8608d8e60 is at entry_point+32 in (nmethod*)0x00007fe8608d8cd0
R12=0x0000000000000000 is an unknown value
R13=0x00007fe843359948 is pointing into the stack for thread: 0x00007fe87015e800
R14=0x00007fe843359a30 is pointing into the stack for thread: 0x00007fe87015e800
R15=0x00007fe87015e800 is a thread


Stack: [0x00007fe84325a000,0x00007fe84335b000],  sp=0x00007fe843359810,  free space=1022k
Native frames: (J=compiled Java code, j=interpreted, Vv=VM code, C=native code)
J 27 C1 java.lang.AbstractStringBuilder.append(Ljava/lang/String;)Ljava/lang/AbstractStringBuilder; (50 bytes) @ 0x00007fe8608d8343 [0x00007fe8608d82a0+0xa3]
J 28 C1 java.lang.StringBuilder.append(Ljava/lang/String;)Ljava/lang/StringBuilder; (8 bytes) @ 0x00007fe8608d8ec4 [0x00007fe8608d8e40+0x84]
j  servicebus.ServiceBus.run()V+454
j  java.lang.Thread.run()V+11
v  ~StubRoutines::call_stub
V  [libjvm.so+0x6453a3]
V  [libjvm.so+0x642af7]
V  [libjvm.so+0x6430c7]
V  [libjvm.so+0x67f4e5]
V  [libjvm.so+0x9d35ff]
V  [libjvm.so+0x9d39d5]
V  [libjvm.so+0x8838a2]
C  [libpthread.so.0+0x72e7]  start_thread+0xd7


---------------  P R O C E S S  ---------------

Java Threads: ( => current thread )
=>0x00007fe87015e800 JavaThread "Thread-0" [_thread_in_Java, id=24784, stack(0x00007fe84325a000,0x00007fe84335b000)]
  0x00007fe8700d9800 JavaThread "Service Thread" daemon [_thread_blocked, id=24763, stack(0x00007fe843862000,0x00007fe843963000)]
  0x00007fe8700bc000 JavaThread "C1 CompilerThread2" daemon [_thread_blocked, id=24762, stack(0x00007fe843963000,0x00007fe843a64000)]
  0x00007fe8700ba800 JavaThread "C2 CompilerThread1" daemon [_thread_blocked, id=24761, stack(0x00007fe843a64000,0x00007fe843b65000)]
  0x00007fe8700b7800 JavaThread "C2 CompilerThread0" daemon [_thread_blocked, id=24760, stack(0x00007fe843b65000,0x00007fe843c66000)]
  0x00007fe8700b6000 JavaThread "Signal Dispatcher" daemon [_thread_blocked, id=24759, stack(0x00007fe843c66000,0x00007fe843d67000)]
  0x00007fe870083800 JavaThread "Finalizer" daemon [_thread_blocked, id=24758, stack(0x00007fe843eff000,0x00007fe844000000)]
  0x00007fe87007f000 JavaThread "Reference Handler" daemon [_thread_blocked, id=24757, stack(0x00007fe85c0f8000,0x00007fe85c1f9000)]
  0x00007fe87000a000 JavaThread "main" [_thread_in_native, id=24751, stack(0x00007fe87679c000,0x00007fe87689d000)]

Other Threads:
  0x00007fe870077000 VMThread [stack: 0x00007fe85c1f9000,0x00007fe85c2fa000] [id=24756]
  0x00007fe8700dc000 WatcherThread [stack: 0x00007fe843761000,0x00007fe843862000] [id=24764]

VM state:not at safepoint (normal execution)

VM Mutex/Monitor currently owned by a thread: None

Heap:
 PSYoungGen      total 18432K, used 1588K [0x00000000ebd80000, 0x00000000ed200000, 0x0000000100000000)
  eden space 15872K, 10% used [0x00000000ebd80000,0x00000000ebf0d040,0x00000000ecd00000)
  from space 2560K, 0% used [0x00000000ecf80000,0x00000000ecf80000,0x00000000ed200000)
  to   space 2560K, 0% used [0x00000000ecd00000,0x00000000ecd00000,0x00000000ecf80000)
 ParOldGen       total 42496K, used 0K [0x00000000c3800000, 0x00000000c6180000, 0x00000000ebd80000)
  object space 42496K, 0% used [0x00000000c3800000,0x00000000c3800000,0x00000000c6180000)
 Metaspace       used 4234K, capacity 4622K, committed 4864K, reserved 1056768K
  class space    used 447K, capacity 458K, committed 512K, reserved 1048576K

Card table byte_map: [0x00007fe86021c000,0x00007fe860401000] byte_map_base: 0x00007fe85fc00000

Marking Bits: (ParMarkBitMap*) 0x00007fe875aa8260
 Begin Bits: [0x00007fe85de95000, 0x00007fe85edb5000)
 End Bits:   [0x00007fe85edb5000, 0x00007fe85fcd5000)

Polling page: 0x00007fe8768cf000

CodeCache: size=245760Kb used=1181Kb max_used=1181Kb free=244578Kb
 bounds [0x00007fe8607c1000, 0x00007fe860a31000, 0x00007fe86f7c1000]
 total_blobs=321 nmethods=62 adapters=174
 compilation: enabled

Compilation events (10 events):
Event: 0.137 Thread 0x00007fe8700bc000   58       3       java.lang.StringBuilder::<init> (7 bytes)
Event: 0.137 Thread 0x00007fe8700bc000 nmethod 58 0x00007fe8608e59d0 code [0x00007fe8608e5b40, 0x00007fe8608e5df0]
Event: 8.853 Thread 0x00007fe8700bc000   59       1       java.nio.Buffer::position (5 bytes)
Event: 8.853 Thread 0x00007fe8700bc000 nmethod 59 0x00007fe8608e6950 code [0x00007fe8608e6aa0, 0x00007fe8608e6bb0]
Event: 8.853 Thread 0x00007fe8700bc000   60       3       java.util.AbstractList::<init> (10 bytes)
Event: 8.854 Thread 0x00007fe8700bc000 nmethod 60 0x00007fe8608e6c10 code [0x00007fe8608e6d80, 0x00007fe8608e6f90]
Event: 8.854 Thread 0x00007fe8700bc000   61       3       sun.nio.cs.UTF_8$Encoder::encode (359 bytes)
Event: 8.856 Thread 0x00007fe8700bc000 nmethod 61 0x00007fe8608e7090 code [0x00007fe8608e7280, 0x00007fe8608e7d98]
Event: 8.856 Thread 0x00007fe8700bc000   62  s    1       java.util.Vector::size (5 bytes)
Event: 8.856 Thread 0x00007fe8700bc000 nmethod 62 0x00007fe8608e8410 code [0x00007fe8608e8560, 0x00007fe8608e87d0]

GC Heap History (0 events):
No events

Deoptimization events (0 events):
No events

Internal exceptions (8 events):
Event: 0.038 Thread 0x00007fe87000a000 Exception <a 'java/lang/NoSuchMethodError': Method sun.misc.Unsafe.defineClass(Ljava/lang/String;[BII)Ljava/lang/Class; name or signature does not match> (0x00000000ebd87ca8) thrown at [/build/java8-openjdk/src/jdk8u-jdk8u121-b13/hotspot/src/share/vm/prim
Event: 0.039 Thread 0x00007fe87000a000 Exception <a 'java/lang/NoSuchMethodError': Method sun.misc.Unsafe.prefetchRead(Ljava/lang/Object;J)V name or signature does not match> (0x00000000ebd87f90) thrown at [/build/java8-openjdk/src/jdk8u-jdk8u121-b13/hotspot/src/share/vm/prims/jni.cpp, line 40
Event: 0.098 Thread 0x00007fe87000a000 Exception <a 'java/security/PrivilegedActionException'> (0x00000000ebe0d690) thrown at [/build/java8-openjdk/src/jdk8u-jdk8u121-b13/hotspot/src/share/vm/prims/jvm.cpp, line 1390]
Event: 0.098 Thread 0x00007fe87000a000 Exception <a 'java/security/PrivilegedActionException'> (0x00000000ebe0d8a0) thrown at [/build/java8-openjdk/src/jdk8u-jdk8u121-b13/hotspot/src/share/vm/prims/jvm.cpp, line 1390]
Event: 0.099 Thread 0x00007fe87000a000 Exception <a 'java/security/PrivilegedActionException'> (0x00000000ebe0f740) thrown at [/build/java8-openjdk/src/jdk8u-jdk8u121-b13/hotspot/src/share/vm/prims/jvm.cpp, line 1390]
Event: 0.099 Thread 0x00007fe87000a000 Exception <a 'java/security/PrivilegedActionException'> (0x00000000ebe0f950) thrown at [/build/java8-openjdk/src/jdk8u-jdk8u121-b13/hotspot/src/share/vm/prims/jvm.cpp, line 1390]
Event: 0.099 Thread 0x00007fe87000a000 Exception <a 'java/security/PrivilegedActionException'> (0x00000000ebe103b0) thrown at [/build/java8-openjdk/src/jdk8u-jdk8u121-b13/hotspot/src/share/vm/prims/jvm.cpp, line 1390]
Event: 0.099 Thread 0x00007fe87000a000 Exception <a 'java/security/PrivilegedActionException'> (0x00000000ebe105c0) thrown at [/build/java8-openjdk/src/jdk8u-jdk8u121-b13/hotspot/src/share/vm/prims/jvm.cpp, line 1390]

Events (10 events):
Event: 8.851 loading class java/util/Random
Event: 8.851 loading class java/util/Random done
Event: 8.853 loading class services/CppServiceDirectory
Event: 8.853 loading class services/CppServiceDirectory done
Event: 8.856 loading class java/io/PrintWriter
Event: 8.857 loading class java/io/PrintWriter done
Event: 8.857 loading class java/net/Socket$3
Event: 8.857 loading class java/net/Socket$3 done
Event: 8.857 loading class java/net/SocketOutputStream
Event: 8.857 loading class java/net/SocketOutputStream done


Dynamic libraries:
00400000-00401000 r-xp 00000000 08:0a 2240423                            /usr/lib/jvm/java-8-openjdk/jre/bin/java
00600000-00601000 r--p 00000000 08:0a 2240423                            /usr/lib/jvm/java-8-openjdk/jre/bin/java
00601000-00602000 rw-p 00001000 08:0a 2240423                            /usr/lib/jvm/java-8-openjdk/jre/bin/java
01a1a000-01a3b000 rw-p 00000000 00:00 0                                  [heap]
c3800000-c6180000 rw-p 00000000 00:00 0 
c6180000-ebd80000 ---p 00000000 00:00 0 
ebd80000-ed200000 rw-p 00000000 00:00 0 
ed200000-100000000 ---p 00000000 00:00 0 
100000000-100080000 rw-p 00000000 00:00 0 
100080000-140000000 ---p 00000000 00:00 0 
7fe81c000000-7fe81c02c000 rw-p 00000000 00:00 0 
7fe81c02c000-7fe820000000 ---p 00000000 00:00 0 
7fe824000000-7fe824021000 rw-p 00000000 00:00 0 
7fe824021000-7fe828000000 ---p 00000000 00:00 0 
7fe828000000-7fe828021000 rw-p 00000000 00:00 0 
7fe828021000-7fe82c000000 ---p 00000000 00:00 0 
7fe82c000000-7fe82c021000 rw-p 00000000 00:00 0 
7fe82c021000-7fe830000000 ---p 00000000 00:00 0 
7fe830000000-7fe830070000 rw-p 00000000 00:00 0 
7fe830070000-7fe834000000 ---p 00000000 00:00 0 
7fe834000000-7fe834021000 rw-p 00000000 00:00 0 
7fe834021000-7fe838000000 ---p 00000000 00:00 0 
7fe838000000-7fe8380b0000 rw-p 00000000 00:00 0 
7fe8380b0000-7fe83c000000 ---p 00000000 00:00 0 
7fe83c000000-7fe83c021000 rw-p 00000000 00:00 0 
7fe83c021000-7fe840000000 ---p 00000000 00:00 0 
7fe842a88000-7fe842a9e000 r-xp 00000000 08:0a 1587171                    /usr/lib/libgcc_s.so.1
7fe842a9e000-7fe842c9d000 ---p 00016000 08:0a 1587171                    /usr/lib/libgcc_s.so.1
7fe842c9d000-7fe842c9e000 r--p 00015000 08:0a 1587171                    /usr/lib/libgcc_s.so.1
7fe842c9e000-7fe842c9f000 rw-p 00016000 08:0a 1587171                    /usr/lib/libgcc_s.so.1
7fe842c9f000-7fe842e17000 r-xp 00000000 08:0a 1576452                    /usr/lib/libstdc++.so.6.0.22
7fe842e17000-7fe843017000 ---p 00178000 08:0a 1576452                    /usr/lib/libstdc++.so.6.0.22
7fe843017000-7fe843021000 r--p 00178000 08:0a 1576452                    /usr/lib/libstdc++.so.6.0.22
7fe843021000-7fe843023000 rw-p 00182000 08:0a 1576452                    /usr/lib/libstdc++.so.6.0.22
7fe843023000-7fe843027000 rw-p 00000000 00:00 0 
7fe843058000-7fe843059000 r-xp 00000000 08:0a 3147179                    /home/heshan/Projects/NetBeansProjects/EnterpriseServiceBus/ServiceBus/src/services/CppServices/dist/libCppServices.so
7fe843059000-7fe843258000 ---p 00001000 08:0a 3147179                    /home/heshan/Projects/NetBeansProjects/EnterpriseServiceBus/ServiceBus/src/services/CppServices/dist/libCppServices.so
7fe843258000-7fe843259000 r--p 00000000 08:0a 3147179                    /home/heshan/Projects/NetBeansProjects/EnterpriseServiceBus/ServiceBus/src/services/CppServices/dist/libCppServices.so
7fe843259000-7fe84325a000 rw-p 00001000 08:0a 3147179                    /home/heshan/Projects/NetBeansProjects/EnterpriseServiceBus/ServiceBus/src/services/CppServices/dist/libCppServices.so
7fe84325a000-7fe84325d000 ---p 00000000 00:00 0 
7fe84325d000-7fe84338c000 rw-p 00000000 00:00 0 
7fe84338c000-7fe8433a2000 r-xp 00000000 08:0a 2240770                    /usr/lib/jvm/java-8-openjdk/jre/lib/amd64/libnet.so
7fe8433a2000-7fe8435a1000 ---p 00016000 08:0a 2240770                    /usr/lib/jvm/java-8-openjdk/jre/lib/amd64/libnet.so
7fe8435a1000-7fe8435a2000 r--p 00015000 08:0a 2240770                    /usr/lib/jvm/java-8-openjdk/jre/lib/amd64/libnet.so
7fe8435a2000-7fe8435a3000 rw-p 00016000 08:0a 2240770                    /usr/lib/jvm/java-8-openjdk/jre/lib/amd64/libnet.so
7fe8435a3000-7fe843761000 r--s 02191000 08:0a 3146888                    /home/heshan/Projects/NetBeansProjects/EnterpriseServiceBus/ServiceBus/libs/jython-standalone-2.7.0.jar
7fe843761000-7fe843762000 ---p 00000000 00:00 0 
7fe843762000-7fe843862000 rw-p 00000000 00:00 0 
7fe843862000-7fe843865000 ---p 00000000 00:00 0 
7fe843865000-7fe843963000 rw-p 00000000 00:00 0 
7fe843963000-7fe843966000 ---p 00000000 00:00 0 
7fe843966000-7fe843a64000 rw-p 00000000 00:00 0 
7fe843a64000-7fe843a67000 ---p 00000000 00:00 0 
7fe843a67000-7fe843b65000 rw-p 00000000 00:00 0 
7fe843b65000-7fe843b68000 ---p 00000000 00:00 0 
7fe843b68000-7fe843c66000 rw-p 00000000 00:00 0 
7fe843c66000-7fe843c69000 ---p 00000000 00:00 0 
7fe843c69000-7fe843d67000 rw-p 00000000 00:00 0 
7fe843d67000-7fe843eff000 r--p 00000000 08:0a 1628100                    /usr/lib/locale/locale-archive
7fe843eff000-7fe843f02000 ---p 00000000 00:00 0 
7fe843f02000-7fe844000000 rw-p 00000000 00:00 0 
7fe844000000-7fe844021000 rw-p 00000000 00:00 0 
7fe844021000-7fe848000000 ---p 00000000 00:00 0 
7fe848000000-7fe848021000 rw-p 00000000 00:00 0 
7fe848021000-7fe84c000000 ---p 00000000 00:00 0 
7fe84c000000-7fe84c021000 rw-p 00000000 00:00 0 
7fe84c021000-7fe850000000 ---p 00000000 00:00 0 
7fe850000000-7fe850021000 rw-p 00000000 00:00 0 
7fe850021000-7fe854000000 ---p 00000000 00:00 0 
7fe854000000-7fe854021000 rw-p 00000000 00:00 0 
7fe854021000-7fe858000000 ---p 00000000 00:00 0 
7fe858000000-7fe858021000 rw-p 00000000 00:00 0 
7fe858021000-7fe85c000000 ---p 00000000 00:00 0 
7fe85c018000-7fe85c062000 rw-p 00000000 00:00 0 
7fe85c062000-7fe85c0f8000 r--s 008d8000 08:0a 2240594                    /usr/lib/jvm/java-8-openjdk/jre/lib/ext/jfxrt.jar
7fe85c0f8000-7fe85c0fb000 ---p 00000000 00:00 0 
7fe85c0fb000-7fe85c1f9000 rw-p 00000000 00:00 0 
7fe85c1f9000-7fe85c1fa000 ---p 00000000 00:00 0 
7fe85c1fa000-7fe85d26c000 rw-p 00000000 00:00 0 
7fe85d26c000-7fe85d43b000 r--s 03c05000 08:0a 2240463                    /usr/lib/jvm/java-8-openjdk/jre/lib/rt.jar
7fe85d43b000-7fe85d8f1000 rw-p 00000000 00:00 0 
7fe85d8f1000-7fe85dcb1000 ---p 00000000 00:00 0 
7fe85dcb1000-7fe85fcd5000 rw-p 00000000 00:00 0 
7fe85fcd5000-7fe85fcd6000 ---p 00000000 00:00 0 
7fe85fcd6000-7fe85fdd6000 rw-p 00000000 00:00 0 
7fe85fdd6000-7fe85fdd7000 ---p 00000000 00:00 0 
7fe85fdd7000-7fe85fed7000 rw-p 00000000 00:00 0 
7fe85fed7000-7fe85fed8000 ---p 00000000 00:00 0 
7fe85fed8000-7fe85ffd8000 rw-p 00000000 00:00 0 
7fe85ffd8000-7fe85ffd9000 ---p 00000000 00:00 0 
7fe85ffd9000-7fe8600ee000 rw-p 00000000 00:00 0 
7fe8600ee000-7fe86021c000 ---p 00000000 00:00 0 
7fe86021c000-7fe860231000 rw-p 00000000 00:00 0 
7fe860231000-7fe86035e000 ---p 00000000 00:00 0 
7fe86035e000-7fe860369000 rw-p 00000000 00:00 0 
7fe860369000-7fe860400000 ---p 00000000 00:00 0 
7fe860400000-7fe86040b000 rw-p 00000000 00:00 0 
7fe86040b000-7fe8607c1000 ---p 00000000 00:00 0 
7fe8607c1000-7fe860a31000 rwxp 00000000 00:00 0 
7fe860a31000-7fe86f7c1000 ---p 00000000 00:00 0 
7fe86f7c1000-7fe86f7c9000 r-xp 00000000 08:0a 2240772                    /usr/lib/jvm/java-8-openjdk/jre/lib/amd64/libzip.so
7fe86f7c9000-7fe86f9c8000 ---p 00008000 08:0a 2240772                    /usr/lib/jvm/java-8-openjdk/jre/lib/amd64/libzip.so
7fe86f9c8000-7fe86f9c9000 r--p 00007000 08:0a 2240772                    /usr/lib/jvm/java-8-openjdk/jre/lib/amd64/libzip.so
7fe86f9c9000-7fe86f9ca000 rw-p 00008000 08:0a 2240772                    /usr/lib/jvm/java-8-openjdk/jre/lib/amd64/libzip.so
7fe86f9ca000-7fe86f9d5000 r-xp 00000000 08:0a 1574939                    /usr/lib/libnss_files-2.25.so
7fe86f9d5000-7fe86fbd4000 ---p 0000b000 08:0a 1574939                    /usr/lib/libnss_files-2.25.so
7fe86fbd4000-7fe86fbd5000 r--p 0000a000 08:0a 1574939                    /usr/lib/libnss_files-2.25.so
7fe86fbd5000-7fe86fbd6000 rw-p 0000b000 08:0a 1574939                    /usr/lib/libnss_files-2.25.so
7fe86fbd6000-7fe86fbdc000 rw-p 00000000 00:00 0 
7fe86fbdc000-7fe86fbe7000 r-xp 00000000 08:0a 1574937                    /usr/lib/libnss_nis-2.25.so
7fe86fbe7000-7fe86fde6000 ---p 0000b000 08:0a 1574937                    /usr/lib/libnss_nis-2.25.so
7fe86fde6000-7fe86fde7000 r--p 0000a000 08:0a 1574937                    /usr/lib/libnss_nis-2.25.so
7fe86fde7000-7fe86fde8000 rw-p 0000b000 08:0a 1574937                    /usr/lib/libnss_nis-2.25.so
7fe86fde8000-7fe86fdfd000 r-xp 00000000 08:0a 1574933                    /usr/lib/libnsl-2.25.so
7fe86fdfd000-7fe86fffc000 ---p 00015000 08:0a 1574933                    /usr/lib/libnsl-2.25.so
7fe86fffc000-7fe86fffd000 r--p 00014000 08:0a 1574933                    /usr/lib/libnsl-2.25.so
7fe86fffd000-7fe86fffe000 rw-p 00015000 08:0a 1574933                    /usr/lib/libnsl-2.25.so
7fe86fffe000-7fe870000000 rw-p 00000000 00:00 0 
7fe870000000-7fe870161000 rw-p 00000000 00:00 0 
7fe870161000-7fe874000000 ---p 00000000 00:00 0 
7fe874000000-7fe87404d000 rw-p 00000000 00:00 0 
7fe87404d000-7fe874054000 r-xp 00000000 08:0a 1574980                    /usr/lib/libnss_compat-2.25.so
7fe874054000-7fe874253000 ---p 00007000 08:0a 1574980                    /usr/lib/libnss_compat-2.25.so
7fe874253000-7fe874254000 r--p 00006000 08:0a 1574980                    /usr/lib/libnss_compat-2.25.so
7fe874254000-7fe874255000 rw-p 00007000 08:0a 1574980                    /usr/lib/libnss_compat-2.25.so
7fe874255000-7fe874282000 r-xp 00000000 08:0a 2240768                    /usr/lib/jvm/java-8-openjdk/jre/lib/amd64/libjava.so
7fe874282000-7fe874481000 ---p 0002d000 08:0a 2240768                    /usr/lib/jvm/java-8-openjdk/jre/lib/amd64/libjava.so
7fe874481000-7fe874482000 r--p 0002c000 08:0a 2240768                    /usr/lib/jvm/java-8-openjdk/jre/lib/amd64/libjava.so
7fe874482000-7fe874484000 rw-p 0002d000 08:0a 2240768                    /usr/lib/jvm/java-8-openjdk/jre/lib/amd64/libjava.so
7fe874484000-7fe874491000 r-xp 00000000 08:0a 2240510                    /usr/lib/jvm/java-8-openjdk/jre/lib/amd64/libverify.so
7fe874491000-7fe874690000 ---p 0000d000 08:0a 2240510                    /usr/lib/jvm/java-8-openjdk/jre/lib/amd64/libverify.so
7fe874690000-7fe874692000 r--p 0000c000 08:0a 2240510                    /usr/lib/jvm/java-8-openjdk/jre/lib/amd64/libverify.so
7fe874692000-7fe874693000 rw-p 0000e000 08:0a 2240510                    /usr/lib/jvm/java-8-openjdk/jre/lib/amd64/libverify.so
7fe874693000-7fe87469a000 r-xp 00000000 08:0a 1574931                    /usr/lib/librt-2.25.so
7fe87469a000-7fe874899000 ---p 00007000 08:0a 1574931                    /usr/lib/librt-2.25.so
7fe874899000-7fe87489a000 r--p 00006000 08:0a 1574931                    /usr/lib/librt-2.25.so
7fe87489a000-7fe87489b000 rw-p 00007000 08:0a 1574931                    /usr/lib/librt-2.25.so
7fe87489b000-7fe8749ad000 r-xp 00000000 08:0a 1574934                    /usr/lib/libm-2.25.so
7fe8749ad000-7fe874bac000 ---p 00112000 08:0a 1574934                    /usr/lib/libm-2.25.so
7fe874bac000-7fe874bad000 r--p 00111000 08:0a 1574934                    /usr/lib/libm-2.25.so
7fe874bad000-7fe874bae000 rw-p 00112000 08:0a 1574934                    /usr/lib/libm-2.25.so
7fe874bae000-7fe8757d9000 r-xp 00000000 08:0a 2240777                    /usr/lib/jvm/java-8-openjdk/jre/lib/amd64/server/libjvm.so
7fe8757d9000-7fe8759d8000 ---p 00c2b000 08:0a 2240777                    /usr/lib/jvm/java-8-openjdk/jre/lib/amd64/server/libjvm.so
7fe8759d8000-7fe875a6c000 r--p 00c2a000 08:0a 2240777                    /usr/lib/jvm/java-8-openjdk/jre/lib/amd64/server/libjvm.so
7fe875a6c000-7fe875a95000 rw-p 00cbe000 08:0a 2240777                    /usr/lib/jvm/java-8-openjdk/jre/lib/amd64/server/libjvm.so
7fe875a95000-7fe875ac5000 rw-p 00000000 00:00 0 
7fe875ac5000-7fe875c60000 r-xp 00000000 08:0a 1575057                    /usr/lib/libc-2.25.so
7fe875c60000-7fe875e5f000 ---p 0019b000 08:0a 1575057                    /usr/lib/libc-2.25.so
7fe875e5f000-7fe875e63000 r--p 0019a000 08:0a 1575057                    /usr/lib/libc-2.25.so
7fe875e63000-7fe875e65000 rw-p 0019e000 08:0a 1575057                    /usr/lib/libc-2.25.so
7fe875e65000-7fe875e69000 rw-p 00000000 00:00 0 
7fe875e69000-7fe875e6c000 r-xp 00000000 08:0a 1574935                    /usr/lib/libdl-2.25.so
7fe875e6c000-7fe87606b000 ---p 00003000 08:0a 1574935                    /usr/lib/libdl-2.25.so
7fe87606b000-7fe87606c000 r--p 00002000 08:0a 1574935                    /usr/lib/libdl-2.25.so
7fe87606c000-7fe87606d000 rw-p 00003000 08:0a 1574935                    /usr/lib/libdl-2.25.so
7fe87606d000-7fe87607a000 r-xp 00000000 08:0a 2240780                    /usr/lib/jvm/java-8-openjdk/jre/lib/amd64/jli/libjli.so
7fe87607a000-7fe876279000 ---p 0000d000 08:0a 2240780                    /usr/lib/jvm/java-8-openjdk/jre/lib/amd64/jli/libjli.so
7fe876279000-7fe87627a000 r--p 0000c000 08:0a 2240780                    /usr/lib/jvm/java-8-openjdk/jre/lib/amd64/jli/libjli.so
7fe87627a000-7fe87627b000 rw-p 0000d000 08:0a 2240780                    /usr/lib/jvm/java-8-openjdk/jre/lib/amd64/jli/libjli.so
7fe87627b000-7fe876291000 r-xp 00000000 08:0a 1583709                    /usr/lib/libz.so.1.2.11
7fe876291000-7fe876490000 ---p 00016000 08:0a 1583709                    /usr/lib/libz.so.1.2.11
7fe876490000-7fe876491000 r--p 00015000 08:0a 1583709                    /usr/lib/libz.so.1.2.11
7fe876491000-7fe876492000 rw-p 00016000 08:0a 1583709                    /usr/lib/libz.so.1.2.11
7fe876492000-7fe8764ab000 r-xp 00000000 08:0a 1575076                    /usr/lib/libpthread-2.25.so
7fe8764ab000-7fe8766aa000 ---p 00019000 08:0a 1575076                    /usr/lib/libpthread-2.25.so
7fe8766aa000-7fe8766ab000 r--p 00018000 08:0a 1575076                    /usr/lib/libpthread-2.25.so
7fe8766ab000-7fe8766ac000 rw-p 00019000 08:0a 1575076                    /usr/lib/libpthread-2.25.so
7fe8766ac000-7fe8766b0000 rw-p 00000000 00:00 0 
7fe8766b0000-7fe8766d3000 r-xp 00000000 08:0a 1575058                    /usr/lib/ld-2.25.so
7fe8766d7000-7fe87679c000 rw-p 00000000 00:00 0 
7fe87679c000-7fe87679f000 ---p 00000000 00:00 0 
7fe87679f000-7fe87689f000 rw-p 00000000 00:00 0 
7fe8768b3000-7fe8768c6000 rw-p 00000000 00:00 0 
7fe8768c6000-7fe8768ce000 rw-s 00000000 00:27 634688                     /tmp/hsperfdata_heshan/24747
7fe8768ce000-7fe8768cf000 rw-p 00000000 00:00 0 
7fe8768cf000-7fe8768d0000 r--p 00000000 00:00 0 
7fe8768d0000-7fe8768d2000 rw-p 00000000 00:00 0 
7fe8768d2000-7fe8768d3000 r--p 00022000 08:0a 1575058                    /usr/lib/ld-2.25.so
7fe8768d3000-7fe8768d4000 rw-p 00023000 08:0a 1575058                    /usr/lib/ld-2.25.so
7fe8768d4000-7fe8768d5000 rw-p 00000000 00:00 0 
7ffd9e493000-7ffd9e4b4000 rw-p 00000000 00:00 0                          [stack]
7ffd9e595000-7ffd9e597000 r--p 00000000 00:00 0                          [vvar]
7ffd9e597000-7ffd9e599000 r-xp 00000000 00:00 0                          [vdso]
ffffffffff600000-ffffffffff601000 r-xp 00000000 00:00 0                  [vsyscall]

VM Arguments:
jvm_args: -Dfile.encoding=UTF-8 
java_command: servicebus.ServiceBus
java_class_path (initial): /home/heshan/Projects/NetBeansProjects/EnterpriseServiceBus/ServiceBus/libs/jython-standalone-2.7.0.jar:/home/heshan/Projects/NetBeansProjects/EnterpriseServiceBus/ServiceBus/build/classes
Launcher Type: SUN_STANDARD

Environment Variables:
PATH=/usr/local/sbin:/usr/local/bin:/usr/bin:/usr/lib/jvm/default/bin:/usr/bin/site_perl:/usr/bin/vendor_perl:/usr/bin/core_perl
USERNAME=heshan
LD_LIBRARY_PATH=/usr/lib/jvm/java-8-openjdk/jre/lib/amd64:/usr/lib/jvm/java-8-openjdk/jre/lib/i386:
SHELL=/bin/bash
DISPLAY=:0

Signal Handlers:
SIGSEGV: [libjvm.so+0xa2d880], sa_mask[0]=11111111011111111101111111111110, sa_flags=SA_RESTART|SA_SIGINFO
SIGBUS: [libjvm.so+0xa2d880], sa_mask[0]=11111111011111111101111111111110, sa_flags=SA_RESTART|SA_SIGINFO
SIGFPE: [libjvm.so+0x881d40], sa_mask[0]=11111111011111111101111111111110, sa_flags=SA_RESTART|SA_SIGINFO
SIGPIPE: [libjvm.so+0x881d40], sa_mask[0]=11111111011111111101111111111110, sa_flags=SA_RESTART|SA_SIGINFO
SIGXFSZ: [libjvm.so+0x881d40], sa_mask[0]=11111111011111111101111111111110, sa_flags=SA_RESTART|SA_SIGINFO
SIGILL: [libjvm.so+0x881d40], sa_mask[0]=11111111011111111101111111111110, sa_flags=SA_RESTART|SA_SIGINFO
SIGUSR1: SIG_DFL, sa_mask[0]=00000000000000000000000000000000, sa_flags=none
SIGUSR2: [libjvm.so+0x881c10], sa_mask[0]=00100000000000000000000000000000, sa_flags=SA_RESTART|SA_SIGINFO
SIGHUP: [libjvm.so+0x882080], sa_mask[0]=11111111011111111101111111111110, sa_flags=SA_RESTART|SA_SIGINFO
SIGINT: SIG_IGN, sa_mask[0]=00000000000000000000000000000000, sa_flags=none
SIGTERM: [libjvm.so+0x882080], sa_mask[0]=11111111011111111101111111111110, sa_flags=SA_RESTART|SA_SIGINFO
SIGQUIT: [libjvm.so+0x882080], sa_mask[0]=11111111011111111101111111111110, sa_flags=SA_RESTART|SA_SIGINFO


---------------  S Y S T E M  ---------------

OS:NAME="Arch Linux"
PRETTY_NAME="Arch Linux"
ID=arch
ID_LIKE=archlinux
ANSI_COLOR="0;36"
HOME_URL="https://www.archlinux.org/"
SUPPORT_URL="https://bbs.archlinux.org/"
BUG_REPORT_URL="https://bugs.archlinux.org/"


uname:Linux 4.10.13-1-ARCH #1 SMP PREEMPT Thu Apr 27 12:15:09 CEST 2017 x86_64
libc:glibc 2.25 NPTL 2.25 
rlimit: STACK 8192k, CORE infinity, NPROC 15437, NOFILE 4096, AS infinity
load average:1.28 1.13 1.14

/proc/meminfo:
MemTotal:        3961096 kB
MemFree:          441624 kB
MemAvailable:     984364 kB
Buffers:          156668 kB
Cached:           776672 kB
SwapCached:        21576 kB
Active:          2565580 kB
Inactive:         678256 kB
Active(anon):    2028296 kB
Inactive(anon):   515780 kB
Active(file):     537284 kB
Inactive(file):   162476 kB
Unevictable:           0 kB
Mlocked:               0 kB
SwapTotal:       8388604 kB
SwapFree:        8024508 kB
Dirty:               352 kB
Writeback:             0 kB
AnonPages:       2185204 kB
Mapped:           284636 kB
Shmem:            233580 kB
Slab:             134768 kB
SReclaimable:      91772 kB
SUnreclaim:        42996 kB
KernelStack:       11216 kB
PageTables:        51680 kB
NFS_Unstable:          0 kB
Bounce:                0 kB
WritebackTmp:          0 kB
CommitLimit:    10369152 kB
Committed_AS:    7714016 kB
VmallocTotal:   34359738367 kB
VmallocUsed:           0 kB
VmallocChunk:          0 kB
HardwareCorrupted:     0 kB
AnonHugePages:   1077248 kB
ShmemHugePages:        0 kB
ShmemPmdMapped:        0 kB
HugePages_Total:       0
HugePages_Free:        0
HugePages_Rsvd:        0
HugePages_Surp:        0
Hugepagesize:       2048 kB
DirectMap4k:      231480 kB
DirectMap2M:     3872768 kB
DirectMap1G:           0 kB


CPU:total 4 (2 cores per cpu, 2 threads per core) family 6 model 61 stepping 4, cmov, cx8, fxsr, mmx, sse, sse2, sse3, ssse3, sse4.1, sse4.2, popcnt, avx, avx2, aes, clmul, erms, 3dnowpref, lzcnt, ht, tsc, tscinvbit, bmi1, bmi2, adx

/proc/cpuinfo:
processor	: 0
vendor_id	: GenuineIntel
cpu family	: 6
model		: 61
model name	: Intel(R) Core(TM) i3-5005U CPU @ 2.00GHz
stepping	: 4
microcode	: 0x18
cpu MHz		: 1231.567
cache size	: 3072 KB
physical id	: 0
siblings	: 4
core id		: 0
cpu cores	: 2
apicid		: 0
initial apicid	: 0
fpu		: yes
fpu_exception	: yes
cpuid level	: 20
wp		: yes
flags		: fpu vme de pse tsc msr pae mce cx8 apic sep mtrr pge mca cmov pat pse36 clflush dts acpi mmx fxsr sse sse2 ss ht tm pbe syscall nx pdpe1gb rdtscp lm constant_tsc arch_perfmon pebs bts rep_good nopl xtopology nonstop_tsc aperfmperf pni pclmulqdq dtes64 monitor ds_cpl vmx est tm2 ssse3 sdbg fma cx16 xtpr pdcm pcid sse4_1 sse4_2 x2apic movbe popcnt tsc_deadline_timer aes xsave avx f16c rdrand lahf_lm abm 3dnowprefetch epb intel_pt tpr_shadow vnmi flexpriority ept vpid fsgsbase tsc_adjust bmi1 avx2 smep bmi2 erms invpcid rdseed adx smap xsaveopt dtherm arat pln pts
bugs		:
bogomips	: 3992.96
clflush size	: 64
cache_alignment	: 64
address sizes	: 39 bits physical, 48 bits virtual
power management:

processor	: 1
vendor_id	: GenuineIntel
cpu family	: 6
model		: 61
model name	: Intel(R) Core(TM) i3-5005U CPU @ 2.00GHz
stepping	: 4
microcode	: 0x18
cpu MHz		: 1455.810
cache size	: 3072 KB
physical id	: 0
siblings	: 4
core id		: 1
cpu cores	: 2
apicid		: 2
initial apicid	: 2
fpu		: yes
fpu_exception	: yes
cpuid level	: 20
wp		: yes
flags		: fpu vme de pse tsc msr pae mce cx8 apic sep mtrr pge mca cmov pat pse36 clflush dts acpi mmx fxsr sse sse2 ss ht tm pbe syscall nx pdpe1gb rdtscp lm constant_tsc arch_perfmon pebs bts rep_good nopl xtopology nonstop_tsc aperfmperf pni pclmulqdq dtes64 monitor ds_cpl vmx est tm2 ssse3 sdbg fma cx16 xtpr pdcm pcid sse4_1 sse4_2 x2apic movbe popcnt tsc_deadline_timer aes xsave avx f16c rdrand lahf_lm abm 3dnowprefetch epb intel_pt tpr_shadow vnmi flexpriority ept vpid fsgsbase tsc_adjust bmi1 avx2 smep bmi2 erms invpcid rdseed adx smap xsaveopt dtherm arat pln pts
bugs		:
bogomips	: 3993.22
clflush size	: 64
cache_alignment	: 64
address sizes	: 39 bits physical, 48 bits virtual
power management:

processor	: 2
vendor_id	: GenuineIntel
cpu family	: 6
model		: 61
model name	: Intel(R) Core(TM) i3-5005U CPU @ 2.00GHz
stepping	: 4
microcode	: 0x18
cpu MHz		: 1243.652
cache size	: 3072 KB
physical id	: 0
siblings	: 4
core id		: 0
cpu cores	: 2
apicid		: 1
initial apicid	: 1
fpu		: yes
fpu_exception	: yes
cpuid level	: 20
wp		: yes
flags		: fpu vme de pse tsc msr pae mce cx8 apic sep mtrr pge mca cmov pat pse36 clflush dts acpi mmx fxsr sse sse2 ss ht tm pbe syscall nx pdpe1gb rdtscp lm constant_tsc arch_perfmon pebs bts rep_good nopl xtopology nonstop_tsc aperfmperf pni pclmulqdq dtes64 monitor ds_cpl vmx est tm2 ssse3 sdbg fma cx16 xtpr pdcm pcid sse4_1 sse4_2 x2apic movbe popcnt tsc_deadline_timer aes xsave avx f16c rdrand lahf_lm abm 3dnowprefetch epb intel_pt tpr_shadow vnmi flexpriority ept vpid fsgsbase tsc_adjust bmi1 avx2 smep bmi2 erms invpcid rdseed adx smap xsaveopt dtherm arat pln pts
bugs		:
bogomips	: 3994.90
clflush size	: 64
cache_alignment	: 64
address sizes	: 39 bits physical, 48 bits virtual
power management:

processor	: 3
vendor_id	: GenuineIntel
cpu family	: 6
model		: 61
model name	: Intel(R) Core(TM) i3-5005U CPU @ 2.00GHz
stepping	: 4
microcode	: 0x18
cpu MHz		: 1003.540
cache size	: 3072 KB
physical id	: 0
siblings	: 4
core id		: 1
cpu cores	: 2
apicid		: 3
initial apicid	: 3
fpu		: yes
fpu_exception	: yes
cpuid level	: 20
wp		: yes
flags		: fpu vme de pse tsc msr pae mce cx8 apic sep mtrr pge mca cmov pat pse36 clflush dts acpi mmx fxsr sse sse2 ss ht tm pbe syscall nx pdpe1gb rdtscp lm constant_tsc arch_perfmon pebs bts rep_good nopl xtopology nonstop_tsc aperfmperf pni pclmulqdq dtes64 monitor ds_cpl vmx est tm2 ssse3 sdbg fma cx16 xtpr pdcm pcid sse4_1 sse4_2 x2apic movbe popcnt tsc_deadline_timer aes xsave avx f16c rdrand lahf_lm abm 3dnowprefetch epb intel_pt tpr_shadow vnmi flexpriority ept vpid fsgsbase tsc_adjust bmi1 avx2 smep bmi2 erms invpcid rdseed adx smap xsaveopt dtherm arat pln pts
bugs		:
bogomips	: 3993.25
clflush size	: 64
cache_alignment	: 64
address sizes	: 39 bits physical, 48 bits virtual
power management:



Memory: 4k page, physical 3961096k(441624k free), swap 8388604k(8024508k free)

vm_info: OpenJDK 64-Bit Server VM (25.121-b13) for linux-amd64 JRE (1.8.0_121-b13), built on Jan 22 2017 09:22:31 by "builduser" with gcc 6.3.1 20170109

time: Thu Jun  1 20:11:45 2017
elapsed time: 8 seconds (0d 0h 0m 8s)

