#
# A fatal error has been detected by the Java Runtime Environment:
#
#  SIGSEGV (0xb) at pc=0x00007f49a9117443, pid=23798, tid=0x00007f49a2a51700
#
# JRE version: OpenJDK Runtime Environment (8.0_121-b13) (build 1.8.0_121-b13)
# Java VM: OpenJDK 64-Bit Server VM (25.121-b13 mixed mode linux-amd64 compressed oops)
# Problematic frame:
# J 27 C1 java.lang.AbstractStringBuilder.append(Ljava/lang/String;)Ljava/lang/AbstractStringBuilder; (50 bytes) @ 0x00007f49a9117443 [0x00007f49a91173a0+0xa3]
#
# Core dump written. Default location: /home/heshan/Projects/NetBeansProjects/EnterpriseServiceBus/ServiceBus/core or core.23798
#
# If you would like to submit a bug report, please visit:
#   http://bugreport.java.com/bugreport/crash.jsp
#

---------------  T H R E A D  ---------------

Current thread (0x00007f49b8156800):  JavaThread "Thread-0" [_thread_in_Java, id=23835, stack(0x00007f49a2951000,0x00007f49a2a52000)]

siginfo: si_signo: 11 (SIGSEGV), si_code: 1 (SEGV_MAPERR), si_addr: 0x00006e6168736568

Registers:
RAX=0x000000000000011c, RBX=0x0000000000000108, RCX=0x00000000ebecf9c0, RDX=0x00006e6168736568
RSP=0x00007f49a2a50810, RBP=0x00007f49a2a509a0, RSI=0x00000000ebecf9c0, RDI=0x00007f49a8a25fb8
R8 =0x0000000000000000, R9 =0x0000000000000008, R10=0x00007f49c11d1860, R11=0x00007f49a9113960
R12=0x0000000000000000, R13=0x00007f49a2a50948, R14=0x00007f49a2a50a30, R15=0x00007f49b8156800
RIP=0x00007f49a9117443, EFLAGS=0x0000000000010202, CSGSFS=0x002b000000000033, ERR=0x0000000000000004
  TRAPNO=0x000000000000000e

Top of Stack: (sp=0x00007f49a2a50810)
0x00007f49a2a50810:   00000000ebec97b0 0000000000000000
0x00007f49a2a50820:   00007f49a8c01028 00007f49b8156800
0x00007f49a2a50830:   00007f49a2a50880 00007f49b8156800
0x00007f49a2a50840:   00007f49a2a508d0 00007f49b814f950
0x00007f49a2a50850:   00007f49b8156800 00007f49a2a508d0
0x00007f49a2a50860:   00007f49a2a50930 00007f49c08f8c9f
0x00007f49a2a50870:   0000000000000000 00000000ebec97b0
0x00007f49a2a50880:   00000000ebec9540 00007f49a2a50888
0x00007f49a2a50890:   00000000000003d8 00007f4980000e70
0x00007f49a2a508a0:   00007f49b8156800 0000000000000000
0x00007f49a2a508b0:   00007f49a8c02ec0 00000008b8156800
0x00007f49a2a508c0:   00007f49a8c02ec0 00000000ebecf9c0
0x00007f49a2a508d0:   00000000ebecfa08 00007f49000000e6
0x00007f49a2a508e0:   00007f49a8c02ec0 00007f49b8156800
0x00007f49a2a508f0:   00007f49a2a509a0 00007f49a91139c4
0x00007f49a2a50900:   00007f49a2a50958 00000000000000e6
0x00007f49a2a50910:   0000000000000000 00007f49a8c02a8f
0x00007f49a2a50920:   00000000ebecf9c0 00007f49b8156800
0x00007f49a2a50930:   00007f49a2a509a0 00007f49a9007d80
0x00007f49a2a50940:   00007f49a9007d80 00006e6168736568
0x00007f49a2a50950:   00000000ebecf9c0 00000000ebec9540
0x00007f49a2a50960:   00007f49a2a50960 00007f49a8c02a96
0x00007f49a2a50970:   00007f49a2a50a30 00007f49a8c03118
0x00007f49a2a50980:   0000000000000000 00007f49a8c02ec0
0x00007f49a2a50990:   00007f49a2a50948 00007f49a2a50a30
0x00007f49a2a509a0:   00007f49a2a50a78 00007f49a9008042
0x00007f49a2a509b0:   0000000000000000 0000000000000000
0x00007f49a2a509c0:   0000000000000001 00000000ebe9e9b8
0x00007f49a2a509d0:   00006e6168736568 00000000ebec5830
0x00007f49a2a509e0:   00000000ebea3b90 00000000ebe9e9b8
0x00007f49a2a509f0:   0000000000000003 00000000ebea3ba8
0x00007f49a2a50a00:   000000000000000c 00000000ebec4228 

Instructions: (pc=0x00007f49a9117443)
0x00007f49a9117423:   0a 00 00 00 48 bb 18 01 00 00 00 00 00 00 48 8b
0x00007f49a9117433:   04 1f 48 8d 40 01 48 89 04 1f 0f 84 b0 04 00 00
0x00007f49a9117443:   48 3b 02 48 8b fa 48 bb b8 5f a2 a8 49 7f 00 00
0x00007f49a9117453:   8b 7f 08 48 c1 e7 03 48 3b bb 40 01 00 00 75 0d 

Register to memory mapping:

RAX=0x000000000000011c is an unknown value
RBX=0x0000000000000108 is an unknown value
RCX=0x00000000ebecf9c0 is an oop
java.lang.StringBuilder 
 - klass: 'java/lang/StringBuilder'
RDX=0x00006e6168736568 is an unknown value
RSP=0x00007f49a2a50810 is pointing into the stack for thread: 0x00007f49b8156800
RBP=0x00007f49a2a509a0 is pointing into the stack for thread: 0x00007f49b8156800
RSI=0x00000000ebecf9c0 is an oop
java.lang.StringBuilder 
 - klass: 'java/lang/StringBuilder'
RDI=0x00007f49a8a25fb8 is pointing into metadata
R8 =0x0000000000000000 is an unknown value
R9 =0x0000000000000008 is an unknown value
R10=0x00007f49c11d1860: <offset 0xf0b860> in /usr/lib/jvm/java-8-openjdk/jre/lib/amd64/server/libjvm.so at 0x00007f49c02c6000
R11=0x00007f49a9113960 is at entry_point+32 in (nmethod*)0x00007f49a91137d0
R12=0x0000000000000000 is an unknown value
R13=0x00007f49a2a50948 is pointing into the stack for thread: 0x00007f49b8156800
R14=0x00007f49a2a50a30 is pointing into the stack for thread: 0x00007f49b8156800
R15=0x00007f49b8156800 is a thread


Stack: [0x00007f49a2951000,0x00007f49a2a52000],  sp=0x00007f49a2a50810,  free space=1022k
Native frames: (J=compiled Java code, j=interpreted, Vv=VM code, C=native code)
J 27 C1 java.lang.AbstractStringBuilder.append(Ljava/lang/String;)Ljava/lang/AbstractStringBuilder; (50 bytes) @ 0x00007f49a9117443 [0x00007f49a91173a0+0xa3]
J 28 C1 java.lang.StringBuilder.append(Ljava/lang/String;)Ljava/lang/StringBuilder; (8 bytes) @ 0x00007f49a91139c4 [0x00007f49a9113940+0x84]
j  servicebus.ServiceBus.run()V+454
j  java.lang.Thread.run()V+11
v  ~StubRoutines::call_stub
V  [libjvm.so+0x6453a3]
V  [libjvm.so+0x642af7]
V  [libjvm.so+0x6430c7]
V  [libjvm.so+0x67f4e5]
V  [libjvm.so+0x9d35ff]
V  [libjvm.so+0x9d39d5]
V  [libjvm.so+0x8838a2]
C  [libpthread.so.0+0x72e7]  start_thread+0xd7


---------------  P R O C E S S  ---------------

Java Threads: ( => current thread )
=>0x00007f49b8156800 JavaThread "Thread-0" [_thread_in_Java, id=23835, stack(0x00007f49a2951000,0x00007f49a2a52000)]
  0x00007f49b80c9800 JavaThread "Service Thread" daemon [_thread_blocked, id=23814, stack(0x00007f49a2f59000,0x00007f49a305a000)]
  0x00007f49b80bc000 JavaThread "C1 CompilerThread2" daemon [_thread_blocked, id=23813, stack(0x00007f49a305a000,0x00007f49a315b000)]
  0x00007f49b80ba800 JavaThread "C2 CompilerThread1" daemon [_thread_blocked, id=23812, stack(0x00007f49a315b000,0x00007f49a325c000)]
  0x00007f49b80b7800 JavaThread "C2 CompilerThread0" daemon [_thread_blocked, id=23811, stack(0x00007f49a325c000,0x00007f49a335d000)]
  0x00007f49b80b6000 JavaThread "Signal Dispatcher" daemon [_thread_blocked, id=23810, stack(0x00007f49a335d000,0x00007f49a345e000)]
  0x00007f49b8083800 JavaThread "Finalizer" daemon [_thread_blocked, id=23809, stack(0x00007f49a35f6000,0x00007f49a36f7000)]
  0x00007f49b807f000 JavaThread "Reference Handler" daemon [_thread_blocked, id=23808, stack(0x00007f49a36f7000,0x00007f49a37f8000)]
  0x00007f49b800a000 JavaThread "main" [_thread_in_native, id=23801, stack(0x00007f49c1eb4000,0x00007f49c1fb5000)]

Other Threads:
  0x00007f49b8077000 VMThread [stack: 0x00007f49a37f8000,0x00007f49a38f9000] [id=23807]
  0x00007f49b80cc000 WatcherThread [stack: 0x00007f49a2e58000,0x00007f49a2f59000] [id=23815]

VM state:not at safepoint (normal execution)

VM Mutex/Monitor currently owned by a thread: None

Heap:
 PSYoungGen      total 18432K, used 1588K [0x00000000ebd80000, 0x00000000ed200000, 0x0000000100000000)
  eden space 15872K, 10% used [0x00000000ebd80000,0x00000000ebf0d040,0x00000000ecd00000)
  from space 2560K, 0% used [0x00000000ecf80000,0x00000000ecf80000,0x00000000ed200000)
  to   space 2560K, 0% used [0x00000000ecd00000,0x00000000ecd00000,0x00000000ecf80000)
 ParOldGen       total 42496K, used 0K [0x00000000c3800000, 0x00000000c6180000, 0x00000000ebd80000)
  object space 42496K, 0% used [0x00000000c3800000,0x00000000c3800000,0x00000000c6180000)
 Metaspace       used 4232K, capacity 4622K, committed 4864K, reserved 1056768K
  class space    used 447K, capacity 458K, committed 512K, reserved 1048576K

Card table byte_map: [0x00007f49be981000,0x00007f49beb66000] byte_map_base: 0x00007f49be365000

Marking Bits: (ParMarkBitMap*) 0x00007f49c11c0260
 Begin Bits: [0x00007f49bc5fa000, 0x00007f49bd51a000)
 End Bits:   [0x00007f49bd51a000, 0x00007f49be43a000)

Polling page: 0x00007f49c1fe7000

CodeCache: size=245760Kb used=1178Kb max_used=1178Kb free=244581Kb
 bounds [0x00007f49a9000000, 0x00007f49a9270000, 0x00007f49b8000000]
 total_blobs=319 nmethods=60 adapters=174
 compilation: enabled

Compilation events (10 events):
Event: 0.163 Thread 0x00007f49b80bc000   56       3       java.lang.StringBuilder::<init> (7 bytes)
Event: 0.163 Thread 0x00007f49b80bc000 nmethod 56 0x00007f49a9123f50 code [0x00007f49a91240c0, 0x00007f49a9124370]
Event: 6.531 Thread 0x00007f49b80bc000   57       1       java.nio.Buffer::position (5 bytes)
Event: 6.532 Thread 0x00007f49b80bc000 nmethod 57 0x00007f49a9124ed0 code [0x00007f49a9125020, 0x00007f49a9125130]
Event: 6.532 Thread 0x00007f49b80bc000   58       3       java.util.AbstractList::<init> (10 bytes)
Event: 6.532 Thread 0x00007f49b80bc000 nmethod 58 0x00007f49a9125190 code [0x00007f49a9125300, 0x00007f49a9125510]
Event: 6.532 Thread 0x00007f49b80bc000   59       3       sun.nio.cs.UTF_8$Encoder::encode (359 bytes)
Event: 6.535 Thread 0x00007f49b80bc000 nmethod 59 0x00007f49a9125610 code [0x00007f49a9125800, 0x00007f49a9126318]
Event: 6.535 Thread 0x00007f49b80bc000   60  s    1       java.util.Vector::size (5 bytes)
Event: 6.536 Thread 0x00007f49b80bc000 nmethod 60 0x00007f49a9126990 code [0x00007f49a9126ae0, 0x00007f49a9126d50]

GC Heap History (0 events):
No events

Deoptimization events (0 events):
No events

Internal exceptions (8 events):
Event: 0.053 Thread 0x00007f49b800a000 Exception <a 'java/lang/NoSuchMethodError': Method sun.misc.Unsafe.defineClass(Ljava/lang/String;[BII)Ljava/lang/Class; name or signature does not match> (0x00000000ebd87ca8) thrown at [/build/java8-openjdk/src/jdk8u-jdk8u121-b13/hotspot/src/share/vm/prim
Event: 0.053 Thread 0x00007f49b800a000 Exception <a 'java/lang/NoSuchMethodError': Method sun.misc.Unsafe.prefetchRead(Ljava/lang/Object;J)V name or signature does not match> (0x00000000ebd87f90) thrown at [/build/java8-openjdk/src/jdk8u-jdk8u121-b13/hotspot/src/share/vm/prims/jni.cpp, line 40
Event: 0.127 Thread 0x00007f49b800a000 Exception <a 'java/security/PrivilegedActionException'> (0x00000000ebe0d690) thrown at [/build/java8-openjdk/src/jdk8u-jdk8u121-b13/hotspot/src/share/vm/prims/jvm.cpp, line 1390]
Event: 0.127 Thread 0x00007f49b800a000 Exception <a 'java/security/PrivilegedActionException'> (0x00000000ebe0d8a0) thrown at [/build/java8-openjdk/src/jdk8u-jdk8u121-b13/hotspot/src/share/vm/prims/jvm.cpp, line 1390]
Event: 0.127 Thread 0x00007f49b800a000 Exception <a 'java/security/PrivilegedActionException'> (0x00000000ebe0f740) thrown at [/build/java8-openjdk/src/jdk8u-jdk8u121-b13/hotspot/src/share/vm/prims/jvm.cpp, line 1390]
Event: 0.127 Thread 0x00007f49b800a000 Exception <a 'java/security/PrivilegedActionException'> (0x00000000ebe0f950) thrown at [/build/java8-openjdk/src/jdk8u-jdk8u121-b13/hotspot/src/share/vm/prims/jvm.cpp, line 1390]
Event: 0.127 Thread 0x00007f49b800a000 Exception <a 'java/security/PrivilegedActionException'> (0x00000000ebe103b0) thrown at [/build/java8-openjdk/src/jdk8u-jdk8u121-b13/hotspot/src/share/vm/prims/jvm.cpp, line 1390]
Event: 0.127 Thread 0x00007f49b800a000 Exception <a 'java/security/PrivilegedActionException'> (0x00000000ebe105c0) thrown at [/build/java8-openjdk/src/jdk8u-jdk8u121-b13/hotspot/src/share/vm/prims/jvm.cpp, line 1390]

Events (10 events):
Event: 6.529 loading class java/util/Random
Event: 6.529 loading class java/util/Random done
Event: 6.531 loading class services/CppServiceDirectory
Event: 6.531 loading class services/CppServiceDirectory done
Event: 6.537 loading class java/io/PrintWriter
Event: 6.537 loading class java/io/PrintWriter done
Event: 6.538 loading class java/net/Socket$3
Event: 6.538 loading class java/net/Socket$3 done
Event: 6.538 loading class java/net/SocketOutputStream
Event: 6.538 loading class java/net/SocketOutputStream done


Dynamic libraries:
00400000-00401000 r-xp 00000000 08:0a 2240423                            /usr/lib/jvm/java-8-openjdk/jre/bin/java
00600000-00601000 r--p 00000000 08:0a 2240423                            /usr/lib/jvm/java-8-openjdk/jre/bin/java
00601000-00602000 rw-p 00001000 08:0a 2240423                            /usr/lib/jvm/java-8-openjdk/jre/bin/java
011f9000-0121a000 rw-p 00000000 00:00 0                                  [heap]
c3800000-c6180000 rw-p 00000000 00:00 0 
c6180000-ebd80000 ---p 00000000 00:00 0 
ebd80000-ed200000 rw-p 00000000 00:00 0 
ed200000-100000000 ---p 00000000 00:00 0 
100000000-100080000 rw-p 00000000 00:00 0 
100080000-140000000 ---p 00000000 00:00 0 
7f4964000000-7f496402c000 rw-p 00000000 00:00 0 
7f496402c000-7f4968000000 ---p 00000000 00:00 0 
7f496c000000-7f496c021000 rw-p 00000000 00:00 0 
7f496c021000-7f4970000000 ---p 00000000 00:00 0 
7f4970000000-7f4970021000 rw-p 00000000 00:00 0 
7f4970021000-7f4974000000 ---p 00000000 00:00 0 
7f4974000000-7f4974021000 rw-p 00000000 00:00 0 
7f4974021000-7f4978000000 ---p 00000000 00:00 0 
7f4978000000-7f4978090000 rw-p 00000000 00:00 0 
7f4978090000-7f497c000000 ---p 00000000 00:00 0 
7f497c000000-7f497c021000 rw-p 00000000 00:00 0 
7f497c021000-7f4980000000 ---p 00000000 00:00 0 
7f4980000000-7f498005c000 rw-p 00000000 00:00 0 
7f498005c000-7f4984000000 ---p 00000000 00:00 0 
7f4984000000-7f4984021000 rw-p 00000000 00:00 0 
7f4984021000-7f4988000000 ---p 00000000 00:00 0 
7f4988000000-7f4988021000 rw-p 00000000 00:00 0 
7f4988021000-7f498c000000 ---p 00000000 00:00 0 
7f498c000000-7f498c021000 rw-p 00000000 00:00 0 
7f498c021000-7f4990000000 ---p 00000000 00:00 0 
7f4990000000-7f4990021000 rw-p 00000000 00:00 0 
7f4990021000-7f4994000000 ---p 00000000 00:00 0 
7f4994000000-7f4994021000 rw-p 00000000 00:00 0 
7f4994021000-7f4998000000 ---p 00000000 00:00 0 
7f499c000000-7f499c021000 rw-p 00000000 00:00 0 
7f499c021000-7f49a0000000 ---p 00000000 00:00 0 
7f49a217f000-7f49a2195000 r-xp 00000000 08:0a 1587171                    /usr/lib/libgcc_s.so.1
7f49a2195000-7f49a2394000 ---p 00016000 08:0a 1587171                    /usr/lib/libgcc_s.so.1
7f49a2394000-7f49a2395000 r--p 00015000 08:0a 1587171                    /usr/lib/libgcc_s.so.1
7f49a2395000-7f49a2396000 rw-p 00016000 08:0a 1587171                    /usr/lib/libgcc_s.so.1
7f49a2396000-7f49a250e000 r-xp 00000000 08:0a 1576452                    /usr/lib/libstdc++.so.6.0.22
7f49a250e000-7f49a270e000 ---p 00178000 08:0a 1576452                    /usr/lib/libstdc++.so.6.0.22
7f49a270e000-7f49a2718000 r--p 00178000 08:0a 1576452                    /usr/lib/libstdc++.so.6.0.22
7f49a2718000-7f49a271a000 rw-p 00182000 08:0a 1576452                    /usr/lib/libstdc++.so.6.0.22
7f49a271a000-7f49a271e000 rw-p 00000000 00:00 0 
7f49a274f000-7f49a2750000 r-xp 00000000 08:0a 3147099                    /home/heshan/Projects/NetBeansProjects/EnterpriseServiceBus/ServiceBus/src/services/CppServices/dist/libCppServices.so
7f49a2750000-7f49a294f000 ---p 00001000 08:0a 3147099                    /home/heshan/Projects/NetBeansProjects/EnterpriseServiceBus/ServiceBus/src/services/CppServices/dist/libCppServices.so
7f49a294f000-7f49a2950000 r--p 00000000 08:0a 3147099                    /home/heshan/Projects/NetBeansProjects/EnterpriseServiceBus/ServiceBus/src/services/CppServices/dist/libCppServices.so
7f49a2950000-7f49a2951000 rw-p 00001000 08:0a 3147099                    /home/heshan/Projects/NetBeansProjects/EnterpriseServiceBus/ServiceBus/src/services/CppServices/dist/libCppServices.so
7f49a2951000-7f49a2954000 ---p 00000000 00:00 0 
7f49a2954000-7f49a2a83000 rw-p 00000000 00:00 0 
7f49a2a83000-7f49a2a99000 r-xp 00000000 08:0a 2240770                    /usr/lib/jvm/java-8-openjdk/jre/lib/amd64/libnet.so
7f49a2a99000-7f49a2c98000 ---p 00016000 08:0a 2240770                    /usr/lib/jvm/java-8-openjdk/jre/lib/amd64/libnet.so
7f49a2c98000-7f49a2c99000 r--p 00015000 08:0a 2240770                    /usr/lib/jvm/java-8-openjdk/jre/lib/amd64/libnet.so
7f49a2c99000-7f49a2c9a000 rw-p 00016000 08:0a 2240770                    /usr/lib/jvm/java-8-openjdk/jre/lib/amd64/libnet.so
7f49a2c9a000-7f49a2e58000 r--s 02191000 08:0a 3146888                    /home/heshan/Projects/NetBeansProjects/EnterpriseServiceBus/ServiceBus/libs/jython-standalone-2.7.0.jar
7f49a2e58000-7f49a2e59000 ---p 00000000 00:00 0 
7f49a2e59000-7f49a2f59000 rw-p 00000000 00:00 0 
7f49a2f59000-7f49a2f5c000 ---p 00000000 00:00 0 
7f49a2f5c000-7f49a305a000 rw-p 00000000 00:00 0 
7f49a305a000-7f49a305d000 ---p 00000000 00:00 0 
7f49a305d000-7f49a315b000 rw-p 00000000 00:00 0 
7f49a315b000-7f49a315e000 ---p 00000000 00:00 0 
7f49a315e000-7f49a325c000 rw-p 00000000 00:00 0 
7f49a325c000-7f49a325f000 ---p 00000000 00:00 0 
7f49a325f000-7f49a335d000 rw-p 00000000 00:00 0 
7f49a335d000-7f49a3360000 ---p 00000000 00:00 0 
7f49a3360000-7f49a345e000 rw-p 00000000 00:00 0 
7f49a345e000-7f49a35f6000 r--p 00000000 08:0a 1628100                    /usr/lib/locale/locale-archive
7f49a35f6000-7f49a35f9000 ---p 00000000 00:00 0 
7f49a35f9000-7f49a36f7000 rw-p 00000000 00:00 0 
7f49a36f7000-7f49a36fa000 ---p 00000000 00:00 0 
7f49a36fa000-7f49a37f8000 rw-p 00000000 00:00 0 
7f49a37f8000-7f49a37f9000 ---p 00000000 00:00 0 
7f49a37f9000-7f49a4000000 rw-p 00000000 00:00 0 
7f49a4000000-7f49a4021000 rw-p 00000000 00:00 0 
7f49a4021000-7f49a8000000 ---p 00000000 00:00 0 
7f49a8019000-7f49a8063000 rw-p 00000000 00:00 0 
7f49a8063000-7f49a80f9000 r--s 008d8000 08:0a 2240594                    /usr/lib/jvm/java-8-openjdk/jre/lib/ext/jfxrt.jar
7f49a80f9000-7f49a8c40000 rw-p 00000000 00:00 0 
7f49a8c40000-7f49a9000000 ---p 00000000 00:00 0 
7f49a9000000-7f49a9270000 rwxp 00000000 00:00 0 
7f49a9270000-7f49b8000000 ---p 00000000 00:00 0 
7f49b8000000-7f49b8159000 rw-p 00000000 00:00 0 
7f49b8159000-7f49bc000000 ---p 00000000 00:00 0 
7f49bc020000-7f49bc1d1000 rw-p 00000000 00:00 0 
7f49bc1d1000-7f49bc3a0000 r--s 03c05000 08:0a 2240463                    /usr/lib/jvm/java-8-openjdk/jre/lib/rt.jar
7f49bc3a0000-7f49be43a000 rw-p 00000000 00:00 0 
7f49be43a000-7f49be43b000 ---p 00000000 00:00 0 
7f49be43b000-7f49be53b000 rw-p 00000000 00:00 0 
7f49be53b000-7f49be53c000 ---p 00000000 00:00 0 
7f49be53c000-7f49be63c000 rw-p 00000000 00:00 0 
7f49be63c000-7f49be63d000 ---p 00000000 00:00 0 
7f49be63d000-7f49be73d000 rw-p 00000000 00:00 0 
7f49be73d000-7f49be73e000 ---p 00000000 00:00 0 
7f49be73e000-7f49be853000 rw-p 00000000 00:00 0 
7f49be853000-7f49be981000 ---p 00000000 00:00 0 
7f49be981000-7f49be996000 rw-p 00000000 00:00 0 
7f49be996000-7f49beac3000 ---p 00000000 00:00 0 
7f49beac3000-7f49beace000 rw-p 00000000 00:00 0 
7f49beace000-7f49beb65000 ---p 00000000 00:00 0 
7f49beb65000-7f49beb70000 rw-p 00000000 00:00 0 
7f49beb70000-7f49bef26000 ---p 00000000 00:00 0 
7f49bef26000-7f49bef2e000 r-xp 00000000 08:0a 2240772                    /usr/lib/jvm/java-8-openjdk/jre/lib/amd64/libzip.so
7f49bef2e000-7f49bf12d000 ---p 00008000 08:0a 2240772                    /usr/lib/jvm/java-8-openjdk/jre/lib/amd64/libzip.so
7f49bf12d000-7f49bf12e000 r--p 00007000 08:0a 2240772                    /usr/lib/jvm/java-8-openjdk/jre/lib/amd64/libzip.so
7f49bf12e000-7f49bf12f000 rw-p 00008000 08:0a 2240772                    /usr/lib/jvm/java-8-openjdk/jre/lib/amd64/libzip.so
7f49bf12f000-7f49bf13a000 r-xp 00000000 08:0a 1574939                    /usr/lib/libnss_files-2.25.so
7f49bf13a000-7f49bf339000 ---p 0000b000 08:0a 1574939                    /usr/lib/libnss_files-2.25.so
7f49bf339000-7f49bf33a000 r--p 0000a000 08:0a 1574939                    /usr/lib/libnss_files-2.25.so
7f49bf33a000-7f49bf33b000 rw-p 0000b000 08:0a 1574939                    /usr/lib/libnss_files-2.25.so
7f49bf33b000-7f49bf341000 rw-p 00000000 00:00 0 
7f49bf341000-7f49bf34c000 r-xp 00000000 08:0a 1574937                    /usr/lib/libnss_nis-2.25.so
7f49bf34c000-7f49bf54b000 ---p 0000b000 08:0a 1574937                    /usr/lib/libnss_nis-2.25.so
7f49bf54b000-7f49bf54c000 r--p 0000a000 08:0a 1574937                    /usr/lib/libnss_nis-2.25.so
7f49bf54c000-7f49bf54d000 rw-p 0000b000 08:0a 1574937                    /usr/lib/libnss_nis-2.25.so
7f49bf54d000-7f49bf562000 r-xp 00000000 08:0a 1574933                    /usr/lib/libnsl-2.25.so
7f49bf562000-7f49bf761000 ---p 00015000 08:0a 1574933                    /usr/lib/libnsl-2.25.so
7f49bf761000-7f49bf762000 r--p 00014000 08:0a 1574933                    /usr/lib/libnsl-2.25.so
7f49bf762000-7f49bf763000 rw-p 00015000 08:0a 1574933                    /usr/lib/libnsl-2.25.so
7f49bf763000-7f49bf765000 rw-p 00000000 00:00 0 
7f49bf765000-7f49bf76c000 r-xp 00000000 08:0a 1574980                    /usr/lib/libnss_compat-2.25.so
7f49bf76c000-7f49bf96b000 ---p 00007000 08:0a 1574980                    /usr/lib/libnss_compat-2.25.so
7f49bf96b000-7f49bf96c000 r--p 00006000 08:0a 1574980                    /usr/lib/libnss_compat-2.25.so
7f49bf96c000-7f49bf96d000 rw-p 00007000 08:0a 1574980                    /usr/lib/libnss_compat-2.25.so
7f49bf96d000-7f49bf99a000 r-xp 00000000 08:0a 2240768                    /usr/lib/jvm/java-8-openjdk/jre/lib/amd64/libjava.so
7f49bf99a000-7f49bfb99000 ---p 0002d000 08:0a 2240768                    /usr/lib/jvm/java-8-openjdk/jre/lib/amd64/libjava.so
7f49bfb99000-7f49bfb9a000 r--p 0002c000 08:0a 2240768                    /usr/lib/jvm/java-8-openjdk/jre/lib/amd64/libjava.so
7f49bfb9a000-7f49bfb9c000 rw-p 0002d000 08:0a 2240768                    /usr/lib/jvm/java-8-openjdk/jre/lib/amd64/libjava.so
7f49bfb9c000-7f49bfba9000 r-xp 00000000 08:0a 2240510                    /usr/lib/jvm/java-8-openjdk/jre/lib/amd64/libverify.so
7f49bfba9000-7f49bfda8000 ---p 0000d000 08:0a 2240510                    /usr/lib/jvm/java-8-openjdk/jre/lib/amd64/libverify.so
7f49bfda8000-7f49bfdaa000 r--p 0000c000 08:0a 2240510                    /usr/lib/jvm/java-8-openjdk/jre/lib/amd64/libverify.so
7f49bfdaa000-7f49bfdab000 rw-p 0000e000 08:0a 2240510                    /usr/lib/jvm/java-8-openjdk/jre/lib/amd64/libverify.so
7f49bfdab000-7f49bfdb2000 r-xp 00000000 08:0a 1574931                    /usr/lib/librt-2.25.so
7f49bfdb2000-7f49bffb1000 ---p 00007000 08:0a 1574931                    /usr/lib/librt-2.25.so
7f49bffb1000-7f49bffb2000 r--p 00006000 08:0a 1574931                    /usr/lib/librt-2.25.so
7f49bffb2000-7f49bffb3000 rw-p 00007000 08:0a 1574931                    /usr/lib/librt-2.25.so
7f49bffb3000-7f49c00c5000 r-xp 00000000 08:0a 1574934                    /usr/lib/libm-2.25.so
7f49c00c5000-7f49c02c4000 ---p 00112000 08:0a 1574934                    /usr/lib/libm-2.25.so
7f49c02c4000-7f49c02c5000 r--p 00111000 08:0a 1574934                    /usr/lib/libm-2.25.so
7f49c02c5000-7f49c02c6000 rw-p 00112000 08:0a 1574934                    /usr/lib/libm-2.25.so
7f49c02c6000-7f49c0ef1000 r-xp 00000000 08:0a 2240777                    /usr/lib/jvm/java-8-openjdk/jre/lib/amd64/server/libjvm.so
7f49c0ef1000-7f49c10f0000 ---p 00c2b000 08:0a 2240777                    /usr/lib/jvm/java-8-openjdk/jre/lib/amd64/server/libjvm.so
7f49c10f0000-7f49c1184000 r--p 00c2a000 08:0a 2240777                    /usr/lib/jvm/java-8-openjdk/jre/lib/amd64/server/libjvm.so
7f49c1184000-7f49c11ad000 rw-p 00cbe000 08:0a 2240777                    /usr/lib/jvm/java-8-openjdk/jre/lib/amd64/server/libjvm.so
7f49c11ad000-7f49c11dd000 rw-p 00000000 00:00 0 
7f49c11dd000-7f49c1378000 r-xp 00000000 08:0a 1575057                    /usr/lib/libc-2.25.so
7f49c1378000-7f49c1577000 ---p 0019b000 08:0a 1575057                    /usr/lib/libc-2.25.so
7f49c1577000-7f49c157b000 r--p 0019a000 08:0a 1575057                    /usr/lib/libc-2.25.so
7f49c157b000-7f49c157d000 rw-p 0019e000 08:0a 1575057                    /usr/lib/libc-2.25.so
7f49c157d000-7f49c1581000 rw-p 00000000 00:00 0 
7f49c1581000-7f49c1584000 r-xp 00000000 08:0a 1574935                    /usr/lib/libdl-2.25.so
7f49c1584000-7f49c1783000 ---p 00003000 08:0a 1574935                    /usr/lib/libdl-2.25.so
7f49c1783000-7f49c1784000 r--p 00002000 08:0a 1574935                    /usr/lib/libdl-2.25.so
7f49c1784000-7f49c1785000 rw-p 00003000 08:0a 1574935                    /usr/lib/libdl-2.25.so
7f49c1785000-7f49c1792000 r-xp 00000000 08:0a 2240780                    /usr/lib/jvm/java-8-openjdk/jre/lib/amd64/jli/libjli.so
7f49c1792000-7f49c1991000 ---p 0000d000 08:0a 2240780                    /usr/lib/jvm/java-8-openjdk/jre/lib/amd64/jli/libjli.so
7f49c1991000-7f49c1992000 r--p 0000c000 08:0a 2240780                    /usr/lib/jvm/java-8-openjdk/jre/lib/amd64/jli/libjli.so
7f49c1992000-7f49c1993000 rw-p 0000d000 08:0a 2240780                    /usr/lib/jvm/java-8-openjdk/jre/lib/amd64/jli/libjli.so
7f49c1993000-7f49c19a9000 r-xp 00000000 08:0a 1583709                    /usr/lib/libz.so.1.2.11
7f49c19a9000-7f49c1ba8000 ---p 00016000 08:0a 1583709                    /usr/lib/libz.so.1.2.11
7f49c1ba8000-7f49c1ba9000 r--p 00015000 08:0a 1583709                    /usr/lib/libz.so.1.2.11
7f49c1ba9000-7f49c1baa000 rw-p 00016000 08:0a 1583709                    /usr/lib/libz.so.1.2.11
7f49c1baa000-7f49c1bc3000 r-xp 00000000 08:0a 1575076                    /usr/lib/libpthread-2.25.so
7f49c1bc3000-7f49c1dc2000 ---p 00019000 08:0a 1575076                    /usr/lib/libpthread-2.25.so
7f49c1dc2000-7f49c1dc3000 r--p 00018000 08:0a 1575076                    /usr/lib/libpthread-2.25.so
7f49c1dc3000-7f49c1dc4000 rw-p 00019000 08:0a 1575076                    /usr/lib/libpthread-2.25.so
7f49c1dc4000-7f49c1dc8000 rw-p 00000000 00:00 0 
7f49c1dc8000-7f49c1deb000 r-xp 00000000 08:0a 1575058                    /usr/lib/ld-2.25.so
7f49c1def000-7f49c1eb4000 rw-p 00000000 00:00 0 
7f49c1eb4000-7f49c1eb7000 ---p 00000000 00:00 0 
7f49c1eb7000-7f49c1fb7000 rw-p 00000000 00:00 0 
7f49c1fcb000-7f49c1fde000 rw-p 00000000 00:00 0 
7f49c1fde000-7f49c1fe6000 rw-s 00000000 00:27 614883                     /tmp/hsperfdata_heshan/23798
7f49c1fe6000-7f49c1fe7000 rw-p 00000000 00:00 0 
7f49c1fe7000-7f49c1fe8000 r--p 00000000 00:00 0 
7f49c1fe8000-7f49c1fea000 rw-p 00000000 00:00 0 
7f49c1fea000-7f49c1feb000 r--p 00022000 08:0a 1575058                    /usr/lib/ld-2.25.so
7f49c1feb000-7f49c1fec000 rw-p 00023000 08:0a 1575058                    /usr/lib/ld-2.25.so
7f49c1fec000-7f49c1fed000 rw-p 00000000 00:00 0 
7ffff8a28000-7ffff8a49000 rw-p 00000000 00:00 0                          [stack]
7ffff8b87000-7ffff8b89000 r--p 00000000 00:00 0                          [vvar]
7ffff8b89000-7ffff8b8b000 r-xp 00000000 00:00 0                          [vdso]
ffffffffff600000-ffffffffff601000 r-xp 00000000 00:00 0                  [vsyscall]

VM Arguments:
jvm_args: -Dfile.encoding=UTF-8 
java_command: servicebus.ServiceBus
java_class_path (initial): /home/heshan/Projects/NetBeansProjects/EnterpriseServiceBus/ServiceBus/libs/jython-standalone-2.7.0.jar:/home/heshan/Projects/NetBeansProjects/EnterpriseServiceBus/ServiceBus/build/classes
Launcher Type: SUN_STANDARD

Environment Variables:
PATH=/usr/local/sbin:/usr/local/bin:/usr/bin:/usr/lib/jvm/default/bin:/usr/bin/site_perl:/usr/bin/vendor_perl:/usr/bin/core_perl
USERNAME=heshan
LD_LIBRARY_PATH=/usr/lib/jvm/java-8-openjdk/jre/lib/amd64:/usr/lib/jvm/java-8-openjdk/jre/lib/i386:
SHELL=/bin/bash
DISPLAY=:0

Signal Handlers:
SIGSEGV: [libjvm.so+0xa2d880], sa_mask[0]=11111111011111111101111111111110, sa_flags=SA_RESTART|SA_SIGINFO
SIGBUS: [libjvm.so+0xa2d880], sa_mask[0]=11111111011111111101111111111110, sa_flags=SA_RESTART|SA_SIGINFO
SIGFPE: [libjvm.so+0x881d40], sa_mask[0]=11111111011111111101111111111110, sa_flags=SA_RESTART|SA_SIGINFO
SIGPIPE: [libjvm.so+0x881d40], sa_mask[0]=11111111011111111101111111111110, sa_flags=SA_RESTART|SA_SIGINFO
SIGXFSZ: [libjvm.so+0x881d40], sa_mask[0]=11111111011111111101111111111110, sa_flags=SA_RESTART|SA_SIGINFO
SIGILL: [libjvm.so+0x881d40], sa_mask[0]=11111111011111111101111111111110, sa_flags=SA_RESTART|SA_SIGINFO
SIGUSR1: SIG_DFL, sa_mask[0]=00000000000000000000000000000000, sa_flags=none
SIGUSR2: [libjvm.so+0x881c10], sa_mask[0]=00100000000000000000000000000000, sa_flags=SA_RESTART|SA_SIGINFO
SIGHUP: [libjvm.so+0x882080], sa_mask[0]=11111111011111111101111111111110, sa_flags=SA_RESTART|SA_SIGINFO
SIGINT: SIG_IGN, sa_mask[0]=00000000000000000000000000000000, sa_flags=none
SIGTERM: [libjvm.so+0x882080], sa_mask[0]=11111111011111111101111111111110, sa_flags=SA_RESTART|SA_SIGINFO
SIGQUIT: [libjvm.so+0x882080], sa_mask[0]=11111111011111111101111111111110, sa_flags=SA_RESTART|SA_SIGINFO


---------------  S Y S T E M  ---------------

OS:NAME="Arch Linux"
PRETTY_NAME="Arch Linux"
ID=arch
ID_LIKE=archlinux
ANSI_COLOR="0;36"
HOME_URL="https://www.archlinux.org/"
SUPPORT_URL="https://bbs.archlinux.org/"
BUG_REPORT_URL="https://bugs.archlinux.org/"


uname:Linux 4.10.13-1-ARCH #1 SMP PREEMPT Thu Apr 27 12:15:09 CEST 2017 x86_64
libc:glibc 2.25 NPTL 2.25 
rlimit: STACK 8192k, CORE infinity, NPROC 15437, NOFILE 4096, AS infinity
load average:1.09 1.10 1.11

/proc/meminfo:
MemTotal:        3961096 kB
MemFree:          139504 kB
MemAvailable:    1046304 kB
Buffers:          169312 kB
Cached:          1122724 kB
SwapCached:        11548 kB
Active:          2673240 kB
Inactive:         856164 kB
Active(anon):    2080276 kB
Inactive(anon):   392208 kB
Active(file):     592964 kB
Inactive(file):   463956 kB
Unevictable:           0 kB
Mlocked:               0 kB
SwapTotal:       8388604 kB
SwapFree:        8040524 kB
Dirty:             37528 kB
Writeback:             0 kB
AnonPages:       2093564 kB
Mapped:           309416 kB
Shmem:            235116 kB
Slab:             148732 kB
SReclaimable:     105576 kB
SUnreclaim:        43156 kB
KernelStack:       11136 kB
PageTables:        51456 kB
NFS_Unstable:          0 kB
Bounce:                0 kB
WritebackTmp:          0 kB
CommitLimit:    10369152 kB
Committed_AS:    7649912 kB
VmallocTotal:   34359738367 kB
VmallocUsed:           0 kB
VmallocChunk:          0 kB
HardwareCorrupted:     0 kB
AnonHugePages:    710656 kB
ShmemHugePages:        0 kB
ShmemPmdMapped:        0 kB
HugePages_Total:       0
HugePages_Free:        0
HugePages_Rsvd:        0
HugePages_Surp:        0
Hugepagesize:       2048 kB
DirectMap4k:      231480 kB
DirectMap2M:     3872768 kB
DirectMap1G:           0 kB


CPU:total 4 (2 cores per cpu, 2 threads per core) family 6 model 61 stepping 4, cmov, cx8, fxsr, mmx, sse, sse2, sse3, ssse3, sse4.1, sse4.2, popcnt, avx, avx2, aes, clmul, erms, 3dnowpref, lzcnt, ht, tsc, tscinvbit, bmi1, bmi2, adx

/proc/cpuinfo:
processor	: 0
vendor_id	: GenuineIntel
cpu family	: 6
model		: 61
model name	: Intel(R) Core(TM) i3-5005U CPU @ 2.00GHz
stepping	: 4
microcode	: 0x18
cpu MHz		: 799.926
cache size	: 3072 KB
physical id	: 0
siblings	: 4
core id		: 0
cpu cores	: 2
apicid		: 0
initial apicid	: 0
fpu		: yes
fpu_exception	: yes
cpuid level	: 20
wp		: yes
flags		: fpu vme de pse tsc msr pae mce cx8 apic sep mtrr pge mca cmov pat pse36 clflush dts acpi mmx fxsr sse sse2 ss ht tm pbe syscall nx pdpe1gb rdtscp lm constant_tsc arch_perfmon pebs bts rep_good nopl xtopology nonstop_tsc aperfmperf pni pclmulqdq dtes64 monitor ds_cpl vmx est tm2 ssse3 sdbg fma cx16 xtpr pdcm pcid sse4_1 sse4_2 x2apic movbe popcnt tsc_deadline_timer aes xsave avx f16c rdrand lahf_lm abm 3dnowprefetch epb intel_pt tpr_shadow vnmi flexpriority ept vpid fsgsbase tsc_adjust bmi1 avx2 smep bmi2 erms invpcid rdseed adx smap xsaveopt dtherm arat pln pts
bugs		:
bogomips	: 3992.96
clflush size	: 64
cache_alignment	: 64
address sizes	: 39 bits physical, 48 bits virtual
power management:

processor	: 1
vendor_id	: GenuineIntel
cpu family	: 6
model		: 61
model name	: Intel(R) Core(TM) i3-5005U CPU @ 2.00GHz
stepping	: 4
microcode	: 0x18
cpu MHz		: 1086.181
cache size	: 3072 KB
physical id	: 0
siblings	: 4
core id		: 1
cpu cores	: 2
apicid		: 2
initial apicid	: 2
fpu		: yes
fpu_exception	: yes
cpuid level	: 20
wp		: yes
flags		: fpu vme de pse tsc msr pae mce cx8 apic sep mtrr pge mca cmov pat pse36 clflush dts acpi mmx fxsr sse sse2 ss ht tm pbe syscall nx pdpe1gb rdtscp lm constant_tsc arch_perfmon pebs bts rep_good nopl xtopology nonstop_tsc aperfmperf pni pclmulqdq dtes64 monitor ds_cpl vmx est tm2 ssse3 sdbg fma cx16 xtpr pdcm pcid sse4_1 sse4_2 x2apic movbe popcnt tsc_deadline_timer aes xsave avx f16c rdrand lahf_lm abm 3dnowprefetch epb intel_pt tpr_shadow vnmi flexpriority ept vpid fsgsbase tsc_adjust bmi1 avx2 smep bmi2 erms invpcid rdseed adx smap xsaveopt dtherm arat pln pts
bugs		:
bogomips	: 3993.22
clflush size	: 64
cache_alignment	: 64
address sizes	: 39 bits physical, 48 bits virtual
power management:

processor	: 2
vendor_id	: GenuineIntel
cpu family	: 6
model		: 61
model name	: Intel(R) Core(TM) i3-5005U CPU @ 2.00GHz
stepping	: 4
microcode	: 0x18
cpu MHz		: 966.064
cache size	: 3072 KB
physical id	: 0
siblings	: 4
core id		: 0
cpu cores	: 2
apicid		: 1
initial apicid	: 1
fpu		: yes
fpu_exception	: yes
cpuid level	: 20
wp		: yes
flags		: fpu vme de pse tsc msr pae mce cx8 apic sep mtrr pge mca cmov pat pse36 clflush dts acpi mmx fxsr sse sse2 ss ht tm pbe syscall nx pdpe1gb rdtscp lm constant_tsc arch_perfmon pebs bts rep_good nopl xtopology nonstop_tsc aperfmperf pni pclmulqdq dtes64 monitor ds_cpl vmx est tm2 ssse3 sdbg fma cx16 xtpr pdcm pcid sse4_1 sse4_2 x2apic movbe popcnt tsc_deadline_timer aes xsave avx f16c rdrand lahf_lm abm 3dnowprefetch epb intel_pt tpr_shadow vnmi flexpriority ept vpid fsgsbase tsc_adjust bmi1 avx2 smep bmi2 erms invpcid rdseed adx smap xsaveopt dtherm arat pln pts
bugs		:
bogomips	: 3994.90
clflush size	: 64
cache_alignment	: 64
address sizes	: 39 bits physical, 48 bits virtual
power management:

processor	: 3
vendor_id	: GenuineIntel
cpu family	: 6
model		: 61
model name	: Intel(R) Core(TM) i3-5005U CPU @ 2.00GHz
stepping	: 4
microcode	: 0x18
cpu MHz		: 1061.767
cache size	: 3072 KB
physical id	: 0
siblings	: 4
core id		: 1
cpu cores	: 2
apicid		: 3
initial apicid	: 3
fpu		: yes
fpu_exception	: yes
cpuid level	: 20
wp		: yes
flags		: fpu vme de pse tsc msr pae mce cx8 apic sep mtrr pge mca cmov pat pse36 clflush dts acpi mmx fxsr sse sse2 ss ht tm pbe syscall nx pdpe1gb rdtscp lm constant_tsc arch_perfmon pebs bts rep_good nopl xtopology nonstop_tsc aperfmperf pni pclmulqdq dtes64 monitor ds_cpl vmx est tm2 ssse3 sdbg fma cx16 xtpr pdcm pcid sse4_1 sse4_2 x2apic movbe popcnt tsc_deadline_timer aes xsave avx f16c rdrand lahf_lm abm 3dnowprefetch epb intel_pt tpr_shadow vnmi flexpriority ept vpid fsgsbase tsc_adjust bmi1 avx2 smep bmi2 erms invpcid rdseed adx smap xsaveopt dtherm arat pln pts
bugs		:
bogomips	: 3993.25
clflush size	: 64
cache_alignment	: 64
address sizes	: 39 bits physical, 48 bits virtual
power management:



Memory: 4k page, physical 3961096k(139504k free), swap 8388604k(8040524k free)

vm_info: OpenJDK 64-Bit Server VM (25.121-b13) for linux-amd64 JRE (1.8.0_121-b13), built on Jan 22 2017 09:22:31 by "builduser" with gcc 6.3.1 20170109

time: Thu Jun  1 20:01:12 2017
elapsed time: 6 seconds (0d 0h 0m 6s)

